barith2_add      256 bits : 81.43 cyc
barith2_add      512 bits : 104.79 cyc
barith2_add     1024 bits : 516.70 cyc
barith2_add     2048 bits : 499.71 cyc
barith2_add     4096 bits : 334.13 cyc
barith2_add     8192 bits : 1028.93 cyc
barith2_add    16384 bits : 1312.93 cyc
barith2_add    32768 bits : 3521.91 cyc
barith2_add    65536 bits : 6942.10 cyc
barith2_add    131072 bits : 9844.51 cyc
barith2_add    262144 bits : 29167.40 cyc
barith2_add    524288 bits : 39336.87 cyc
barith2_add    1048576 bits : 115969.91 cyc
barith2_add    2097152 bits : 156975.77 cyc
barith2_add    4194304 bits : 463165.13 cyc
barith2_add    8388608 bits : 876280.87 cyc
barith2_add    16777216 bits : 1260363.89 cyc
barith2_add    33554432 bits : 3544297.76 cyc
barith2_add4     256 bits : 40.12 cyc
barith2_add4     512 bits : 55.20 cyc
barith2_add4    1024 bits : 67.94 cyc
barith2_add4    2048 bits : 124.44 cyc
barith2_add4    4096 bits : 282.69 cyc
barith2_add4    8192 bits : 462.44 cyc
barith2_add4   16384 bits : 1089.36 cyc
barith2_add4   32768 bits : 1833.13 cyc
barith2_add4   65536 bits : 3716.51 cyc
barith2_add4   131072 bits : 10314.80 cyc
barith2_add4   262144 bits : 20577.51 cyc
barith2_add4   524288 bits : 40392.45 cyc
barith2_add4   1048576 bits : 101611.75 cyc
barith2_add4   2097152 bits : 181457.73 cyc
barith2_add4   4194304 bits : 357033.96 cyc
barith2_add4   8388608 bits : 647556.65 cyc
barith2_add4   16777216 bits : 1249917.44 cyc
barith2_add4   33554432 bits : 2490779.17 cyc
barith2_mul      256 bits : 280.48 cyc
barith2_mul      512 bits : 750.89 cyc
barith2_mul     1024 bits : 2671.75 cyc
barith2_mul     2048 bits : 9241.44 cyc
barith2_mul     4096 bits : 33780.78 cyc
barith2_mul     8192 bits : 130279.56 cyc
barith2_mul    16384 bits : 511580.63 cyc
barith2_mul    32768 bits : 2029757.76 cyc
barith2_mul    65536 bits : 8079065.15 cyc
barith2_add      256 bits : 83.24 cyc
barith2_add      512 bits : 104.53 cyc
barith2_add     1024 bits : 480.50 cyc
barith2_add     2048 bits : 290.82 cyc
barith2_add     4096 bits : 328.56 cyc
barith2_add     8192 bits : 1013.48 cyc
barith2_add    16384 bits : 1266.00 cyc
barith2_add    32768 bits : 3521.54 cyc
barith2_add    65536 bits : 6941.45 cyc
barith2_add    131072 bits : 9950.72 cyc
barith2_add    262144 bits : 29153.73 cyc
barith2_add    524288 bits : 39223.24 cyc
barith2_add    1048576 bits : 115913.49 cyc
barith2_add    2097152 bits : 157235.96 cyc
barith2_add    4194304 bits : 463316.65 cyc
barith2_add    8388608 bits : 877471.22 cyc
barith2_add    16777216 bits : 1259798.91 cyc
barith2_add    33554432 bits : 3550247.15 cyc
barith2_add4     256 bits : 39.83 cyc
barith2_add4     512 bits : 54.46 cyc
barith2_add4    1024 bits : 67.94 cyc
barith2_add4    2048 bits : 124.43 cyc
barith2_add4    4096 bits : 282.56 cyc
barith2_add4    8192 bits : 462.44 cyc
barith2_add4   16384 bits : 1094.59 cyc
barith2_add4   32768 bits : 1828.70 cyc
barith2_add4   65536 bits : 3634.05 cyc
barith2_add4   131072 bits : 10227.24 cyc
barith2_add4   262144 bits : 20649.14 cyc
barith2_add4   524288 bits : 40520.28 cyc
barith2_add4   1048576 bits : 101993.52 cyc
barith2_add4   2097152 bits : 181636.25 cyc
barith2_add4   4194304 bits : 356323.08 cyc
barith2_add4   8388608 bits : 645486.47 cyc
barith2_add4   16777216 bits : 1248339.09 cyc
barith2_add4   33554432 bits : 2496921.38 cyc
barith2_mul      256 bits : 280.58 cyc
barith2_mul      512 bits : 748.25 cyc
barith2_mul     1024 bits : 2671.71 cyc
barith2_mul     2048 bits : 9242.26 cyc
barith2_mul     4096 bits : 33812.64 cyc
barith2_mul     8192 bits : 130957.62 cyc
barith2_mul    16384 bits : 511606.65 cyc
barith2_mul    32768 bits : 2029362.51 cyc
barith2_mul    65536 bits : 8082364.18 cyc
barith2_add      256 bits : 81.22 cyc
barith2_add      512 bits : 107.58 cyc
barith2_add     1024 bits : 476.39 cyc
barith2_add     2048 bits : 372.43 cyc
barith2_add     4096 bits : 331.29 cyc
barith2_add     8192 bits : 1012.83 cyc
barith2_add    16384 bits : 1270.27 cyc
barith2_add    32768 bits : 3527.54 cyc
barith2_add    65536 bits : 6937.18 cyc
barith2_add    131072 bits : 9852.61 cyc
barith2_add    262144 bits : 29086.68 cyc
barith2_add    524288 bits : 39246.15 cyc
barith2_add    1048576 bits : 116802.46 cyc
barith2_add    2097152 bits : 158286.45 cyc
barith2_add    4194304 bits : 464961.20 cyc
barith2_add    8388608 bits : 878978.09 cyc
barith2_add    16777216 bits : 1265945.10 cyc
barith2_add    33554432 bits : 3551579.36 cyc
barith2_add4     256 bits : 39.42 cyc
barith2_add4     512 bits : 54.36 cyc
barith2_add4    1024 bits : 67.92 cyc
barith2_add4    2048 bits : 124.45 cyc
barith2_add4    4096 bits : 282.91 cyc
barith2_add4    8192 bits : 462.45 cyc
barith2_add4   16384 bits : 1097.63 cyc
barith2_add4   32768 bits : 1826.31 cyc
barith2_add4   65536 bits : 3678.46 cyc
barith2_add4   131072 bits : 10296.00 cyc
barith2_add4   262144 bits : 21019.94 cyc
barith2_add4   524288 bits : 40509.79 cyc
barith2_add4   1048576 bits : 102235.66 cyc
barith2_add4   2097152 bits : 181168.08 cyc
barith2_add4   4194304 bits : 350050.64 cyc
barith2_add4   8388608 bits : 645543.77 cyc
barith2_add4   16777216 bits : 1251034.88 cyc
barith2_add4   33554432 bits : 2497152.11 cyc
barith2_mul      256 bits : 342.72 cyc
barith2_mul      512 bits : 751.32 cyc
barith2_mul     1024 bits : 2673.73 cyc
barith2_mul     2048 bits : 9268.02 cyc
barith2_mul     4096 bits : 33802.15 cyc
barith2_mul     8192 bits : 130233.92 cyc
barith2_mul    16384 bits : 515251.30 cyc
barith2_mul    32768 bits : 2038600.77 cyc
barith2_mul    65536 bits : 8078697.12 cyc
barith2_add      256 bits : 81.00 cyc
barith2_add      512 bits : 104.88 cyc
barith2_add     1024 bits : 475.70 cyc
barith2_add     2048 bits : 279.12 cyc
barith2_add     4096 bits : 334.62 cyc
barith2_add     8192 bits : 1010.88 cyc
barith2_add    16384 bits : 1265.05 cyc
barith2_add    32768 bits : 3521.33 cyc
barith2_add    65536 bits : 7038.23 cyc
barith2_add    131072 bits : 9940.54 cyc
barith2_add    262144 bits : 29398.39 cyc
barith2_add    524288 bits : 39559.35 cyc
barith2_add    1048576 bits : 116043.25 cyc
barith2_add    2097152 bits : 157611.23 cyc
barith2_add    4194304 bits : 463664.19 cyc
barith2_add    8388608 bits : 877127.56 cyc
barith2_add    16777216 bits : 1259136.73 cyc
barith2_add    33554432 bits : 3550638.10 cyc
barith2_add4     256 bits : 39.72 cyc
barith2_add4     512 bits : 54.60 cyc
barith2_add4    1024 bits : 67.92 cyc
barith2_add4    2048 bits : 124.48 cyc
barith2_add4    4096 bits : 282.70 cyc
barith2_add4    8192 bits : 462.47 cyc
barith2_add4   16384 bits : 1084.70 cyc
barith2_add4   32768 bits : 1955.14 cyc
barith2_add4   65536 bits : 3802.62 cyc
barith2_add4   131072 bits : 10236.21 cyc
barith2_add4   262144 bits : 20611.10 cyc
barith2_add4   524288 bits : 40408.33 cyc
barith2_add4   1048576 bits : 102171.42 cyc
barith2_add4   2097152 bits : 180964.53 cyc
barith2_add4   4194304 bits : 357464.35 cyc
barith2_add4   8388608 bits : 646978.03 cyc
barith2_add4   16777216 bits : 1264247.20 cyc
barith2_add4   33554432 bits : 2493105.03 cyc
barith2_mul      256 bits : 280.35 cyc
barith2_mul      512 bits : 752.64 cyc
barith2_mul     1024 bits : 2675.97 cyc
barith2_mul     2048 bits : 9238.06 cyc
barith2_mul     4096 bits : 33809.04 cyc
barith2_mul     8192 bits : 130938.63 cyc
barith2_mul    16384 bits : 510456.94 cyc
barith2_mul    32768 bits : 2030748.67 cyc
barith2_mul    65536 bits : 8081731.76 cyc
barith2_add      256 bits : 80.86 cyc
barith2_add      512 bits : 107.33 cyc
barith2_add     1024 bits : 478.46 cyc
barith2_add     2048 bits : 285.88 cyc
barith2_add     4096 bits : 332.03 cyc
barith2_add     8192 bits : 1013.43 cyc
barith2_add    16384 bits : 1263.90 cyc
barith2_add    32768 bits : 3523.24 cyc
barith2_add    65536 bits : 6941.10 cyc
barith2_add    131072 bits : 9844.69 cyc
barith2_add    262144 bits : 29170.46 cyc
barith2_add    524288 bits : 39438.18 cyc
barith2_add    1048576 bits : 115939.11 cyc
barith2_add    2097152 bits : 157217.55 cyc
barith2_add    4194304 bits : 463278.46 cyc
barith2_add    8388608 bits : 876879.50 cyc
barith2_add    16777216 bits : 1261227.21 cyc
barith2_add    33554432 bits : 3549762.76 cyc
barith2_add4     256 bits : 39.49 cyc
barith2_add4     512 bits : 54.67 cyc
barith2_add4    1024 bits : 67.93 cyc
barith2_add4    2048 bits : 124.44 cyc
barith2_add4    4096 bits : 282.85 cyc
barith2_add4    8192 bits : 462.43 cyc
barith2_add4   16384 bits : 1086.39 cyc
barith2_add4   32768 bits : 1864.52 cyc
barith2_add4   65536 bits : 3646.07 cyc
barith2_add4   131072 bits : 10317.45 cyc
barith2_add4   262144 bits : 20863.33 cyc
barith2_add4   524288 bits : 40506.81 cyc
barith2_add4   1048576 bits : 102722.26 cyc
barith2_add4   2097152 bits : 182352.83 cyc
barith2_add4   4194304 bits : 367849.16 cyc
barith2_add4   8388608 bits : 666802.23 cyc
barith2_add4   16777216 bits : 1259962.57 cyc
barith2_add4   33554432 bits : 2498229.58 cyc
barith2_mul      256 bits : 280.14 cyc
barith2_mul      512 bits : 754.53 cyc
barith2_mul     1024 bits : 2705.22 cyc
barith2_mul     2048 bits : 9293.53 cyc
barith2_mul     4096 bits : 33708.24 cyc
barith2_mul     8192 bits : 130936.58 cyc
barith2_mul    16384 bits : 510292.71 cyc
barith2_mul    32768 bits : 2030258.07 cyc
barith2_mul    65536 bits : 8083049.17 cyc
barith2_add      256 bits : 81.41 cyc
barith2_add      512 bits : 105.24 cyc
barith2_add     1024 bits : 543.01 cyc
barith2_add     2048 bits : 278.04 cyc
barith2_add     4096 bits : 323.45 cyc
barith2_add     8192 bits : 1019.78 cyc
barith2_add    16384 bits : 1265.16 cyc
barith2_add    32768 bits : 3687.92 cyc
barith2_add    65536 bits : 6962.01 cyc
barith2_add    131072 bits : 9849.43 cyc
barith2_add    262144 bits : 29107.35 cyc
barith2_add    524288 bits : 39222.81 cyc
barith2_add    1048576 bits : 115738.59 cyc
barith2_add    2097152 bits : 156839.48 cyc
barith2_add    4194304 bits : 463621.35 cyc
barith2_add    8388608 bits : 877973.10 cyc
barith2_add    16777216 bits : 1259551.94 cyc
barith2_add    33554432 bits : 3575261.32 cyc
barith2_add4     256 bits : 39.43 cyc
barith2_add4     512 bits : 54.96 cyc
barith2_add4    1024 bits : 67.92 cyc
barith2_add4    2048 bits : 134.22 cyc
barith2_add4    4096 bits : 282.73 cyc
barith2_add4    8192 bits : 467.83 cyc
barith2_add4   16384 bits : 1088.61 cyc
barith2_add4   32768 bits : 1836.96 cyc
barith2_add4   65536 bits : 3772.69 cyc
barith2_add4   131072 bits : 10385.67 cyc
barith2_add4   262144 bits : 20916.60 cyc
barith2_add4   524288 bits : 40428.70 cyc
barith2_add4   1048576 bits : 101902.39 cyc
barith2_add4   2097152 bits : 182184.14 cyc
barith2_add4   4194304 bits : 357837.00 cyc
barith2_add4   8388608 bits : 643768.21 cyc
barith2_add4   16777216 bits : 1250802.28 cyc
barith2_add4   33554432 bits : 2492164.36 cyc
barith2_mul      256 bits : 280.26 cyc
barith2_mul      512 bits : 755.23 cyc
barith2_mul     1024 bits : 2684.71 cyc
barith2_mul     2048 bits : 9237.52 cyc
barith2_mul     4096 bits : 33780.29 cyc
barith2_mul     8192 bits : 130979.85 cyc
barith2_mul    16384 bits : 511735.02 cyc
barith2_mul    32768 bits : 2031780.63 cyc
barith2_mul    65536 bits : 8180873.54 cyc
barith2_add      256 bits : 82.52 cyc
barith2_add      512 bits : 104.55 cyc
barith2_add     1024 bits : 481.57 cyc
barith2_add     2048 bits : 279.02 cyc
barith2_add     4096 bits : 314.74 cyc
barith2_add     8192 bits : 1027.58 cyc
barith2_add    16384 bits : 1265.28 cyc
barith2_add    32768 bits : 3522.18 cyc
barith2_add    65536 bits : 7042.26 cyc
barith2_add    131072 bits : 9987.83 cyc
barith2_add    262144 bits : 29167.88 cyc
barith2_add    524288 bits : 39428.53 cyc
barith2_add    1048576 bits : 116072.04 cyc
barith2_add    2097152 bits : 157476.44 cyc
barith2_add    4194304 bits : 463624.14 cyc
barith2_add    8388608 bits : 877284.10 cyc
barith2_add    16777216 bits : 1260971.10 cyc
barith2_add    33554432 bits : 3548698.27 cyc
barith2_add4     256 bits : 39.99 cyc
barith2_add4     512 bits : 54.49 cyc
barith2_add4    1024 bits : 67.94 cyc
barith2_add4    2048 bits : 124.43 cyc
barith2_add4    4096 bits : 282.93 cyc
barith2_add4    8192 bits : 462.52 cyc
barith2_add4   16384 bits : 1110.90 cyc
barith2_add4   32768 bits : 1826.02 cyc
barith2_add4   65536 bits : 3671.75 cyc
barith2_add4   131072 bits : 10351.37 cyc
barith2_add4   262144 bits : 20581.38 cyc
barith2_add4   524288 bits : 40306.09 cyc
barith2_add4   1048576 bits : 102451.42 cyc
barith2_add4   2097152 bits : 181071.66 cyc
barith2_add4   4194304 bits : 358224.45 cyc
barith2_add4   8388608 bits : 648268.45 cyc
barith2_add4   16777216 bits : 1249470.09 cyc
barith2_add4   33554432 bits : 2495188.36 cyc
barith2_mul      256 bits : 280.39 cyc
barith2_mul      512 bits : 751.68 cyc
barith2_mul     1024 bits : 2667.81 cyc
barith2_mul     2048 bits : 9237.11 cyc
barith2_mul     4096 bits : 33806.37 cyc
barith2_mul     8192 bits : 130240.68 cyc
barith2_mul    16384 bits : 511704.93 cyc
barith2_mul    32768 bits : 2029928.26 cyc
barith2_mul    65536 bits : 8080277.12 cyc
barith2_add      256 bits : 83.90 cyc
barith2_add      512 bits : 105.39 cyc
barith2_add     1024 bits : 490.30 cyc
barith2_add     2048 bits : 277.52 cyc
barith2_add     4096 bits : 332.46 cyc
barith2_add     8192 bits : 1020.64 cyc
barith2_add    16384 bits : 1265.11 cyc
barith2_add    32768 bits : 3522.28 cyc
barith2_add    65536 bits : 6948.02 cyc
barith2_add    131072 bits : 9859.26 cyc
barith2_add    262144 bits : 29057.96 cyc
barith2_add    524288 bits : 39428.90 cyc
barith2_add    1048576 bits : 115841.20 cyc
barith2_add    2097152 bits : 156866.09 cyc
barith2_add    4194304 bits : 463032.89 cyc
barith2_add    8388608 bits : 876459.57 cyc
barith2_add    16777216 bits : 1259125.65 cyc
barith2_add    33554432 bits : 3549182.41 cyc
barith2_add4     256 bits : 39.77 cyc
barith2_add4     512 bits : 54.15 cyc
barith2_add4    1024 bits : 67.91 cyc
barith2_add4    2048 bits : 124.52 cyc
barith2_add4    4096 bits : 282.60 cyc
barith2_add4    8192 bits : 462.49 cyc
barith2_add4   16384 bits : 1086.08 cyc
barith2_add4   32768 bits : 1823.36 cyc
barith2_add4   65536 bits : 3760.13 cyc
barith2_add4   131072 bits : 10301.65 cyc
barith2_add4   262144 bits : 20699.45 cyc
barith2_add4   524288 bits : 40544.02 cyc
barith2_add4   1048576 bits : 102256.83 cyc
barith2_add4   2097152 bits : 180841.85 cyc
barith2_add4   4194304 bits : 357381.60 cyc
barith2_add4   8388608 bits : 645415.17 cyc
barith2_add4   16777216 bits : 1249359.72 cyc
barith2_add4   33554432 bits : 2499832.69 cyc
barith2_mul      256 bits : 280.08 cyc
barith2_mul      512 bits : 759.42 cyc
barith2_mul     1024 bits : 2676.94 cyc
barith2_mul     2048 bits : 9230.57 cyc
barith2_mul     4096 bits : 33806.40 cyc
barith2_mul     8192 bits : 130935.31 cyc
barith2_mul    16384 bits : 510189.75 cyc
barith2_mul    32768 bits : 2029841.66 cyc
barith2_mul    65536 bits : 8078384.21 cyc
barith2_add      256 bits : 82.65 cyc
barith2_add      512 bits : 106.80 cyc
barith2_add     1024 bits : 477.19 cyc
barith2_add     2048 bits : 276.86 cyc
barith2_add     4096 bits : 331.52 cyc
barith2_add     8192 bits : 1012.18 cyc
barith2_add    16384 bits : 1283.96 cyc
barith2_add    32768 bits : 3527.30 cyc
barith2_add    65536 bits : 6939.70 cyc
barith2_add    131072 bits : 9915.92 cyc
barith2_add    262144 bits : 29113.85 cyc
barith2_add    524288 bits : 39405.64 cyc
barith2_add    1048576 bits : 115811.31 cyc
barith2_add    2097152 bits : 157248.97 cyc
barith2_add    4194304 bits : 463046.57 cyc
barith2_add    8388608 bits : 876795.31 cyc
barith2_add    16777216 bits : 1259556.74 cyc
barith2_add    33554432 bits : 3554188.40 cyc
barith2_add4     256 bits : 39.44 cyc
barith2_add4     512 bits : 55.36 cyc
barith2_add4    1024 bits : 67.94 cyc
barith2_add4    2048 bits : 124.48 cyc
barith2_add4    4096 bits : 282.78 cyc
barith2_add4    8192 bits : 462.46 cyc
barith2_add4   16384 bits : 1126.48 cyc
barith2_add4   32768 bits : 1834.86 cyc
barith2_add4   65536 bits : 3640.52 cyc
barith2_add4   131072 bits : 10317.15 cyc
barith2_add4   262144 bits : 20798.06 cyc
barith2_add4   524288 bits : 40426.48 cyc
barith2_add4   1048576 bits : 102497.65 cyc
barith2_add4   2097152 bits : 180701.68 cyc
barith2_add4   4194304 bits : 356609.85 cyc
barith2_add4   8388608 bits : 647573.02 cyc
barith2_add4   16777216 bits : 1249769.35 cyc
barith2_add4   33554432 bits : 2491008.25 cyc
barith2_mul      256 bits : 280.24 cyc
barith2_mul      512 bits : 758.07 cyc
barith2_mul     1024 bits : 2675.27 cyc
barith2_mul     2048 bits : 9230.72 cyc
barith2_mul     4096 bits : 33706.79 cyc
barith2_mul     8192 bits : 130975.08 cyc
barith2_mul    16384 bits : 511694.26 cyc
barith2_mul    32768 bits : 2029339.30 cyc
barith2_mul    65536 bits : 8077731.51 cyc
barith2_add      256 bits : 81.72 cyc
barith2_add      512 bits : 106.85 cyc
barith2_add     1024 bits : 478.16 cyc
barith2_add     2048 bits : 278.13 cyc
barith2_add     4096 bits : 330.96 cyc
barith2_add     8192 bits : 1013.31 cyc
barith2_add    16384 bits : 1265.53 cyc
barith2_add    32768 bits : 3521.97 cyc
barith2_add    65536 bits : 6943.83 cyc
barith2_add    131072 bits : 9857.16 cyc
barith2_add    262144 bits : 29141.71 cyc
barith2_add    524288 bits : 39323.03 cyc
barith2_add    1048576 bits : 116179.48 cyc
barith2_add    2097152 bits : 157639.08 cyc
barith2_add    4194304 bits : 463884.41 cyc
barith2_add    8388608 bits : 878096.28 cyc
barith2_add    16777216 bits : 1263249.48 cyc
barith2_add    33554432 bits : 3547891.41 cyc
barith2_add4     256 bits : 39.74 cyc
barith2_add4     512 bits : 54.35 cyc
barith2_add4    1024 bits : 67.92 cyc
barith2_add4    2048 bits : 124.50 cyc
barith2_add4    4096 bits : 282.55 cyc
barith2_add4    8192 bits : 468.78 cyc
barith2_add4   16384 bits : 1086.24 cyc
barith2_add4   32768 bits : 1826.77 cyc
barith2_add4   65536 bits : 3669.77 cyc
barith2_add4   131072 bits : 10435.47 cyc
barith2_add4   262144 bits : 20659.44 cyc
barith2_add4   524288 bits : 40425.13 cyc
barith2_add4   1048576 bits : 102004.81 cyc
barith2_add4   2097152 bits : 180998.52 cyc
barith2_add4   4194304 bits : 356707.38 cyc
barith2_add4   8388608 bits : 647590.48 cyc
barith2_add4   16777216 bits : 1248272.02 cyc
barith2_add4   33554432 bits : 2495225.20 cyc
barith2_mul      256 bits : 280.19 cyc
barith2_mul      512 bits : 761.01 cyc
barith2_mul     1024 bits : 2667.51 cyc
barith2_mul     2048 bits : 9254.80 cyc
barith2_mul     4096 bits : 33742.19 cyc
barith2_mul     8192 bits : 130170.13 cyc
barith2_mul    16384 bits : 510243.27 cyc
barith2_mul    32768 bits : 2029933.82 cyc
barith2_mul    65536 bits : 8087142.95 cyc
