ball_mul_portable   256 bits : 3841.00 cyc
ball_mul_portable   512 bits : 10114.75 cyc
ball_mul_portable  1024 bits : 35147.20 cyc
ball_mul_portable  2048 bits : 132365.60 cyc
ball_mul_portable  4096 bits : 492620.80 cyc
ball_mul_portable  8192 bits : 1935210.85 cyc
ball_mul_portable 16384 bits : 7518512.50 cyc
ball_mul_portable 32768 bits : 29790597.20 cyc
ball_mul_portable 65536 bits : 118735798.60 cyc
ball_mul_portable 131072 bits : 476217135.50 cyc
ball_mul         256 bits : 2071.10 cyc
ball_mul         512 bits : 5106.55 cyc
ball_mul        1024 bits : 15023.20 cyc
ball_mul        2048 bits : 53789.75 cyc
ball_mul        4096 bits : 204731.45 cyc
ball_mul        8192 bits : 793315.50 cyc
ball_mul       16384 bits : 3131314.75 cyc
ball_mul       32768 bits : 12380988.50 cyc
ball_mul       65536 bits : 50785299.00 cyc
ball_mul       131072 bits : 200333067.15 cyc
ball_mul_no_exp   256 bits : 795.50 cyc
ball_mul_no_exp   512 bits : 1717.55 cyc
ball_mul_no_exp  1024 bits : 4914.10 cyc
ball_mul_no_exp  2048 bits : 17982.00 cyc
ball_mul_no_exp  4096 bits : 72535.35 cyc
ball_mul_no_exp  8192 bits : 276619.95 cyc
ball_mul_no_exp 16384 bits : 1072068.95 cyc
ball_mul_no_exp 32768 bits : 4209993.70 cyc
ball_mul_no_exp 65536 bits : 16548661.75 cyc
ball_mul_no_exp 131072 bits : 66636204.15 cyc
ball_mul_unroll   256 bits : 706.05 cyc
ball_mul_unroll   512 bits : 1714.15 cyc
ball_mul_unroll  1024 bits : 5161.80 cyc
ball_mul_unroll  2048 bits : 19188.50 cyc
ball_mul_unroll  4096 bits : 77140.60 cyc
ball_mul_unroll  8192 bits : 299093.45 cyc
ball_mul_unroll 16384 bits : 1193193.70 cyc
ball_mul_unroll 32768 bits : 4839905.50 cyc
ball_mul_unroll 65536 bits : 19616045.40 cyc
ball_mul_unroll 131072 bits : 76963755.70 cyc
ball_mul_portable   256 bits : 3430.20 cyc
ball_mul_portable   512 bits : 9974.15 cyc
ball_mul_portable  1024 bits : 35234.85 cyc
ball_mul_portable  2048 bits : 131956.10 cyc
ball_mul_portable  4096 bits : 498440.35 cyc
ball_mul_portable  8192 bits : 1909777.20 cyc
ball_mul_portable 16384 bits : 7513065.65 cyc
ball_mul_portable 32768 bits : 29633702.65 cyc
ball_mul_portable 65536 bits : 118322869.60 cyc
ball_mul_portable 131072 bits : 474893837.30 cyc
ball_mul         256 bits : 2092.90 cyc
ball_mul         512 bits : 5280.65 cyc
ball_mul        1024 bits : 15782.10 cyc
ball_mul        2048 bits : 53845.20 cyc
ball_mul        4096 bits : 204958.70 cyc
ball_mul        8192 bits : 800712.00 cyc
ball_mul       16384 bits : 3147438.35 cyc
ball_mul       32768 bits : 12390156.20 cyc
ball_mul       65536 bits : 50856860.90 cyc
ball_mul       131072 bits : 199121003.70 cyc
ball_mul_no_exp   256 bits : 747.80 cyc
ball_mul_no_exp   512 bits : 1530.80 cyc
ball_mul_no_exp  1024 bits : 4930.35 cyc
ball_mul_no_exp  2048 bits : 18001.70 cyc
ball_mul_no_exp  4096 bits : 68036.80 cyc
ball_mul_no_exp  8192 bits : 266334.25 cyc
ball_mul_no_exp 16384 bits : 1050687.00 cyc
ball_mul_no_exp 32768 bits : 4181947.40 cyc
ball_mul_no_exp 65536 bits : 16861451.15 cyc
ball_mul_no_exp 131072 bits : 65791779.30 cyc
ball_mul_unroll   256 bits : 701.90 cyc
ball_mul_unroll   512 bits : 1621.95 cyc
ball_mul_unroll  1024 bits : 5148.60 cyc
ball_mul_unroll  2048 bits : 19240.35 cyc
ball_mul_unroll  4096 bits : 79639.55 cyc
ball_mul_unroll  8192 bits : 297850.05 cyc
ball_mul_unroll 16384 bits : 1216721.30 cyc
ball_mul_unroll 32768 bits : 4769288.75 cyc
ball_mul_unroll 65536 bits : 19044396.10 cyc
ball_mul_unroll 131072 bits : 76066613.70 cyc
ball_mul_portable   256 bits : 3302.05 cyc
ball_mul_portable   512 bits : 9792.05 cyc
ball_mul_portable  1024 bits : 36519.75 cyc
ball_mul_portable  2048 bits : 132280.20 cyc
ball_mul_portable  4096 bits : 491487.75 cyc
ball_mul_portable  8192 bits : 1917625.35 cyc
ball_mul_portable 16384 bits : 7628186.65 cyc
ball_mul_portable 32768 bits : 29619934.75 cyc
ball_mul_portable 65536 bits : 119425120.25 cyc
ball_mul_portable 131072 bits : 471309557.30 cyc
ball_mul         256 bits : 2056.75 cyc
ball_mul         512 bits : 5014.25 cyc
ball_mul        1024 bits : 15021.50 cyc
ball_mul        2048 bits : 53586.80 cyc
ball_mul        4096 bits : 202122.10 cyc
ball_mul        8192 bits : 788230.70 cyc
ball_mul       16384 bits : 3120259.05 cyc
ball_mul       32768 bits : 12355277.35 cyc
ball_mul       65536 bits : 49415055.60 cyc
ball_mul       131072 bits : 196413346.85 cyc
ball_mul_no_exp   256 bits : 751.30 cyc
ball_mul_no_exp   512 bits : 1554.70 cyc
ball_mul_no_exp  1024 bits : 4973.00 cyc
ball_mul_no_exp  2048 bits : 18026.50 cyc
ball_mul_no_exp  4096 bits : 67912.25 cyc
ball_mul_no_exp  8192 bits : 268191.25 cyc
ball_mul_no_exp 16384 bits : 1053896.35 cyc
ball_mul_no_exp 32768 bits : 4168942.80 cyc
ball_mul_no_exp 65536 bits : 16475439.90 cyc
ball_mul_no_exp 131072 bits : 65338381.70 cyc
ball_mul_unroll   256 bits : 705.45 cyc
ball_mul_unroll   512 bits : 1646.70 cyc
ball_mul_unroll  1024 bits : 5146.55 cyc
ball_mul_unroll  2048 bits : 20751.15 cyc
ball_mul_unroll  4096 bits : 76283.45 cyc
ball_mul_unroll  8192 bits : 303937.65 cyc
ball_mul_unroll 16384 bits : 1210588.15 cyc
ball_mul_unroll 32768 bits : 4760199.55 cyc
ball_mul_unroll 65536 bits : 19096658.70 cyc
ball_mul_unroll 131072 bits : 75696198.05 cyc
ball_mul_portable   256 bits : 3424.35 cyc
ball_mul_portable   512 bits : 10134.95 cyc
ball_mul_portable  1024 bits : 35438.70 cyc
ball_mul_portable  2048 bits : 135345.40 cyc
ball_mul_portable  4096 bits : 491675.35 cyc
ball_mul_portable  8192 bits : 1903687.10 cyc
ball_mul_portable 16384 bits : 7493695.35 cyc
ball_mul_portable 32768 bits : 29711952.25 cyc
ball_mul_portable 65536 bits : 118192960.50 cyc
ball_mul_portable 131072 bits : 471099656.40 cyc
ball_mul         256 bits : 3411.05 cyc
ball_mul         512 bits : 5057.00 cyc
ball_mul        1024 bits : 15502.40 cyc
ball_mul        2048 bits : 53868.70 cyc
ball_mul        4096 bits : 205844.05 cyc
ball_mul        8192 bits : 819470.40 cyc
ball_mul       16384 bits : 3105548.25 cyc
ball_mul       32768 bits : 12364295.75 cyc
ball_mul       65536 bits : 49206196.05 cyc
ball_mul       131072 bits : 196181738.50 cyc
ball_mul_no_exp   256 bits : 755.95 cyc
ball_mul_no_exp   512 bits : 1549.45 cyc
ball_mul_no_exp  1024 bits : 4852.30 cyc
ball_mul_no_exp  2048 bits : 17989.25 cyc
ball_mul_no_exp  4096 bits : 67642.05 cyc
ball_mul_no_exp  8192 bits : 266905.30 cyc
ball_mul_no_exp 16384 bits : 1071516.55 cyc
ball_mul_no_exp 32768 bits : 4174920.95 cyc
ball_mul_no_exp 65536 bits : 16461864.80 cyc
ball_mul_no_exp 131072 bits : 65306706.20 cyc
ball_mul_unroll   256 bits : 693.20 cyc
ball_mul_unroll   512 bits : 1648.60 cyc
ball_mul_unroll  1024 bits : 5129.65 cyc
ball_mul_unroll  2048 bits : 19252.75 cyc
ball_mul_unroll  4096 bits : 75587.55 cyc
ball_mul_unroll  8192 bits : 305321.50 cyc
ball_mul_unroll 16384 bits : 1199538.75 cyc
ball_mul_unroll 32768 bits : 4749617.80 cyc
ball_mul_unroll 65536 bits : 19055017.80 cyc
ball_mul_unroll 131072 bits : 75616188.90 cyc
ball_mul_portable   256 bits : 3285.00 cyc
ball_mul_portable   512 bits : 9982.75 cyc
ball_mul_portable  1024 bits : 35255.75 cyc
ball_mul_portable  2048 bits : 132917.65 cyc
ball_mul_portable  4096 bits : 492744.25 cyc
ball_mul_portable  8192 bits : 1912621.70 cyc
ball_mul_portable 16384 bits : 7488225.40 cyc
ball_mul_portable 32768 bits : 29625727.15 cyc
ball_mul_portable 65536 bits : 119110709.45 cyc
ball_mul_portable 131072 bits : 471158924.65 cyc
ball_mul         256 bits : 2099.25 cyc
ball_mul         512 bits : 5074.85 cyc
ball_mul        1024 bits : 14909.30 cyc
ball_mul        2048 bits : 54620.55 cyc
ball_mul        4096 bits : 206175.10 cyc
ball_mul        8192 bits : 799863.85 cyc
ball_mul       16384 bits : 3133859.20 cyc
ball_mul       32768 bits : 12404032.50 cyc
ball_mul       65536 bits : 49300909.80 cyc
ball_mul       131072 bits : 196342219.25 cyc
ball_mul_no_exp   256 bits : 751.50 cyc
ball_mul_no_exp   512 bits : 1557.20 cyc
ball_mul_no_exp  1024 bits : 4913.60 cyc
ball_mul_no_exp  2048 bits : 18059.95 cyc
ball_mul_no_exp  4096 bits : 67790.00 cyc
ball_mul_no_exp  8192 bits : 266887.05 cyc
ball_mul_no_exp 16384 bits : 1058222.55 cyc
ball_mul_no_exp 32768 bits : 4167130.15 cyc
ball_mul_no_exp 65536 bits : 16906133.55 cyc
ball_mul_no_exp 131072 bits : 66010454.85 cyc
ball_mul_unroll   256 bits : 707.00 cyc
ball_mul_unroll   512 bits : 1644.25 cyc
ball_mul_unroll  1024 bits : 5150.40 cyc
ball_mul_unroll  2048 bits : 19215.30 cyc
ball_mul_unroll  4096 bits : 75814.00 cyc
ball_mul_unroll  8192 bits : 298198.00 cyc
ball_mul_unroll 16384 bits : 1188143.60 cyc
ball_mul_unroll 32768 bits : 4762282.05 cyc
ball_mul_unroll 65536 bits : 19032649.40 cyc
ball_mul_unroll 131072 bits : 76672264.10 cyc
