barith_sub       256 bits : 216.33 cyc
barith_sub       512 bits : 241.71 cyc
barith_sub      1024 bits : 519.42 cyc
barith_sub      2048 bits : 947.33 cyc
barith_sub      4096 bits : 1877.62 cyc
barith_sub      8192 bits : 3620.72 cyc
barith_sub     16384 bits : 7089.90 cyc
barith_sub     32768 bits : 8735.70 cyc
barith_sub     65536 bits : 18907.49 cyc
barith_sub_merged   256 bits : 215.31 cyc
barith_sub_merged   512 bits : 316.89 cyc
barith_sub_merged  1024 bits : 518.15 cyc
barith_sub_merged  2048 bits : 946.83 cyc
barith_sub_merged  4096 bits : 1880.95 cyc
barith_sub_merged  8192 bits : 3636.92 cyc
barith_sub_merged 16384 bits : 4810.69 cyc
barith_sub_merged 32768 bits : 13894.30 cyc
barith_sub_merged 65536 bits : 17610.00 cyc
barith_sub_scalar   256 bits : 218.44 cyc
barith_sub_scalar   512 bits : 317.03 cyc
barith_sub_scalar  1024 bits : 365.49 cyc
barith_sub_scalar  2048 bits : 947.58 cyc
barith_sub_scalar  4096 bits : 1348.62 cyc
barith_sub_scalar  8192 bits : 2487.60 cyc
barith_sub_scalar 16384 bits : 7144.18 cyc
barith_sub_scalar 32768 bits : 14108.40 cyc
barith_sub_scalar 65536 bits : 27940.97 cyc
barith_sub_unroll   256 bits : 214.21 cyc
barith_sub_unroll   512 bits : 313.06 cyc
barith_sub_unroll  1024 bits : 519.45 cyc
barith_sub_unroll  2048 bits : 945.17 cyc
barith_sub_unroll  4096 bits : 1207.71 cyc
barith_sub_unroll  8192 bits : 3673.88 cyc
barith_sub_unroll 16384 bits : 7164.17 cyc
barith_sub_unroll 32768 bits : 9507.99 cyc
barith_sub_unroll 65536 bits : 27949.06 cyc
barith2_sub      256 bits : 97.30 cyc
barith2_sub      512 bits : 87.92 cyc
barith2_sub     1024 bits : 508.88 cyc
barith2_sub     2048 bits : 305.43 cyc
barith2_sub     4096 bits : 376.31 cyc
barith2_sub     8192 bits : 1266.29 cyc
barith2_sub    16384 bits : 2363.14 cyc
barith2_sub    32768 bits : 3001.02 cyc
barith2_sub    65536 bits : 9356.52 cyc
barith_sub       256 bits : 215.31 cyc
barith_sub       512 bits : 246.99 cyc
barith_sub      1024 bits : 518.80 cyc
barith_sub      2048 bits : 949.14 cyc
barith_sub      4096 bits : 1904.22 cyc
barith_sub      8192 bits : 3622.46 cyc
barith_sub     16384 bits : 7088.67 cyc
barith_sub     32768 bits : 8753.12 cyc
barith_sub     65536 bits : 19067.28 cyc
barith_sub_merged   256 bits : 214.56 cyc
barith_sub_merged   512 bits : 317.89 cyc
barith_sub_merged  1024 bits : 526.40 cyc
barith_sub_merged  2048 bits : 948.62 cyc
barith_sub_merged  4096 bits : 1911.09 cyc
barith_sub_merged  8192 bits : 3634.09 cyc
barith_sub_merged 16384 bits : 4812.52 cyc
barith_sub_merged 32768 bits : 13915.46 cyc
barith_sub_merged 65536 bits : 17420.50 cyc
barith_sub_scalar   256 bits : 218.96 cyc
barith_sub_scalar   512 bits : 316.28 cyc
barith_sub_scalar  1024 bits : 365.36 cyc
barith_sub_scalar  2048 bits : 948.21 cyc
barith_sub_scalar  4096 bits : 1326.01 cyc
barith_sub_scalar  8192 bits : 2494.97 cyc
barith_sub_scalar 16384 bits : 7809.34 cyc
barith_sub_scalar 32768 bits : 13896.38 cyc
barith_sub_scalar 65536 bits : 27796.02 cyc
barith_sub_unroll   256 bits : 212.09 cyc
barith_sub_unroll   512 bits : 320.27 cyc
barith_sub_unroll  1024 bits : 518.50 cyc
barith_sub_unroll  2048 bits : 946.04 cyc
barith_sub_unroll  4096 bits : 1292.28 cyc
barith_sub_unroll  8192 bits : 3624.56 cyc
barith_sub_unroll 16384 bits : 7107.28 cyc
barith_sub_unroll 32768 bits : 9391.39 cyc
barith_sub_unroll 65536 bits : 27732.40 cyc
barith2_sub      256 bits : 95.59 cyc
barith2_sub      512 bits : 88.30 cyc
barith2_sub     1024 bits : 513.21 cyc
barith2_sub     2048 bits : 305.11 cyc
barith2_sub     4096 bits : 376.18 cyc
barith2_sub     8192 bits : 1266.62 cyc
barith2_sub    16384 bits : 2363.15 cyc
barith2_sub    32768 bits : 2980.90 cyc
barith2_sub    65536 bits : 9334.88 cyc
barith_sub       256 bits : 216.30 cyc
barith_sub       512 bits : 310.25 cyc
barith_sub      1024 bits : 519.27 cyc
barith_sub      2048 bits : 947.30 cyc
barith_sub      4096 bits : 1883.03 cyc
barith_sub      8192 bits : 3626.33 cyc
barith_sub     16384 bits : 7086.85 cyc
barith_sub     32768 bits : 8756.18 cyc
barith_sub     65536 bits : 18903.63 cyc
barith_sub_merged   256 bits : 220.45 cyc
barith_sub_merged   512 bits : 322.97 cyc
barith_sub_merged  1024 bits : 517.82 cyc
barith_sub_merged  2048 bits : 947.12 cyc
barith_sub_merged  4096 bits : 1955.69 cyc
barith_sub_merged  8192 bits : 3636.89 cyc
barith_sub_merged 16384 bits : 4813.93 cyc
barith_sub_merged 32768 bits : 13898.10 cyc
barith_sub_merged 65536 bits : 17682.90 cyc
barith_sub_scalar   256 bits : 218.74 cyc
barith_sub_scalar   512 bits : 312.90 cyc
barith_sub_scalar  1024 bits : 364.92 cyc
barith_sub_scalar  2048 bits : 948.34 cyc
barith_sub_scalar  4096 bits : 1353.36 cyc
barith_sub_scalar  8192 bits : 2490.30 cyc
barith_sub_scalar 16384 bits : 7144.59 cyc
barith_sub_scalar 32768 bits : 14859.63 cyc
barith_sub_scalar 65536 bits : 27891.35 cyc
barith_sub_unroll   256 bits : 211.06 cyc
barith_sub_unroll   512 bits : 314.49 cyc
barith_sub_unroll  1024 bits : 520.67 cyc
barith_sub_unroll  2048 bits : 946.40 cyc
barith_sub_unroll  4096 bits : 1281.40 cyc
barith_sub_unroll  8192 bits : 3625.40 cyc
barith_sub_unroll 16384 bits : 7151.02 cyc
barith_sub_unroll 32768 bits : 9486.44 cyc
barith_sub_unroll 65536 bits : 28167.85 cyc
barith2_sub      256 bits : 96.70 cyc
barith2_sub      512 bits : 87.67 cyc
barith2_sub     1024 bits : 514.69 cyc
barith2_sub     2048 bits : 305.52 cyc
barith2_sub     4096 bits : 376.00 cyc
barith2_sub     8192 bits : 1268.12 cyc
barith2_sub    16384 bits : 2362.76 cyc
barith2_sub    32768 bits : 3023.81 cyc
barith2_sub    65536 bits : 10167.02 cyc
barith_sub       256 bits : 216.31 cyc
barith_sub       512 bits : 241.49 cyc
barith_sub      1024 bits : 518.24 cyc
barith_sub      2048 bits : 948.03 cyc
barith_sub      4096 bits : 1904.91 cyc
barith_sub      8192 bits : 3621.25 cyc
barith_sub     16384 bits : 7089.90 cyc
barith_sub     32768 bits : 8697.62 cyc
barith_sub     65536 bits : 18865.96 cyc
barith_sub_merged   256 bits : 215.87 cyc
barith_sub_merged   512 bits : 309.94 cyc
barith_sub_merged  1024 bits : 518.93 cyc
barith_sub_merged  2048 bits : 947.22 cyc
barith_sub_merged  4096 bits : 1915.09 cyc
barith_sub_merged  8192 bits : 3648.09 cyc
barith_sub_merged 16384 bits : 4840.33 cyc
barith_sub_merged 32768 bits : 13894.84 cyc
barith_sub_merged 65536 bits : 18281.43 cyc
barith_sub_scalar   256 bits : 218.64 cyc
barith_sub_scalar   512 bits : 313.40 cyc
barith_sub_scalar  1024 bits : 379.25 cyc
barith_sub_scalar  2048 bits : 947.51 cyc
barith_sub_scalar  4096 bits : 1376.14 cyc
barith_sub_scalar  8192 bits : 2491.01 cyc
barith_sub_scalar 16384 bits : 7103.51 cyc
barith_sub_scalar 32768 bits : 13872.56 cyc
barith_sub_scalar 65536 bits : 27835.92 cyc
barith_sub_unroll   256 bits : 234.12 cyc
barith_sub_unroll   512 bits : 316.23 cyc
barith_sub_unroll  1024 bits : 518.08 cyc
barith_sub_unroll  2048 bits : 946.12 cyc
barith_sub_unroll  4096 bits : 1245.44 cyc
barith_sub_unroll  8192 bits : 3630.39 cyc
barith_sub_unroll 16384 bits : 7089.67 cyc
barith_sub_unroll 32768 bits : 10152.81 cyc
barith_sub_unroll 65536 bits : 27754.39 cyc
barith2_sub      256 bits : 96.54 cyc
barith2_sub      512 bits : 88.03 cyc
barith2_sub     1024 bits : 509.08 cyc
barith2_sub     2048 bits : 305.33 cyc
barith2_sub     4096 bits : 375.93 cyc
barith2_sub     8192 bits : 1266.38 cyc
barith2_sub    16384 bits : 2363.45 cyc
barith2_sub    32768 bits : 2984.38 cyc
barith2_sub    65536 bits : 9360.08 cyc
barith_sub       256 bits : 218.34 cyc
barith_sub       512 bits : 242.53 cyc
barith_sub      1024 bits : 530.35 cyc
barith_sub      2048 bits : 947.87 cyc
barith_sub      4096 bits : 1905.36 cyc
barith_sub      8192 bits : 3674.36 cyc
barith_sub     16384 bits : 7107.91 cyc
barith_sub     32768 bits : 8696.97 cyc
barith_sub     65536 bits : 19634.17 cyc
barith_sub_merged   256 bits : 216.62 cyc
barith_sub_merged   512 bits : 315.43 cyc
barith_sub_merged  1024 bits : 518.13 cyc
barith_sub_merged  2048 bits : 947.00 cyc
barith_sub_merged  4096 bits : 1909.10 cyc
barith_sub_merged  8192 bits : 3634.82 cyc
barith_sub_merged 16384 bits : 4811.47 cyc
barith_sub_merged 32768 bits : 13909.85 cyc
barith_sub_merged 65536 bits : 17477.80 cyc
barith_sub_scalar   256 bits : 218.73 cyc
barith_sub_scalar   512 bits : 313.07 cyc
barith_sub_scalar  1024 bits : 367.45 cyc
barith_sub_scalar  2048 bits : 948.99 cyc
barith_sub_scalar  4096 bits : 1389.34 cyc
barith_sub_scalar  8192 bits : 2489.85 cyc
barith_sub_scalar 16384 bits : 7102.22 cyc
barith_sub_scalar 32768 bits : 13889.74 cyc
barith_sub_scalar 65536 bits : 28571.06 cyc
barith_sub_unroll   256 bits : 213.57 cyc
barith_sub_unroll   512 bits : 315.32 cyc
barith_sub_unroll  1024 bits : 533.59 cyc
barith_sub_unroll  2048 bits : 945.84 cyc
barith_sub_unroll  4096 bits : 1249.36 cyc
barith_sub_unroll  8192 bits : 3640.29 cyc
barith_sub_unroll 16384 bits : 7090.14 cyc
barith_sub_unroll 32768 bits : 9371.83 cyc
barith_sub_unroll 65536 bits : 27912.05 cyc
barith2_sub      256 bits : 95.00 cyc
barith2_sub      512 bits : 88.08 cyc
barith2_sub     1024 bits : 509.50 cyc
barith2_sub     2048 bits : 308.75 cyc
barith2_sub     4096 bits : 375.65 cyc
barith2_sub     8192 bits : 1266.90 cyc
barith2_sub    16384 bits : 3150.97 cyc
barith2_sub    32768 bits : 2986.65 cyc
barith2_sub    65536 bits : 9364.45 cyc
barith_sub       256 bits : 217.29 cyc
barith_sub       512 bits : 251.01 cyc
barith_sub      1024 bits : 516.95 cyc
barith_sub      2048 bits : 1244.39 cyc
barith_sub      4096 bits : 1877.51 cyc
barith_sub      8192 bits : 3622.37 cyc
barith_sub     16384 bits : 7119.05 cyc
barith_sub     32768 bits : 8707.28 cyc
barith_sub     65536 bits : 18873.24 cyc
barith_sub_merged   256 bits : 217.07 cyc
barith_sub_merged   512 bits : 315.00 cyc
barith_sub_merged  1024 bits : 517.86 cyc
barith_sub_merged  2048 bits : 947.86 cyc
barith_sub_merged  4096 bits : 1887.40 cyc
barith_sub_merged  8192 bits : 3634.30 cyc
barith_sub_merged 16384 bits : 4919.77 cyc
barith_sub_merged 32768 bits : 13892.73 cyc
barith_sub_merged 65536 bits : 17483.64 cyc
barith_sub_scalar   256 bits : 220.41 cyc
barith_sub_scalar   512 bits : 313.94 cyc
barith_sub_scalar  1024 bits : 367.67 cyc
barith_sub_scalar  2048 bits : 947.95 cyc
barith_sub_scalar  4096 bits : 1363.84 cyc
barith_sub_scalar  8192 bits : 2500.80 cyc
barith_sub_scalar 16384 bits : 7106.35 cyc
barith_sub_scalar 32768 bits : 14631.60 cyc
barith_sub_scalar 65536 bits : 27878.13 cyc
barith_sub_unroll   256 bits : 212.57 cyc
barith_sub_unroll   512 bits : 319.10 cyc
barith_sub_unroll  1024 bits : 519.42 cyc
barith_sub_unroll  2048 bits : 945.11 cyc
barith_sub_unroll  4096 bits : 1219.15 cyc
barith_sub_unroll  8192 bits : 3629.11 cyc
barith_sub_unroll 16384 bits : 7091.40 cyc
barith_sub_unroll 32768 bits : 9378.26 cyc
barith_sub_unroll 65536 bits : 28532.51 cyc
barith2_sub      256 bits : 97.17 cyc
barith2_sub      512 bits : 88.12 cyc
barith2_sub     1024 bits : 508.69 cyc
barith2_sub     2048 bits : 305.46 cyc
barith2_sub     4096 bits : 376.26 cyc
barith2_sub     8192 bits : 1267.49 cyc
barith2_sub    16384 bits : 2362.09 cyc
barith2_sub    32768 bits : 2984.84 cyc
barith2_sub    65536 bits : 9362.16 cyc
barith_sub       256 bits : 214.31 cyc
barith_sub       512 bits : 242.49 cyc
barith_sub      1024 bits : 518.52 cyc
barith_sub      2048 bits : 947.77 cyc
barith_sub      4096 bits : 1877.82 cyc
barith_sub      8192 bits : 3665.70 cyc
barith_sub     16384 bits : 7105.42 cyc
barith_sub     32768 bits : 8707.18 cyc
barith_sub     65536 bits : 18741.47 cyc
barith_sub_merged   256 bits : 217.05 cyc
barith_sub_merged   512 bits : 311.26 cyc
barith_sub_merged  1024 bits : 517.97 cyc
barith_sub_merged  2048 bits : 948.32 cyc
barith_sub_merged  4096 bits : 1884.20 cyc
barith_sub_merged  8192 bits : 3633.76 cyc
barith_sub_merged 16384 bits : 4814.94 cyc
barith_sub_merged 32768 bits : 14080.75 cyc
barith_sub_merged 65536 bits : 17584.86 cyc
barith_sub_scalar   256 bits : 218.62 cyc
barith_sub_scalar   512 bits : 319.68 cyc
barith_sub_scalar  1024 bits : 365.23 cyc
barith_sub_scalar  2048 bits : 947.47 cyc
barith_sub_scalar  4096 bits : 1365.27 cyc
barith_sub_scalar  8192 bits : 2494.39 cyc
barith_sub_scalar 16384 bits : 7109.33 cyc
barith_sub_scalar 32768 bits : 13890.47 cyc
barith_sub_scalar 65536 bits : 27753.44 cyc
barith_sub_unroll   256 bits : 214.06 cyc
barith_sub_unroll   512 bits : 315.13 cyc
barith_sub_unroll  1024 bits : 517.32 cyc
barith_sub_unroll  2048 bits : 945.37 cyc
barith_sub_unroll  4096 bits : 1217.80 cyc
barith_sub_unroll  8192 bits : 3652.12 cyc
barith_sub_unroll 16384 bits : 7107.90 cyc
barith_sub_unroll 32768 bits : 9385.27 cyc
barith_sub_unroll 65536 bits : 27886.65 cyc
barith2_sub      256 bits : 97.30 cyc
barith2_sub      512 bits : 87.88 cyc
barith2_sub     1024 bits : 509.05 cyc
barith2_sub     2048 bits : 305.25 cyc
barith2_sub     4096 bits : 375.79 cyc
barith2_sub     8192 bits : 1284.94 cyc
barith2_sub    16384 bits : 2385.07 cyc
barith2_sub    32768 bits : 2987.65 cyc
barith2_sub    65536 bits : 9361.11 cyc
barith_sub       256 bits : 216.34 cyc
barith_sub       512 bits : 243.53 cyc
barith_sub      1024 bits : 523.07 cyc
barith_sub      2048 bits : 947.38 cyc
barith_sub      4096 bits : 1884.78 cyc
barith_sub      8192 bits : 3623.75 cyc
barith_sub     16384 bits : 7118.94 cyc
barith_sub     32768 bits : 9554.69 cyc
barith_sub     65536 bits : 19667.28 cyc
barith_sub_merged   256 bits : 217.91 cyc
barith_sub_merged   512 bits : 310.32 cyc
barith_sub_merged  1024 bits : 532.22 cyc
barith_sub_merged  2048 bits : 947.07 cyc
barith_sub_merged  4096 bits : 1883.61 cyc
barith_sub_merged  8192 bits : 3631.34 cyc
barith_sub_merged 16384 bits : 4811.59 cyc
barith_sub_merged 32768 bits : 14510.95 cyc
barith_sub_merged 65536 bits : 17844.19 cyc
barith_sub_scalar   256 bits : 218.46 cyc
barith_sub_scalar   512 bits : 313.22 cyc
barith_sub_scalar  1024 bits : 365.51 cyc
barith_sub_scalar  2048 bits : 948.06 cyc
barith_sub_scalar  4096 bits : 1365.69 cyc
barith_sub_scalar  8192 bits : 2490.43 cyc
barith_sub_scalar 16384 bits : 7144.40 cyc
barith_sub_scalar 32768 bits : 14116.45 cyc
barith_sub_scalar 65536 bits : 28882.87 cyc
barith_sub_unroll   256 bits : 216.15 cyc
barith_sub_unroll   512 bits : 316.85 cyc
barith_sub_unroll  1024 bits : 519.52 cyc
barith_sub_unroll  2048 bits : 1114.17 cyc
barith_sub_unroll  4096 bits : 1217.24 cyc
barith_sub_unroll  8192 bits : 3630.43 cyc
barith_sub_unroll 16384 bits : 7148.56 cyc
barith_sub_unroll 32768 bits : 9484.50 cyc
barith_sub_unroll 65536 bits : 28201.97 cyc
barith2_sub      256 bits : 96.98 cyc
barith2_sub      512 bits : 87.88 cyc
barith2_sub     1024 bits : 513.54 cyc
barith2_sub     2048 bits : 323.51 cyc
barith2_sub     4096 bits : 376.14 cyc
barith2_sub     8192 bits : 1266.71 cyc
barith2_sub    16384 bits : 2364.09 cyc
barith2_sub    32768 bits : 3016.54 cyc
barith2_sub    65536 bits : 9396.65 cyc
barith_sub       256 bits : 217.60 cyc
barith_sub       512 bits : 241.47 cyc
barith_sub      1024 bits : 518.64 cyc
barith_sub      2048 bits : 948.05 cyc
barith_sub      4096 bits : 1877.39 cyc
barith_sub      8192 bits : 3618.62 cyc
barith_sub     16384 bits : 7086.91 cyc
barith_sub     32768 bits : 9520.44 cyc
barith_sub     65536 bits : 18892.69 cyc
barith_sub_merged   256 bits : 216.81 cyc
barith_sub_merged   512 bits : 311.02 cyc
barith_sub_merged  1024 bits : 532.36 cyc
barith_sub_merged  2048 bits : 948.21 cyc
barith_sub_merged  4096 bits : 1890.52 cyc
barith_sub_merged  8192 bits : 3631.74 cyc
barith_sub_merged 16384 bits : 5599.31 cyc
barith_sub_merged 32768 bits : 13883.11 cyc
barith_sub_merged 65536 bits : 17538.15 cyc
barith_sub_scalar   256 bits : 218.44 cyc
barith_sub_scalar   512 bits : 316.10 cyc
barith_sub_scalar  1024 bits : 365.42 cyc
barith_sub_scalar  2048 bits : 946.88 cyc
barith_sub_scalar  4096 bits : 1347.52 cyc
barith_sub_scalar  8192 bits : 2498.55 cyc
barith_sub_scalar 16384 bits : 7091.44 cyc
barith_sub_scalar 32768 bits : 13865.91 cyc
barith_sub_scalar 65536 bits : 27845.76 cyc
barith_sub_unroll   256 bits : 214.06 cyc
barith_sub_unroll   512 bits : 314.74 cyc
barith_sub_unroll  1024 bits : 523.47 cyc
barith_sub_unroll  2048 bits : 945.42 cyc
barith_sub_unroll  4096 bits : 1206.69 cyc
barith_sub_unroll  8192 bits : 3633.18 cyc
barith_sub_unroll 16384 bits : 7091.39 cyc
barith_sub_unroll 32768 bits : 9371.36 cyc
barith_sub_unroll 65536 bits : 28499.43 cyc
barith2_sub      256 bits : 97.27 cyc
barith2_sub      512 bits : 88.48 cyc
barith2_sub     1024 bits : 508.80 cyc
barith2_sub     2048 bits : 305.13 cyc
barith2_sub     4096 bits : 375.58 cyc
barith2_sub     8192 bits : 1265.90 cyc
barith2_sub    16384 bits : 2363.53 cyc
barith2_sub    32768 bits : 2997.36 cyc
barith2_sub    65536 bits : 9359.77 cyc
barith_sub       256 bits : 216.29 cyc
barith_sub       512 bits : 241.94 cyc
barith_sub      1024 bits : 526.17 cyc
barith_sub      2048 bits : 948.16 cyc
barith_sub      4096 bits : 1907.48 cyc
barith_sub      8192 bits : 3630.61 cyc
barith_sub     16384 bits : 7088.47 cyc
barith_sub     32768 bits : 8698.09 cyc
barith_sub     65536 bits : 18737.40 cyc
barith_sub_merged   256 bits : 217.06 cyc
barith_sub_merged   512 bits : 314.44 cyc
barith_sub_merged  1024 bits : 518.39 cyc
barith_sub_merged  2048 bits : 953.26 cyc
barith_sub_merged  4096 bits : 1915.45 cyc
barith_sub_merged  8192 bits : 3638.51 cyc
barith_sub_merged 16384 bits : 4831.30 cyc
barith_sub_merged 32768 bits : 14643.91 cyc
barith_sub_merged 65536 bits : 17521.51 cyc
barith_sub_scalar   256 bits : 218.96 cyc
barith_sub_scalar   512 bits : 315.51 cyc
barith_sub_scalar  1024 bits : 377.72 cyc
barith_sub_scalar  2048 bits : 947.72 cyc
barith_sub_scalar  4096 bits : 1361.09 cyc
barith_sub_scalar  8192 bits : 2502.04 cyc
barith_sub_scalar 16384 bits : 7109.28 cyc
barith_sub_scalar 32768 bits : 13873.07 cyc
barith_sub_scalar 65536 bits : 27743.30 cyc
barith_sub_unroll   256 bits : 211.35 cyc
barith_sub_unroll   512 bits : 317.70 cyc
barith_sub_unroll  1024 bits : 522.58 cyc
barith_sub_unroll  2048 bits : 946.57 cyc
barith_sub_unroll  4096 bits : 1243.04 cyc
barith_sub_unroll  8192 bits : 3625.43 cyc
barith_sub_unroll 16384 bits : 7091.36 cyc
barith_sub_unroll 32768 bits : 9374.02 cyc
barith_sub_unroll 65536 bits : 27791.47 cyc
barith2_sub      256 bits : 95.33 cyc
barith2_sub      512 bits : 88.26 cyc
barith2_sub     1024 bits : 509.33 cyc
barith2_sub     2048 bits : 305.10 cyc
barith2_sub     4096 bits : 376.14 cyc
barith2_sub     8192 bits : 1267.57 cyc
barith2_sub    16384 bits : 2364.12 cyc
barith2_sub    32768 bits : 2987.88 cyc
barith2_sub    65536 bits : 9356.87 cyc
