barith_add_portable   256 bits : 234.60 cyc
barith_add_portable   512 bits : 472.31 cyc
barith_add_portable  1024 bits : 809.59 cyc
barith_add_portable  2048 bits : 1491.08 cyc
barith_add_portable  4096 bits : 2819.72 cyc
barith_add_portable  8192 bits : 5615.43 cyc
barith_add_portable 16384 bits : 11126.45 cyc
barith_add_portable 32768 bits : 22185.41 cyc
barith_add_portable 65536 bits : 139344.08 cyc
barith_add_portable 131072 bits : 285028.19 cyc
barith_add_portable 262144 bits : 177448.80 cyc
barith_add_portable 524288 bits : 1542306.99 cyc
barith_add_intrinsics   256 bits : 153.66 cyc
barith_add_intrinsics   512 bits : 220.25 cyc
barith_add_intrinsics  1024 bits : 525.14 cyc
barith_add_intrinsics  2048 bits : 941.95 cyc
barith_add_intrinsics  4096 bits : 1820.76 cyc
barith_add_intrinsics  8192 bits : 3493.99 cyc
barith_add_intrinsics 16384 bits : 5328.88 cyc
barith_add_intrinsics 32768 bits : 13767.20 cyc
barith_add_intrinsics 65536 bits : 21484.29 cyc
barith_add_intrinsics 131072 bits : 55264.70 cyc
barith_add_intrinsics 262144 bits : 77643.18 cyc
barith_add_intrinsics 524288 bits : 214518.51 cyc
barith_add_shiftr   256 bits : 194.84 cyc
barith_add_shiftr   512 bits : 203.61 cyc
barith_add_shiftr  1024 bits : 445.74 cyc
barith_add_shiftr  2048 bits : 530.25 cyc
barith_add_shiftr  4096 bits : 1173.58 cyc
barith_add_shiftr  8192 bits : 3053.16 cyc
barith_add_shiftr 16384 bits : 5809.60 cyc
barith_add_shiftr 32768 bits : 11594.77 cyc
barith_add_shiftr 65536 bits : 15415.17 cyc
barith_add_shiftr 131072 bits : 48177.39 cyc
barith_add_shiftr 262144 bits : 63356.05 cyc
barith_add_shiftr 524288 bits : 181202.81 cyc
barith_add_shiftl   256 bits : 191.61 cyc
barith_add_shiftl   512 bits : 247.91 cyc
barith_add_shiftl  1024 bits : 424.27 cyc
barith_add_shiftl  2048 bits : 538.73 cyc
barith_add_shiftl  4096 bits : 1196.76 cyc
barith_add_shiftl  8192 bits : 2506.01 cyc
barith_add_shiftl 16384 bits : 3643.69 cyc
barith_add_shiftl 32768 bits : 8386.84 cyc
barith_add_shiftl 65536 bits : 17488.12 cyc
barith_add_shiftl 131072 bits : 36086.10 cyc
barith_add_shiftl 262144 bits : 81943.57 cyc
barith_add_shiftl 524288 bits : 143935.62 cyc
barith_add_detect1   256 bits : 170.07 cyc
barith_add_detect1   512 bits : 176.36 cyc
barith_add_detect1  1024 bits : 286.81 cyc
barith_add_detect1  2048 bits : 506.60 cyc
barith_add_detect1  4096 bits : 885.46 cyc
barith_add_detect1  8192 bits : 1568.58 cyc
barith_add_detect1 16384 bits : 2982.66 cyc
barith_add_detect1 32768 bits : 6706.79 cyc
barith_add_detect1 65536 bits : 102079.16 cyc
barith_add_detect1 131072 bits : 26500.45 cyc
barith_add_detect1 262144 bits : 48482.31 cyc
barith_add_detect1 524288 bits : 113690.09 cyc
barith_add_merged   256 bits : 112.51 cyc
barith_add_merged   512 bits : 155.15 cyc
barith_add_merged  1024 bits : 243.10 cyc
barith_add_merged  2048 bits : 561.55 cyc
barith_add_merged  4096 bits : 899.69 cyc
barith_add_merged  8192 bits : 1577.11 cyc
barith_add_merged 16384 bits : 2922.32 cyc
barith_add_merged 32768 bits : 7856.82 cyc
barith_add_merged 65536 bits : 17226.81 cyc
barith_add_merged 131072 bits : 25849.17 cyc
barith_add_merged 262144 bits : 71395.96 cyc
barith_add_merged 524288 bits : 150068.01 cyc
barith_add_midptrep   256 bits : 109.83 cyc
barith_add_midptrep   512 bits : 202.96 cyc
barith_add_midptrep  1024 bits : 314.86 cyc
barith_add_midptrep  2048 bits : 509.71 cyc
barith_add_midptrep  4096 bits : 761.14 cyc
barith_add_midptrep  8192 bits : 1432.11 cyc
barith_add_midptrep 16384 bits : 2654.66 cyc
barith_add_midptrep 32768 bits : 7501.41 cyc
barith_add_midptrep 65536 bits : 10758.79 cyc
barith_add_midptrep 131072 bits : 21508.16 cyc
barith_add_midptrep 262144 bits : 63736.05 cyc
barith_add_midptrep 524288 bits : 92193.64 cyc
barith_add_nestedbranch   256 bits : 99.97 cyc
barith_add_nestedbranch   512 bits : 115.83 cyc
barith_add_nestedbranch  1024 bits : 177.31 cyc
barith_add_nestedbranch  2048 bits : 267.05 cyc
barith_add_nestedbranch  4096 bits : 500.80 cyc
barith_add_nestedbranch  8192 bits : 776.66 cyc
barith_add_nestedbranch 16384 bits : 1555.04 cyc
barith_add_nestedbranch 32768 bits : 3050.46 cyc
barith_add_nestedbranch 65536 bits : 6135.75 cyc
barith_add_nestedbranch 131072 bits : 14734.71 cyc
barith_add_nestedbranch 262144 bits : 25557.75 cyc
barith_add_nestedbranch 524288 bits : 58074.61 cyc
barith_add_norad_noexp   256 bits : 101.70 cyc
barith_add_norad_noexp   512 bits : 128.97 cyc
barith_add_norad_noexp  1024 bits : 181.35 cyc
barith_add_norad_noexp  2048 bits : 224.60 cyc
barith_add_norad_noexp  4096 bits : 422.64 cyc
barith_add_norad_noexp  8192 bits : 962.77 cyc
barith_add_norad_noexp 16384 bits : 1405.71 cyc
barith_add_norad_noexp 32768 bits : 3831.95 cyc
barith_add_norad_noexp 65536 bits : 7063.74 cyc
barith_add_norad_noexp 131072 bits : 14829.75 cyc
barith_add_norad_noexp 262144 bits : 25588.84 cyc
barith_add_norad_noexp 524288 bits : 62536.07 cyc
barith2_add      256 bits : 68.49 cyc
barith2_add      512 bits : 48.19 cyc
barith2_add     1024 bits : 462.48 cyc
barith2_add     2048 bits : 255.79 cyc
barith2_add     4096 bits : 325.44 cyc
barith2_add     8192 bits : 893.41 cyc
barith2_add    16384 bits : 1702.55 cyc
barith2_add    32768 bits : 2487.21 cyc
barith2_add    65536 bits : 5008.31 cyc
barith2_add    131072 bits : 13354.51 cyc
barith2_add    262144 bits : 19681.72 cyc
barith2_add    524288 bits : 39395.46 cyc
barith2_add_optim1   256 bits : 61.88 cyc
barith2_add_optim1   512 bits : 46.10 cyc
barith2_add_optim1  1024 bits : 435.68 cyc
barith2_add_optim1  2048 bits : 132.34 cyc
barith2_add_optim1  4096 bits : 251.43 cyc
barith2_add_optim1  8192 bits : 541.27 cyc
barith2_add_optim1 16384 bits : 1025.46 cyc
barith2_add_optim1 32768 bits : 2110.51 cyc
barith2_add_optim1 65536 bits : 3861.40 cyc
barith2_add_optim1 131072 bits : 8615.11 cyc
barith2_add_optim1 262144 bits : 17035.15 cyc
barith2_add_optim1 524288 bits : 34973.03 cyc
barith_add_portable   256 bits : 240.10 cyc
barith_add_portable   512 bits : 410.30 cyc
barith_add_portable  1024 bits : 740.61 cyc
barith_add_portable  2048 bits : 1430.15 cyc
barith_add_portable  4096 bits : 9499.84 cyc
barith_add_portable  8192 bits : 5608.51 cyc
barith_add_portable 16384 bits : 11206.46 cyc
barith_add_portable 32768 bits : 22161.16 cyc
barith_add_portable 65536 bits : 44793.80 cyc
barith_add_portable 131072 bits : 91109.41 cyc
barith_add_portable 262144 bits : 183317.21 cyc
barith_add_portable 524288 bits : 1549179.96 cyc
barith_add_intrinsics   256 bits : 153.49 cyc
barith_add_intrinsics   512 bits : 220.25 cyc
barith_add_intrinsics  1024 bits : 404.89 cyc
barith_add_intrinsics  2048 bits : 728.73 cyc
barith_add_intrinsics  4096 bits : 1835.39 cyc
barith_add_intrinsics  8192 bits : 3428.15 cyc
barith_add_intrinsics 16384 bits : 5264.48 cyc
barith_add_intrinsics 32768 bits : 10265.39 cyc
barith_add_intrinsics 65536 bits : 27414.33 cyc
barith_add_intrinsics 131072 bits : 41967.61 cyc
barith_add_intrinsics 262144 bits : 79056.19 cyc
barith_add_intrinsics 524288 bits : 210999.31 cyc
barith_add_shiftr   256 bits : 194.00 cyc
barith_add_shiftr   512 bits : 206.11 cyc
barith_add_shiftr  1024 bits : 328.26 cyc
barith_add_shiftr  2048 bits : 530.19 cyc
barith_add_shiftr  4096 bits : 1183.24 cyc
barith_add_shiftr  8192 bits : 2269.65 cyc
barith_add_shiftr 16384 bits : 5909.09 cyc
barith_add_shiftr 32768 bits : 8534.64 cyc
barith_add_shiftr 65536 bits : 17840.84 cyc
barith_add_shiftr 131072 bits : 48849.29 cyc
barith_add_shiftr 262144 bits : 93476.95 cyc
barith_add_shiftr 524288 bits : 179860.16 cyc
barith_add_shiftl   256 bits : 141.47 cyc
barith_add_shiftl   512 bits : 263.75 cyc
barith_add_shiftl  1024 bits : 425.84 cyc
barith_add_shiftl  2048 bits : 750.81 cyc
barith_add_shiftl  4096 bits : 1368.72 cyc
barith_add_shiftl  8192 bits : 2555.68 cyc
barith_add_shiftl 16384 bits : 4246.81 cyc
barith_add_shiftl 32768 bits : 8550.40 cyc
barith_add_shiftl 65536 bits : 20494.19 cyc
barith_add_shiftl 131072 bits : 42808.44 cyc
barith_add_shiftl 262144 bits : 64082.26 cyc
barith_add_shiftl 524288 bits : 166052.20 cyc
barith_add_detect1   256 bits : 167.61 cyc
barith_add_detect1   512 bits : 178.25 cyc
barith_add_detect1  1024 bits : 2353.65 cyc
barith_add_detect1  2048 bits : 506.24 cyc
barith_add_detect1  4096 bits : 6823.40 cyc
barith_add_detect1  8192 bits : 1431.01 cyc
barith_add_detect1 16384 bits : 2789.41 cyc
barith_add_detect1 32768 bits : 5442.19 cyc
barith_add_detect1 65536 bits : 14098.42 cyc
barith_add_detect1 131072 bits : 201362.45 cyc
barith_add_detect1 262144 bits : 402820.30 cyc
barith_add_detect1 524288 bits : 1291152.49 cyc
barith_add_merged   256 bits : 221.96 cyc
barith_add_merged   512 bits : 156.61 cyc
barith_add_merged  1024 bits : 334.46 cyc
barith_add_merged  2048 bits : 428.94 cyc
barith_add_merged  4096 bits : 1215.88 cyc
barith_add_merged  8192 bits : 1607.49 cyc
barith_add_merged 16384 bits : 4312.89 cyc
barith_add_merged 32768 bits : 7618.26 cyc
barith_add_merged 65536 bits : 12431.35 cyc
barith_add_merged 131072 bits : 26289.78 cyc
barith_add_merged 262144 bits : 51489.97 cyc
barith_add_merged 524288 bits : 115355.93 cyc
barith_add_midptrep   256 bits : 157.43 cyc
barith_add_midptrep   512 bits : 151.09 cyc
barith_add_midptrep  1024 bits : 316.25 cyc
barith_add_midptrep  2048 bits : 388.25 cyc
barith_add_midptrep  4096 bits : 777.65 cyc
barith_add_midptrep  8192 bits : 1440.01 cyc
barith_add_midptrep 16384 bits : 2716.51 cyc
barith_add_midptrep 32768 bits : 5058.19 cyc
barith_add_midptrep 65536 bits : 10880.51 cyc
barith_add_midptrep 131072 bits : 31328.74 cyc
barith_add_midptrep 262144 bits : 63324.44 cyc
barith_add_midptrep 524288 bits : 94368.68 cyc
barith_add_nestedbranch   256 bits : 112.39 cyc
barith_add_nestedbranch   512 bits : 115.95 cyc
barith_add_nestedbranch  1024 bits : 155.38 cyc
barith_add_nestedbranch  2048 bits : 231.07 cyc
barith_add_nestedbranch  4096 bits : 413.54 cyc
barith_add_nestedbranch  8192 bits : 975.71 cyc
barith_add_nestedbranch 16384 bits : 1955.16 cyc
barith_add_nestedbranch 32768 bits : 2948.99 cyc
barith_add_nestedbranch 65536 bits : 7458.62 cyc
barith_add_nestedbranch 131072 bits : 12704.56 cyc
barith_add_nestedbranch 262144 bits : 30537.30 cyc
barith_add_nestedbranch 524288 bits : 69804.23 cyc
barith_add_norad_noexp   256 bits : 111.35 cyc
barith_add_norad_noexp   512 bits : 113.96 cyc
barith_add_norad_noexp  1024 bits : 148.35 cyc
barith_add_norad_noexp  2048 bits : 229.76 cyc
barith_add_norad_noexp  4096 bits : 418.40 cyc
barith_add_norad_noexp  8192 bits : 957.27 cyc
barith_add_norad_noexp 16384 bits : 1447.59 cyc
barith_add_norad_noexp 32768 bits : 3699.90 cyc
barith_add_norad_noexp 65536 bits : 6932.56 cyc
barith_add_norad_noexp 131072 bits : 15453.86 cyc
barith_add_norad_noexp 262144 bits : 25880.65 cyc
barith_add_norad_noexp 524288 bits : 50966.31 cyc
barith2_add      256 bits : 29.74 cyc
barith2_add      512 bits : 47.49 cyc
barith2_add     1024 bits : 87.08 cyc
barith2_add     2048 bits : 165.01 cyc
barith2_add     4096 bits : 449.05 cyc
barith2_add     8192 bits : 653.81 cyc
barith2_add    16384 bits : 1702.20 cyc
barith2_add    32768 bits : 2487.81 cyc
barith2_add    65536 bits : 6615.44 cyc
barith2_add    131072 bits : 9822.08 cyc
barith2_add    262144 bits : 19729.84 cyc
barith2_add    524288 bits : 52318.24 cyc
barith2_add_optim1   256 bits : 29.09 cyc
barith2_add_optim1   512 bits : 85.17 cyc
barith2_add_optim1  1024 bits : 435.00 cyc
barith2_add_optim1  2048 bits : 132.29 cyc
barith2_add_optim1  4096 bits : 248.93 cyc
barith2_add_optim1  8192 bits : 481.09 cyc
barith2_add_optim1 16384 bits : 1064.92 cyc
barith2_add_optim1 32768 bits : 2040.34 cyc
barith2_add_optim1 65536 bits : 4023.06 cyc
barith2_add_optim1 131072 bits : 7458.11 cyc
barith2_add_optim1 262144 bits : 14981.02 cyc
barith2_add_optim1 524288 bits : 30035.36 cyc
barith_add_portable   256 bits : 1199.33 cyc
barith_add_portable   512 bits : 413.74 cyc
barith_add_portable  1024 bits : 812.27 cyc
barith_add_portable  2048 bits : 1428.31 cyc
barith_add_portable  4096 bits : 2814.79 cyc
barith_add_portable  8192 bits : 5629.19 cyc
barith_add_portable 16384 bits : 11197.44 cyc
barith_add_portable 32768 bits : 22266.94 cyc
barith_add_portable 65536 bits : 44848.06 cyc
barith_add_portable 131072 bits : 91372.04 cyc
barith_add_portable 262144 bits : 181925.96 cyc
barith_add_portable 524288 bits : 360617.04 cyc
barith_add_intrinsics   256 bits : 206.78 cyc
barith_add_intrinsics   512 bits : 219.68 cyc
barith_add_intrinsics  1024 bits : 407.39 cyc
barith_add_intrinsics  2048 bits : 930.88 cyc
barith_add_intrinsics  4096 bits : 1364.09 cyc
barith_add_intrinsics  8192 bits : 2639.91 cyc
barith_add_intrinsics 16384 bits : 6880.34 cyc
barith_add_intrinsics 32768 bits : 10333.27 cyc
barith_add_intrinsics 65536 bits : 21061.08 cyc
barith_add_intrinsics 131072 bits : 54799.20 cyc
barith_add_intrinsics 262144 bits : 102074.20 cyc
barith_add_intrinsics 524288 bits : 210832.71 cyc
barith_add_shiftr   256 bits : 137.30 cyc
barith_add_shiftr   512 bits : 200.97 cyc
barith_add_shiftr  1024 bits : 330.00 cyc
barith_add_shiftr  2048 bits : 743.85 cyc
barith_add_shiftr  4096 bits : 1128.20 cyc
barith_add_shiftr  8192 bits : 2237.53 cyc
barith_add_shiftr 16384 bits : 4204.61 cyc
barith_add_shiftr 32768 bits : 11599.09 cyc
barith_add_shiftr 65536 bits : 24002.01 cyc
barith_add_shiftr 131072 bits : 48640.64 cyc
barith_add_shiftr 262144 bits : 96722.86 cyc
barith_add_shiftr 524288 bits : 128814.07 cyc
barith_add_shiftl   256 bits : 141.59 cyc
barith_add_shiftl   512 bits : 251.53 cyc
barith_add_shiftl  1024 bits : 337.29 cyc
barith_add_shiftl  2048 bits : 686.89 cyc
barith_add_shiftl  4096 bits : 1008.67 cyc
barith_add_shiftl  8192 bits : 2511.66 cyc
barith_add_shiftl 16384 bits : 4176.77 cyc
barith_add_shiftl 32768 bits : 7825.14 cyc
barith_add_shiftl 65536 bits : 20073.64 cyc
barith_add_shiftl 131072 bits : 36340.94 cyc
barith_add_shiftl 262144 bits : 82376.73 cyc
barith_add_shiftl 524288 bits : 166476.91 cyc
barith_add_detect1   256 bits : 164.55 cyc
barith_add_detect1   512 bits : 206.29 cyc
barith_add_detect1  1024 bits : 288.96 cyc
barith_add_detect1  2048 bits : 493.36 cyc
barith_add_detect1  4096 bits : 724.35 cyc
barith_add_detect1  8192 bits : 1411.99 cyc
barith_add_detect1 16384 bits : 27864.74 cyc
barith_add_detect1 32768 bits : 5992.44 cyc
barith_add_detect1 65536 bits : 11556.98 cyc
barith_add_detect1 131072 bits : 28819.09 cyc
barith_add_detect1 262144 bits : 46800.20 cyc
barith_add_detect1 524288 bits : 111828.35 cyc
barith_add_merged   256 bits : 112.59 cyc
barith_add_merged   512 bits : 207.50 cyc
barith_add_merged  1024 bits : 326.11 cyc
barith_add_merged  2048 bits : 425.61 cyc
barith_add_merged  4096 bits : 1151.22 cyc
barith_add_merged  8192 bits : 1579.83 cyc
barith_add_merged 16384 bits : 2938.46 cyc
barith_add_merged 32768 bits : 5164.44 cyc
barith_add_merged 65536 bits : 17251.72 cyc
barith_add_merged 131072 bits : 25742.47 cyc
barith_add_merged 262144 bits : 69429.16 cyc
barith_add_merged 524288 bits : 110356.86 cyc
barith_add_midptrep   256 bits : 157.56 cyc
barith_add_midptrep   512 bits : 200.70 cyc
barith_add_midptrep  1024 bits : 229.51 cyc
barith_add_midptrep  2048 bits : 509.32 cyc
barith_add_midptrep  4096 bits : 753.74 cyc
barith_add_midptrep  8192 bits : 1971.50 cyc
barith_add_midptrep 16384 bits : 2660.81 cyc
barith_add_midptrep 32768 bits : 5087.00 cyc
barith_add_midptrep 65536 bits : 10840.38 cyc
barith_add_midptrep 131072 bits : 21519.49 cyc
barith_add_midptrep 262144 bits : 62600.21 cyc
barith_add_midptrep 524288 bits : 93152.93 cyc
barith_add_nestedbranch   256 bits : 101.14 cyc
barith_add_nestedbranch   512 bits : 116.38 cyc
barith_add_nestedbranch  1024 bits : 175.43 cyc
barith_add_nestedbranch  2048 bits : 265.88 cyc
barith_add_nestedbranch  4096 bits : 489.20 cyc
barith_add_nestedbranch  8192 bits : 779.81 cyc
barith_add_nestedbranch 16384 bits : 1526.53 cyc
barith_add_nestedbranch 32768 bits : 2963.61 cyc
barith_add_nestedbranch 65536 bits : 7832.06 cyc
barith_add_nestedbranch 131072 bits : 11905.94 cyc
barith_add_nestedbranch 262144 bits : 25075.65 cyc
barith_add_nestedbranch 524288 bits : 55782.35 cyc
barith_add_norad_noexp   256 bits : 113.62 cyc
barith_add_norad_noexp   512 bits : 129.28 cyc
barith_add_norad_noexp  1024 bits : 174.97 cyc
barith_add_norad_noexp  2048 bits : 218.89 cyc
barith_add_norad_noexp  4096 bits : 411.60 cyc
barith_add_norad_noexp  8192 bits : 768.79 cyc
barith_add_norad_noexp 16384 bits : 1392.53 cyc
barith_add_norad_noexp 32768 bits : 3718.88 cyc
barith_add_norad_noexp 65536 bits : 7318.25 cyc
barith_add_norad_noexp 131072 bits : 14725.51 cyc
barith_add_norad_noexp 262144 bits : 25093.99 cyc
barith_add_norad_noexp 524288 bits : 59787.15 cyc
barith2_add      256 bits : 29.32 cyc
barith2_add      512 bits : 48.21 cyc
barith2_add     1024 bits : 466.11 cyc
barith2_add     2048 bits : 163.95 cyc
barith2_add     4096 bits : 317.10 cyc
barith2_add     8192 bits : 893.19 cyc
barith2_add    16384 bits : 1701.88 cyc
barith2_add    32768 bits : 2487.41 cyc
barith2_add    65536 bits : 5058.43 cyc
barith2_add    131072 bits : 13153.65 cyc
barith2_add    262144 bits : 26401.05 cyc
barith2_add    524288 bits : 39740.16 cyc
barith2_add_optim1   256 bits : 28.20 cyc
barith2_add_optim1   512 bits : 85.33 cyc
barith2_add_optim1  1024 bits : 74.11 cyc
barith2_add_optim1  2048 bits : 182.51 cyc
barith2_add_optim1  4096 bits : 297.98 cyc
barith2_add_optim1  8192 bits : 478.57 cyc
barith2_add_optim1 16384 bits : 1024.90 cyc
barith2_add_optim1 32768 bits : 1892.97 cyc
barith2_add_optim1 65536 bits : 4013.70 cyc
barith2_add_optim1 131072 bits : 7449.79 cyc
barith2_add_optim1 262144 bits : 14991.74 cyc
barith2_add_optim1 524288 bits : 34387.64 cyc
barith_add_portable   256 bits : 234.79 cyc
barith_add_portable   512 bits : 1704.83 cyc
barith_add_portable  1024 bits : 818.66 cyc
barith_add_portable  2048 bits : 1431.99 cyc
barith_add_portable  4096 bits : 2817.41 cyc
barith_add_portable  8192 bits : 5677.35 cyc
barith_add_portable 16384 bits : 35990.10 cyc
barith_add_portable 32768 bits : 22558.76 cyc
barith_add_portable 65536 bits : 44758.99 cyc
barith_add_portable 131072 bits : 90984.41 cyc
barith_add_portable 262144 bits : 677162.89 cyc
barith_add_portable 524288 bits : 362801.36 cyc
barith_add_intrinsics   256 bits : 152.00 cyc
barith_add_intrinsics   512 bits : 219.97 cyc
barith_add_intrinsics  1024 bits : 406.27 cyc
barith_add_intrinsics  2048 bits : 725.95 cyc
barith_add_intrinsics  4096 bits : 1777.30 cyc
barith_add_intrinsics  8192 bits : 2642.65 cyc
barith_add_intrinsics 16384 bits : 6881.19 cyc
barith_add_intrinsics 32768 bits : 12553.70 cyc
barith_add_intrinsics 65536 bits : 21436.06 cyc
barith_add_intrinsics 131072 bits : 42410.24 cyc
barith_add_intrinsics 262144 bits : 77559.32 cyc
barith_add_intrinsics 524288 bits : 212349.56 cyc
barith_add_shiftr   256 bits : 136.12 cyc
barith_add_shiftr   512 bits : 283.84 cyc
barith_add_shiftr  1024 bits : 335.24 cyc
barith_add_shiftr  2048 bits : 533.64 cyc
barith_add_shiftr  4096 bits : 1552.60 cyc
barith_add_shiftr  8192 bits : 2281.47 cyc
barith_add_shiftr 16384 bits : 4287.68 cyc
barith_add_shiftr 32768 bits : 7623.99 cyc
barith_add_shiftr 65536 bits : 17849.46 cyc
barith_add_shiftr 131072 bits : 48737.07 cyc
barith_add_shiftr 262144 bits : 68805.48 cyc
barith_add_shiftr 524288 bits : 182396.40 cyc
barith_add_shiftl   256 bits : 141.32 cyc
barith_add_shiftl   512 bits : 202.78 cyc
barith_add_shiftl  1024 bits : 345.05 cyc
barith_add_shiftl  2048 bits : 603.20 cyc
barith_add_shiftl  4096 bits : 1319.86 cyc
barith_add_shiftl  8192 bits : 2849.20 cyc
barith_add_shiftl 16384 bits : 4924.34 cyc
barith_add_shiftl 32768 bits : 9991.95 cyc
barith_add_shiftl 65536 bits : 20483.20 cyc
barith_add_shiftl 131072 bits : 36718.25 cyc
barith_add_shiftl 262144 bits : 69234.55 cyc
barith_add_shiftl 524288 bits : 144200.33 cyc
barith_add_detect1   256 bits : 167.89 cyc
barith_add_detect1   512 bits : 181.25 cyc
barith_add_detect1  1024 bits : 272.55 cyc
barith_add_detect1  2048 bits : 513.21 cyc
barith_add_detect1  4096 bits : 876.48 cyc
barith_add_detect1  8192 bits : 1624.81 cyc
barith_add_detect1 16384 bits : 3451.68 cyc
barith_add_detect1 32768 bits : 49751.70 cyc
barith_add_detect1 65536 bits : 14423.33 cyc
barith_add_detect1 131072 bits : 24392.70 cyc
barith_add_detect1 262144 bits : 517123.96 cyc
barith_add_detect1 524288 bits : 114936.68 cyc
barith_add_merged   256 bits : 157.19 cyc
barith_add_merged   512 bits : 171.49 cyc
barith_add_merged  1024 bits : 251.96 cyc
barith_add_merged  2048 bits : 585.88 cyc
barith_add_merged  4096 bits : 866.26 cyc
barith_add_merged  8192 bits : 2210.41 cyc
barith_add_merged 16384 bits : 4151.79 cyc
barith_add_merged 32768 bits : 7945.30 cyc
barith_add_merged 65536 bits : 17486.71 cyc
barith_add_merged 131072 bits : 26306.24 cyc
barith_add_merged 262144 bits : 70322.66 cyc
barith_add_merged 524288 bits : 153777.77 cyc
barith_add_midptrep   256 bits : 110.58 cyc
barith_add_midptrep   512 bits : 215.32 cyc
barith_add_midptrep  1024 bits : 330.43 cyc
barith_add_midptrep  2048 bits : 525.16 cyc
barith_add_midptrep  4096 bits : 757.30 cyc
barith_add_midptrep  8192 bits : 1463.85 cyc
barith_add_midptrep 16384 bits : 2699.65 cyc
barith_add_midptrep 32768 bits : 7711.35 cyc
barith_add_midptrep 65536 bits : 15515.01 cyc
barith_add_midptrep 131072 bits : 21788.76 cyc
barith_add_midptrep 262144 bits : 63017.59 cyc
barith_add_midptrep 524288 bits : 130513.76 cyc
barith_add_nestedbranch   256 bits : 111.25 cyc
barith_add_nestedbranch   512 bits : 120.25 cyc
barith_add_nestedbranch  1024 bits : 199.36 cyc
barith_add_nestedbranch  2048 bits : 285.44 cyc
barith_add_nestedbranch  4096 bits : 399.49 cyc
barith_add_nestedbranch  8192 bits : 1013.91 cyc
barith_add_nestedbranch 16384 bits : 1719.11 cyc
barith_add_nestedbranch 32768 bits : 3040.79 cyc
barith_add_nestedbranch 65536 bits : 7600.49 cyc
barith_add_nestedbranch 131072 bits : 14994.65 cyc
barith_add_nestedbranch 262144 bits : 25223.15 cyc
barith_add_nestedbranch 524288 bits : 67702.65 cyc
barith_add_norad_noexp   256 bits : 101.85 cyc
barith_add_norad_noexp   512 bits : 122.44 cyc
barith_add_norad_noexp  1024 bits : 165.24 cyc
barith_add_norad_noexp  2048 bits : 294.36 cyc
barith_add_norad_noexp  4096 bits : 509.45 cyc
barith_add_norad_noexp  8192 bits : 829.01 cyc
barith_add_norad_noexp 16384 bits : 1820.01 cyc
barith_add_norad_noexp 32768 bits : 3803.86 cyc
barith_add_norad_noexp 65536 bits : 7081.48 cyc
barith_add_norad_noexp 131072 bits : 15419.90 cyc
barith_add_norad_noexp 262144 bits : 25346.51 cyc
barith_add_norad_noexp 524288 bits : 49756.80 cyc
barith2_add      256 bits : 67.99 cyc
barith2_add      512 bits : 95.41 cyc
barith2_add     1024 bits : 463.49 cyc
barith2_add     2048 bits : 251.53 cyc
barith2_add     4096 bits : 316.96 cyc
barith2_add     8192 bits : 893.39 cyc
barith2_add    16384 bits : 1265.19 cyc
barith2_add    32768 bits : 2487.86 cyc
barith2_add    65536 bits : 6611.69 cyc
barith2_add    131072 bits : 13133.30 cyc
barith2_add    262144 bits : 26378.41 cyc
barith2_add    524288 bits : 52430.11 cyc
barith2_add_optim1   256 bits : 64.81 cyc
barith2_add_optim1   512 bits : 42.66 cyc
barith2_add_optim1  1024 bits : 435.06 cyc
barith2_add_optim1  2048 bits : 181.99 cyc
barith2_add_optim1  4096 bits : 300.74 cyc
barith2_add_optim1  8192 bits : 477.94 cyc
barith2_add_optim1 16384 bits : 943.10 cyc
barith2_add_optim1 32768 bits : 2117.45 cyc
barith2_add_optim1 65536 bits : 3747.06 cyc
barith2_add_optim1 131072 bits : 7450.70 cyc
barith2_add_optim1 262144 bits : 17072.47 cyc
barith2_add_optim1 524288 bits : 34343.12 cyc
barith_add_portable   256 bits : 1181.24 cyc
barith_add_portable   512 bits : 412.20 cyc
barith_add_portable  1024 bits : 2651.34 cyc
barith_add_portable  2048 bits : 1426.50 cyc
barith_add_portable  4096 bits : 2902.10 cyc
barith_add_portable  8192 bits : 5668.85 cyc
barith_add_portable 16384 bits : 11123.73 cyc
barith_add_portable 32768 bits : 22185.78 cyc
barith_add_portable 65536 bits : 44518.89 cyc
barith_add_portable 131072 bits : 285657.90 cyc
barith_add_portable 262144 bits : 674677.62 cyc
barith_add_portable 524288 bits : 360245.95 cyc
barith_add_intrinsics   256 bits : 212.78 cyc
barith_add_intrinsics   512 bits : 299.20 cyc
barith_add_intrinsics  1024 bits : 527.02 cyc
barith_add_intrinsics  2048 bits : 940.06 cyc
barith_add_intrinsics  4096 bits : 1365.50 cyc
barith_add_intrinsics  8192 bits : 2641.38 cyc
barith_add_intrinsics 16384 bits : 7059.66 cyc
barith_add_intrinsics 32768 bits : 10480.30 cyc
barith_add_intrinsics 65536 bits : 27783.19 cyc
barith_add_intrinsics 131072 bits : 42503.50 cyc
barith_add_intrinsics 262144 bits : 102535.62 cyc
barith_add_intrinsics 524288 bits : 210754.33 cyc
barith_add_shiftr   256 bits : 192.62 cyc
barith_add_shiftr   512 bits : 201.47 cyc
barith_add_shiftr  1024 bits : 331.69 cyc
barith_add_shiftr  2048 bits : 742.24 cyc
barith_add_shiftr  4096 bits : 1145.39 cyc
barith_add_shiftr  8192 bits : 1977.47 cyc
barith_add_shiftr 16384 bits : 5807.16 cyc
barith_add_shiftr 32768 bits : 8337.00 cyc
barith_add_shiftr 65536 bits : 17504.99 cyc
barith_add_shiftr 131072 bits : 35736.55 cyc
barith_add_shiftr 262144 bits : 98691.85 cyc
barith_add_shiftr 524288 bits : 132919.46 cyc
barith_add_shiftl   256 bits : 191.56 cyc
barith_add_shiftl   512 bits : 247.71 cyc
barith_add_shiftl  1024 bits : 426.51 cyc
barith_add_shiftl  2048 bits : 749.49 cyc
barith_add_shiftl  4096 bits : 1152.30 cyc
barith_add_shiftl  8192 bits : 2187.25 cyc
barith_add_shiftl 16384 bits : 5209.14 cyc
barith_add_shiftl 32768 bits : 8358.51 cyc
barith_add_shiftl 65536 bits : 17518.61 cyc
barith_add_shiftl 131072 bits : 36217.50 cyc
barith_add_shiftl 262144 bits : 81589.07 cyc
barith_add_shiftl 524288 bits : 126020.77 cyc
barith_add_detect1   256 bits : 164.61 cyc
barith_add_detect1   512 bits : 206.64 cyc
barith_add_detect1  1024 bits : 291.09 cyc
barith_add_detect1  2048 bits : 507.01 cyc
barith_add_detect1  4096 bits : 799.08 cyc
barith_add_detect1  8192 bits : 11739.26 cyc
barith_add_detect1 16384 bits : 2988.79 cyc
barith_add_detect1 32768 bits : 5447.29 cyc
barith_add_detect1 65536 bits : 13107.94 cyc
barith_add_detect1 131072 bits : 209944.58 cyc
barith_add_detect1 262144 bits : 48352.03 cyc
barith_add_detect1 524288 bits : 105357.61 cyc
barith_add_merged   256 bits : 112.17 cyc
barith_add_merged   512 bits : 155.44 cyc
barith_add_merged  1024 bits : 330.85 cyc
barith_add_merged  2048 bits : 430.12 cyc
barith_add_merged  4096 bits : 867.66 cyc
barith_add_merged  8192 bits : 2154.24 cyc
barith_add_merged 16384 bits : 4049.59 cyc
barith_add_merged 32768 bits : 7578.15 cyc
barith_add_merged 65536 bits : 12842.77 cyc
barith_add_merged 131072 bits : 25839.70 cyc
barith_add_merged 262144 bits : 52285.97 cyc
barith_add_merged 524288 bits : 154872.09 cyc
barith_add_midptrep   256 bits : 158.66 cyc
barith_add_midptrep   512 bits : 143.88 cyc
barith_add_midptrep  1024 bits : 229.41 cyc
barith_add_midptrep  2048 bits : 374.20 cyc
barith_add_midptrep  4096 bits : 753.54 cyc
barith_add_midptrep  8192 bits : 1450.67 cyc
barith_add_midptrep 16384 bits : 2662.44 cyc
barith_add_midptrep 32768 bits : 7353.57 cyc
barith_add_midptrep 65536 bits : 10962.90 cyc
barith_add_midptrep 131072 bits : 21494.76 cyc
barith_add_midptrep 262144 bits : 66960.46 cyc
barith_add_midptrep 524288 bits : 93541.18 cyc
barith_add_nestedbranch   256 bits : 112.65 cyc
barith_add_nestedbranch   512 bits : 115.71 cyc
barith_add_nestedbranch  1024 bits : 147.96 cyc
barith_add_nestedbranch  2048 bits : 317.96 cyc
barith_add_nestedbranch  4096 bits : 393.16 cyc
barith_add_nestedbranch  8192 bits : 808.14 cyc
barith_add_nestedbranch 16384 bits : 1887.79 cyc
barith_add_nestedbranch 32768 bits : 3639.90 cyc
barith_add_nestedbranch 65536 bits : 6241.90 cyc
barith_add_nestedbranch 131072 bits : 12433.11 cyc
barith_add_nestedbranch 262144 bits : 25817.79 cyc
barith_add_nestedbranch 524288 bits : 61158.45 cyc
barith_add_norad_noexp   256 bits : 113.58 cyc
barith_add_norad_noexp   512 bits : 114.28 cyc
barith_add_norad_noexp  1024 bits : 146.80 cyc
barith_add_norad_noexp  2048 bits : 229.51 cyc
barith_add_norad_noexp  4096 bits : 506.20 cyc
barith_add_norad_noexp  8192 bits : 978.04 cyc
barith_add_norad_noexp 16384 bits : 1400.31 cyc
barith_add_norad_noexp 32768 bits : 3014.84 cyc
barith_add_norad_noexp 65536 bits : 5792.30 cyc
barith_add_norad_noexp 131072 bits : 12669.71 cyc
barith_add_norad_noexp 262144 bits : 25987.96 cyc
barith_add_norad_noexp 524288 bits : 62202.16 cyc
barith2_add      256 bits : 68.14 cyc
barith2_add      512 bits : 96.22 cyc
barith2_add     1024 bits : 462.20 cyc
barith2_add     2048 bits : 163.88 cyc
barith2_add     4096 bits : 316.20 cyc
barith2_add     8192 bits : 653.02 cyc
barith2_add    16384 bits : 1266.03 cyc
barith2_add    32768 bits : 2487.96 cyc
barith2_add    65536 bits : 4946.91 cyc
barith2_add    131072 bits : 9838.31 cyc
barith2_add    262144 bits : 19638.35 cyc
barith2_add    524288 bits : 52492.12 cyc
barith2_add_optim1   256 bits : 63.61 cyc
barith2_add_optim1   512 bits : 87.26 cyc
barith2_add_optim1  1024 bits : 434.29 cyc
barith2_add_optim1  2048 bits : 178.68 cyc
barith2_add_optim1  4096 bits : 298.25 cyc
barith2_add_optim1  8192 bits : 481.49 cyc
barith2_add_optim1 16384 bits : 942.74 cyc
barith2_add_optim1 32768 bits : 2031.91 cyc
barith2_add_optim1 65536 bits : 4193.29 cyc
barith2_add_optim1 131072 bits : 7454.77 cyc
barith2_add_optim1 262144 bits : 17815.72 cyc
barith2_add_optim1 524288 bits : 35839.26 cyc
