barith_add       256 bits : 214.81 cyc
barith_add       512 bits : 208.54 cyc
barith_add      1024 bits : 514.95 cyc
barith_add      2048 bits : 916.76 cyc
barith_add      4096 bits : 1849.79 cyc
barith_add      8192 bits : 3479.87 cyc
barith_add     16384 bits : 6842.66 cyc
barith_add     32768 bits : 8263.41 cyc
barith_add     65536 bits : 17173.35 cyc
barith_add_merged   256 bits : 180.37 cyc
barith_add_merged   512 bits : 239.63 cyc
barith_add_merged  1024 bits : 348.02 cyc
barith_add_merged  2048 bits : 562.61 cyc
barith_add_merged  4096 bits : 1000.06 cyc
barith_add_merged  8192 bits : 1998.64 cyc
barith_add_merged 16384 bits : 2675.45 cyc
barith_add_merged 32768 bits : 7299.94 cyc
barith_add_merged 65536 bits : 10324.62 cyc
barith_add_scalar   256 bits : 166.72 cyc
barith_add_scalar   512 bits : 212.11 cyc
barith_add_scalar  1024 bits : 294.65 cyc
barith_add_scalar  2048 bits : 582.20 cyc
barith_add_scalar  4096 bits : 1132.08 cyc
barith_add_scalar  8192 bits : 1984.83 cyc
barith_add_scalar 16384 bits : 4318.98 cyc
barith_add_scalar 32768 bits : 8519.15 cyc
barith_add_scalar 65536 bits : 16903.69 cyc
barith_add_unroll   256 bits : 120.75 cyc
barith_add_unroll   512 bits : 155.94 cyc
barith_add_unroll  1024 bits : 203.81 cyc
barith_add_unroll  2048 bits : 324.56 cyc
barith_add_unroll  4096 bits : 517.35 cyc
barith_add_unroll  8192 bits : 1126.68 cyc
barith_add_unroll 16384 bits : 2154.80 cyc
barith_add_unroll 32768 bits : 3761.30 cyc
barith_add_unroll 65536 bits : 8757.75 cyc
barith_add       256 bits : 201.85 cyc
barith_add       512 bits : 216.03 cyc
barith_add      1024 bits : 508.88 cyc
barith_add      2048 bits : 917.38 cyc
barith_add      4096 bits : 1850.01 cyc
barith_add      8192 bits : 3481.80 cyc
barith_add     16384 bits : 6859.41 cyc
barith_add     32768 bits : 8235.18 cyc
barith_add     65536 bits : 16504.76 cyc
barith_add_merged   256 bits : 180.47 cyc
barith_add_merged   512 bits : 233.16 cyc
barith_add_merged  1024 bits : 363.55 cyc
barith_add_merged  2048 bits : 562.68 cyc
barith_add_merged  4096 bits : 1000.72 cyc
barith_add_merged  8192 bits : 1997.35 cyc
barith_add_merged 16384 bits : 2674.95 cyc
barith_add_merged 32768 bits : 7286.36 cyc
barith_add_merged 65536 bits : 10356.55 cyc
barith_add_scalar   256 bits : 166.84 cyc
barith_add_scalar   512 bits : 211.35 cyc
barith_add_scalar  1024 bits : 294.50 cyc
barith_add_scalar  2048 bits : 579.45 cyc
barith_add_scalar  4096 bits : 998.06 cyc
barith_add_scalar  8192 bits : 1988.12 cyc
barith_add_scalar 16384 bits : 4344.79 cyc
barith_add_scalar 32768 bits : 8479.69 cyc
barith_add_scalar 65536 bits : 16913.21 cyc
barith_add_unroll   256 bits : 120.52 cyc
barith_add_unroll   512 bits : 146.71 cyc
barith_add_unroll  1024 bits : 205.29 cyc
barith_add_unroll  2048 bits : 324.66 cyc
barith_add_unroll  4096 bits : 518.25 cyc
barith_add_unroll  8192 bits : 1127.11 cyc
barith_add_unroll 16384 bits : 2178.22 cyc
barith_add_unroll 32768 bits : 3762.86 cyc
barith_add_unroll 65536 bits : 8548.58 cyc
barith_add       256 bits : 205.79 cyc
barith_add       512 bits : 208.62 cyc
barith_add      1024 bits : 525.79 cyc
barith_add      2048 bits : 916.97 cyc
barith_add      4096 bits : 1831.76 cyc
barith_add      8192 bits : 3482.36 cyc
barith_add     16384 bits : 6845.10 cyc
barith_add     32768 bits : 8234.38 cyc
barith_add     65536 bits : 16772.92 cyc
barith_add_merged   256 bits : 180.46 cyc
barith_add_merged   512 bits : 233.34 cyc
barith_add_merged  1024 bits : 347.98 cyc
barith_add_merged  2048 bits : 563.11 cyc
barith_add_merged  4096 bits : 1003.07 cyc
barith_add_merged  8192 bits : 1983.14 cyc
barith_add_merged 16384 bits : 2675.18 cyc
barith_add_merged 32768 bits : 7302.73 cyc
barith_add_merged 65536 bits : 10411.93 cyc
barith_add_scalar   256 bits : 166.54 cyc
barith_add_scalar   512 bits : 210.81 cyc
barith_add_scalar  1024 bits : 294.50 cyc
barith_add_scalar  2048 bits : 592.35 cyc
barith_add_scalar  4096 bits : 993.43 cyc
barith_add_scalar  8192 bits : 1979.39 cyc
barith_add_scalar 16384 bits : 4379.35 cyc
barith_add_scalar 32768 bits : 8523.09 cyc
barith_add_scalar 65536 bits : 16906.94 cyc
barith_add_unroll   256 bits : 122.66 cyc
barith_add_unroll   512 bits : 146.37 cyc
barith_add_unroll  1024 bits : 205.08 cyc
barith_add_unroll  2048 bits : 324.00 cyc
barith_add_unroll  4096 bits : 517.94 cyc
barith_add_unroll  8192 bits : 1128.94 cyc
barith_add_unroll 16384 bits : 2182.85 cyc
barith_add_unroll 32768 bits : 3765.76 cyc
barith_add_unroll 65536 bits : 8579.85 cyc
barith_add       256 bits : 214.80 cyc
barith_add       512 bits : 210.29 cyc
barith_add      1024 bits : 522.66 cyc
barith_add      2048 bits : 917.01 cyc
barith_add      4096 bits : 1810.86 cyc
barith_add      8192 bits : 3488.18 cyc
barith_add     16384 bits : 6840.23 cyc
barith_add     32768 bits : 8250.61 cyc
barith_add     65536 bits : 16484.62 cyc
barith_add_merged   256 bits : 180.48 cyc
barith_add_merged   512 bits : 238.51 cyc
barith_add_merged  1024 bits : 363.01 cyc
barith_add_merged  2048 bits : 562.30 cyc
barith_add_merged  4096 bits : 999.39 cyc
barith_add_merged  8192 bits : 2000.42 cyc
barith_add_merged 16384 bits : 2674.26 cyc
barith_add_merged 32768 bits : 7313.59 cyc
barith_add_merged 65536 bits : 10262.92 cyc
barith_add_scalar   256 bits : 166.63 cyc
barith_add_scalar   512 bits : 210.88 cyc
barith_add_scalar  1024 bits : 294.19 cyc
barith_add_scalar  2048 bits : 579.72 cyc
barith_add_scalar  4096 bits : 1024.62 cyc
barith_add_scalar  8192 bits : 1985.86 cyc
barith_add_scalar 16384 bits : 4336.57 cyc
barith_add_scalar 32768 bits : 8533.31 cyc
barith_add_scalar 65536 bits : 16915.54 cyc
barith_add_unroll   256 bits : 121.05 cyc
barith_add_unroll   512 bits : 146.22 cyc
barith_add_unroll  1024 bits : 205.56 cyc
barith_add_unroll  2048 bits : 324.45 cyc
barith_add_unroll  4096 bits : 517.82 cyc
barith_add_unroll  8192 bits : 1126.65 cyc
barith_add_unroll 16384 bits : 2170.64 cyc
barith_add_unroll 32768 bits : 3757.39 cyc
barith_add_unroll 65536 bits : 8528.03 cyc
barith_add       256 bits : 212.82 cyc
barith_add       512 bits : 211.91 cyc
barith_add      1024 bits : 523.55 cyc
barith_add      2048 bits : 920.15 cyc
barith_add      4096 bits : 1851.06 cyc
barith_add      8192 bits : 3488.32 cyc
barith_add     16384 bits : 6935.20 cyc
barith_add     32768 bits : 8232.94 cyc
barith_add     65536 bits : 16494.79 cyc
barith_add_merged   256 bits : 180.53 cyc
barith_add_merged   512 bits : 232.84 cyc
barith_add_merged  1024 bits : 363.29 cyc
barith_add_merged  2048 bits : 561.22 cyc
barith_add_merged  4096 bits : 1000.67 cyc
barith_add_merged  8192 bits : 2040.89 cyc
barith_add_merged 16384 bits : 2683.41 cyc
barith_add_merged 32768 bits : 7358.71 cyc
barith_add_merged 65536 bits : 10379.80 cyc
barith_add_scalar   256 bits : 166.74 cyc
barith_add_scalar   512 bits : 211.29 cyc
barith_add_scalar  1024 bits : 295.16 cyc
barith_add_scalar  2048 bits : 580.10 cyc
barith_add_scalar  4096 bits : 1025.10 cyc
barith_add_scalar  8192 bits : 1974.92 cyc
barith_add_scalar 16384 bits : 4332.63 cyc
barith_add_scalar 32768 bits : 8491.58 cyc
barith_add_scalar 65536 bits : 16831.38 cyc
barith_add_unroll   256 bits : 120.61 cyc
barith_add_unroll   512 bits : 146.67 cyc
barith_add_unroll  1024 bits : 205.75 cyc
barith_add_unroll  2048 bits : 324.06 cyc
barith_add_unroll  4096 bits : 516.10 cyc
barith_add_unroll  8192 bits : 1123.32 cyc
barith_add_unroll 16384 bits : 2157.55 cyc
barith_add_unroll 32768 bits : 3781.39 cyc
barith_add_unroll 65536 bits : 8541.85 cyc
barith_add       256 bits : 213.81 cyc
barith_add       512 bits : 208.87 cyc
barith_add      1024 bits : 511.39 cyc
barith_add      2048 bits : 916.46 cyc
barith_add      4096 bits : 1811.12 cyc
barith_add      8192 bits : 3483.20 cyc
barith_add     16384 bits : 6842.77 cyc
barith_add     32768 bits : 8233.39 cyc
barith_add     65536 bits : 16594.94 cyc
barith_add_merged   256 bits : 200.25 cyc
barith_add_merged   512 bits : 233.47 cyc
barith_add_merged  1024 bits : 348.38 cyc
barith_add_merged  2048 bits : 562.59 cyc
barith_add_merged  4096 bits : 1000.86 cyc
barith_add_merged  8192 bits : 1982.05 cyc
barith_add_merged 16384 bits : 2675.32 cyc
barith_add_merged 32768 bits : 7294.12 cyc
barith_add_merged 65536 bits : 10339.97 cyc
barith_add_scalar   256 bits : 166.56 cyc
barith_add_scalar   512 bits : 211.41 cyc
barith_add_scalar  1024 bits : 294.87 cyc
barith_add_scalar  2048 bits : 581.25 cyc
barith_add_scalar  4096 bits : 1026.53 cyc
barith_add_scalar  8192 bits : 2129.80 cyc
barith_add_scalar 16384 bits : 4511.29 cyc
barith_add_scalar 32768 bits : 8618.77 cyc
barith_add_scalar 65536 bits : 17114.90 cyc
barith_add_unroll   256 bits : 120.93 cyc
barith_add_unroll   512 bits : 146.41 cyc
barith_add_unroll  1024 bits : 204.31 cyc
barith_add_unroll  2048 bits : 324.04 cyc
barith_add_unroll  4096 bits : 518.23 cyc
barith_add_unroll  8192 bits : 1229.97 cyc
barith_add_unroll 16384 bits : 2272.49 cyc
barith_add_unroll 32768 bits : 3895.86 cyc
barith_add_unroll 65536 bits : 8712.33 cyc
barith_add       256 bits : 215.78 cyc
barith_add       512 bits : 219.13 cyc
barith_add      1024 bits : 508.37 cyc
barith_add      2048 bits : 917.00 cyc
barith_add      4096 bits : 1854.07 cyc
barith_add      8192 bits : 3478.64 cyc
barith_add     16384 bits : 6863.15 cyc
barith_add     32768 bits : 8235.67 cyc
barith_add     65536 bits : 16502.76 cyc
barith_add_merged   256 bits : 180.50 cyc
barith_add_merged   512 bits : 233.03 cyc
barith_add_merged  1024 bits : 348.58 cyc
barith_add_merged  2048 bits : 567.12 cyc
barith_add_merged  4096 bits : 1000.60 cyc
barith_add_merged  8192 bits : 1977.82 cyc
barith_add_merged 16384 bits : 2692.55 cyc
barith_add_merged 32768 bits : 7356.72 cyc
barith_add_merged 65536 bits : 10299.89 cyc
barith_add_scalar   256 bits : 166.94 cyc
barith_add_scalar   512 bits : 211.13 cyc
barith_add_scalar  1024 bits : 295.64 cyc
barith_add_scalar  2048 bits : 925.15 cyc
barith_add_scalar  4096 bits : 1025.82 cyc
barith_add_scalar  8192 bits : 1984.76 cyc
barith_add_scalar 16384 bits : 4319.22 cyc
barith_add_scalar 32768 bits : 8533.12 cyc
barith_add_scalar 65536 bits : 16955.49 cyc
barith_add_unroll   256 bits : 120.73 cyc
barith_add_unroll   512 bits : 145.93 cyc
barith_add_unroll  1024 bits : 205.78 cyc
barith_add_unroll  2048 bits : 324.05 cyc
barith_add_unroll  4096 bits : 518.03 cyc
barith_add_unroll  8192 bits : 1133.37 cyc
barith_add_unroll 16384 bits : 2185.71 cyc
barith_add_unroll 32768 bits : 3762.24 cyc
barith_add_unroll 65536 bits : 8536.53 cyc
barith_add       256 bits : 215.78 cyc
barith_add       512 bits : 208.88 cyc
barith_add      1024 bits : 509.18 cyc
barith_add      2048 bits : 919.12 cyc
barith_add      4096 bits : 1841.68 cyc
barith_add      8192 bits : 3530.92 cyc
barith_add     16384 bits : 7008.43 cyc
barith_add     32768 bits : 8405.00 cyc
barith_add     65536 bits : 16689.83 cyc
barith_add_merged   256 bits : 180.65 cyc
barith_add_merged   512 bits : 232.67 cyc
barith_add_merged  1024 bits : 363.29 cyc
barith_add_merged  2048 bits : 562.65 cyc
barith_add_merged  4096 bits : 1000.62 cyc
barith_add_merged  8192 bits : 2002.12 cyc
barith_add_merged 16384 bits : 2685.66 cyc
barith_add_merged 32768 bits : 7330.47 cyc
barith_add_merged 65536 bits : 10406.21 cyc
barith_add_scalar   256 bits : 166.82 cyc
barith_add_scalar   512 bits : 210.41 cyc
barith_add_scalar  1024 bits : 301.19 cyc
barith_add_scalar  2048 bits : 579.96 cyc
barith_add_scalar  4096 bits : 1000.13 cyc
barith_add_scalar  8192 bits : 2119.30 cyc
barith_add_scalar 16384 bits : 4496.19 cyc
barith_add_scalar 32768 bits : 8640.74 cyc
barith_add_scalar 65536 bits : 17040.99 cyc
barith_add_unroll   256 bits : 121.09 cyc
barith_add_unroll   512 bits : 148.79 cyc
barith_add_unroll  1024 bits : 205.19 cyc
barith_add_unroll  2048 bits : 324.34 cyc
barith_add_unroll  4096 bits : 518.17 cyc
barith_add_unroll  8192 bits : 1246.28 cyc
barith_add_unroll 16384 bits : 2239.60 cyc
barith_add_unroll 32768 bits : 3911.32 cyc
barith_add_unroll 65536 bits : 8762.88 cyc
barith_add       256 bits : 219.56 cyc
barith_add       512 bits : 219.01 cyc
barith_add      1024 bits : 519.90 cyc
barith_add      2048 bits : 917.72 cyc
barith_add      4096 bits : 1855.29 cyc
barith_add      8192 bits : 3628.89 cyc
barith_add     16384 bits : 6854.42 cyc
barith_add     32768 bits : 8397.67 cyc
barith_add     65536 bits : 16597.49 cyc
barith_add_merged   256 bits : 180.41 cyc
barith_add_merged   512 bits : 232.75 cyc
barith_add_merged  1024 bits : 362.88 cyc
barith_add_merged  2048 bits : 562.50 cyc
barith_add_merged  4096 bits : 999.81 cyc
barith_add_merged  8192 bits : 2086.90 cyc
barith_add_merged 16384 bits : 2805.41 cyc
barith_add_merged 32768 bits : 7408.41 cyc
barith_add_merged 65536 bits : 10397.20 cyc
barith_add_scalar   256 bits : 166.49 cyc
barith_add_scalar   512 bits : 210.89 cyc
barith_add_scalar  1024 bits : 295.12 cyc
barith_add_scalar  2048 bits : 582.75 cyc
barith_add_scalar  4096 bits : 1003.55 cyc
barith_add_scalar  8192 bits : 2068.60 cyc
barith_add_scalar 16384 bits : 4341.52 cyc
barith_add_scalar 32768 bits : 8480.36 cyc
barith_add_scalar 65536 bits : 16896.81 cyc
barith_add_unroll   256 bits : 121.25 cyc
barith_add_unroll   512 bits : 146.59 cyc
barith_add_unroll  1024 bits : 204.28 cyc
barith_add_unroll  2048 bits : 404.75 cyc
barith_add_unroll  4096 bits : 517.88 cyc
barith_add_unroll  8192 bits : 1126.86 cyc
barith_add_unroll 16384 bits : 2182.64 cyc
barith_add_unroll 32768 bits : 3859.88 cyc
barith_add_unroll 65536 bits : 8555.19 cyc
barith_add       256 bits : 214.81 cyc
barith_add       512 bits : 214.79 cyc
barith_add      1024 bits : 525.49 cyc
barith_add      2048 bits : 917.24 cyc
barith_add      4096 bits : 1848.33 cyc
barith_add      8192 bits : 3484.36 cyc
barith_add     16384 bits : 6839.59 cyc
barith_add     32768 bits : 8251.18 cyc
barith_add     65536 bits : 16550.51 cyc
barith_add_merged   256 bits : 180.34 cyc
barith_add_merged   512 bits : 232.62 cyc
barith_add_merged  1024 bits : 347.89 cyc
barith_add_merged  2048 bits : 562.40 cyc
barith_add_merged  4096 bits : 1000.08 cyc
barith_add_merged  8192 bits : 1999.62 cyc
barith_add_merged 16384 bits : 2675.22 cyc
barith_add_merged 32768 bits : 7305.16 cyc
barith_add_merged 65536 bits : 10308.86 cyc
barith_add_scalar   256 bits : 166.63 cyc
barith_add_scalar   512 bits : 211.39 cyc
barith_add_scalar  1024 bits : 302.55 cyc
barith_add_scalar  2048 bits : 580.72 cyc
barith_add_scalar  4096 bits : 1030.36 cyc
barith_add_scalar  8192 bits : 1974.19 cyc
barith_add_scalar 16384 bits : 4334.19 cyc
barith_add_scalar 32768 bits : 8531.02 cyc
barith_add_scalar 65536 bits : 16900.08 cyc
barith_add_unroll   256 bits : 121.78 cyc
barith_add_unroll   512 bits : 147.21 cyc
barith_add_unroll  1024 bits : 205.63 cyc
barith_add_unroll  2048 bits : 324.29 cyc
barith_add_unroll  4096 bits : 517.85 cyc
barith_add_unroll  8192 bits : 1128.60 cyc
barith_add_unroll 16384 bits : 2174.84 cyc
barith_add_unroll 32768 bits : 3762.65 cyc
barith_add_unroll 65536 bits : 8561.08 cyc
