barith_mul_portable   256 bits : 4269.80 cyc
barith_mul_portable   512 bits : 9982.36 cyc
barith_mul_portable  1024 bits : 30157.38 cyc
barith_mul_portable  2048 bits : 107685.01 cyc
barith_mul_portable  4096 bits : 392534.11 cyc
barith_mul_portable  8192 bits : 1500892.43 cyc
barith_mul_portable 16384 bits : 5897863.60 cyc
barith_mul_portable 32768 bits : 23342190.45 cyc
barith_mul_portable 65536 bits : 92848835.92 cyc
barith_mul_portable 131072 bits : 370542048.66 cyc
barith_mul_portable 262144 bits : 1475385106.29 cyc
barith_mul_portable 524288 bits : 5808586398.56 cyc
barith_mul_intrinsic   256 bits : 2930.32 cyc
barith_mul_intrinsic   512 bits : 6151.23 cyc
barith_mul_intrinsic  1024 bits : 16832.11 cyc
barith_mul_intrinsic  2048 bits : 55868.05 cyc
barith_mul_intrinsic  4096 bits : 210248.51 cyc
barith_mul_intrinsic  8192 bits : 809958.50 cyc
barith_mul_intrinsic 16384 bits : 3163550.80 cyc
barith_mul_intrinsic 32768 bits : 12598648.39 cyc
barith_mul_intrinsic 65536 bits : 50021571.73 cyc
barith_mul_intrinsic 131072 bits : 201405404.36 cyc
barith_mul_intrinsic 262144 bits : 799332739.20 cyc
barith_mul_intrinsic 524288 bits : 3201233106.80 cyc
barith_mul_rad_opt   256 bits : 812.60 cyc
barith_mul_rad_opt   512 bits : 1712.31 cyc
barith_mul_rad_opt  1024 bits : 5117.64 cyc
barith_mul_rad_opt  2048 bits : 19542.45 cyc
barith_mul_rad_opt  4096 bits : 68642.96 cyc
barith_mul_rad_opt  8192 bits : 313428.33 cyc
barith_mul_rad_opt 16384 bits : 1065791.25 cyc
barith_mul_rad_opt 32768 bits : 4212108.69 cyc
barith_mul_rad_opt 65536 bits : 16689815.43 cyc
barith_mul_rad_opt 131072 bits : 66544642.17 cyc
barith_mul_rad_opt 262144 bits : 265798630.56 cyc
barith_mul_rad_opt 524288 bits : 1065039305.77 cyc
barith_mul_unroll   256 bits : 876.21 cyc
barith_mul_unroll   512 bits : 1907.22 cyc
barith_mul_unroll  1024 bits : 6169.89 cyc
barith_mul_unroll  2048 bits : 21918.94 cyc
barith_mul_unroll  4096 bits : 79717.31 cyc
barith_mul_unroll  8192 bits : 305113.17 cyc
barith_mul_unroll 16384 bits : 1202017.12 cyc
barith_mul_unroll 32768 bits : 4753477.66 cyc
barith_mul_unroll 65536 bits : 18853458.30 cyc
barith_mul_unroll 131072 bits : 75204877.99 cyc
barith_mul_unroll 262144 bits : 300518499.91 cyc
barith_mul_unroll 524288 bits : 1199783928.54 cyc
barith2_mul      256 bits : 337.29 cyc
barith2_mul      512 bits : 994.64 cyc
barith2_mul     1024 bits : 3644.40 cyc
barith2_mul     2048 bits : 18447.95 cyc
barith2_mul     4096 bits : 103390.74 cyc
barith2_mul     8192 bits : 409936.11 cyc
barith2_mul    16384 bits : 1598548.84 cyc
barith2_mul    32768 bits : 6445571.12 cyc
barith2_mul    65536 bits : 25247319.76 cyc
barith2_mul    131072 bits : 101517438.54 cyc
barith2_mul    262144 bits : 401082037.73 cyc
barith2_mul    524288 bits : 1611828736.12 cyc
barith_mul_portable   256 bits : 4262.46 cyc
barith_mul_portable   512 bits : 9889.61 cyc
barith_mul_portable  1024 bits : 29560.15 cyc
barith_mul_portable  2048 bits : 112588.49 cyc
barith_mul_portable  4096 bits : 392835.35 cyc
barith_mul_portable  8192 bits : 1506693.90 cyc
barith_mul_portable 16384 bits : 5890186.25 cyc
barith_mul_portable 32768 bits : 23315353.70 cyc
barith_mul_portable 65536 bits : 92774655.09 cyc
barith_mul_portable 131072 bits : 370542586.36 cyc
barith_mul_portable 262144 bits : 1475316080.91 cyc
barith_mul_portable 524288 bits : 5805681616.57 cyc
barith_mul_intrinsic   256 bits : 2867.01 cyc
barith_mul_intrinsic   512 bits : 6084.05 cyc
barith_mul_intrinsic  1024 bits : 16926.04 cyc
barith_mul_intrinsic  2048 bits : 56045.20 cyc
barith_mul_intrinsic  4096 bits : 208837.04 cyc
barith_mul_intrinsic  8192 bits : 808907.69 cyc
barith_mul_intrinsic 16384 bits : 3167932.17 cyc
barith_mul_intrinsic 32768 bits : 12560911.93 cyc
barith_mul_intrinsic 65536 bits : 50105514.83 cyc
barith_mul_intrinsic 131072 bits : 199949173.93 cyc
barith_mul_intrinsic 262144 bits : 802269840.51 cyc
barith_mul_intrinsic 524288 bits : 3200189638.81 cyc
barith_mul_rad_opt   256 bits : 808.86 cyc
barith_mul_rad_opt   512 bits : 1710.12 cyc
barith_mul_rad_opt  1024 bits : 5112.77 cyc
barith_mul_rad_opt  2048 bits : 18540.79 cyc
barith_mul_rad_opt  4096 bits : 68397.84 cyc
barith_mul_rad_opt  8192 bits : 273712.92 cyc
barith_mul_rad_opt 16384 bits : 1066373.38 cyc
barith_mul_rad_opt 32768 bits : 4196478.03 cyc
barith_mul_rad_opt 65536 bits : 16688017.15 cyc
barith_mul_rad_opt 131072 bits : 66545947.71 cyc
barith_mul_rad_opt 262144 bits : 266298638.34 cyc
barith_mul_rad_opt 524288 bits : 1066394188.31 cyc
barith_mul_unroll   256 bits : 881.21 cyc
barith_mul_unroll   512 bits : 1907.62 cyc
barith_mul_unroll  1024 bits : 6149.66 cyc
barith_mul_unroll  2048 bits : 21886.74 cyc
barith_mul_unroll  4096 bits : 78887.15 cyc
barith_mul_unroll  8192 bits : 305223.17 cyc
barith_mul_unroll 16384 bits : 1222590.11 cyc
barith_mul_unroll 32768 bits : 4753844.96 cyc
barith_mul_unroll 65536 bits : 18874576.90 cyc
barith_mul_unroll 131072 bits : 75168473.84 cyc
barith_mul_unroll 262144 bits : 300793207.89 cyc
barith_mul_unroll 524288 bits : 1199914545.42 cyc
barith2_mul      256 bits : 353.49 cyc
barith2_mul      512 bits : 1008.42 cyc
barith2_mul     1024 bits : 3802.05 cyc
barith2_mul     2048 bits : 17474.00 cyc
barith2_mul     4096 bits : 97181.31 cyc
barith2_mul     8192 bits : 399270.39 cyc
barith2_mul    16384 bits : 1594223.65 cyc
barith2_mul    32768 bits : 6424062.94 cyc
barith2_mul    65536 bits : 25263267.15 cyc
barith2_mul    131072 bits : 101367762.84 cyc
barith2_mul    262144 bits : 400808136.85 cyc
barith2_mul    524288 bits : 1601811748.71 cyc
barith_mul_portable   256 bits : 4234.01 cyc
barith_mul_portable   512 bits : 9898.55 cyc
barith_mul_portable  1024 bits : 29630.58 cyc
barith_mul_portable  2048 bits : 111543.26 cyc
barith_mul_portable  4096 bits : 391902.09 cyc
barith_mul_portable  8192 bits : 1501755.64 cyc
barith_mul_portable 16384 bits : 5891801.46 cyc
barith_mul_portable 32768 bits : 23339679.04 cyc
barith_mul_portable 65536 bits : 92865219.70 cyc
barith_mul_portable 131072 bits : 370560767.93 cyc
barith_mul_portable 262144 bits : 1477521801.34 cyc
barith_mul_portable 524288 bits : 5807485037.32 cyc
barith_mul_intrinsic   256 bits : 2852.69 cyc
barith_mul_intrinsic   512 bits : 6065.82 cyc
barith_mul_intrinsic  1024 bits : 16695.72 cyc
barith_mul_intrinsic  2048 bits : 55982.76 cyc
barith_mul_intrinsic  4096 bits : 209452.46 cyc
barith_mul_intrinsic  8192 bits : 806676.72 cyc
barith_mul_intrinsic 16384 bits : 3163369.38 cyc
barith_mul_intrinsic 32768 bits : 12594822.71 cyc
barith_mul_intrinsic 65536 bits : 50222133.17 cyc
barith_mul_intrinsic 131072 bits : 200724894.74 cyc
barith_mul_intrinsic 262144 bits : 801182508.70 cyc
barith_mul_intrinsic 524288 bits : 3199872094.89 cyc
barith_mul_rad_opt   256 bits : 762.92 cyc
barith_mul_rad_opt   512 bits : 1729.34 cyc
barith_mul_rad_opt  1024 bits : 5141.65 cyc
barith_mul_rad_opt  2048 bits : 18457.15 cyc
barith_mul_rad_opt  4096 bits : 68538.32 cyc
barith_mul_rad_opt  8192 bits : 273960.65 cyc
barith_mul_rad_opt 16384 bits : 1065318.79 cyc
barith_mul_rad_opt 32768 bits : 4195404.69 cyc
barith_mul_rad_opt 65536 bits : 16686901.85 cyc
barith_mul_rad_opt 131072 bits : 67284933.75 cyc
barith_mul_rad_opt 262144 bits : 267132524.80 cyc
barith_mul_rad_opt 524288 bits : 1065321803.86 cyc
barith_mul_unroll   256 bits : 876.19 cyc
barith_mul_unroll   512 bits : 1907.24 cyc
barith_mul_unroll  1024 bits : 6177.93 cyc
barith_mul_unroll  2048 bits : 22018.62 cyc
barith_mul_unroll  4096 bits : 79627.45 cyc
barith_mul_unroll  8192 bits : 307484.25 cyc
barith_mul_unroll 16384 bits : 1212115.44 cyc
barith_mul_unroll 32768 bits : 4843517.84 cyc
barith_mul_unroll 65536 bits : 19012373.71 cyc
barith_mul_unroll 131072 bits : 75643133.17 cyc
barith_mul_unroll 262144 bits : 303514104.29 cyc
barith_mul_unroll 524288 bits : 1208442998.36 cyc
barith2_mul      256 bits : 370.06 cyc
barith2_mul      512 bits : 932.73 cyc
barith2_mul     1024 bits : 3645.76 cyc
barith2_mul     2048 bits : 19188.91 cyc
barith2_mul     4096 bits : 99486.04 cyc
barith2_mul     8192 bits : 406190.21 cyc
barith2_mul    16384 bits : 1617545.48 cyc
barith2_mul    32768 bits : 6330239.24 cyc
barith2_mul    65536 bits : 25354648.02 cyc
barith2_mul    131072 bits : 100652111.36 cyc
barith2_mul    262144 bits : 400841465.50 cyc
barith2_mul    524288 bits : 1604955788.51 cyc
barith_mul_portable   256 bits : 4177.62 cyc
barith_mul_portable   512 bits : 9882.44 cyc
barith_mul_portable  1024 bits : 29727.45 cyc
barith_mul_portable  2048 bits : 107992.41 cyc
barith_mul_portable  4096 bits : 391957.16 cyc
barith_mul_portable  8192 bits : 1503224.85 cyc
barith_mul_portable 16384 bits : 5888793.55 cyc
barith_mul_portable 32768 bits : 23325220.84 cyc
barith_mul_portable 65536 bits : 92888090.78 cyc
barith_mul_portable 131072 bits : 370575040.39 cyc
barith_mul_portable 262144 bits : 1477731168.05 cyc
barith_mul_portable 524288 bits : 5821547494.54 cyc
barith_mul_intrinsic   256 bits : 2867.41 cyc
barith_mul_intrinsic   512 bits : 6111.86 cyc
barith_mul_intrinsic  1024 bits : 16879.62 cyc
barith_mul_intrinsic  2048 bits : 56036.70 cyc
barith_mul_intrinsic  4096 bits : 210466.96 cyc
barith_mul_intrinsic  8192 bits : 808937.59 cyc
barith_mul_intrinsic 16384 bits : 3172044.26 cyc
barith_mul_intrinsic 32768 bits : 12572172.41 cyc
barith_mul_intrinsic 65536 bits : 50210159.34 cyc
barith_mul_intrinsic 131072 bits : 200444378.54 cyc
barith_mul_intrinsic 262144 bits : 801408522.49 cyc
barith_mul_intrinsic 524288 bits : 3200003194.71 cyc
barith_mul_rad_opt   256 bits : 811.12 cyc
barith_mul_rad_opt   512 bits : 1694.22 cyc
barith_mul_rad_opt  1024 bits : 5093.46 cyc
barith_mul_rad_opt  2048 bits : 18562.00 cyc
barith_mul_rad_opt  4096 bits : 68385.21 cyc
barith_mul_rad_opt  8192 bits : 274802.75 cyc
barith_mul_rad_opt 16384 bits : 1065743.66 cyc
barith_mul_rad_opt 32768 bits : 4193030.33 cyc
barith_mul_rad_opt 65536 bits : 16684673.72 cyc
barith_mul_rad_opt 131072 bits : 67441420.20 cyc
barith_mul_rad_opt 262144 bits : 268267394.64 cyc
barith_mul_rad_opt 524288 bits : 1068817923.45 cyc
barith_mul_unroll   256 bits : 879.85 cyc
barith_mul_unroll   512 bits : 1864.56 cyc
barith_mul_unroll  1024 bits : 6156.36 cyc
barith_mul_unroll  2048 bits : 21816.60 cyc
barith_mul_unroll  4096 bits : 79378.11 cyc
barith_mul_unroll  8192 bits : 306137.00 cyc
barith_mul_unroll 16384 bits : 1203941.20 cyc
barith_mul_unroll 32768 bits : 4800488.66 cyc
barith_mul_unroll 65536 bits : 18854743.15 cyc
barith_mul_unroll 131072 bits : 75056937.84 cyc
barith_mul_unroll 262144 bits : 300774552.55 cyc
barith_mul_unroll 524288 bits : 1199279879.88 cyc
barith2_mul      256 bits : 363.64 cyc
barith2_mul      512 bits : 1010.79 cyc
barith2_mul     1024 bits : 3718.54 cyc
barith2_mul     2048 bits : 19281.15 cyc
barith2_mul     4096 bits : 103577.96 cyc
barith2_mul     8192 bits : 404328.33 cyc
barith2_mul    16384 bits : 1548319.80 cyc
barith2_mul    32768 bits : 6243101.21 cyc
barith2_mul    65536 bits : 25050441.21 cyc
barith2_mul    131072 bits : 100888762.55 cyc
barith2_mul    262144 bits : 400843185.27 cyc
barith2_mul    524288 bits : 1604970636.88 cyc
barith_mul_portable   256 bits : 4240.50 cyc
barith_mul_portable   512 bits : 9980.15 cyc
barith_mul_portable  1024 bits : 29717.49 cyc
barith_mul_portable  2048 bits : 107026.20 cyc
barith_mul_portable  4096 bits : 392232.16 cyc
barith_mul_portable  8192 bits : 1497166.82 cyc
barith_mul_portable 16384 bits : 5899134.33 cyc
barith_mul_portable 32768 bits : 23348482.07 cyc
barith_mul_portable 65536 bits : 92853163.54 cyc
barith_mul_portable 131072 bits : 370334881.35 cyc
barith_mul_portable 262144 bits : 1477877979.04 cyc
barith_mul_portable 524288 bits : 5838132310.15 cyc
barith_mul_intrinsic   256 bits : 2843.53 cyc
barith_mul_intrinsic   512 bits : 6072.10 cyc
barith_mul_intrinsic  1024 bits : 16830.78 cyc
barith_mul_intrinsic  2048 bits : 56458.79 cyc
barith_mul_intrinsic  4096 bits : 209158.80 cyc
barith_mul_intrinsic  8192 bits : 807768.20 cyc
barith_mul_intrinsic 16384 bits : 3163115.85 cyc
barith_mul_intrinsic 32768 bits : 12603751.95 cyc
barith_mul_intrinsic 65536 bits : 50164786.24 cyc
barith_mul_intrinsic 131072 bits : 200087127.89 cyc
barith_mul_intrinsic 262144 bits : 800908403.02 cyc
barith_mul_intrinsic 524288 bits : 3200295883.56 cyc
barith_mul_rad_opt   256 bits : 811.74 cyc
barith_mul_rad_opt   512 bits : 1710.08 cyc
barith_mul_rad_opt  1024 bits : 5134.76 cyc
barith_mul_rad_opt  2048 bits : 18435.95 cyc
barith_mul_rad_opt  4096 bits : 68530.24 cyc
barith_mul_rad_opt  8192 bits : 274752.95 cyc
barith_mul_rad_opt 16384 bits : 1066005.90 cyc
barith_mul_rad_opt 32768 bits : 4193819.46 cyc
barith_mul_rad_opt 65536 bits : 17062041.36 cyc
barith_mul_rad_opt 131072 bits : 66544621.85 cyc
barith_mul_rad_opt 262144 bits : 265967082.74 cyc
barith_mul_rad_opt 524288 bits : 1069228557.25 cyc
barith_mul_unroll   256 bits : 839.05 cyc
barith_mul_unroll   512 bits : 1895.53 cyc
barith_mul_unroll  1024 bits : 6104.90 cyc
barith_mul_unroll  2048 bits : 22019.08 cyc
barith_mul_unroll  4096 bits : 79016.40 cyc
barith_mul_unroll  8192 bits : 305246.78 cyc
barith_mul_unroll 16384 bits : 1203125.96 cyc
barith_mul_unroll 32768 bits : 4752174.30 cyc
barith_mul_unroll 65536 bits : 18879490.16 cyc
barith_mul_unroll 131072 bits : 75252547.26 cyc
barith_mul_unroll 262144 bits : 300546951.81 cyc
barith_mul_unroll 524288 bits : 1199348756.45 cyc
barith2_mul      256 bits : 339.12 cyc
barith2_mul      512 bits : 989.06 cyc
barith2_mul     1024 bits : 3599.80 cyc
barith2_mul     2048 bits : 19965.84 cyc
barith2_mul     4096 bits : 100116.31 cyc
barith2_mul     8192 bits : 406600.75 cyc
barith2_mul    16384 bits : 1603448.00 cyc
barith2_mul    32768 bits : 6256291.88 cyc
barith2_mul    65536 bits : 24969721.21 cyc
barith2_mul    131072 bits : 101311554.01 cyc
barith2_mul    262144 bits : 401711568.96 cyc
barith2_mul    524288 bits : 1607636709.44 cyc
