barith_add_unroll   256 bits : 119.82 cyc
barith_add_unroll   512 bits : 132.67 cyc
barith_add_unroll  1024 bits : 203.79 cyc
barith_add_unroll  2048 bits : 324.98 cyc
barith_add_unroll  4096 bits : 595.49 cyc
barith_add_unroll  8192 bits : 1156.22 cyc
barith_add_unroll 16384 bits : 2275.45 cyc
barith_add_unroll 32768 bits : 3945.13 cyc
barith_add_unroll 65536 bits : 7755.12 cyc
barith2_add      256 bits : 29.45 cyc
barith2_add      512 bits : 113.55 cyc
barith2_add     1024 bits : 85.61 cyc
barith2_add     2048 bits : 287.45 cyc
barith2_add     4096 bits : 313.94 cyc
barith2_add     8192 bits : 1039.08 cyc
barith2_add    16384 bits : 1769.51 cyc
barith2_add    32768 bits : 2472.01 cyc
barith2_add    65536 bits : 6821.52 cyc
barith_add_unroll   256 bits : 120.09 cyc
barith_add_unroll   512 bits : 124.95 cyc
barith_add_unroll  1024 bits : 198.44 cyc
barith_add_unroll  2048 bits : 316.94 cyc
barith_add_unroll  4096 bits : 592.29 cyc
barith_add_unroll  8192 bits : 1148.71 cyc
barith_add_unroll 16384 bits : 2236.09 cyc
barith_add_unroll 32768 bits : 3941.49 cyc
barith_add_unroll 65536 bits : 7842.08 cyc
barith2_add      256 bits : 28.93 cyc
barith2_add      512 bits : 112.31 cyc
barith2_add     1024 bits : 85.06 cyc
barith2_add     2048 bits : 285.63 cyc
barith2_add     4096 bits : 314.00 cyc
barith2_add     8192 bits : 1064.02 cyc
barith2_add    16384 bits : 1768.98 cyc
barith2_add    32768 bits : 2471.98 cyc
barith2_add    65536 bits : 6765.51 cyc
barith_add_unroll   256 bits : 120.12 cyc
barith_add_unroll   512 bits : 125.27 cyc
barith_add_unroll  1024 bits : 198.28 cyc
barith_add_unroll  2048 bits : 318.44 cyc
barith_add_unroll  4096 bits : 595.04 cyc
barith_add_unroll  8192 bits : 1150.21 cyc
barith_add_unroll 16384 bits : 2271.47 cyc
barith_add_unroll 32768 bits : 3960.90 cyc
barith_add_unroll 65536 bits : 7845.26 cyc
barith2_add      256 bits : 28.84 cyc
barith2_add      512 bits : 112.06 cyc
barith2_add     1024 bits : 85.25 cyc
barith2_add     2048 bits : 285.69 cyc
barith2_add     4096 bits : 314.03 cyc
barith2_add     8192 bits : 1036.28 cyc
barith2_add    16384 bits : 1770.32 cyc
barith2_add    32768 bits : 2472.38 cyc
barith2_add    65536 bits : 6787.61 cyc
barith_add_unroll   256 bits : 119.95 cyc
barith_add_unroll   512 bits : 125.16 cyc
barith_add_unroll  1024 bits : 195.49 cyc
barith_add_unroll  2048 bits : 322.04 cyc
barith_add_unroll  4096 bits : 592.29 cyc
barith_add_unroll  8192 bits : 1149.67 cyc
barith_add_unroll 16384 bits : 2193.92 cyc
barith_add_unroll 32768 bits : 3944.39 cyc
barith_add_unroll 65536 bits : 7767.69 cyc
barith2_add      256 bits : 29.11 cyc
barith2_add      512 bits : 111.52 cyc
barith2_add     1024 bits : 84.62 cyc
barith2_add     2048 bits : 285.92 cyc
barith2_add     4096 bits : 313.84 cyc
barith2_add     8192 bits : 1119.29 cyc
barith2_add    16384 bits : 1908.05 cyc
barith2_add    32768 bits : 2541.47 cyc
barith2_add    65536 bits : 6902.01 cyc
barith_add_unroll   256 bits : 120.19 cyc
barith_add_unroll   512 bits : 124.81 cyc
barith_add_unroll  1024 bits : 195.94 cyc
barith_add_unroll  2048 bits : 523.57 cyc
barith_add_unroll  4096 bits : 597.02 cyc
barith_add_unroll  8192 bits : 1158.29 cyc
barith_add_unroll 16384 bits : 2266.95 cyc
barith_add_unroll 32768 bits : 3945.74 cyc
barith_add_unroll 65536 bits : 7884.25 cyc
barith2_add      256 bits : 28.93 cyc
barith2_add      512 bits : 110.81 cyc
barith2_add     1024 bits : 85.14 cyc
barith2_add     2048 bits : 283.96 cyc
barith2_add     4096 bits : 313.90 cyc
barith2_add     8192 bits : 1039.34 cyc
barith2_add    16384 bits : 1771.01 cyc
barith2_add    32768 bits : 2472.06 cyc
barith2_add    65536 bits : 6765.86 cyc
barith_add_unroll   256 bits : 120.06 cyc
barith_add_unroll   512 bits : 125.11 cyc
barith_add_unroll  1024 bits : 207.29 cyc
barith_add_unroll  2048 bits : 323.60 cyc
barith_add_unroll  4096 bits : 595.33 cyc
barith_add_unroll  8192 bits : 1157.99 cyc
barith_add_unroll 16384 bits : 2249.68 cyc
barith_add_unroll 32768 bits : 3941.42 cyc
barith_add_unroll 65536 bits : 7839.57 cyc
barith2_add      256 bits : 29.65 cyc
barith2_add      512 bits : 114.27 cyc
barith2_add     1024 bits : 85.72 cyc
barith2_add     2048 bits : 287.38 cyc
barith2_add     4096 bits : 313.95 cyc
barith2_add     8192 bits : 1037.32 cyc
barith2_add    16384 bits : 1769.38 cyc
barith2_add    32768 bits : 2472.24 cyc
barith2_add    65536 bits : 6880.20 cyc
barith_add_unroll   256 bits : 119.76 cyc
barith_add_unroll   512 bits : 124.97 cyc
barith_add_unroll  1024 bits : 208.85 cyc
barith_add_unroll  2048 bits : 331.10 cyc
barith_add_unroll  4096 bits : 596.09 cyc
barith_add_unroll  8192 bits : 1157.14 cyc
barith_add_unroll 16384 bits : 2269.97 cyc
barith_add_unroll 32768 bits : 4049.66 cyc
barith_add_unroll 65536 bits : 7735.84 cyc
barith2_add      256 bits : 29.37 cyc
barith2_add      512 bits : 110.75 cyc
barith2_add     1024 bits : 85.34 cyc
barith2_add     2048 bits : 286.15 cyc
barith2_add     4096 bits : 314.45 cyc
barith2_add     8192 bits : 1035.84 cyc
barith2_add    16384 bits : 1769.04 cyc
barith2_add    32768 bits : 2471.38 cyc
barith2_add    65536 bits : 6801.03 cyc
barith_add_unroll   256 bits : 120.17 cyc
barith_add_unroll   512 bits : 123.92 cyc
barith_add_unroll  1024 bits : 197.15 cyc
barith_add_unroll  2048 bits : 321.56 cyc
barith_add_unroll  4096 bits : 594.84 cyc
barith_add_unroll  8192 bits : 1178.85 cyc
barith_add_unroll 16384 bits : 2247.90 cyc
barith_add_unroll 32768 bits : 3965.43 cyc
barith_add_unroll 65536 bits : 7819.34 cyc
barith2_add      256 bits : 28.92 cyc
barith2_add      512 bits : 112.83 cyc
barith2_add     1024 bits : 85.17 cyc
barith2_add     2048 bits : 284.61 cyc
barith2_add     4096 bits : 314.59 cyc
barith2_add     8192 bits : 1124.36 cyc
barith2_add    16384 bits : 1906.02 cyc
barith2_add    32768 bits : 2536.95 cyc
barith2_add    65536 bits : 7038.02 cyc
barith_add_unroll   256 bits : 119.95 cyc
barith_add_unroll   512 bits : 122.38 cyc
barith_add_unroll  1024 bits : 195.59 cyc
barith_add_unroll  2048 bits : 321.75 cyc
barith_add_unroll  4096 bits : 596.15 cyc
barith_add_unroll  8192 bits : 1149.86 cyc
barith_add_unroll 16384 bits : 2275.70 cyc
barith_add_unroll 32768 bits : 3975.30 cyc
barith_add_unroll 65536 bits : 7855.05 cyc
barith2_add      256 bits : 29.58 cyc
barith2_add      512 bits : 112.52 cyc
barith2_add     1024 bits : 85.03 cyc
barith2_add     2048 bits : 287.98 cyc
barith2_add     4096 bits : 313.82 cyc
barith2_add     8192 bits : 1037.83 cyc
barith2_add    16384 bits : 1796.20 cyc
barith2_add    32768 bits : 2471.89 cyc
barith2_add    65536 bits : 6762.50 cyc
barith_add_unroll   256 bits : 119.92 cyc
barith_add_unroll   512 bits : 124.95 cyc
barith_add_unroll  1024 bits : 195.85 cyc
barith_add_unroll  2048 bits : 317.27 cyc
barith_add_unroll  4096 bits : 582.89 cyc
barith_add_unroll  8192 bits : 1155.84 cyc
barith_add_unroll 16384 bits : 2263.70 cyc
barith_add_unroll 32768 bits : 3940.45 cyc
barith_add_unroll 65536 bits : 7829.52 cyc
barith2_add      256 bits : 28.64 cyc
barith2_add      512 bits : 112.16 cyc
barith2_add     1024 bits : 84.44 cyc
barith2_add     2048 bits : 284.69 cyc
barith2_add     4096 bits : 313.55 cyc
barith2_add     8192 bits : 1038.79 cyc
barith2_add    16384 bits : 1771.79 cyc
barith2_add    32768 bits : 2473.47 cyc
barith2_add    65536 bits : 6794.15 cyc
