barith_add       256 bits : 209.81 cyc
barith_add       512 bits : 206.51 cyc
barith_add      1024 bits : 500.85 cyc
barith_add      2048 bits : 896.43 cyc
barith_add      4096 bits : 1830.50 cyc
barith_add      8192 bits : 3422.57 cyc
barith_add     16384 bits : 6715.56 cyc
barith_add     32768 bits : 8279.00 cyc
barith_add     65536 bits : 16086.11 cyc
barith_add_merged   256 bits : 184.07 cyc
barith_add_merged   512 bits : 233.05 cyc
barith_add_merged  1024 bits : 340.70 cyc
barith_add_merged  2048 bits : 547.12 cyc
barith_add_merged  4096 bits : 995.62 cyc
barith_add_merged  8192 bits : 2108.18 cyc
barith_add_merged 16384 bits : 2773.20 cyc
barith_add_merged 32768 bits : 10647.23 cyc
barith_add_merged 65536 bits : 10494.75 cyc
barith_add_scalar   256 bits : 168.71 cyc
barith_add_scalar   512 bits : 211.28 cyc
barith_add_scalar  1024 bits : 294.45 cyc
barith_add_scalar  2048 bits : 579.86 cyc
barith_add_scalar  4096 bits : 996.97 cyc
barith_add_scalar  8192 bits : 1943.65 cyc
barith_add_scalar 16384 bits : 4310.37 cyc
barith_add_scalar 32768 bits : 8455.07 cyc
barith_add_scalar 65536 bits : 16953.81 cyc
barith_add_unroll   256 bits : 122.00 cyc
barith_add_unroll   512 bits : 152.51 cyc
barith_add_unroll  1024 bits : 208.69 cyc
barith_add_unroll  2048 bits : 343.37 cyc
barith_add_unroll  4096 bits : 521.02 cyc
barith_add_unroll  8192 bits : 1131.70 cyc
barith_add_unroll 16384 bits : 2172.72 cyc
barith_add_unroll 32768 bits : 3771.95 cyc
barith_add_unroll 65536 bits : 8552.91 cyc
barith2_add      256 bits : 83.11 cyc
barith2_add      512 bits : 108.31 cyc
barith2_add     1024 bits : 469.05 cyc
barith2_add     2048 bits : 161.91 cyc
barith2_add     4096 bits : 313.68 cyc
barith2_add     8192 bits : 1027.93 cyc
barith2_add    16384 bits : 1951.74 cyc
barith2_add    32768 bits : 3790.52 cyc
barith2_add    65536 bits : 7475.63 cyc
barith_add       256 bits : 210.35 cyc
barith_add       512 bits : 207.83 cyc
barith_add      1024 bits : 500.27 cyc
barith_add      2048 bits : 896.70 cyc
barith_add      4096 bits : 1823.72 cyc
barith_add      8192 bits : 3419.04 cyc
barith_add     16384 bits : 6732.62 cyc
barith_add     32768 bits : 7977.97 cyc
barith_add     65536 bits : 15969.08 cyc
barith_add_merged   256 bits : 184.12 cyc
barith_add_merged   512 bits : 231.81 cyc
barith_add_merged  1024 bits : 335.27 cyc
barith_add_merged  2048 bits : 545.96 cyc
barith_add_merged  4096 bits : 996.45 cyc
barith_add_merged  8192 bits : 2017.01 cyc
barith_add_merged 16384 bits : 2698.88 cyc
barith_add_merged 32768 bits : 7304.38 cyc
barith_add_merged 65536 bits : 11011.86 cyc
barith_add_scalar   256 bits : 166.87 cyc
barith_add_scalar   512 bits : 213.21 cyc
barith_add_scalar  1024 bits : 293.43 cyc
barith_add_scalar  2048 bits : 580.48 cyc
barith_add_scalar  4096 bits : 994.13 cyc
barith_add_scalar  8192 bits : 1943.67 cyc
barith_add_scalar 16384 bits : 4341.86 cyc
barith_add_scalar 32768 bits : 8453.95 cyc
barith_add_scalar 65536 bits : 16812.08 cyc
barith_add_unroll   256 bits : 120.90 cyc
barith_add_unroll   512 bits : 160.06 cyc
barith_add_unroll  1024 bits : 209.22 cyc
barith_add_unroll  2048 bits : 328.62 cyc
barith_add_unroll  4096 bits : 521.09 cyc
barith_add_unroll  8192 bits : 1129.83 cyc
barith_add_unroll 16384 bits : 2182.80 cyc
barith_add_unroll 32768 bits : 3786.72 cyc
barith_add_unroll 65536 bits : 8542.56 cyc
barith2_add      256 bits : 82.55 cyc
barith2_add      512 bits : 106.23 cyc
barith2_add     1024 bits : 467.64 cyc
barith2_add     2048 bits : 161.80 cyc
barith2_add     4096 bits : 313.52 cyc
barith2_add     8192 bits : 1030.79 cyc
barith2_add    16384 bits : 1968.10 cyc
barith2_add    32768 bits : 3790.11 cyc
barith2_add    65536 bits : 7474.72 cyc
barith_add       256 bits : 210.62 cyc
barith_add       512 bits : 210.85 cyc
barith_add      1024 bits : 496.11 cyc
barith_add      2048 bits : 896.81 cyc
barith_add      4096 bits : 1811.34 cyc
barith_add      8192 bits : 3427.86 cyc
barith_add     16384 bits : 6715.81 cyc
barith_add     32768 bits : 7987.93 cyc
barith_add     65536 bits : 15977.15 cyc
barith_add_merged   256 bits : 184.21 cyc
barith_add_merged   512 bits : 233.17 cyc
barith_add_merged  1024 bits : 345.05 cyc
barith_add_merged  2048 bits : 557.40 cyc
barith_add_merged  4096 bits : 995.00 cyc
barith_add_merged  8192 bits : 1991.11 cyc
barith_add_merged 16384 bits : 2699.20 cyc
barith_add_merged 32768 bits : 7292.73 cyc
barith_add_merged 65536 bits : 10946.68 cyc
barith_add_scalar   256 bits : 166.82 cyc
barith_add_scalar   512 bits : 210.77 cyc
barith_add_scalar  1024 bits : 296.76 cyc
barith_add_scalar  2048 bits : 582.65 cyc
barith_add_scalar  4096 bits : 1074.51 cyc
barith_add_scalar  8192 bits : 1947.29 cyc
barith_add_scalar 16384 bits : 4320.08 cyc
barith_add_scalar 32768 bits : 8484.88 cyc
barith_add_scalar 65536 bits : 17440.49 cyc
barith_add_unroll   256 bits : 121.93 cyc
barith_add_unroll   512 bits : 157.61 cyc
barith_add_unroll  1024 bits : 214.94 cyc
barith_add_unroll  2048 bits : 330.06 cyc
barith_add_unroll  4096 bits : 566.74 cyc
barith_add_unroll  8192 bits : 1131.12 cyc
barith_add_unroll 16384 bits : 2167.84 cyc
barith_add_unroll 32768 bits : 3800.32 cyc
barith_add_unroll 65536 bits : 8538.22 cyc
barith2_add      256 bits : 81.36 cyc
barith2_add      512 bits : 107.49 cyc
barith2_add     1024 bits : 467.79 cyc
barith2_add     2048 bits : 161.83 cyc
barith2_add     4096 bits : 320.40 cyc
barith2_add     8192 bits : 1029.78 cyc
barith2_add    16384 bits : 1949.82 cyc
barith2_add    32768 bits : 3814.86 cyc
barith2_add    65536 bits : 7499.56 cyc
barith_add       256 bits : 209.80 cyc
barith_add       512 bits : 207.37 cyc
barith_add      1024 bits : 500.32 cyc
barith_add      2048 bits : 900.49 cyc
barith_add      4096 bits : 1830.85 cyc
barith_add      8192 bits : 3418.86 cyc
barith_add     16384 bits : 6721.27 cyc
barith_add     32768 bits : 8007.41 cyc
barith_add     65536 bits : 16092.35 cyc
barith_add_merged   256 bits : 185.28 cyc
barith_add_merged   512 bits : 233.17 cyc
barith_add_merged  1024 bits : 344.40 cyc
barith_add_merged  2048 bits : 547.08 cyc
barith_add_merged  4096 bits : 995.59 cyc
barith_add_merged  8192 bits : 1982.27 cyc
barith_add_merged 16384 bits : 2695.47 cyc
barith_add_merged 32768 bits : 7322.52 cyc
barith_add_merged 65536 bits : 11019.77 cyc
barith_add_scalar   256 bits : 166.97 cyc
barith_add_scalar   512 bits : 212.88 cyc
barith_add_scalar  1024 bits : 295.81 cyc
barith_add_scalar  2048 bits : 579.74 cyc
barith_add_scalar  4096 bits : 997.31 cyc
barith_add_scalar  8192 bits : 1946.54 cyc
barith_add_scalar 16384 bits : 4354.95 cyc
barith_add_scalar 32768 bits : 8618.41 cyc
barith_add_scalar 65536 bits : 17059.03 cyc
barith_add_unroll   256 bits : 121.00 cyc
barith_add_unroll   512 bits : 154.50 cyc
barith_add_unroll  1024 bits : 208.44 cyc
barith_add_unroll  2048 bits : 331.25 cyc
barith_add_unroll  4096 bits : 520.87 cyc
barith_add_unroll  8192 bits : 1147.67 cyc
barith_add_unroll 16384 bits : 2170.69 cyc
barith_add_unroll 32768 bits : 3833.50 cyc
barith_add_unroll 65536 bits : 8672.40 cyc
barith2_add      256 bits : 82.28 cyc
barith2_add      512 bits : 108.06 cyc
barith2_add     1024 bits : 469.23 cyc
barith2_add     2048 bits : 161.87 cyc
barith2_add     4096 bits : 313.75 cyc
barith2_add     8192 bits : 1031.23 cyc
barith2_add    16384 bits : 1979.39 cyc
barith2_add    32768 bits : 3877.70 cyc
barith2_add    65536 bits : 7554.64 cyc
barith_add       256 bits : 209.81 cyc
barith_add       512 bits : 209.46 cyc
barith_add      1024 bits : 495.80 cyc
barith_add      2048 bits : 896.10 cyc
barith_add      4096 bits : 1823.99 cyc
barith_add      8192 bits : 3421.94 cyc
barith_add     16384 bits : 6718.28 cyc
barith_add     32768 bits : 7978.65 cyc
barith_add     65536 bits : 16008.34 cyc
barith_add_merged   256 bits : 184.20 cyc
barith_add_merged   512 bits : 238.85 cyc
barith_add_merged  1024 bits : 345.75 cyc
barith_add_merged  2048 bits : 547.66 cyc
barith_add_merged  4096 bits : 995.52 cyc
barith_add_merged  8192 bits : 1991.17 cyc
barith_add_merged 16384 bits : 2699.04 cyc
barith_add_merged 32768 bits : 7292.62 cyc
barith_add_merged 65536 bits : 10342.51 cyc
barith_add_scalar   256 bits : 166.84 cyc
barith_add_scalar   512 bits : 211.77 cyc
barith_add_scalar  1024 bits : 293.03 cyc
barith_add_scalar  2048 bits : 579.40 cyc
barith_add_scalar  4096 bits : 1064.02 cyc
barith_add_scalar  8192 bits : 1948.54 cyc
barith_add_scalar 16384 bits : 4332.69 cyc
barith_add_scalar 32768 bits : 8477.38 cyc
barith_add_scalar 65536 bits : 16969.32 cyc
barith_add_unroll   256 bits : 121.89 cyc
barith_add_unroll   512 bits : 154.25 cyc
barith_add_unroll  1024 bits : 215.19 cyc
barith_add_unroll  2048 bits : 328.61 cyc
barith_add_unroll  4096 bits : 518.63 cyc
barith_add_unroll  8192 bits : 1130.34 cyc
barith_add_unroll 16384 bits : 2188.24 cyc
barith_add_unroll 32768 bits : 3788.24 cyc
barith_add_unroll 65536 bits : 8543.36 cyc
barith2_add      256 bits : 85.08 cyc
barith2_add      512 bits : 104.55 cyc
barith2_add     1024 bits : 488.27 cyc
barith2_add     2048 bits : 161.84 cyc
barith2_add     4096 bits : 313.55 cyc
barith2_add     8192 bits : 1027.04 cyc
barith2_add    16384 bits : 1950.27 cyc
barith2_add    32768 bits : 3821.58 cyc
barith2_add    65536 bits : 7486.10 cyc
barith_add       256 bits : 210.32 cyc
barith_add       512 bits : 208.62 cyc
barith_add      1024 bits : 514.97 cyc
barith_add      2048 bits : 896.04 cyc
barith_add      4096 bits : 1787.31 cyc
barith_add      8192 bits : 3422.49 cyc
barith_add     16384 bits : 6720.82 cyc
barith_add     32768 bits : 7995.56 cyc
barith_add     65536 bits : 16094.83 cyc
barith_add_merged   256 bits : 184.25 cyc
barith_add_merged   512 bits : 226.69 cyc
barith_add_merged  1024 bits : 343.43 cyc
barith_add_merged  2048 bits : 554.23 cyc
barith_add_merged  4096 bits : 994.88 cyc
barith_add_merged  8192 bits : 1990.63 cyc
barith_add_merged 16384 bits : 2683.95 cyc
barith_add_merged 32768 bits : 7345.69 cyc
barith_add_merged 65536 bits : 10319.84 cyc
barith_add_scalar   256 bits : 166.58 cyc
barith_add_scalar   512 bits : 211.22 cyc
barith_add_scalar  1024 bits : 293.33 cyc
barith_add_scalar  2048 bits : 581.58 cyc
barith_add_scalar  4096 bits : 1083.33 cyc
barith_add_scalar  8192 bits : 1946.26 cyc
barith_add_scalar 16384 bits : 4332.60 cyc
barith_add_scalar 32768 bits : 8464.47 cyc
barith_add_scalar 65536 bits : 16791.06 cyc
barith_add_unroll   256 bits : 121.11 cyc
barith_add_unroll   512 bits : 152.72 cyc
barith_add_unroll  1024 bits : 220.69 cyc
barith_add_unroll  2048 bits : 328.57 cyc
barith_add_unroll  4096 bits : 521.24 cyc
barith_add_unroll  8192 bits : 1132.86 cyc
barith_add_unroll 16384 bits : 2168.82 cyc
barith_add_unroll 32768 bits : 3778.14 cyc
barith_add_unroll 65536 bits : 8567.05 cyc
barith2_add      256 bits : 80.94 cyc
barith2_add      512 bits : 106.11 cyc
barith2_add     1024 bits : 469.67 cyc
barith2_add     2048 bits : 161.81 cyc
barith2_add     4096 bits : 320.09 cyc
barith2_add     8192 bits : 1027.88 cyc
barith2_add    16384 bits : 1950.92 cyc
barith2_add    32768 bits : 3789.97 cyc
barith2_add    65536 bits : 7474.74 cyc
barith_add       256 bits : 207.81 cyc
barith_add       512 bits : 207.38 cyc
barith_add      1024 bits : 494.00 cyc
barith_add      2048 bits : 895.49 cyc
barith_add      4096 bits : 1783.06 cyc
barith_add      8192 bits : 3421.91 cyc
barith_add     16384 bits : 6743.22 cyc
barith_add     32768 bits : 7979.81 cyc
barith_add     65536 bits : 16067.32 cyc
barith_add_merged   256 bits : 184.21 cyc
barith_add_merged   512 bits : 231.75 cyc
barith_add_merged  1024 bits : 342.43 cyc
barith_add_merged  2048 bits : 554.48 cyc
barith_add_merged  4096 bits : 995.01 cyc
barith_add_merged  8192 bits : 1990.80 cyc
barith_add_merged 16384 bits : 2682.60 cyc
barith_add_merged 32768 bits : 7326.05 cyc
barith_add_merged 65536 bits : 10292.55 cyc
barith_add_scalar   256 bits : 166.57 cyc
barith_add_scalar   512 bits : 211.07 cyc
barith_add_scalar  1024 bits : 292.65 cyc
barith_add_scalar  2048 bits : 579.71 cyc
barith_add_scalar  4096 bits : 1031.84 cyc
barith_add_scalar  8192 bits : 1942.26 cyc
barith_add_scalar 16384 bits : 4311.91 cyc
barith_add_scalar 32768 bits : 8469.56 cyc
barith_add_scalar 65536 bits : 16872.90 cyc
barith_add_unroll   256 bits : 121.55 cyc
barith_add_unroll   512 bits : 152.46 cyc
barith_add_unroll  1024 bits : 209.58 cyc
barith_add_unroll  2048 bits : 332.34 cyc
barith_add_unroll  4096 bits : 519.47 cyc
barith_add_unroll  8192 bits : 1128.12 cyc
barith_add_unroll 16384 bits : 2166.80 cyc
barith_add_unroll 32768 bits : 3759.73 cyc
barith_add_unroll 65536 bits : 8543.78 cyc
barith2_add      256 bits : 81.22 cyc
barith2_add      512 bits : 106.97 cyc
barith2_add     1024 bits : 469.46 cyc
barith2_add     2048 bits : 161.91 cyc
barith2_add     4096 bits : 320.22 cyc
barith2_add     8192 bits : 1030.58 cyc
barith2_add    16384 bits : 1950.69 cyc
barith2_add    32768 bits : 3791.18 cyc
barith2_add    65536 bits : 7471.56 cyc
barith_add       256 bits : 207.82 cyc
barith_add       512 bits : 293.00 cyc
barith_add      1024 bits : 509.63 cyc
barith_add      2048 bits : 895.80 cyc
barith_add      4096 bits : 1836.06 cyc
barith_add      8192 bits : 3419.04 cyc
barith_add     16384 bits : 6718.40 cyc
barith_add     32768 bits : 7980.98 cyc
barith_add     65536 bits : 16073.69 cyc
barith_add_merged   256 bits : 184.17 cyc
barith_add_merged   512 bits : 226.85 cyc
barith_add_merged  1024 bits : 344.21 cyc
barith_add_merged  2048 bits : 560.03 cyc
barith_add_merged  4096 bits : 993.93 cyc
barith_add_merged  8192 bits : 1992.69 cyc
barith_add_merged 16384 bits : 2681.95 cyc
barith_add_merged 32768 bits : 7304.95 cyc
barith_add_merged 65536 bits : 10336.38 cyc
barith_add_scalar   256 bits : 166.79 cyc
barith_add_scalar   512 bits : 212.59 cyc
barith_add_scalar  1024 bits : 302.37 cyc
barith_add_scalar  2048 bits : 584.41 cyc
barith_add_scalar  4096 bits : 1003.04 cyc
barith_add_scalar  8192 bits : 2035.67 cyc
barith_add_scalar 16384 bits : 4344.21 cyc
barith_add_scalar 32768 bits : 8474.94 cyc
barith_add_scalar 65536 bits : 16907.21 cyc
barith_add_unroll   256 bits : 121.33 cyc
barith_add_unroll   512 bits : 156.07 cyc
barith_add_unroll  1024 bits : 210.16 cyc
barith_add_unroll  2048 bits : 332.68 cyc
barith_add_unroll  4096 bits : 520.74 cyc
barith_add_unroll  8192 bits : 1130.81 cyc
barith_add_unroll 16384 bits : 2179.81 cyc
barith_add_unroll 32768 bits : 3768.97 cyc
barith_add_unroll 65536 bits : 8538.87 cyc
barith2_add      256 bits : 84.33 cyc
barith2_add      512 bits : 108.03 cyc
barith2_add     1024 bits : 469.16 cyc
barith2_add     2048 bits : 161.89 cyc
barith2_add     4096 bits : 322.24 cyc
barith2_add     8192 bits : 1029.19 cyc
barith2_add    16384 bits : 1957.17 cyc
barith2_add    32768 bits : 3789.45 cyc
barith2_add    65536 bits : 7471.45 cyc
barith_add       256 bits : 209.80 cyc
barith_add       512 bits : 207.03 cyc
barith_add      1024 bits : 505.40 cyc
barith_add      2048 bits : 897.61 cyc
barith_add      4096 bits : 1829.52 cyc
barith_add      8192 bits : 3430.72 cyc
barith_add     16384 bits : 6740.74 cyc
barith_add     32768 bits : 7982.39 cyc
barith_add     65536 bits : 16161.20 cyc
barith_add_merged   256 bits : 184.13 cyc
barith_add_merged   512 bits : 238.91 cyc
barith_add_merged  1024 bits : 340.67 cyc
barith_add_merged  2048 bits : 614.25 cyc
barith_add_merged  4096 bits : 995.40 cyc
barith_add_merged  8192 bits : 2057.76 cyc
barith_add_merged 16384 bits : 2691.68 cyc
barith_add_merged 32768 bits : 7412.52 cyc
barith_add_merged 65536 bits : 10654.14 cyc
barith_add_scalar   256 bits : 166.96 cyc
barith_add_scalar   512 bits : 283.56 cyc
barith_add_scalar  1024 bits : 293.25 cyc
barith_add_scalar  2048 bits : 580.47 cyc
barith_add_scalar  4096 bits : 1024.55 cyc
barith_add_scalar  8192 bits : 1943.97 cyc
barith_add_scalar 16384 bits : 4568.91 cyc
barith_add_scalar 32768 bits : 8509.04 cyc
barith_add_scalar 65536 bits : 17185.38 cyc
barith_add_unroll   256 bits : 121.39 cyc
barith_add_unroll   512 bits : 150.31 cyc
barith_add_unroll  1024 bits : 210.47 cyc
barith_add_unroll  2048 bits : 326.75 cyc
barith_add_unroll  4096 bits : 519.18 cyc
barith_add_unroll  8192 bits : 1126.22 cyc
barith_add_unroll 16384 bits : 2166.86 cyc
barith_add_unroll 32768 bits : 3778.18 cyc
barith_add_unroll 65536 bits : 8533.32 cyc
barith2_add      256 bits : 86.32 cyc
barith2_add      512 bits : 106.28 cyc
barith2_add     1024 bits : 469.80 cyc
barith2_add     2048 bits : 161.79 cyc
barith2_add     4096 bits : 313.56 cyc
barith2_add     8192 bits : 1028.97 cyc
barith2_add    16384 bits : 1950.41 cyc
barith2_add    32768 bits : 3790.56 cyc
barith2_add    65536 bits : 7487.59 cyc
barith_add       256 bits : 209.81 cyc
barith_add       512 bits : 291.06 cyc
barith_add      1024 bits : 495.58 cyc
barith_add      2048 bits : 896.51 cyc
barith_add      4096 bits : 1784.12 cyc
barith_add      8192 bits : 3420.80 cyc
barith_add     16384 bits : 6723.58 cyc
barith_add     32768 bits : 8147.44 cyc
barith_add     65536 bits : 16092.42 cyc
barith_add_merged   256 bits : 183.63 cyc
barith_add_merged   512 bits : 233.19 cyc
barith_add_merged  1024 bits : 340.82 cyc
barith_add_merged  2048 bits : 548.01 cyc
barith_add_merged  4096 bits : 995.67 cyc
barith_add_merged  8192 bits : 2116.19 cyc
barith_add_merged 16384 bits : 2820.52 cyc
barith_add_merged 32768 bits : 7418.78 cyc
barith_add_merged 65536 bits : 11233.11 cyc
barith_add_scalar   256 bits : 168.01 cyc
barith_add_scalar   512 bits : 211.17 cyc
barith_add_scalar  1024 bits : 293.91 cyc
barith_add_scalar  2048 bits : 580.30 cyc
barith_add_scalar  4096 bits : 1003.77 cyc
barith_add_scalar  8192 bits : 1986.55 cyc
barith_add_scalar 16384 bits : 4829.51 cyc
barith_add_scalar 32768 bits : 8447.62 cyc
barith_add_scalar 65536 bits : 16972.44 cyc
barith_add_unroll   256 bits : 121.22 cyc
barith_add_unroll   512 bits : 154.03 cyc
barith_add_unroll  1024 bits : 228.08 cyc
barith_add_unroll  2048 bits : 328.85 cyc
barith_add_unroll  4096 bits : 521.37 cyc
barith_add_unroll  8192 bits : 1134.65 cyc
barith_add_unroll 16384 bits : 2171.74 cyc
barith_add_unroll 32768 bits : 3767.69 cyc
barith_add_unroll 65536 bits : 8563.47 cyc
barith2_add      256 bits : 80.42 cyc
barith2_add      512 bits : 109.22 cyc
barith2_add     1024 bits : 467.46 cyc
barith2_add     2048 bits : 161.89 cyc
barith2_add     4096 bits : 320.15 cyc
barith2_add     8192 bits : 1052.64 cyc
barith2_add    16384 bits : 2301.05 cyc
barith2_add    32768 bits : 3799.12 cyc
barith2_add    65536 bits : 7591.52 cyc
