barith_sub_portable   256 bits : 164.90 cyc
barith_sub_portable   512 bits : 298.30 cyc
barith_sub_portable  1024 bits : 630.60 cyc
barith_sub_portable  2048 bits : 1195.42 cyc
barith_sub_portable  4096 bits : 2358.30 cyc
barith_sub_portable  8192 bits : 3806.05 cyc
barith_sub_portable 16384 bits : 9205.25 cyc
barith_sub_portable 32768 bits : 14852.99 cyc
barith_sub_portable 65536 bits : 36979.11 cyc
barith_sub_portable 131072 bits : 74672.54 cyc
barith_sub_portable 262144 bits : 121780.06 cyc
barith_sub_portable 524288 bits : 297749.45 cyc
barith_sub_intrinsics   256 bits : 213.21 cyc
barith_sub_intrinsics   512 bits : 294.46 cyc
barith_sub_intrinsics  1024 bits : 479.93 cyc
barith_sub_intrinsics  2048 bits : 637.99 cyc
barith_sub_intrinsics  4096 bits : 1263.97 cyc
barith_sub_intrinsics  8192 bits : 3171.26 cyc
barith_sub_intrinsics 16384 bits : 4545.07 cyc
barith_sub_intrinsics 32768 bits : 12320.15 cyc
barith_sub_intrinsics 65536 bits : 25392.85 cyc
barith_sub_intrinsics 131072 bits : 50846.11 cyc
barith_sub_intrinsics 262144 bits : 76860.91 cyc
barith_sub_intrinsics 524288 bits : 213501.40 cyc
barith_sub_shiftr   256 bits : 179.41 cyc
barith_sub_shiftr   512 bits : 169.45 cyc
barith_sub_shiftr  1024 bits : 381.75 cyc
barith_sub_shiftr  2048 bits : 637.75 cyc
barith_sub_shiftr  4096 bits : 1342.15 cyc
barith_sub_shiftr  8192 bits : 1719.26 cyc
barith_sub_shiftr 16384 bits : 3191.95 cyc
barith_sub_shiftr 32768 bits : 9598.81 cyc
barith_sub_shiftr 65536 bits : 20468.40 cyc
barith_sub_shiftr 131072 bits : 29220.30 cyc
barith_sub_shiftr 262144 bits : 62296.90 cyc
barith_sub_shiftr 524288 bits : 117627.39 cyc
barith_sub_shiftl   256 bits : 177.62 cyc
barith_sub_shiftl   512 bits : 167.84 cyc
barith_sub_shiftl  1024 bits : 367.48 cyc
barith_sub_shiftl  2048 bits : 464.21 cyc
barith_sub_shiftl  4096 bits : 945.00 cyc
barith_sub_shiftl  8192 bits : 2272.78 cyc
barith_sub_shiftl 16384 bits : 4331.65 cyc
barith_sub_shiftl 32768 bits : 6195.30 cyc
barith_sub_shiftl 65536 bits : 18765.55 cyc
barith_sub_shiftl 131072 bits : 38981.76 cyc
barith_sub_shiftl 262144 bits : 56859.55 cyc
barith_sub_shiftl 524288 bits : 111720.57 cyc
barith_sub_detect1   256 bits : 176.61 cyc
barith_sub_detect1   512 bits : 171.16 cyc
barith_sub_detect1  1024 bits : 369.07 cyc
barith_sub_detect1  2048 bits : 658.27 cyc
barith_sub_detect1  4096 bits : 1260.12 cyc
barith_sub_detect1  8192 bits : 2387.06 cyc
barith_sub_detect1 16384 bits : 4681.64 cyc
barith_sub_detect1 32768 bits : 9445.30 cyc
barith_sub_detect1 65536 bits : 19875.97 cyc
barith_sub_detect1 131072 bits : 40848.80 cyc
barith_sub_detect1 262144 bits : 80775.76 cyc
barith_sub_detect1 524288 bits : 126679.20 cyc
barith_sub_merged   256 bits : 167.03 cyc
barith_sub_merged   512 bits : 165.99 cyc
barith_sub_merged  1024 bits : 259.57 cyc
barith_sub_merged  2048 bits : 462.45 cyc
barith_sub_merged  4096 bits : 955.56 cyc
barith_sub_merged  8192 bits : 2285.69 cyc
barith_sub_merged 16384 bits : 4335.39 cyc
barith_sub_merged 32768 bits : 8141.46 cyc
barith_sub_merged 65536 bits : 18737.25 cyc
barith_sub_merged 131072 bits : 38415.31 cyc
barith_sub_merged 262144 bits : 57272.15 cyc
barith_sub_merged 524288 bits : 120962.07 cyc
barith_sub_midptrep   256 bits : 125.03 cyc
barith_sub_midptrep   512 bits : 154.97 cyc
barith_sub_midptrep  1024 bits : 206.65 cyc
barith_sub_midptrep  2048 bits : 318.30 cyc
barith_sub_midptrep  4096 bits : 880.31 cyc
barith_sub_midptrep  8192 bits : 1669.88 cyc
barith_sub_midptrep 16384 bits : 3167.72 cyc
barith_sub_midptrep 32768 bits : 6125.84 cyc
barith_sub_midptrep 65536 bits : 8091.00 cyc
barith_sub_midptrep 131072 bits : 15973.25 cyc
barith_sub_midptrep 262144 bits : 53133.15 cyc
barith_sub_midptrep 524288 bits : 70705.54 cyc
barith_sub_nestedbranch   256 bits : 141.55 cyc
barith_sub_nestedbranch   512 bits : 141.12 cyc
barith_sub_nestedbranch  1024 bits : 192.30 cyc
barith_sub_nestedbranch  2048 bits : 287.76 cyc
barith_sub_nestedbranch  4096 bits : 693.88 cyc
barith_sub_nestedbranch  8192 bits : 1021.46 cyc
barith_sub_nestedbranch 16384 bits : 2021.30 cyc
barith_sub_nestedbranch 32768 bits : 5159.60 cyc
barith_sub_nestedbranch 65536 bits : 10559.12 cyc
barith_sub_nestedbranch 131072 bits : 15501.74 cyc
barith_sub_nestedbranch 262144 bits : 32325.56 cyc
barith_sub_nestedbranch 524288 bits : 92492.91 cyc
barith_sub_norad_noexp   256 bits : 143.09 cyc
barith_sub_norad_noexp   512 bits : 139.05 cyc
barith_sub_norad_noexp  1024 bits : 192.93 cyc
barith_sub_norad_noexp  2048 bits : 293.60 cyc
barith_sub_norad_noexp  4096 bits : 553.36 cyc
barith_sub_norad_noexp  8192 bits : 1348.47 cyc
barith_sub_norad_noexp 16384 bits : 1882.69 cyc
barith_sub_norad_noexp 32768 bits : 3946.68 cyc
barith_sub_norad_noexp 65536 bits : 7564.30 cyc
barith_sub_norad_noexp 131072 bits : 18908.28 cyc
barith_sub_norad_noexp 262144 bits : 32613.38 cyc
barith_sub_norad_noexp 524288 bits : 65123.66 cyc
barith2_sub      256 bits : 84.30 cyc
barith2_sub      512 bits : 113.06 cyc
barith2_sub     1024 bits : 512.33 cyc
barith2_sub     2048 bits : 399.41 cyc
barith2_sub     4096 bits : 973.24 cyc
barith2_sub     8192 bits : 1948.10 cyc
barith2_sub    16384 bits : 2442.97 cyc
barith2_sub    32768 bits : 5608.69 cyc
barith2_sub    65536 bits : 9517.11 cyc
barith2_sub    131072 bits : 11773.64 cyc
barith2_sub    262144 bits : 44360.28 cyc
barith2_sub    524288 bits : 117536.86 cyc
barith2_sub_optim1   256 bits : 66.46 cyc
barith2_sub_optim1   512 bits : 82.03 cyc
barith2_sub_optim1  1024 bits : 486.62 cyc
barith2_sub_optim1  2048 bits : 363.34 cyc
barith2_sub_optim1  4096 bits : 733.05 cyc
barith2_sub_optim1  8192 bits : 889.90 cyc
barith2_sub_optim1 16384 bits : 2697.66 cyc
barith2_sub_optim1 32768 bits : 5307.81 cyc
barith2_sub_optim1 65536 bits : 10470.50 cyc
barith2_sub_optim1 131072 bits : 13564.38 cyc
barith2_sub_optim1 262144 bits : 41946.88 cyc
barith2_sub_optim1 524288 bits : 54773.18 cyc
barith_sub_portable   256 bits : 166.55 cyc
barith_sub_portable   512 bits : 359.41 cyc
barith_sub_portable  1024 bits : 523.58 cyc
barith_sub_portable  2048 bits : 1011.90 cyc
barith_sub_portable  4096 bits : 2358.69 cyc
barith_sub_portable  8192 bits : 4632.01 cyc
barith_sub_portable 16384 bits : 9214.54 cyc
barith_sub_portable 32768 bits : 18121.71 cyc
barith_sub_portable 65536 bits : 37013.07 cyc
barith_sub_portable 131072 bits : 64684.64 cyc
barith_sub_portable 262144 bits : 147778.44 cyc
barith_sub_portable 524288 bits : 298077.22 cyc
barith_sub_intrinsics   256 bits : 219.72 cyc
barith_sub_intrinsics   512 bits : 300.11 cyc
barith_sub_intrinsics  1024 bits : 474.20 cyc
barith_sub_intrinsics  2048 bits : 641.15 cyc
barith_sub_intrinsics  4096 bits : 1635.10 cyc
barith_sub_intrinsics  8192 bits : 2341.99 cyc
barith_sub_intrinsics 16384 bits : 4518.55 cyc
barith_sub_intrinsics 32768 bits : 12315.86 cyc
barith_sub_intrinsics 65536 bits : 18955.56 cyc
barith_sub_intrinsics 131072 bits : 51087.20 cyc
barith_sub_intrinsics 262144 bits : 77641.02 cyc
barith_sub_intrinsics 524288 bits : 209437.44 cyc
barith_sub_shiftr   256 bits : 176.21 cyc
barith_sub_shiftr   512 bits : 247.26 cyc
barith_sub_shiftr  1024 bits : 265.31 cyc
barith_sub_shiftr  2048 bits : 426.45 cyc
barith_sub_shiftr  4096 bits : 1320.04 cyc
barith_sub_shiftr  8192 bits : 2551.00 cyc
barith_sub_shiftr 16384 bits : 3188.47 cyc
barith_sub_shiftr 32768 bits : 6317.19 cyc
barith_sub_shiftr 65536 bits : 13970.41 cyc
barith_sub_shiftr 131072 bits : 28852.55 cyc
barith_sub_shiftr 262144 bits : 58371.03 cyc
barith_sub_shiftr 524288 bits : 168824.34 cyc
barith_sub_shiftl   256 bits : 174.04 cyc
barith_sub_shiftl   512 bits : 168.94 cyc
barith_sub_shiftl  1024 bits : 363.02 cyc
barith_sub_shiftl  2048 bits : 617.76 cyc
barith_sub_shiftl  4096 bits : 890.66 cyc
barith_sub_shiftl  8192 bits : 2270.89 cyc
barith_sub_shiftl 16384 bits : 3164.32 cyc
barith_sub_shiftl 32768 bits : 6186.01 cyc
barith_sub_shiftl 65536 bits : 17755.75 cyc
barith_sub_shiftl 131072 bits : 29378.72 cyc
barith_sub_shiftl 262144 bits : 57626.49 cyc
barith_sub_shiftl 524288 bits : 151232.14 cyc
barith_sub_detect1   256 bits : 176.32 cyc
barith_sub_detect1   512 bits : 234.81 cyc
barith_sub_detect1  1024 bits : 284.11 cyc
barith_sub_detect1  2048 bits : 499.52 cyc
barith_sub_detect1  4096 bits : 935.73 cyc
barith_sub_detect1  8192 bits : 2384.31 cyc
barith_sub_detect1 16384 bits : 4667.24 cyc
barith_sub_detect1 32768 bits : 7138.59 cyc
barith_sub_detect1 65536 bits : 19969.61 cyc
barith_sub_detect1 131072 bits : 31361.10 cyc
barith_sub_detect1 262144 bits : 61528.84 cyc
barith_sub_detect1 524288 bits : 127315.48 cyc
barith_sub_merged   256 bits : 171.04 cyc
barith_sub_merged   512 bits : 224.21 cyc
barith_sub_merged  1024 bits : 347.34 cyc
barith_sub_merged  2048 bits : 465.01 cyc
barith_sub_merged  4096 bits : 906.30 cyc
barith_sub_merged  8192 bits : 1706.19 cyc
barith_sub_merged 16384 bits : 3163.76 cyc
barith_sub_merged 32768 bits : 5698.07 cyc
barith_sub_merged 65536 bits : 14135.29 cyc
barith_sub_merged 131072 bits : 29132.06 cyc
barith_sub_merged 262144 bits : 57644.55 cyc
barith_sub_merged 524288 bits : 159216.95 cyc
barith_sub_midptrep   256 bits : 174.49 cyc
barith_sub_midptrep   512 bits : 155.96 cyc
barith_sub_midptrep  1024 bits : 293.27 cyc
barith_sub_midptrep  2048 bits : 321.57 cyc
barith_sub_midptrep  4096 bits : 607.14 cyc
barith_sub_midptrep  8192 bits : 1674.24 cyc
barith_sub_midptrep 16384 bits : 3172.25 cyc
barith_sub_midptrep 32768 bits : 6140.75 cyc
barith_sub_midptrep 65536 bits : 8036.64 cyc
barith_sub_midptrep 131072 bits : 16041.31 cyc
barith_sub_midptrep 262144 bits : 33708.09 cyc
barith_sub_midptrep 524288 bits : 110058.80 cyc
barith_sub_nestedbranch   256 bits : 141.38 cyc
barith_sub_nestedbranch   512 bits : 176.15 cyc
barith_sub_nestedbranch  1024 bits : 242.32 cyc
barith_sub_nestedbranch  2048 bits : 376.85 cyc
barith_sub_nestedbranch  4096 bits : 688.61 cyc
barith_sub_nestedbranch  8192 bits : 1362.26 cyc
barith_sub_nestedbranch 16384 bits : 2016.41 cyc
barith_sub_nestedbranch 32768 bits : 5152.26 cyc
barith_sub_nestedbranch 65536 bits : 7987.24 cyc
barith_sub_nestedbranch 131072 bits : 15600.71 cyc
barith_sub_nestedbranch 262144 bits : 32458.10 cyc
barith_sub_nestedbranch 524288 bits : 91527.46 cyc
barith_sub_norad_noexp   256 bits : 143.25 cyc
barith_sub_norad_noexp   512 bits : 175.30 cyc
barith_sub_norad_noexp  1024 bits : 235.34 cyc
barith_sub_norad_noexp  2048 bits : 294.41 cyc
barith_sub_norad_noexp  4096 bits : 715.16 cyc
barith_sub_norad_noexp  8192 bits : 1345.22 cyc
barith_sub_norad_noexp 16384 bits : 1881.45 cyc
barith_sub_norad_noexp 32768 bits : 3947.88 cyc
barith_sub_norad_noexp 65536 bits : 7566.29 cyc
barith_sub_norad_noexp 131072 bits : 16003.94 cyc
barith_sub_norad_noexp 262144 bits : 42541.59 cyc
barith_sub_norad_noexp 524288 bits : 63875.88 cyc
barith2_sub      256 bits : 63.59 cyc
barith2_sub      512 bits : 114.28 cyc
barith2_sub     1024 bits : 265.19 cyc
barith2_sub     2048 bits : 320.21 cyc
barith2_sub     4096 bits : 408.41 cyc
barith2_sub     8192 bits : 1236.33 cyc
barith2_sub    16384 bits : 2435.88 cyc
barith2_sub    32768 bits : 4821.99 cyc
barith2_sub    65536 bits : 14741.04 cyc
barith2_sub    131072 bits : 29327.99 cyc
barith2_sub    262144 bits : 58940.53 cyc
barith2_sub    524288 bits : 79339.94 cyc
barith2_sub_optim1   256 bits : 68.41 cyc
barith2_sub_optim1   512 bits : 131.36 cyc
barith2_sub_optim1  1024 bits : 485.77 cyc
barith2_sub_optim1  2048 bits : 191.97 cyc
barith2_sub_optim1  4096 bits : 326.75 cyc
barith2_sub_optim1  8192 bits : 1342.50 cyc
barith2_sub_optim1 16384 bits : 2689.93 cyc
barith2_sub_optim1 32768 bits : 5322.79 cyc
barith2_sub_optim1 65536 bits : 8507.75 cyc
barith2_sub_optim1 131072 bits : 21016.56 cyc
barith2_sub_optim1 262144 bits : 34365.24 cyc
barith2_sub_optim1 524288 bits : 83935.48 cyc
barith_sub_portable   256 bits : 228.39 cyc
barith_sub_portable   512 bits : 356.36 cyc
barith_sub_portable  1024 bits : 521.09 cyc
barith_sub_portable  2048 bits : 1008.54 cyc
barith_sub_portable  4096 bits : 2358.03 cyc
barith_sub_portable  8192 bits : 3819.38 cyc
barith_sub_portable 16384 bits : 7575.60 cyc
barith_sub_portable 32768 bits : 14980.16 cyc
barith_sub_portable 65536 bits : 37152.56 cyc
barith_sub_portable 131072 bits : 61854.57 cyc
barith_sub_portable 262144 bits : 124116.20 cyc
barith_sub_portable 524288 bits : 297985.71 cyc
barith_sub_intrinsics   256 bits : 147.54 cyc
barith_sub_intrinsics   512 bits : 299.34 cyc
barith_sub_intrinsics  1024 bits : 480.90 cyc
barith_sub_intrinsics  2048 bits : 629.24 cyc
barith_sub_intrinsics  4096 bits : 1222.39 cyc
barith_sub_intrinsics  8192 bits : 3161.34 cyc
barith_sub_intrinsics 16384 bits : 6165.19 cyc
barith_sub_intrinsics 32768 bits : 8909.58 cyc
barith_sub_intrinsics 65536 bits : 25354.51 cyc
barith_sub_intrinsics 131072 bits : 38188.45 cyc
barith_sub_intrinsics 262144 bits : 77823.54 cyc
barith_sub_intrinsics 524288 bits : 159600.91 cyc
barith_sub_shiftr   256 bits : 121.69 cyc
barith_sub_shiftr   512 bits : 255.51 cyc
barith_sub_shiftr  1024 bits : 391.55 cyc
barith_sub_shiftr  2048 bits : 639.33 cyc
barith_sub_shiftr  4096 bits : 883.88 cyc
barith_sub_shiftr  8192 bits : 2558.57 cyc
barith_sub_shiftr 16384 bits : 4816.90 cyc
barith_sub_shiftr 32768 bits : 6193.95 cyc
barith_sub_shiftr 65536 bits : 20498.20 cyc
barith_sub_shiftr 131072 bits : 41775.78 cyc
barith_sub_shiftr 262144 bits : 58459.50 cyc
barith_sub_shiftr 524288 bits : 117504.51 cyc
barith_sub_shiftl   256 bits : 121.64 cyc
barith_sub_shiftl   512 bits : 233.60 cyc
barith_sub_shiftl  1024 bits : 362.94 cyc
barith_sub_shiftl  2048 bits : 458.21 cyc
barith_sub_shiftl  4096 bits : 1194.79 cyc
barith_sub_shiftl  8192 bits : 1675.60 cyc
barith_sub_shiftl 16384 bits : 4322.85 cyc
barith_sub_shiftl 32768 bits : 8689.52 cyc
barith_sub_shiftl 65536 bits : 14124.08 cyc
barith_sub_shiftl 131072 bits : 39254.61 cyc
barith_sub_shiftl 262144 bits : 57001.14 cyc
barith_sub_shiftl 524288 bits : 111807.32 cyc
barith_sub_detect1   256 bits : 126.71 cyc
barith_sub_detect1   512 bits : 237.88 cyc
barith_sub_detect1  1024 bits : 282.24 cyc
barith_sub_detect1  2048 bits : 652.89 cyc
barith_sub_detect1  4096 bits : 1239.19 cyc
barith_sub_detect1  8192 bits : 2423.49 cyc
barith_sub_detect1 16384 bits : 3493.94 cyc
barith_sub_detect1 32768 bits : 9486.89 cyc
barith_sub_detect1 65536 bits : 15204.00 cyc
barith_sub_detect1 131072 bits : 31761.20 cyc
barith_sub_detect1 262144 bits : 85072.91 cyc
barith_sub_detect1 524288 bits : 165452.35 cyc
barith_sub_merged   256 bits : 127.08 cyc
barith_sub_merged   512 bits : 164.81 cyc
barith_sub_merged  1024 bits : 264.05 cyc
barith_sub_merged  2048 bits : 459.51 cyc
barith_sub_merged  4096 bits : 1197.79 cyc
barith_sub_merged  8192 bits : 2290.22 cyc
barith_sub_merged 16384 bits : 3159.85 cyc
barith_sub_merged 32768 bits : 5684.93 cyc
barith_sub_merged 65536 bits : 18684.83 cyc
barith_sub_merged 131072 bits : 38514.99 cyc
barith_sub_merged 262144 bits : 76672.32 cyc
barith_sub_merged 524288 bits : 159533.08 cyc
barith_sub_midptrep   256 bits : 174.74 cyc
barith_sub_midptrep   512 bits : 151.04 cyc
barith_sub_midptrep  1024 bits : 289.62 cyc
barith_sub_midptrep  2048 bits : 318.23 cyc
barith_sub_midptrep  4096 bits : 620.17 cyc
barith_sub_midptrep  8192 bits : 1669.78 cyc
barith_sub_midptrep 16384 bits : 3166.81 cyc
barith_sub_midptrep 32768 bits : 3821.35 cyc
barith_sub_midptrep 65536 bits : 12698.09 cyc
barith_sub_midptrep 131072 bits : 25865.30 cyc
barith_sub_midptrep 262144 bits : 33631.30 cyc
barith_sub_midptrep 524288 bits : 69990.86 cyc
barith_sub_nestedbranch   256 bits : 118.04 cyc
barith_sub_nestedbranch   512 bits : 139.71 cyc
barith_sub_nestedbranch  1024 bits : 194.01 cyc
barith_sub_nestedbranch  2048 bits : 288.26 cyc
barith_sub_nestedbranch  4096 bits : 528.44 cyc
barith_sub_nestedbranch  8192 bits : 1352.74 cyc
barith_sub_nestedbranch 16384 bits : 2014.30 cyc
barith_sub_nestedbranch 32768 bits : 3872.57 cyc
barith_sub_nestedbranch 65536 bits : 7977.48 cyc
barith_sub_nestedbranch 131072 bits : 20495.50 cyc
barith_sub_nestedbranch 262144 bits : 32114.94 cyc
barith_sub_nestedbranch 524288 bits : 71244.38 cyc
barith_sub_norad_noexp   256 bits : 142.15 cyc
barith_sub_norad_noexp   512 bits : 139.61 cyc
barith_sub_norad_noexp  1024 bits : 190.81 cyc
barith_sub_norad_noexp  2048 bits : 292.10 cyc
barith_sub_norad_noexp  4096 bits : 549.04 cyc
barith_sub_norad_noexp  8192 bits : 1018.44 cyc
barith_sub_norad_noexp 16384 bits : 2518.71 cyc
barith_sub_norad_noexp 32768 bits : 5238.43 cyc
barith_sub_norad_noexp 65536 bits : 10076.62 cyc
barith_sub_norad_noexp 131072 bits : 15898.89 cyc
barith_sub_norad_noexp 262144 bits : 32345.89 cyc
barith_sub_norad_noexp 524288 bits : 63760.05 cyc
barith2_sub      256 bits : 82.55 cyc
barith2_sub      512 bits : 147.29 cyc
barith2_sub     1024 bits : 511.57 cyc
barith2_sub     2048 bits : 206.81 cyc
barith2_sub     4096 bits : 638.27 cyc
barith2_sub     8192 bits : 1949.39 cyc
barith2_sub    16384 bits : 3783.71 cyc
barith2_sub    32768 bits : 4799.07 cyc
barith2_sub    65536 bits : 9519.29 cyc
barith2_sub    131072 bits : 22319.78 cyc
barith2_sub    262144 bits : 58773.54 cyc
barith2_sub    524288 bits : 76520.11 cyc
barith2_sub_optim1   256 bits : 72.49 cyc
barith2_sub_optim1   512 bits : 132.57 cyc
barith2_sub_optim1  1024 bits : 485.05 cyc
barith2_sub_optim1  2048 bits : 367.24 cyc
barith2_sub_optim1  4096 bits : 730.49 cyc
barith2_sub_optim1  8192 bits : 887.09 cyc
barith2_sub_optim1 16384 bits : 2165.81 cyc
barith2_sub_optim1 32768 bits : 5313.24 cyc
barith2_sub_optim1 65536 bits : 10490.09 cyc
barith2_sub_optim1 131072 bits : 13551.08 cyc
barith2_sub_optim1 262144 bits : 41917.47 cyc
barith2_sub_optim1 524288 bits : 38779.80 cyc
barith_sub_portable   256 bits : 167.84 cyc
barith_sub_portable   512 bits : 355.81 cyc
barith_sub_portable  1024 bits : 530.84 cyc
barith_sub_portable  2048 bits : 1211.17 cyc
barith_sub_portable  4096 bits : 2359.01 cyc
barith_sub_portable  8192 bits : 4627.88 cyc
barith_sub_portable 16384 bits : 9204.85 cyc
barith_sub_portable 32768 bits : 18134.30 cyc
barith_sub_portable 65536 bits : 36900.69 cyc
barith_sub_portable 131072 bits : 74669.73 cyc
barith_sub_portable 262144 bits : 148005.95 cyc
barith_sub_portable 524288 bits : 245887.70 cyc
barith_sub_intrinsics   256 bits : 209.06 cyc
barith_sub_intrinsics   512 bits : 298.74 cyc
barith_sub_intrinsics  1024 bits : 478.41 cyc
barith_sub_intrinsics  2048 bits : 849.79 cyc
barith_sub_intrinsics  4096 bits : 1233.04 cyc
barith_sub_intrinsics  8192 bits : 2335.74 cyc
barith_sub_intrinsics 16384 bits : 4519.05 cyc
barith_sub_intrinsics 32768 bits : 8909.77 cyc
barith_sub_intrinsics 65536 bits : 19078.41 cyc
barith_sub_intrinsics 131072 bits : 38254.49 cyc
barith_sub_intrinsics 262144 bits : 77717.15 cyc
barith_sub_intrinsics 524288 bits : 211219.42 cyc
barith_sub_shiftr   256 bits : 121.49 cyc
barith_sub_shiftr   512 bits : 249.26 cyc
barith_sub_shiftr  1024 bits : 380.77 cyc
barith_sub_shiftr  2048 bits : 422.74 cyc
barith_sub_shiftr  4096 bits : 881.59 cyc
barith_sub_shiftr  8192 bits : 2546.14 cyc
barith_sub_shiftr 16384 bits : 4819.66 cyc
barith_sub_shiftr 32768 bits : 6195.46 cyc
barith_sub_shiftr 65536 bits : 20462.81 cyc
barith_sub_shiftr 131072 bits : 28824.39 cyc
barith_sub_shiftr 262144 bits : 88469.73 cyc
barith_sub_shiftr 524288 bits : 169560.69 cyc
barith_sub_shiftl   256 bits : 174.35 cyc
barith_sub_shiftl   512 bits : 230.57 cyc
barith_sub_shiftl  1024 bits : 265.95 cyc
barith_sub_shiftl  2048 bits : 463.85 cyc
barith_sub_shiftl  4096 bits : 1194.84 cyc
barith_sub_shiftl  8192 bits : 2262.84 cyc
barith_sub_shiftl 16384 bits : 4313.45 cyc
barith_sub_shiftl 32768 bits : 8689.09 cyc
barith_sub_shiftl 65536 bits : 14064.49 cyc
barith_sub_shiftl 131072 bits : 29628.59 cyc
barith_sub_shiftl 262144 bits : 76564.82 cyc
barith_sub_shiftl 524288 bits : 117016.06 cyc
barith_sub_detect1   256 bits : 128.72 cyc
barith_sub_detect1   512 bits : 171.09 cyc
barith_sub_detect1  1024 bits : 372.71 cyc
barith_sub_detect1  2048 bits : 656.15 cyc
barith_sub_detect1  4096 bits : 1237.10 cyc
barith_sub_detect1  8192 bits : 2392.50 cyc
barith_sub_detect1 16384 bits : 3492.55 cyc
barith_sub_detect1 32768 bits : 7146.85 cyc
barith_sub_detect1 65536 bits : 15271.83 cyc
barith_sub_detect1 131072 bits : 41035.10 cyc
barith_sub_detect1 262144 bits : 81759.98 cyc
barith_sub_detect1 524288 bits : 127684.62 cyc
barith_sub_merged   256 bits : 166.93 cyc
barith_sub_merged   512 bits : 228.45 cyc
barith_sub_merged  1024 bits : 260.52 cyc
barith_sub_merged  2048 bits : 603.73 cyc
barith_sub_merged  4096 bits : 903.27 cyc
barith_sub_merged  8192 bits : 1713.34 cyc
barith_sub_merged 16384 bits : 3349.12 cyc
barith_sub_merged 32768 bits : 5692.23 cyc
barith_sub_merged 65536 bits : 18759.89 cyc
barith_sub_merged 131072 bits : 38292.47 cyc
barith_sub_merged 262144 bits : 78267.85 cyc
barith_sub_merged 524288 bits : 124397.90 cyc
barith_sub_midptrep   256 bits : 174.36 cyc
barith_sub_midptrep   512 bits : 151.44 cyc
barith_sub_midptrep  1024 bits : 209.35 cyc
barith_sub_midptrep  2048 bits : 454.79 cyc
barith_sub_midptrep  4096 bits : 880.90 cyc
barith_sub_midptrep  8192 bits : 1097.58 cyc
barith_sub_midptrep 16384 bits : 3167.78 cyc
barith_sub_midptrep 32768 bits : 3821.86 cyc
barith_sub_midptrep 65536 bits : 8040.90 cyc
barith_sub_midptrep 131072 bits : 25913.00 cyc
barith_sub_midptrep 262144 bits : 33705.68 cyc
barith_sub_midptrep 524288 bits : 115174.60 cyc
barith_sub_nestedbranch   256 bits : 140.85 cyc
barith_sub_nestedbranch   512 bits : 171.56 cyc
barith_sub_nestedbranch  1024 bits : 192.06 cyc
barith_sub_nestedbranch  2048 bits : 288.36 cyc
barith_sub_nestedbranch  4096 bits : 687.50 cyc
barith_sub_nestedbranch  8192 bits : 1023.48 cyc
barith_sub_nestedbranch 16384 bits : 2655.78 cyc
barith_sub_nestedbranch 32768 bits : 3867.99 cyc
barith_sub_nestedbranch 65536 bits : 10553.85 cyc
barith_sub_nestedbranch 131072 bits : 15511.62 cyc
barith_sub_nestedbranch 262144 bits : 32395.64 cyc
barith_sub_nestedbranch 524288 bits : 72423.76 cyc
barith_sub_norad_noexp   256 bits : 119.11 cyc
barith_sub_norad_noexp   512 bits : 139.46 cyc
barith_sub_norad_noexp  1024 bits : 191.22 cyc
barith_sub_norad_noexp  2048 bits : 292.50 cyc
barith_sub_norad_noexp  4096 bits : 709.66 cyc
barith_sub_norad_noexp  8192 bits : 1340.29 cyc
barith_sub_norad_noexp 16384 bits : 1875.42 cyc
barith_sub_norad_noexp 32768 bits : 3940.72 cyc
barith_sub_norad_noexp 65536 bits : 7539.11 cyc
barith_sub_norad_noexp 131072 bits : 21073.29 cyc
barith_sub_norad_noexp 262144 bits : 42425.91 cyc
barith_sub_norad_noexp 524288 bits : 65361.74 cyc
barith2_sub      256 bits : 84.19 cyc
barith2_sub      512 bits : 121.54 cyc
barith2_sub     1024 bits : 203.49 cyc
barith2_sub     2048 bits : 513.24 cyc
barith2_sub     4096 bits : 981.54 cyc
barith2_sub     8192 bits : 1235.91 cyc
barith2_sub    16384 bits : 2434.20 cyc
barith2_sub    32768 bits : 7407.59 cyc
barith2_sub    65536 bits : 9449.49 cyc
barith2_sub    131072 bits : 29436.92 cyc
barith2_sub    262144 bits : 61210.79 cyc
barith2_sub    524288 bits : 89235.07 cyc
barith2_sub_optim1   256 bits : 69.90 cyc
barith2_sub_optim1   512 bits : 82.33 cyc
barith2_sub_optim1  1024 bits : 195.05 cyc
barith2_sub_optim1  2048 bits : 368.00 cyc
barith2_sub_optim1  4096 bits : 733.86 cyc
barith2_sub_optim1  8192 bits : 630.54 cyc
barith2_sub_optim1 16384 bits : 1750.44 cyc
barith2_sub_optim1 32768 bits : 3433.80 cyc
barith2_sub_optim1 65536 bits : 6775.41 cyc
barith2_sub_optim1 131072 bits : 13608.08 cyc
barith2_sub_optim1 262144 bits : 42017.80 cyc
barith2_sub_optim1 524288 bits : 38698.32 cyc
barith_sub_portable   256 bits : 164.79 cyc
barith_sub_portable   512 bits : 359.50 cyc
barith_sub_portable  1024 bits : 644.05 cyc
barith_sub_portable  2048 bits : 997.35 cyc
barith_sub_portable  4096 bits : 1942.97 cyc
barith_sub_portable  8192 bits : 4631.69 cyc
barith_sub_portable 16384 bits : 7579.81 cyc
barith_sub_portable 32768 bits : 18103.89 cyc
barith_sub_portable 65536 bits : 37119.59 cyc
barith_sub_portable 131072 bits : 61840.65 cyc
barith_sub_portable 262144 bits : 122826.29 cyc
barith_sub_portable 524288 bits : 298259.88 cyc
barith_sub_intrinsics   256 bits : 146.12 cyc
barith_sub_intrinsics   512 bits : 304.60 cyc
barith_sub_intrinsics  1024 bits : 355.99 cyc
barith_sub_intrinsics  2048 bits : 760.58 cyc
barith_sub_intrinsics  4096 bits : 1662.24 cyc
barith_sub_intrinsics  8192 bits : 2336.89 cyc
barith_sub_intrinsics 16384 bits : 6145.43 cyc
barith_sub_intrinsics 32768 bits : 8911.01 cyc
barith_sub_intrinsics 65536 bits : 18892.80 cyc
barith_sub_intrinsics 131072 bits : 38009.31 cyc
barith_sub_intrinsics 262144 bits : 77178.74 cyc
barith_sub_intrinsics 524288 bits : 162197.70 cyc
barith_sub_shiftr   256 bits : 180.06 cyc
barith_sub_shiftr   512 bits : 166.28 cyc
barith_sub_shiftr  1024 bits : 380.57 cyc
barith_sub_shiftr  2048 bits : 638.89 cyc
barith_sub_shiftr  4096 bits : 928.69 cyc
barith_sub_shiftr  8192 bits : 2546.71 cyc
barith_sub_shiftr 16384 bits : 4832.02 cyc
barith_sub_shiftr 32768 bits : 6193.19 cyc
barith_sub_shiftr 65536 bits : 20459.24 cyc
barith_sub_shiftr 131072 bits : 41577.16 cyc
barith_sub_shiftr 262144 bits : 58030.56 cyc
barith_sub_shiftr 524288 bits : 118302.15 cyc
barith_sub_shiftl   256 bits : 121.41 cyc
barith_sub_shiftl   512 bits : 168.12 cyc
barith_sub_shiftl  1024 bits : 364.86 cyc
barith_sub_shiftl  2048 bits : 466.84 cyc
barith_sub_shiftl  4096 bits : 1228.70 cyc
barith_sub_shiftl  8192 bits : 1676.40 cyc
barith_sub_shiftl 16384 bits : 4334.50 cyc
barith_sub_shiftl 32768 bits : 8669.92 cyc
barith_sub_shiftl 65536 bits : 14288.95 cyc
barith_sub_shiftl 131072 bits : 38969.18 cyc
barith_sub_shiftl 262144 bits : 76365.88 cyc
barith_sub_shiftl 524288 bits : 113053.88 cyc
barith_sub_detect1   256 bits : 124.39 cyc
barith_sub_detect1   512 bits : 237.12 cyc
barith_sub_detect1  1024 bits : 371.80 cyc
barith_sub_detect1  2048 bits : 658.10 cyc
barith_sub_detect1  4096 bits : 954.79 cyc
barith_sub_detect1  8192 bits : 1803.51 cyc
barith_sub_detect1 16384 bits : 4656.62 cyc
barith_sub_detect1 32768 bits : 7124.75 cyc
barith_sub_detect1 65536 bits : 15310.08 cyc
barith_sub_detect1 131072 bits : 31199.54 cyc
barith_sub_detect1 262144 bits : 61735.40 cyc
barith_sub_detect1 524288 bits : 167150.70 cyc
barith_sub_merged   256 bits : 166.93 cyc
barith_sub_merged   512 bits : 163.30 cyc
barith_sub_merged  1024 bits : 260.07 cyc
barith_sub_merged  2048 bits : 463.59 cyc
barith_sub_merged  4096 bits : 942.84 cyc
barith_sub_merged  8192 bits : 1703.99 cyc
barith_sub_merged 16384 bits : 4325.27 cyc
barith_sub_merged 32768 bits : 8142.12 cyc
barith_sub_merged 65536 bits : 18748.39 cyc
barith_sub_merged 131072 bits : 28854.22 cyc
barith_sub_merged 262144 bits : 76435.12 cyc
barith_sub_merged 524288 bits : 161749.52 cyc
barith_sub_midptrep   256 bits : 173.71 cyc
barith_sub_midptrep   512 bits : 156.24 cyc
barith_sub_midptrep  1024 bits : 290.40 cyc
barith_sub_midptrep  2048 bits : 319.14 cyc
barith_sub_midptrep  4096 bits : 606.27 cyc
barith_sub_midptrep  8192 bits : 1671.03 cyc
barith_sub_midptrep 16384 bits : 2011.01 cyc
barith_sub_midptrep 32768 bits : 6119.82 cyc
barith_sub_midptrep 65536 bits : 12724.91 cyc
barith_sub_midptrep 131072 bits : 25848.00 cyc
barith_sub_midptrep 262144 bits : 33497.00 cyc
barith_sub_midptrep 524288 bits : 72307.59 cyc
barith_sub_nestedbranch   256 bits : 117.71 cyc
barith_sub_nestedbranch   512 bits : 139.46 cyc
barith_sub_nestedbranch  1024 bits : 191.64 cyc
barith_sub_nestedbranch  2048 bits : 289.04 cyc
barith_sub_nestedbranch  4096 bits : 690.23 cyc
barith_sub_nestedbranch  8192 bits : 1353.78 cyc
barith_sub_nestedbranch 16384 bits : 2016.64 cyc
barith_sub_nestedbranch 32768 bits : 3864.00 cyc
barith_sub_nestedbranch 65536 bits : 7989.32 cyc
barith_sub_nestedbranch 131072 bits : 20420.54 cyc
barith_sub_nestedbranch 262144 bits : 31925.83 cyc
barith_sub_nestedbranch 524288 bits : 96131.24 cyc
barith_sub_norad_noexp   256 bits : 142.45 cyc
barith_sub_norad_noexp   512 bits : 139.70 cyc
barith_sub_norad_noexp  1024 bits : 236.80 cyc
barith_sub_norad_noexp  2048 bits : 372.96 cyc
barith_sub_norad_noexp  4096 bits : 711.52 cyc
barith_sub_norad_noexp  8192 bits : 1340.31 cyc
barith_sub_norad_noexp 16384 bits : 1875.86 cyc
barith_sub_norad_noexp 32768 bits : 5235.94 cyc
barith_sub_norad_noexp 65536 bits : 10080.44 cyc
barith_sub_norad_noexp 131072 bits : 20882.71 cyc
barith_sub_norad_noexp 262144 bits : 32226.09 cyc
barith_sub_norad_noexp 524288 bits : 86231.40 cyc
barith2_sub      256 bits : 84.16 cyc
barith2_sub      512 bits : 123.84 cyc
barith2_sub     1024 bits : 202.93 cyc
barith2_sub     2048 bits : 319.61 cyc
barith2_sub     4096 bits : 642.31 cyc
barith2_sub     8192 bits : 1951.51 cyc
barith2_sub    16384 bits : 3762.55 cyc
barith2_sub    32768 bits : 4828.88 cyc
barith2_sub    65536 bits : 11151.01 cyc
barith2_sub    131072 bits : 22183.67 cyc
barith2_sub    262144 bits : 58640.70 cyc
barith2_sub    524288 bits : 90786.71 cyc
barith2_sub_optim1   256 bits : 53.61 cyc
barith2_sub_optim1   512 bits : 111.17 cyc
barith2_sub_optim1  1024 bits : 449.64 cyc
barith2_sub_optim1  2048 bits : 259.77 cyc
barith2_sub_optim1  4096 bits : 459.59 cyc
barith2_sub_optim1  8192 bits : 1081.04 cyc
barith2_sub_optim1 16384 bits : 2174.31 cyc
barith2_sub_optim1 32768 bits : 3434.86 cyc
barith2_sub_optim1 65536 bits : 10499.51 cyc
barith2_sub_optim1 131072 bits : 20979.69 cyc
barith2_sub_optim1 262144 bits : 34038.99 cyc
barith2_sub_optim1 524288 bits : 68770.07 cyc
