barith_add       256 bits : 209.81 cyc
barith_add       512 bits : 292.87 cyc
barith_add      1024 bits : 501.03 cyc
barith_add      2048 bits : 899.98 cyc
barith_add      4096 bits : 1819.48 cyc
barith_add      8192 bits : 3422.08 cyc
barith_add     16384 bits : 6714.72 cyc
barith_add     32768 bits : 7986.92 cyc
barith_add     65536 bits : 16104.73 cyc
barith_add_shiftr   256 bits : 200.98 cyc
barith_add_shiftr   512 bits : 268.59 cyc
barith_add_shiftr  1024 bits : 407.17 cyc
barith_add_shiftr  2048 bits : 708.61 cyc
barith_add_shiftr  4096 bits : 1426.52 cyc
barith_add_shiftr  8192 bits : 2702.64 cyc
barith_add_shiftr 16384 bits : 4092.42 cyc
barith_add_shiftr 32768 bits : 10135.91 cyc
barith_add_shiftr 65536 bits : 15982.28 cyc
barith_add_shiftl   256 bits : 192.66 cyc
barith_add_shiftl   512 bits : 253.75 cyc
barith_add_shiftl  1024 bits : 299.44 cyc
barith_add_shiftl  2048 bits : 673.54 cyc
barith_add_shiftl  4096 bits : 1024.25 cyc
barith_add_shiftl  8192 bits : 1939.08 cyc
barith_add_shiftl 16384 bits : 4816.57 cyc
barith_add_shiftl 32768 bits : 9356.50 cyc
barith_add_shiftl 65536 bits : 18776.90 cyc
barith_add_plus   256 bits : 185.59 cyc
barith_add_plus   512 bits : 232.21 cyc
barith_add_plus  1024 bits : 344.09 cyc
barith_add_plus  2048 bits : 557.76 cyc
barith_add_plus  4096 bits : 710.07 cyc
barith_add_plus  8192 bits : 1987.46 cyc
barith_add_plus 16384 bits : 3810.97 cyc
barith_add_plus 32768 bits : 5196.01 cyc
barith_add_plus 65536 bits : 14494.15 cyc
barith_add_detect1   256 bits : 182.85 cyc
barith_add_detect1   512 bits : 176.56 cyc
barith_add_detect1  1024 bits : 342.58 cyc
barith_add_detect1  2048 bits : 559.77 cyc
barith_add_detect1  4096 bits : 994.89 cyc
barith_add_detect1  8192 bits : 1986.03 cyc
barith_add_detect1 16384 bits : 3794.39 cyc
barith_add_detect1 32768 bits : 7323.67 cyc
barith_add_detect1 65536 bits : 14513.27 cyc
barith_add       256 bits : 207.81 cyc
barith_add       512 bits : 206.87 cyc
barith_add      1024 bits : 508.31 cyc
barith_add      2048 bits : 906.98 cyc
barith_add      4096 bits : 1788.26 cyc
barith_add      8192 bits : 3427.26 cyc
barith_add     16384 bits : 6722.61 cyc
barith_add     32768 bits : 8033.93 cyc
barith_add     65536 bits : 16104.84 cyc
barith_add_shiftr   256 bits : 195.32 cyc
barith_add_shiftr   512 bits : 266.48 cyc
barith_add_shiftr  1024 bits : 406.26 cyc
barith_add_shiftr  2048 bits : 716.26 cyc
barith_add_shiftr  4096 bits : 1402.55 cyc
barith_add_shiftr  8192 bits : 2682.55 cyc
barith_add_shiftr 16384 bits : 4094.70 cyc
barith_add_shiftr 32768 bits : 10247.54 cyc
barith_add_shiftr 65536 bits : 16111.54 cyc
barith_add_shiftl   256 bits : 193.01 cyc
barith_add_shiftl   512 bits : 255.83 cyc
barith_add_shiftl  1024 bits : 297.27 cyc
barith_add_shiftl  2048 bits : 668.57 cyc
barith_add_shiftl  4096 bits : 1009.65 cyc
barith_add_shiftl  8192 bits : 2041.24 cyc
barith_add_shiftl 16384 bits : 4918.19 cyc
barith_add_shiftl 32768 bits : 9508.92 cyc
barith_add_shiftl 65536 bits : 18752.62 cyc
barith_add_plus   256 bits : 184.62 cyc
barith_add_plus   512 bits : 245.62 cyc
barith_add_plus  1024 bits : 342.10 cyc
barith_add_plus  2048 bits : 562.94 cyc
barith_add_plus  4096 bits : 704.73 cyc
barith_add_plus  8192 bits : 2081.99 cyc
barith_add_plus 16384 bits : 3894.74 cyc
barith_add_plus 32768 bits : 5293.66 cyc
barith_add_plus 65536 bits : 14574.95 cyc
barith_add_detect1   256 bits : 181.85 cyc
barith_add_detect1   512 bits : 169.96 cyc
barith_add_detect1  1024 bits : 340.34 cyc
barith_add_detect1  2048 bits : 572.01 cyc
barith_add_detect1  4096 bits : 996.45 cyc
barith_add_detect1  8192 bits : 2093.95 cyc
barith_add_detect1 16384 bits : 3903.82 cyc
barith_add_detect1 32768 bits : 7405.90 cyc
barith_add_detect1 65536 bits : 14554.40 cyc
barith_add       256 bits : 209.06 cyc
barith_add       512 bits : 209.86 cyc
barith_add      1024 bits : 500.08 cyc
barith_add      2048 bits : 896.58 cyc
barith_add      4096 bits : 1822.77 cyc
barith_add      8192 bits : 3424.10 cyc
barith_add     16384 bits : 6716.86 cyc
barith_add     32768 bits : 7986.39 cyc
barith_add     65536 bits : 15995.67 cyc
barith_add_shiftr   256 bits : 201.91 cyc
barith_add_shiftr   512 bits : 271.59 cyc
barith_add_shiftr  1024 bits : 425.94 cyc
barith_add_shiftr  2048 bits : 717.78 cyc
barith_add_shiftr  4096 bits : 1445.06 cyc
barith_add_shiftr  8192 bits : 2683.17 cyc
barith_add_shiftr 16384 bits : 4099.01 cyc
barith_add_shiftr 32768 bits : 10131.83 cyc
barith_add_shiftr 65536 bits : 16001.06 cyc
barith_add_shiftl   256 bits : 192.89 cyc
barith_add_shiftl   512 bits : 248.25 cyc
barith_add_shiftl  1024 bits : 302.75 cyc
barith_add_shiftl  2048 bits : 666.44 cyc
barith_add_shiftl  4096 bits : 1026.29 cyc
barith_add_shiftl  8192 bits : 1953.84 cyc
barith_add_shiftl 16384 bits : 4830.18 cyc
barith_add_shiftl 32768 bits : 9350.82 cyc
barith_add_shiftl 65536 bits : 18672.06 cyc
barith_add_plus   256 bits : 184.13 cyc
barith_add_plus   512 bits : 231.34 cyc
barith_add_plus  1024 bits : 361.71 cyc
barith_add_plus  2048 bits : 560.38 cyc
barith_add_plus  4096 bits : 702.38 cyc
barith_add_plus  8192 bits : 1983.20 cyc
barith_add_plus 16384 bits : 3793.36 cyc
barith_add_plus 32768 bits : 5162.89 cyc
barith_add_plus 65536 bits : 14501.49 cyc
barith_add_detect1   256 bits : 184.87 cyc
barith_add_detect1   512 bits : 174.66 cyc
barith_add_detect1  1024 bits : 340.19 cyc
barith_add_detect1  2048 bits : 557.51 cyc
barith_add_detect1  4096 bits : 995.72 cyc
barith_add_detect1  8192 bits : 1986.80 cyc
barith_add_detect1 16384 bits : 3796.01 cyc
barith_add_detect1 32768 bits : 7308.35 cyc
barith_add_detect1 65536 bits : 14476.08 cyc
barith_add       256 bits : 209.81 cyc
barith_add       512 bits : 206.79 cyc
barith_add      1024 bits : 503.08 cyc
barith_add      2048 bits : 896.46 cyc
barith_add      4096 bits : 1787.36 cyc
barith_add      8192 bits : 3424.47 cyc
barith_add     16384 bits : 6721.75 cyc
barith_add     32768 bits : 8022.31 cyc
barith_add     65536 bits : 16090.20 cyc
barith_add_shiftr   256 bits : 197.53 cyc
barith_add_shiftr   512 bits : 273.21 cyc
barith_add_shiftr  1024 bits : 414.21 cyc
barith_add_shiftr  2048 bits : 738.43 cyc
barith_add_shiftr  4096 bits : 1390.66 cyc
barith_add_shiftr  8192 bits : 2685.92 cyc
barith_add_shiftr 16384 bits : 4111.24 cyc
barith_add_shiftr 32768 bits : 10273.39 cyc
barith_add_shiftr 65536 bits : 16071.02 cyc
barith_add_shiftl   256 bits : 193.89 cyc
barith_add_shiftl   512 bits : 250.28 cyc
barith_add_shiftl  1024 bits : 303.12 cyc
barith_add_shiftl  2048 bits : 666.25 cyc
barith_add_shiftl  4096 bits : 987.30 cyc
barith_add_shiftl  8192 bits : 2033.88 cyc
barith_add_shiftl 16384 bits : 4922.90 cyc
barith_add_shiftl 32768 bits : 9523.94 cyc
barith_add_shiftl 65536 bits : 18747.76 cyc
barith_add_plus   256 bits : 185.62 cyc
barith_add_plus   512 bits : 238.49 cyc
barith_add_plus  1024 bits : 360.73 cyc
barith_add_plus  2048 bits : 604.38 cyc
barith_add_plus  4096 bits : 704.65 cyc
barith_add_plus  8192 bits : 2077.64 cyc
barith_add_plus 16384 bits : 3898.45 cyc
barith_add_plus 32768 bits : 5272.47 cyc
barith_add_plus 65536 bits : 14587.63 cyc
barith_add_detect1   256 bits : 182.87 cyc
barith_add_detect1   512 bits : 175.21 cyc
barith_add_detect1  1024 bits : 348.06 cyc
barith_add_detect1  2048 bits : 619.53 cyc
barith_add_detect1  4096 bits : 1020.96 cyc
barith_add_detect1  8192 bits : 2085.43 cyc
barith_add_detect1 16384 bits : 3900.17 cyc
barith_add_detect1 32768 bits : 7400.14 cyc
barith_add_detect1 65536 bits : 14648.91 cyc
barith_add       256 bits : 207.81 cyc
barith_add       512 bits : 206.67 cyc
barith_add      1024 bits : 502.07 cyc
barith_add      2048 bits : 899.80 cyc
barith_add      4096 bits : 1822.28 cyc
barith_add      8192 bits : 3420.68 cyc
barith_add     16384 bits : 6714.46 cyc
barith_add     32768 bits : 7981.15 cyc
barith_add     65536 bits : 15967.62 cyc
barith_add_shiftr   256 bits : 200.93 cyc
barith_add_shiftr   512 bits : 268.57 cyc
barith_add_shiftr  1024 bits : 416.56 cyc
barith_add_shiftr  2048 bits : 717.42 cyc
barith_add_shiftr  4096 bits : 1429.32 cyc
barith_add_shiftr  8192 bits : 2738.40 cyc
barith_add_shiftr 16384 bits : 4097.14 cyc
barith_add_shiftr 32768 bits : 10130.79 cyc
barith_add_shiftr 65536 bits : 15985.41 cyc
barith_add_shiftl   256 bits : 195.19 cyc
barith_add_shiftl   512 bits : 262.86 cyc
barith_add_shiftl  1024 bits : 297.91 cyc
barith_add_shiftl  2048 bits : 677.64 cyc
barith_add_shiftl  4096 bits : 1026.21 cyc
barith_add_shiftl  8192 bits : 1946.25 cyc
barith_add_shiftl 16384 bits : 4820.56 cyc
barith_add_shiftl 32768 bits : 9344.70 cyc
barith_add_shiftl 65536 bits : 18781.97 cyc
barith_add_plus   256 bits : 185.60 cyc
barith_add_plus   512 bits : 244.34 cyc
barith_add_plus  1024 bits : 362.17 cyc
barith_add_plus  2048 bits : 558.87 cyc
barith_add_plus  4096 bits : 703.20 cyc
barith_add_plus  8192 bits : 1989.22 cyc
barith_add_plus 16384 bits : 3807.00 cyc
barith_add_plus 32768 bits : 5165.64 cyc
barith_add_plus 65536 bits : 14497.42 cyc
barith_add_detect1   256 bits : 182.09 cyc
barith_add_detect1   512 bits : 175.22 cyc
barith_add_detect1  1024 bits : 340.37 cyc
barith_add_detect1  2048 bits : 563.03 cyc
barith_add_detect1  4096 bits : 995.90 cyc
barith_add_detect1  8192 bits : 1987.54 cyc
barith_add_detect1 16384 bits : 3792.43 cyc
barith_add_detect1 32768 bits : 7293.67 cyc
barith_add_detect1 65536 bits : 14533.31 cyc
barith_add       256 bits : 207.81 cyc
barith_add       512 bits : 206.79 cyc
barith_add      1024 bits : 514.00 cyc
barith_add      2048 bits : 896.75 cyc
barith_add      4096 bits : 1821.65 cyc
barith_add      8192 bits : 3424.14 cyc
barith_add     16384 bits : 6717.52 cyc
barith_add     32768 bits : 7983.45 cyc
barith_add     65536 bits : 15920.28 cyc
barith_add_shiftr   256 bits : 205.09 cyc
barith_add_shiftr   512 bits : 269.10 cyc
barith_add_shiftr  1024 bits : 424.72 cyc
barith_add_shiftr  2048 bits : 720.86 cyc
barith_add_shiftr  4096 bits : 1428.44 cyc
barith_add_shiftr  8192 bits : 2680.10 cyc
barith_add_shiftr 16384 bits : 4099.40 cyc
barith_add_shiftr 32768 bits : 10114.20 cyc
barith_add_shiftr 65536 bits : 16009.52 cyc
barith_add_shiftl   256 bits : 193.88 cyc
barith_add_shiftl   512 bits : 253.10 cyc
barith_add_shiftl  1024 bits : 296.88 cyc
barith_add_shiftl  2048 bits : 667.59 cyc
barith_add_shiftl  4096 bits : 1135.43 cyc
barith_add_shiftl  8192 bits : 1946.78 cyc
barith_add_shiftl 16384 bits : 4824.69 cyc
barith_add_shiftl 32768 bits : 9352.14 cyc
barith_add_shiftl 65536 bits : 18701.12 cyc
barith_add_plus   256 bits : 184.53 cyc
barith_add_plus   512 bits : 231.99 cyc
barith_add_plus  1024 bits : 344.12 cyc
barith_add_plus  2048 bits : 556.75 cyc
barith_add_plus  4096 bits : 708.82 cyc
barith_add_plus  8192 bits : 2003.69 cyc
barith_add_plus 16384 bits : 3792.41 cyc
barith_add_plus 32768 bits : 6182.74 cyc
barith_add_plus 65536 bits : 14524.77 cyc
barith_add_detect1   256 bits : 182.81 cyc
barith_add_detect1   512 bits : 169.79 cyc
barith_add_detect1  1024 bits : 339.38 cyc
barith_add_detect1  2048 bits : 560.68 cyc
barith_add_detect1  4096 bits : 1006.59 cyc
barith_add_detect1  8192 bits : 1986.55 cyc
barith_add_detect1 16384 bits : 3793.64 cyc
barith_add_detect1 32768 bits : 7313.30 cyc
barith_add_detect1 65536 bits : 14493.76 cyc
barith_add       256 bits : 209.81 cyc
barith_add       512 bits : 210.72 cyc
barith_add      1024 bits : 495.56 cyc
barith_add      2048 bits : 901.52 cyc
barith_add      4096 bits : 1819.58 cyc
barith_add      8192 bits : 3418.86 cyc
barith_add     16384 bits : 6714.94 cyc
barith_add     32768 bits : 7981.64 cyc
barith_add     65536 bits : 16060.16 cyc
barith_add_shiftr   256 bits : 200.91 cyc
barith_add_shiftr   512 bits : 268.70 cyc
barith_add_shiftr  1024 bits : 414.73 cyc
barith_add_shiftr  2048 bits : 720.26 cyc
barith_add_shiftr  4096 bits : 1431.41 cyc
barith_add_shiftr  8192 bits : 2698.83 cyc
barith_add_shiftr 16384 bits : 4097.91 cyc
barith_add_shiftr 32768 bits : 10133.95 cyc
barith_add_shiftr 65536 bits : 16069.94 cyc
barith_add_shiftl   256 bits : 193.20 cyc
barith_add_shiftl   512 bits : 254.14 cyc
barith_add_shiftl  1024 bits : 298.05 cyc
barith_add_shiftl  2048 bits : 674.28 cyc
barith_add_shiftl  4096 bits : 1024.16 cyc
barith_add_shiftl  8192 bits : 1934.25 cyc
barith_add_shiftl 16384 bits : 4830.61 cyc
barith_add_shiftl 32768 bits : 9379.15 cyc
barith_add_shiftl 65536 bits : 18883.08 cyc
barith_add_plus   256 bits : 185.12 cyc
barith_add_plus   512 bits : 231.77 cyc
barith_add_plus  1024 bits : 365.59 cyc
barith_add_plus  2048 bits : 556.90 cyc
barith_add_plus  4096 bits : 703.88 cyc
barith_add_plus  8192 bits : 1980.94 cyc
barith_add_plus 16384 bits : 3813.20 cyc
barith_add_plus 32768 bits : 5157.36 cyc
barith_add_plus 65536 bits : 14519.34 cyc
barith_add_detect1   256 bits : 181.79 cyc
barith_add_detect1   512 bits : 170.15 cyc
barith_add_detect1  1024 bits : 339.44 cyc
barith_add_detect1  2048 bits : 576.13 cyc
barith_add_detect1  4096 bits : 1000.80 cyc
barith_add_detect1  8192 bits : 1986.93 cyc
barith_add_detect1 16384 bits : 3794.80 cyc
barith_add_detect1 32768 bits : 7327.14 cyc
barith_add_detect1 65536 bits : 14529.47 cyc
barith_add       256 bits : 210.36 cyc
barith_add       512 bits : 207.00 cyc
barith_add      1024 bits : 508.24 cyc
barith_add      2048 bits : 919.29 cyc
barith_add      4096 bits : 1784.37 cyc
barith_add      8192 bits : 3424.26 cyc
barith_add     16384 bits : 6716.59 cyc
barith_add     32768 bits : 8070.19 cyc
barith_add     65536 bits : 16123.03 cyc
barith_add_shiftr   256 bits : 201.01 cyc
barith_add_shiftr   512 bits : 268.81 cyc
barith_add_shiftr  1024 bits : 414.29 cyc
barith_add_shiftr  2048 bits : 717.58 cyc
barith_add_shiftr  4096 bits : 1406.92 cyc
barith_add_shiftr  8192 bits : 2690.97 cyc
barith_add_shiftr 16384 bits : 4108.77 cyc
barith_add_shiftr 32768 bits : 10128.45 cyc
barith_add_shiftr 65536 bits : 16094.45 cyc
barith_add_shiftl   256 bits : 193.41 cyc
barith_add_shiftl   512 bits : 250.06 cyc
barith_add_shiftl  1024 bits : 298.81 cyc
barith_add_shiftl  2048 bits : 667.66 cyc
barith_add_shiftl  4096 bits : 988.08 cyc
barith_add_shiftl  8192 bits : 1960.79 cyc
barith_add_shiftl 16384 bits : 4842.01 cyc
barith_add_shiftl 32768 bits : 9540.62 cyc
barith_add_shiftl 65536 bits : 18815.90 cyc
barith_add_plus   256 bits : 184.57 cyc
barith_add_plus   512 bits : 238.16 cyc
barith_add_plus  1024 bits : 352.10 cyc
barith_add_plus  2048 bits : 560.57 cyc
barith_add_plus  4096 bits : 702.74 cyc
barith_add_plus  8192 bits : 1989.94 cyc
barith_add_plus 16384 bits : 3789.74 cyc
barith_add_plus 32768 bits : 5230.89 cyc
barith_add_plus 65536 bits : 14613.07 cyc
barith_add_detect1   256 bits : 181.78 cyc
barith_add_detect1   512 bits : 175.28 cyc
barith_add_detect1  1024 bits : 344.06 cyc
barith_add_detect1  2048 bits : 562.60 cyc
barith_add_detect1  4096 bits : 995.49 cyc
barith_add_detect1  8192 bits : 1986.23 cyc
barith_add_detect1 16384 bits : 3798.18 cyc
barith_add_detect1 32768 bits : 7343.05 cyc
barith_add_detect1 65536 bits : 14622.28 cyc
barith_add       256 bits : 209.81 cyc
barith_add       512 bits : 207.09 cyc
barith_add      1024 bits : 506.35 cyc
barith_add      2048 bits : 895.67 cyc
barith_add      4096 bits : 1824.71 cyc
barith_add      8192 bits : 3419.05 cyc
barith_add     16384 bits : 6735.92 cyc
barith_add     32768 bits : 7985.77 cyc
barith_add     65536 bits : 16071.78 cyc
barith_add_shiftr   256 bits : 202.98 cyc
barith_add_shiftr   512 bits : 273.35 cyc
barith_add_shiftr  1024 bits : 415.00 cyc
barith_add_shiftr  2048 bits : 731.71 cyc
barith_add_shiftr  4096 bits : 1431.18 cyc
barith_add_shiftr  8192 bits : 2684.44 cyc
barith_add_shiftr 16384 bits : 4092.53 cyc
barith_add_shiftr 32768 bits : 10121.26 cyc
barith_add_shiftr 65536 bits : 15972.37 cyc
barith_add_shiftl   256 bits : 193.79 cyc
barith_add_shiftl   512 bits : 258.39 cyc
barith_add_shiftl  1024 bits : 298.83 cyc
barith_add_shiftl  2048 bits : 677.20 cyc
barith_add_shiftl  4096 bits : 1027.02 cyc
barith_add_shiftl  8192 bits : 1949.64 cyc
barith_add_shiftl 16384 bits : 4818.77 cyc
barith_add_shiftl 32768 bits : 9353.07 cyc
barith_add_shiftl 65536 bits : 18653.99 cyc
barith_add_plus   256 bits : 184.54 cyc
barith_add_plus   512 bits : 231.69 cyc
barith_add_plus  1024 bits : 362.90 cyc
barith_add_plus  2048 bits : 549.40 cyc
barith_add_plus  4096 bits : 702.35 cyc
barith_add_plus  8192 bits : 1995.39 cyc
barith_add_plus 16384 bits : 3795.91 cyc
barith_add_plus 32768 bits : 5150.13 cyc
barith_add_plus 65536 bits : 14522.88 cyc
barith_add_detect1   256 bits : 181.82 cyc
barith_add_detect1   512 bits : 169.94 cyc
barith_add_detect1  1024 bits : 339.81 cyc
barith_add_detect1  2048 bits : 561.62 cyc
barith_add_detect1  4096 bits : 996.15 cyc
barith_add_detect1  8192 bits : 1987.71 cyc
barith_add_detect1 16384 bits : 3795.93 cyc
barith_add_detect1 32768 bits : 7291.16 cyc
barith_add_detect1 65536 bits : 14446.01 cyc
barith_add       256 bits : 207.94 cyc
barith_add       512 bits : 209.90 cyc
barith_add      1024 bits : 501.81 cyc
barith_add      2048 bits : 901.89 cyc
barith_add      4096 bits : 1785.71 cyc
barith_add      8192 bits : 3421.85 cyc
barith_add     16384 bits : 6721.48 cyc
barith_add     32768 bits : 7981.11 cyc
barith_add     65536 bits : 16017.97 cyc
barith_add_shiftr   256 bits : 203.38 cyc
barith_add_shiftr   512 bits : 269.37 cyc
barith_add_shiftr  1024 bits : 416.48 cyc
barith_add_shiftr  2048 bits : 756.97 cyc
barith_add_shiftr  4096 bits : 1399.86 cyc
barith_add_shiftr  8192 bits : 2688.35 cyc
barith_add_shiftr 16384 bits : 4096.88 cyc
barith_add_shiftr 32768 bits : 10146.44 cyc
barith_add_shiftr 65536 bits : 16052.26 cyc
barith_add_shiftl   256 bits : 203.87 cyc
barith_add_shiftl   512 bits : 255.38 cyc
barith_add_shiftl  1024 bits : 303.29 cyc
barith_add_shiftl  2048 bits : 671.37 cyc
barith_add_shiftl  4096 bits : 986.71 cyc
barith_add_shiftl  8192 bits : 1956.37 cyc
barith_add_shiftl 16384 bits : 4833.60 cyc
barith_add_shiftl 32768 bits : 9368.67 cyc
barith_add_shiftl 65536 bits : 18666.76 cyc
barith_add_plus   256 bits : 186.41 cyc
barith_add_plus   512 bits : 232.53 cyc
barith_add_plus  1024 bits : 343.32 cyc
barith_add_plus  2048 bits : 607.08 cyc
barith_add_plus  4096 bits : 703.57 cyc
barith_add_plus  8192 bits : 1991.74 cyc
barith_add_plus 16384 bits : 3790.20 cyc
barith_add_plus 32768 bits : 5185.27 cyc
barith_add_plus 65536 bits : 14477.01 cyc
barith_add_detect1   256 bits : 184.66 cyc
barith_add_detect1   512 bits : 170.25 cyc
barith_add_detect1  1024 bits : 342.80 cyc
barith_add_detect1  2048 bits : 618.18 cyc
barith_add_detect1  4096 bits : 1015.49 cyc
barith_add_detect1  8192 bits : 1988.91 cyc
barith_add_detect1 16384 bits : 3793.26 cyc
barith_add_detect1 32768 bits : 7288.54 cyc
barith_add_detect1 65536 bits : 14527.56 cyc
