barith2_add4_scalar    256 bits : 187.20 cyc
barith2_add4_scalar    512 bits : 214.65 cyc
barith2_add4_scalar   1024 bits : 1024.90 cyc
barith2_add4_scalar   2048 bits : 548.40 cyc
barith2_add4_scalar   4096 bits : 1060.15 cyc
barith2_add4_scalar   8192 bits : 1997.45 cyc
barith2_add4_scalar  16384 bits : 3712.65 cyc
barith2_add4_scalar  32768 bits : 7690.55 cyc
barith2_add4_scalar  65536 bits : 15560.40 cyc
barith2_add4_scalar 131072 bits : 33152.35 cyc
barith2_add4_scalar 262144 bits : 68812.15 cyc
barith2_add4_scalar 524288 bits : 134239.05 cyc
barith2_add4_simd    256 bits : 208.15 cyc
barith2_add4_simd    512 bits : 250.05 cyc
barith2_add4_simd   1024 bits : 1018.00 cyc
barith2_add4_simd   2048 bits : 635.00 cyc
barith2_add4_simd   4096 bits : 1157.70 cyc
barith2_add4_simd   8192 bits : 2417.85 cyc
barith2_add4_simd  16384 bits : 5055.50 cyc
barith2_add4_simd  32768 bits : 7288.50 cyc
barith2_add4_simd  65536 bits : 17781.30 cyc
barith2_add4_simd 131072 bits : 36403.65 cyc
barith2_add4_simd 262144 bits : 91630.40 cyc
barith2_add4_simd 524288 bits : 182904.60 cyc
barith2_add4_scalar    256 bits : 152.70 cyc
barith2_add4_scalar    512 bits : 258.00 cyc
barith2_add4_scalar   1024 bits : 1392.50 cyc
barith2_add4_scalar   2048 bits : 601.85 cyc
barith2_add4_scalar   4096 bits : 1059.35 cyc
barith2_add4_scalar   8192 bits : 2009.70 cyc
barith2_add4_scalar  16384 bits : 3840.90 cyc
barith2_add4_scalar  32768 bits : 7821.35 cyc
barith2_add4_scalar  65536 bits : 15160.05 cyc
barith2_add4_scalar 131072 bits : 31274.50 cyc
barith2_add4_scalar 262144 bits : 65884.50 cyc
barith2_add4_scalar 524288 bits : 136908.25 cyc
barith2_add4_simd    256 bits : 147.55 cyc
barith2_add4_simd    512 bits : 306.40 cyc
barith2_add4_simd   1024 bits : 651.50 cyc
barith2_add4_simd   2048 bits : 553.15 cyc
barith2_add4_simd   4096 bits : 1153.35 cyc
barith2_add4_simd   8192 bits : 1732.00 cyc
barith2_add4_simd  16384 bits : 4569.75 cyc
barith2_add4_simd  32768 bits : 8056.75 cyc
barith2_add4_simd  65536 bits : 17561.50 cyc
barith2_add4_simd 131072 bits : 37102.30 cyc
barith2_add4_simd 262144 bits : 76519.00 cyc
barith2_add4_simd 524288 bits : 156854.75 cyc
barith2_add4_scalar    256 bits : 187.70 cyc
barith2_add4_scalar    512 bits : 214.75 cyc
barith2_add4_scalar   1024 bits : 1388.75 cyc
barith2_add4_scalar   2048 bits : 547.80 cyc
barith2_add4_scalar   4096 bits : 1073.45 cyc
barith2_add4_scalar   8192 bits : 2090.15 cyc
barith2_add4_scalar  16384 bits : 3681.75 cyc
barith2_add4_scalar  32768 bits : 7544.45 cyc
barith2_add4_scalar  65536 bits : 15540.45 cyc
barith2_add4_scalar 131072 bits : 32018.55 cyc
barith2_add4_scalar 262144 bits : 66431.90 cyc
barith2_add4_scalar 524288 bits : 123227.65 cyc
barith2_add4_simd    256 bits : 213.60 cyc
barith2_add4_simd    512 bits : 248.10 cyc
barith2_add4_simd   1024 bits : 1392.40 cyc
barith2_add4_simd   2048 bits : 637.25 cyc
barith2_add4_simd   4096 bits : 1149.65 cyc
barith2_add4_simd   8192 bits : 1963.80 cyc
barith2_add4_simd  16384 bits : 4564.90 cyc
barith2_add4_simd  32768 bits : 9660.45 cyc
barith2_add4_simd  65536 bits : 17639.20 cyc
barith2_add4_simd 131072 bits : 36634.10 cyc
barith2_add4_simd 262144 bits : 77273.60 cyc
barith2_add4_simd 524288 bits : 157053.35 cyc
barith2_add4_scalar    256 bits : 227.20 cyc
barith2_add4_scalar    512 bits : 255.00 cyc
barith2_add4_scalar   1024 bits : 1375.55 cyc
barith2_add4_scalar   2048 bits : 555.35 cyc
barith2_add4_scalar   4096 bits : 907.85 cyc
barith2_add4_scalar   8192 bits : 2190.00 cyc
barith2_add4_scalar  16384 bits : 3784.15 cyc
barith2_add4_scalar  32768 bits : 7822.65 cyc
barith2_add4_scalar  65536 bits : 14967.25 cyc
barith2_add4_scalar 131072 bits : 33071.05 cyc
barith2_add4_scalar 262144 bits : 58562.50 cyc
barith2_add4_scalar 524288 bits : 128851.00 cyc
barith2_add4_simd    256 bits : 108.30 cyc
barith2_add4_simd    512 bits : 252.95 cyc
barith2_add4_simd   1024 bits : 1403.25 cyc
barith2_add4_simd   2048 bits : 632.40 cyc
barith2_add4_simd   4096 bits : 1278.40 cyc
barith2_add4_simd   8192 bits : 2185.75 cyc
barith2_add4_simd  16384 bits : 4551.50 cyc
barith2_add4_simd  32768 bits : 9664.60 cyc
barith2_add4_simd  65536 bits : 19289.35 cyc
barith2_add4_simd 131072 bits : 36276.95 cyc
barith2_add4_simd 262144 bits : 111835.15 cyc
barith2_add4_simd 524288 bits : 170964.45 cyc
barith2_add4_scalar    256 bits : 189.15 cyc
barith2_add4_scalar    512 bits : 297.10 cyc
barith2_add4_scalar   1024 bits : 1034.15 cyc
barith2_add4_scalar   2048 bits : 570.30 cyc
barith2_add4_scalar   4096 bits : 1017.70 cyc
barith2_add4_scalar   8192 bits : 2093.20 cyc
barith2_add4_scalar  16384 bits : 3982.55 cyc
barith2_add4_scalar  32768 bits : 7717.35 cyc
barith2_add4_scalar  65536 bits : 15584.10 cyc
barith2_add4_scalar 131072 bits : 31933.85 cyc
barith2_add4_scalar 262144 bits : 66286.15 cyc
barith2_add4_scalar 524288 bits : 123340.40 cyc
barith2_add4_simd    256 bits : 171.75 cyc
barith2_add4_simd    512 bits : 297.55 cyc
barith2_add4_simd   1024 bits : 1783.55 cyc
barith2_add4_simd   2048 bits : 632.50 cyc
barith2_add4_simd   4096 bits : 1022.60 cyc
barith2_add4_simd   8192 bits : 2188.00 cyc
barith2_add4_simd  16384 bits : 4582.65 cyc
barith2_add4_simd  32768 bits : 8001.65 cyc
barith2_add4_simd  65536 bits : 19852.75 cyc
barith2_add4_simd 131072 bits : 40258.80 cyc
barith2_add4_simd 262144 bits : 76416.00 cyc
barith2_add4_simd 524288 bits : 183267.90 cyc
barith2_add4_scalar    256 bits : 151.60 cyc
barith2_add4_scalar    512 bits : 216.15 cyc
barith2_add4_scalar   1024 bits : 1378.50 cyc
barith2_add4_scalar   2048 bits : 553.10 cyc
barith2_add4_scalar   4096 bits : 962.40 cyc
barith2_add4_scalar   8192 bits : 1877.45 cyc
barith2_add4_scalar  16384 bits : 3719.35 cyc
barith2_add4_scalar  32768 bits : 7942.95 cyc
barith2_add4_scalar  65536 bits : 15211.10 cyc
barith2_add4_scalar 131072 bits : 32314.30 cyc
barith2_add4_scalar 262144 bits : 67153.45 cyc
barith2_add4_scalar 524288 bits : 129057.80 cyc
barith2_add4_simd    256 bits : 139.05 cyc
barith2_add4_simd    512 bits : 296.20 cyc
barith2_add4_simd   1024 bits : 1402.05 cyc
barith2_add4_simd   2048 bits : 553.05 cyc
barith2_add4_simd   4096 bits : 1153.25 cyc
barith2_add4_simd   8192 bits : 2420.90 cyc
barith2_add4_simd  16384 bits : 3702.25 cyc
barith2_add4_simd  32768 bits : 8928.45 cyc
barith2_add4_simd  65536 bits : 17576.30 cyc
barith2_add4_simd 131072 bits : 36276.85 cyc
barith2_add4_simd 262144 bits : 76809.80 cyc
barith2_add4_simd 524288 bits : 170350.10 cyc
barith2_add4_scalar    256 bits : 113.55 cyc
barith2_add4_scalar    512 bits : 267.60 cyc
barith2_add4_scalar   1024 bits : 668.35 cyc
barith2_add4_scalar   2048 bits : 616.30 cyc
barith2_add4_scalar   4096 bits : 953.85 cyc
barith2_add4_scalar   8192 bits : 2138.05 cyc
barith2_add4_scalar  16384 bits : 3852.65 cyc
barith2_add4_scalar  32768 bits : 7815.20 cyc
barith2_add4_scalar  65536 bits : 14971.95 cyc
barith2_add4_scalar 131072 bits : 30123.25 cyc
barith2_add4_scalar 262144 bits : 66450.25 cyc
barith2_add4_scalar 524288 bits : 135309.60 cyc
barith2_add4_simd    256 bits : 172.10 cyc
barith2_add4_simd    512 bits : 295.65 cyc
barith2_add4_simd   1024 bits : 1775.45 cyc
barith2_add4_simd   2048 bits : 637.75 cyc
barith2_add4_simd   4096 bits : 1020.60 cyc
barith2_add4_simd   8192 bits : 2192.35 cyc
barith2_add4_simd  16384 bits : 4560.45 cyc
barith2_add4_simd  32768 bits : 8012.55 cyc
barith2_add4_simd  65536 bits : 15984.80 cyc
barith2_add4_simd 131072 bits : 39871.70 cyc
barith2_add4_simd 262144 bits : 91448.40 cyc
barith2_add4_simd 524288 bits : 170051.10 cyc
barith2_add4_scalar    256 bits : 149.20 cyc
barith2_add4_scalar    512 bits : 252.95 cyc
barith2_add4_scalar   1024 bits : 651.80 cyc
barith2_add4_scalar   2048 bits : 556.80 cyc
barith2_add4_scalar   4096 bits : 1061.40 cyc
barith2_add4_scalar   8192 bits : 2009.85 cyc
barith2_add4_scalar  16384 bits : 3762.65 cyc
barith2_add4_scalar  32768 bits : 7710.60 cyc
barith2_add4_scalar  65536 bits : 15040.35 cyc
barith2_add4_scalar 131072 bits : 31258.15 cyc
barith2_add4_scalar 262144 bits : 66288.95 cyc
barith2_add4_scalar 524288 bits : 134411.90 cyc
barith2_add4_simd    256 bits : 171.25 cyc
barith2_add4_simd    512 bits : 347.05 cyc
barith2_add4_simd   1024 bits : 264.25 cyc
barith2_add4_simd   2048 bits : 633.60 cyc
barith2_add4_simd   4096 bits : 1280.85 cyc
barith2_add4_simd   8192 bits : 2188.30 cyc
barith2_add4_simd  16384 bits : 4107.20 cyc
barith2_add4_simd  32768 bits : 8025.50 cyc
barith2_add4_simd  65536 bits : 20911.65 cyc
barith2_add4_simd 131072 bits : 36064.40 cyc
barith2_add4_simd 262144 bits : 90711.15 cyc
barith2_add4_simd 524288 bits : 157107.60 cyc
barith2_add4_scalar    256 bits : 155.20 cyc
barith2_add4_scalar    512 bits : 261.30 cyc
barith2_add4_scalar   1024 bits : 646.95 cyc
barith2_add4_scalar   2048 bits : 500.15 cyc
barith2_add4_scalar   4096 bits : 1013.20 cyc
barith2_add4_scalar   8192 bits : 2019.65 cyc
barith2_add4_scalar  16384 bits : 3628.10 cyc
barith2_add4_scalar  32768 bits : 7469.45 cyc
barith2_add4_scalar  65536 bits : 15466.85 cyc
barith2_add4_scalar 131072 bits : 29860.90 cyc
barith2_add4_scalar 262144 bits : 63101.85 cyc
barith2_add4_scalar 524288 bits : 123234.20 cyc
barith2_add4_simd    256 bits : 209.60 cyc
barith2_add4_simd    512 bits : 254.15 cyc
barith2_add4_simd   1024 bits : 1020.75 cyc
barith2_add4_simd   2048 bits : 632.65 cyc
barith2_add4_simd   4096 bits : 893.40 cyc
barith2_add4_simd   8192 bits : 2190.20 cyc
barith2_add4_simd  16384 bits : 4997.10 cyc
barith2_add4_simd  32768 bits : 9739.85 cyc
barith2_add4_simd  65536 bits : 16072.95 cyc
barith2_add4_simd 131072 bits : 32868.25 cyc
barith2_add4_simd 262144 bits : 69786.40 cyc
barith2_add4_simd 524288 bits : 169936.05 cyc
barith2_add4_scalar    256 bits : 224.90 cyc
barith2_add4_scalar    512 bits : 257.60 cyc
barith2_add4_scalar   1024 bits : 1018.70 cyc
barith2_add4_scalar   2048 bits : 661.15 cyc
barith2_add4_scalar   4096 bits : 1046.20 cyc
barith2_add4_scalar   8192 bits : 1946.05 cyc
barith2_add4_scalar  16384 bits : 3850.10 cyc
barith2_add4_scalar  32768 bits : 7952.80 cyc
barith2_add4_scalar  65536 bits : 15203.80 cyc
barith2_add4_scalar 131072 bits : 29788.20 cyc
barith2_add4_scalar 262144 bits : 60905.50 cyc
barith2_add4_scalar 524288 bits : 134712.50 cyc
barith2_add4_simd    256 bits : 139.20 cyc
barith2_add4_simd    512 bits : 203.40 cyc
barith2_add4_simd   1024 bits : 654.00 cyc
barith2_add4_simd   2048 bits : 632.40 cyc
barith2_add4_simd   4096 bits : 1152.95 cyc
barith2_add4_simd   8192 bits : 2414.25 cyc
barith2_add4_simd  16384 bits : 4136.25 cyc
barith2_add4_simd  32768 bits : 9726.35 cyc
barith2_add4_simd  65536 bits : 19384.20 cyc
barith2_add4_simd 131072 bits : 33285.80 cyc
barith2_add4_simd 262144 bits : 90181.00 cyc
barith2_add4_simd 524288 bits : 168827.35 cyc
