barith_mul_no_rad_exp   256 bits : 2002.36 cyc
barith_mul_no_rad_exp   512 bits : 4103.59 cyc
barith_mul_no_rad_exp  1024 bits : 12569.69 cyc
barith_mul_no_rad_exp  2048 bits : 46003.15 cyc
barith_mul_no_rad_exp  4096 bits : 93219.32 cyc
barith_mul_no_rad_exp  8192 bits : 350501.97 cyc
barith_mul_no_rad_exp 16384 bits : 1349733.39 cyc
barith_mul_no_rad_exp 32768 bits : 5353428.88 cyc
barith_mul_no_rad_exp 65536 bits : 20681573.89 cyc
barith2_mul      256 bits : 288.81 cyc
barith2_mul      512 bits : 849.88 cyc
barith2_mul     1024 bits : 3248.22 cyc
barith2_mul     2048 bits : 10289.24 cyc
barith2_mul     4096 bits : 36478.61 cyc
barith2_mul     8192 bits : 140409.70 cyc
barith2_mul    16384 bits : 547837.45 cyc
barith2_mul    32768 bits : 2151041.54 cyc
barith2_mul    65536 bits : 8573707.07 cyc
barith_mul_no_rad_exp   256 bits : 1173.83 cyc
barith_mul_no_rad_exp   512 bits : 2422.55 cyc
barith_mul_no_rad_exp  1024 bits : 7028.73 cyc
barith_mul_no_rad_exp  2048 bits : 26047.43 cyc
barith_mul_no_rad_exp  4096 bits : 93357.01 cyc
barith_mul_no_rad_exp  8192 bits : 370426.34 cyc
barith_mul_no_rad_exp 16384 bits : 1358924.58 cyc
barith_mul_no_rad_exp 32768 bits : 5680054.61 cyc
barith_mul_no_rad_exp 65536 bits : 20847692.25 cyc
barith2_mul      256 bits : 288.75 cyc
barith2_mul      512 bits : 1893.37 cyc
barith2_mul     1024 bits : 4934.70 cyc
barith2_mul     2048 bits : 10245.58 cyc
barith2_mul     4096 bits : 36151.62 cyc
barith2_mul     8192 bits : 151789.15 cyc
barith2_mul    16384 bits : 621271.61 cyc
barith2_mul    32768 bits : 2163840.60 cyc
barith2_mul    65536 bits : 8561001.57 cyc
barith_mul_no_rad_exp   256 bits : 1141.97 cyc
barith_mul_no_rad_exp   512 bits : 2412.57 cyc
barith_mul_no_rad_exp  1024 bits : 7022.48 cyc
barith_mul_no_rad_exp  2048 bits : 25973.20 cyc
barith_mul_no_rad_exp  4096 bits : 121604.90 cyc
barith_mul_no_rad_exp  8192 bits : 350944.66 cyc
barith_mul_no_rad_exp 16384 bits : 1333721.33 cyc
barith_mul_no_rad_exp 32768 bits : 5249153.79 cyc
barith_mul_no_rad_exp 65536 bits : 20731562.67 cyc
barith2_mul      256 bits : 290.71 cyc
barith2_mul      512 bits : 781.91 cyc
barith2_mul     1024 bits : 2849.59 cyc
barith2_mul     2048 bits : 10061.95 cyc
barith2_mul     4096 bits : 36117.06 cyc
barith2_mul     8192 bits : 152816.33 cyc
barith2_mul    16384 bits : 553451.84 cyc
barith2_mul    32768 bits : 2163982.74 cyc
barith2_mul    65536 bits : 8676891.80 cyc
barith_mul_no_rad_exp   256 bits : 1357.16 cyc
barith_mul_no_rad_exp   512 bits : 2455.22 cyc
barith_mul_no_rad_exp  1024 bits : 7132.65 cyc
barith_mul_no_rad_exp  2048 bits : 26250.67 cyc
barith_mul_no_rad_exp  4096 bits : 93659.19 cyc
barith_mul_no_rad_exp  8192 bits : 356108.18 cyc
barith_mul_no_rad_exp 16384 bits : 1335062.77 cyc
barith_mul_no_rad_exp 32768 bits : 5338569.67 cyc
barith_mul_no_rad_exp 65536 bits : 20790774.68 cyc
barith2_mul      256 bits : 290.08 cyc
barith2_mul      512 bits : 789.07 cyc
barith2_mul     1024 bits : 2849.55 cyc
barith2_mul     2048 bits : 10029.02 cyc
barith2_mul     4096 bits : 36226.20 cyc
barith2_mul     8192 bits : 144005.80 cyc
barith2_mul    16384 bits : 550323.50 cyc
barith2_mul    32768 bits : 2511623.88 cyc
barith2_mul    65536 bits : 9047423.18 cyc
barith_mul_no_rad_exp   256 bits : 1148.18 cyc
barith_mul_no_rad_exp   512 bits : 2435.32 cyc
barith_mul_no_rad_exp  1024 bits : 7042.49 cyc
barith_mul_no_rad_exp  2048 bits : 26011.94 cyc
barith_mul_no_rad_exp  4096 bits : 93173.60 cyc
barith_mul_no_rad_exp  8192 bits : 353412.47 cyc
barith_mul_no_rad_exp 16384 bits : 1331067.29 cyc
barith_mul_no_rad_exp 32768 bits : 5326503.45 cyc
barith_mul_no_rad_exp 65536 bits : 20707640.24 cyc
barith2_mul      256 bits : 289.29 cyc
barith2_mul      512 bits : 780.80 cyc
barith2_mul     1024 bits : 2845.63 cyc
barith2_mul     2048 bits : 9955.74 cyc
barith2_mul     4096 bits : 36340.55 cyc
barith2_mul     8192 bits : 139830.89 cyc
barith2_mul    16384 bits : 559678.20 cyc
barith2_mul    32768 bits : 2285570.92 cyc
barith2_mul    65536 bits : 8640816.78 cyc
barith_mul_no_rad_exp   256 bits : 1143.22 cyc
barith_mul_no_rad_exp   512 bits : 3065.47 cyc
barith_mul_no_rad_exp  1024 bits : 7887.78 cyc
barith_mul_no_rad_exp  2048 bits : 26069.58 cyc
barith_mul_no_rad_exp  4096 bits : 93265.31 cyc
barith_mul_no_rad_exp  8192 bits : 361211.35 cyc
barith_mul_no_rad_exp 16384 bits : 1333792.22 cyc
barith_mul_no_rad_exp 32768 bits : 5438009.15 cyc
barith_mul_no_rad_exp 65536 bits : 20615553.61 cyc
barith2_mul      256 bits : 323.02 cyc
barith2_mul      512 bits : 876.50 cyc
barith2_mul     1024 bits : 2882.01 cyc
barith2_mul     2048 bits : 9900.33 cyc
barith2_mul     4096 bits : 36110.87 cyc
barith2_mul     8192 bits : 141050.53 cyc
barith2_mul    16384 bits : 542295.99 cyc
barith2_mul    32768 bits : 2156342.21 cyc
barith2_mul    65536 bits : 8673223.74 cyc
barith_mul_no_rad_exp   256 bits : 1142.03 cyc
barith_mul_no_rad_exp   512 bits : 2438.59 cyc
barith_mul_no_rad_exp  1024 bits : 7010.69 cyc
barith_mul_no_rad_exp  2048 bits : 26019.82 cyc
barith_mul_no_rad_exp  4096 bits : 93425.49 cyc
barith_mul_no_rad_exp  8192 bits : 370512.91 cyc
barith_mul_no_rad_exp 16384 bits : 1442356.52 cyc
barith_mul_no_rad_exp 32768 bits : 5195389.33 cyc
barith_mul_no_rad_exp 65536 bits : 20557670.73 cyc
barith2_mul      256 bits : 289.74 cyc
barith2_mul      512 bits : 779.56 cyc
barith2_mul     1024 bits : 4928.16 cyc
barith2_mul     2048 bits : 9852.92 cyc
barith2_mul     4096 bits : 36189.54 cyc
barith2_mul     8192 bits : 139596.75 cyc
barith2_mul    16384 bits : 540764.21 cyc
barith2_mul    32768 bits : 2154485.69 cyc
barith2_mul    65536 bits : 8626646.10 cyc
barith_mul_no_rad_exp   256 bits : 1148.23 cyc
barith_mul_no_rad_exp   512 bits : 2431.41 cyc
barith_mul_no_rad_exp  1024 bits : 7026.03 cyc
barith_mul_no_rad_exp  2048 bits : 26007.63 cyc
barith_mul_no_rad_exp  4096 bits : 93392.88 cyc
barith_mul_no_rad_exp  8192 bits : 355075.96 cyc
barith_mul_no_rad_exp 16384 bits : 1336101.94 cyc
barith_mul_no_rad_exp 32768 bits : 5207427.51 cyc
barith_mul_no_rad_exp 65536 bits : 20999293.80 cyc
barith2_mul      256 bits : 291.39 cyc
barith2_mul      512 bits : 784.04 cyc
barith2_mul     1024 bits : 2853.15 cyc
barith2_mul     2048 bits : 9822.74 cyc
barith2_mul     4096 bits : 36188.21 cyc
barith2_mul     8192 bits : 139750.76 cyc
barith2_mul    16384 bits : 542665.45 cyc
barith2_mul    32768 bits : 2194206.71 cyc
barith2_mul    65536 bits : 8723811.24 cyc
barith_mul_no_rad_exp   256 bits : 1162.68 cyc
barith_mul_no_rad_exp   512 bits : 2421.20 cyc
barith_mul_no_rad_exp  1024 bits : 7029.74 cyc
barith_mul_no_rad_exp  2048 bits : 26088.78 cyc
barith_mul_no_rad_exp  4096 bits : 93322.80 cyc
barith_mul_no_rad_exp  8192 bits : 349496.04 cyc
barith_mul_no_rad_exp 16384 bits : 1338412.98 cyc
barith_mul_no_rad_exp 32768 bits : 5206167.92 cyc
barith_mul_no_rad_exp 65536 bits : 20589246.07 cyc
barith2_mul      256 bits : 289.50 cyc
barith2_mul      512 bits : 782.72 cyc
barith2_mul     1024 bits : 2844.00 cyc
barith2_mul     2048 bits : 9836.02 cyc
barith2_mul     4096 bits : 36193.04 cyc
barith2_mul     8192 bits : 139777.46 cyc
barith2_mul    16384 bits : 540713.66 cyc
barith2_mul    32768 bits : 2159511.15 cyc
barith2_mul    65536 bits : 8565120.14 cyc
barith_mul_no_rad_exp   256 bits : 2063.69 cyc
barith_mul_no_rad_exp   512 bits : 4358.09 cyc
barith_mul_no_rad_exp  1024 bits : 6983.14 cyc
barith_mul_no_rad_exp  2048 bits : 26007.99 cyc
barith_mul_no_rad_exp  4096 bits : 121817.37 cyc
barith_mul_no_rad_exp  8192 bits : 349407.54 cyc
barith_mul_no_rad_exp 16384 bits : 1331296.59 cyc
barith_mul_no_rad_exp 32768 bits : 5193617.49 cyc
barith_mul_no_rad_exp 65536 bits : 20508928.73 cyc
barith2_mul      256 bits : 290.31 cyc
barith2_mul      512 bits : 780.20 cyc
barith2_mul     1024 bits : 2866.80 cyc
barith2_mul     2048 bits : 9864.42 cyc
barith2_mul     4096 bits : 36114.99 cyc
barith2_mul     8192 bits : 139480.83 cyc
barith2_mul    16384 bits : 541242.16 cyc
barith2_mul    32768 bits : 2149168.10 cyc
barith2_mul    65536 bits : 8546847.64 cyc
