ball2_mul_O0        256 bits : 1310.30 cyc
ball2_mul_O0        512 bits : 3992.95 cyc
ball2_mul_O0       1024 bits : 13640.85 cyc
ball2_mul_O0       2048 bits : 54158.90 cyc
ball2_mul_O0      4096 bits : 243004.35 cyc
ball2_mul_O0       8192 bits : 1033847.50 cyc
ball2_mul_O0      16384 bits : 4087824.15 cyc
ball2_mul_O0      32768 bits : 16363012.00 cyc
ball2_mul_O0      65536 bits : 65466347.85 cyc
ball2_mul_O0      131072 bits : 264235991.05 cyc
ball2_mul_O2        256 bits : 332.85 cyc
ball2_mul_O2        512 bits : 910.35 cyc
ball2_mul_O2       1024 bits : 3225.65 cyc
ball2_mul_O2       2048 bits : 13985.95 cyc
ball2_mul_O2       4096 bits : 82411.15 cyc
ball2_mul_O2       8192 bits : 382802.30 cyc
ball2_mul_O2      16384 bits : 1554712.30 cyc
ball2_mul_O2      32768 bits : 6192992.00 cyc
ball2_mul_O2      65536 bits : 24932546.05 cyc
ball2_mul_O2      131072 bits : 100325665.60 cyc
ball2_mul_fastest        256 bits : 329.60 cyc
ball2_mul_fastest        512 bits : 882.05 cyc
ball2_mul_fastest       1024 bits : 3008.90 cyc
ball2_mul_fastest       2048 bits : 14198.55 cyc
ball2_mul_fastest       4096 bits : 82560.85 cyc
ball2_mul_fastest       8192 bits : 386398.25 cyc
ball2_mul_fastest      16384 bits : 1523495.20 cyc
ball2_mul_fastest      32768 bits : 6311337.55 cyc
ball2_mul_fastest      65536 bits : 65466347.20 cyc
ball2_mul_fastest      131072 bits : 98906377.15 cyc
