arblib_mul       256 bits : 76.68 cyc
arblib_mul       512 bits : 186.84 cyc
arblib_mul      1024 bits : 213.93 cyc
arblib_mul      2048 bits : 1007.49 cyc
arblib_mul      4096 bits : 512.84 cyc
arblib_mul      8192 bits : 2554.07 cyc
arblib_mul     16384 bits : 5670.06 cyc
arblib_mul     32768 bits : 46235.96 cyc
arblib_mul     65536 bits : 189457.14 cyc
barith2_mul      256 bits : 285.07 cyc
barith2_mul      512 bits : 777.20 cyc
barith2_mul     1024 bits : 2836.24 cyc
barith2_mul     2048 bits : 10037.20 cyc
barith2_mul     4096 bits : 36086.62 cyc
barith2_mul     8192 bits : 138943.04 cyc
barith2_mul    16384 bits : 573906.03 cyc
barith2_mul    32768 bits : 2233264.29 cyc
barith2_mul    65536 bits : 8662235.88 cyc
arblib_mul       256 bits : 75.53 cyc
arblib_mul       512 bits : 153.01 cyc
arblib_mul      1024 bits : 240.44 cyc
arblib_mul      2048 bits : 1009.72 cyc
arblib_mul      4096 bits : 512.43 cyc
arblib_mul      8192 bits : 2554.43 cyc
arblib_mul     16384 bits : 5667.35 cyc
arblib_mul     32768 bits : 43109.90 cyc
arblib_mul     65536 bits : 190743.51 cyc
barith2_mul      256 bits : 286.10 cyc
barith2_mul      512 bits : 777.70 cyc
barith2_mul     1024 bits : 2838.20 cyc
barith2_mul     2048 bits : 10021.07 cyc
barith2_mul     4096 bits : 36900.53 cyc
barith2_mul     8192 bits : 139621.18 cyc
barith2_mul    16384 bits : 549866.78 cyc
barith2_mul    32768 bits : 2166467.18 cyc
barith2_mul    65536 bits : 8606096.35 cyc
arblib_mul       256 bits : 76.61 cyc
arblib_mul       512 bits : 148.98 cyc
arblib_mul      1024 bits : 213.97 cyc
arblib_mul      2048 bits : 1008.53 cyc
arblib_mul      4096 bits : 508.65 cyc
arblib_mul      8192 bits : 2554.30 cyc
arblib_mul     16384 bits : 5680.72 cyc
arblib_mul     32768 bits : 43286.98 cyc
arblib_mul     65536 bits : 189630.84 cyc
barith2_mul      256 bits : 285.57 cyc
barith2_mul      512 bits : 776.39 cyc
barith2_mul     1024 bits : 2833.11 cyc
barith2_mul     2048 bits : 9946.90 cyc
barith2_mul     4096 bits : 36127.23 cyc
barith2_mul     8192 bits : 139227.61 cyc
barith2_mul    16384 bits : 543697.62 cyc
barith2_mul    32768 bits : 2149222.54 cyc
barith2_mul    65536 bits : 8556539.61 cyc
arblib_mul       256 bits : 77.92 cyc
arblib_mul       512 bits : 243.75 cyc
arblib_mul      1024 bits : 214.29 cyc
arblib_mul      2048 bits : 1010.94 cyc
arblib_mul      4096 bits : 508.89 cyc
arblib_mul      8192 bits : 2551.55 cyc
arblib_mul     16384 bits : 5677.92 cyc
arblib_mul     32768 bits : 43110.05 cyc
arblib_mul     65536 bits : 189376.74 cyc
barith2_mul      256 bits : 285.64 cyc
barith2_mul      512 bits : 777.46 cyc
barith2_mul     1024 bits : 5238.23 cyc
barith2_mul     2048 bits : 9988.58 cyc
barith2_mul     4096 bits : 36190.54 cyc
barith2_mul     8192 bits : 139044.98 cyc
barith2_mul    16384 bits : 543801.31 cyc
barith2_mul    32768 bits : 2149865.07 cyc
barith2_mul    65536 bits : 8549051.32 cyc
arblib_mul       256 bits : 75.93 cyc
arblib_mul       512 bits : 149.15 cyc
arblib_mul      1024 bits : 213.18 cyc
arblib_mul      2048 bits : 1028.70 cyc
arblib_mul      4096 bits : 505.90 cyc
arblib_mul      8192 bits : 2620.70 cyc
arblib_mul     16384 bits : 5610.24 cyc
arblib_mul     32768 bits : 43916.49 cyc
arblib_mul     65536 bits : 191472.27 cyc
barith2_mul      256 bits : 287.03 cyc
barith2_mul      512 bits : 776.93 cyc
barith2_mul     1024 bits : 2842.97 cyc
barith2_mul     2048 bits : 9976.92 cyc
barith2_mul     4096 bits : 36152.58 cyc
barith2_mul     8192 bits : 141253.59 cyc
barith2_mul    16384 bits : 548439.06 cyc
barith2_mul    32768 bits : 2177937.71 cyc
barith2_mul    65536 bits : 8704342.99 cyc
arblib_mul       256 bits : 78.81 cyc
arblib_mul       512 bits : 149.83 cyc
arblib_mul      1024 bits : 213.53 cyc
arblib_mul      2048 bits : 1011.14 cyc
arblib_mul      4096 bits : 507.00 cyc
arblib_mul      8192 bits : 2552.32 cyc
arblib_mul     16384 bits : 5633.40 cyc
arblib_mul     32768 bits : 43117.73 cyc
arblib_mul     65536 bits : 189532.58 cyc
barith2_mul      256 bits : 286.67 cyc
barith2_mul      512 bits : 775.23 cyc
barith2_mul     1024 bits : 2836.78 cyc
barith2_mul     2048 bits : 9890.98 cyc
barith2_mul     4096 bits : 36141.17 cyc
barith2_mul     8192 bits : 139014.90 cyc
barith2_mul    16384 bits : 545745.69 cyc
barith2_mul    32768 bits : 2194770.94 cyc
barith2_mul    65536 bits : 8552448.54 cyc
arblib_mul       256 bits : 80.30 cyc
arblib_mul       512 bits : 156.03 cyc
arblib_mul      1024 bits : 214.07 cyc
arblib_mul      2048 bits : 1009.60 cyc
arblib_mul      4096 bits : 507.46 cyc
arblib_mul      8192 bits : 2552.27 cyc
arblib_mul     16384 bits : 5666.32 cyc
arblib_mul     32768 bits : 43223.40 cyc
arblib_mul     65536 bits : 189876.17 cyc
barith2_mul      256 bits : 286.68 cyc
barith2_mul      512 bits : 779.60 cyc
barith2_mul     1024 bits : 2877.29 cyc
barith2_mul     2048 bits : 9961.78 cyc
barith2_mul     4096 bits : 36156.56 cyc
barith2_mul     8192 bits : 139039.45 cyc
barith2_mul    16384 bits : 543616.34 cyc
barith2_mul    32768 bits : 2195566.58 cyc
barith2_mul    65536 bits : 8698325.04 cyc
arblib_mul       256 bits : 76.58 cyc
arblib_mul       512 bits : 154.53 cyc
arblib_mul      1024 bits : 213.18 cyc
arblib_mul      2048 bits : 1031.16 cyc
arblib_mul      4096 bits : 507.29 cyc
arblib_mul      8192 bits : 2559.16 cyc
arblib_mul     16384 bits : 5634.11 cyc
arblib_mul     32768 bits : 43084.43 cyc
arblib_mul     65536 bits : 191457.84 cyc
barith2_mul      256 bits : 285.37 cyc
barith2_mul      512 bits : 779.34 cyc
barith2_mul     1024 bits : 2835.04 cyc
barith2_mul     2048 bits : 9984.41 cyc
barith2_mul     4096 bits : 36906.99 cyc
barith2_mul     8192 bits : 139708.48 cyc
barith2_mul    16384 bits : 548647.74 cyc
barith2_mul    32768 bits : 2209993.06 cyc
barith2_mul    65536 bits : 8743532.12 cyc
arblib_mul       256 bits : 81.23 cyc
arblib_mul       512 bits : 151.17 cyc
arblib_mul      1024 bits : 213.41 cyc
arblib_mul      2048 bits : 1002.35 cyc
arblib_mul      4096 bits : 504.70 cyc
arblib_mul      8192 bits : 2538.19 cyc
arblib_mul     16384 bits : 5611.86 cyc
arblib_mul     32768 bits : 44293.25 cyc
arblib_mul     65536 bits : 191885.07 cyc
barith2_mul      256 bits : 286.18 cyc
barith2_mul      512 bits : 775.09 cyc
barith2_mul     1024 bits : 2921.32 cyc
barith2_mul     2048 bits : 10169.75 cyc
barith2_mul     4096 bits : 36154.29 cyc
barith2_mul     8192 bits : 141371.87 cyc
barith2_mul    16384 bits : 548937.14 cyc
barith2_mul    32768 bits : 2170653.69 cyc
barith2_mul    65536 bits : 8567553.59 cyc
arblib_mul       256 bits : 75.30 cyc
arblib_mul       512 bits : 148.82 cyc
arblib_mul      1024 bits : 215.32 cyc
arblib_mul      2048 bits : 1002.54 cyc
arblib_mul      4096 bits : 505.26 cyc
arblib_mul      8192 bits : 2550.51 cyc
arblib_mul     16384 bits : 5689.23 cyc
arblib_mul     32768 bits : 44403.93 cyc
arblib_mul     65536 bits : 191270.12 cyc
barith2_mul      256 bits : 286.06 cyc
barith2_mul      512 bits : 776.34 cyc
barith2_mul     1024 bits : 2840.84 cyc
barith2_mul     2048 bits : 10013.76 cyc
barith2_mul     4096 bits : 36144.75 cyc
barith2_mul     8192 bits : 140530.55 cyc
barith2_mul    16384 bits : 549576.66 cyc
barith2_mul    32768 bits : 2170886.40 cyc
barith2_mul    65536 bits : 8840180.62 cyc
