barith_sub_portable   256 bits : 221.97 cyc
barith_sub_portable   512 bits : 285.46 cyc
barith_sub_portable  1024 bits : 637.27 cyc
barith_sub_portable  2048 bits : 1012.38 cyc
barith_sub_portable  4096 bits : 1940.62 cyc
barith_sub_portable  8192 bits : 3816.16 cyc
barith_sub_portable 16384 bits : 7587.20 cyc
barith_sub_portable 32768 bits : 14954.11 cyc
barith_sub_portable 65536 bits : 37188.50 cyc
barith_sub_portable 131072 bits : 62412.49 cyc
barith_sub_portable 262144 bits : 149982.44 cyc
barith_sub_portable 524288 bits : 302675.09 cyc
arblib_sub       256 bits : 128.43 cyc
arblib_sub       512 bits : 172.44 cyc
arblib_sub      1024 bits : 152.84 cyc
arblib_sub      2048 bits : 174.88 cyc
arblib_sub      4096 bits : 262.59 cyc
arblib_sub      8192 bits : 433.43 cyc
arblib_sub     16384 bits : 705.41 cyc
arblib_sub     32768 bits : 1283.64 cyc
arblib_sub     65536 bits : 2474.38 cyc
arblib_sub     131072 bits : 4886.88 cyc
arblib_sub     262144 bits : 10711.65 cyc
arblib_sub     524288 bits : 20958.71 cyc
barith_sub_nestedbranch   256 bits : 142.80 cyc
barith_sub_nestedbranch   512 bits : 145.90 cyc
barith_sub_nestedbranch  1024 bits : 191.99 cyc
barith_sub_nestedbranch  2048 bits : 365.50 cyc
barith_sub_nestedbranch  4096 bits : 558.80 cyc
barith_sub_nestedbranch  8192 bits : 1017.10 cyc
barith_sub_nestedbranch 16384 bits : 2493.89 cyc
barith_sub_nestedbranch 32768 bits : 5100.06 cyc
barith_sub_nestedbranch 65536 bits : 8050.68 cyc
barith_sub_nestedbranch 131072 bits : 21399.42 cyc
barith_sub_nestedbranch 262144 bits : 34362.24 cyc
barith_sub_nestedbranch 524288 bits : 91437.66 cyc
barith2_sub_optim1   256 bits : 73.34 cyc
barith2_sub_optim1   512 bits : 131.90 cyc
barith2_sub_optim1  1024 bits : 155.49 cyc
barith2_sub_optim1  2048 bits : 367.95 cyc
barith2_sub_optim1  4096 bits : 573.77 cyc
barith2_sub_optim1  8192 bits : 1115.08 cyc
barith2_sub_optim1 16384 bits : 1732.34 cyc
barith2_sub_optim1 32768 bits : 4298.99 cyc
barith2_sub_optim1 65536 bits : 6738.50 cyc
barith2_sub_optim1 131072 bits : 13509.34 cyc
barith2_sub_optim1 262144 bits : 27078.97 cyc
barith2_sub_optim1 524288 bits : 38729.50 cyc
barith_sub_portable   256 bits : 225.20 cyc
barith_sub_portable   512 bits : 286.95 cyc
barith_sub_portable  1024 bits : 634.01 cyc
barith_sub_portable  2048 bits : 1203.14 cyc
barith_sub_portable  4096 bits : 2341.71 cyc
barith_sub_portable  8192 bits : 4637.26 cyc
barith_sub_portable 16384 bits : 7604.55 cyc
barith_sub_portable 32768 bits : 15077.09 cyc
barith_sub_portable 65536 bits : 30903.64 cyc
barith_sub_portable 131072 bits : 75438.50 cyc
barith_sub_portable 262144 bits : 123772.15 cyc
barith_sub_portable 524288 bits : 250160.15 cyc
arblib_sub       256 bits : 124.94 cyc
arblib_sub       512 bits : 178.25 cyc
arblib_sub      1024 bits : 154.95 cyc
arblib_sub      2048 bits : 172.90 cyc
arblib_sub      4096 bits : 265.26 cyc
arblib_sub      8192 bits : 439.79 cyc
arblib_sub     16384 bits : 703.69 cyc
arblib_sub     32768 bits : 1285.24 cyc
arblib_sub     65536 bits : 2437.51 cyc
arblib_sub     131072 bits : 4880.82 cyc
arblib_sub     262144 bits : 10284.10 cyc
arblib_sub     524288 bits : 20883.20 cyc
barith_sub_nestedbranch   256 bits : 119.40 cyc
barith_sub_nestedbranch   512 bits : 146.47 cyc
barith_sub_nestedbranch  1024 bits : 233.72 cyc
barith_sub_nestedbranch  2048 bits : 365.60 cyc
barith_sub_nestedbranch  4096 bits : 721.92 cyc
barith_sub_nestedbranch  8192 bits : 1343.96 cyc
barith_sub_nestedbranch 16384 bits : 2484.06 cyc
barith_sub_nestedbranch 32768 bits : 5098.88 cyc
barith_sub_nestedbranch 65536 bits : 8193.76 cyc
barith_sub_nestedbranch 131072 bits : 21511.29 cyc
barith_sub_nestedbranch 262144 bits : 44603.12 cyc
barith_sub_nestedbranch 524288 bits : 69543.19 cyc
barith2_sub_optim1   256 bits : 71.53 cyc
barith2_sub_optim1   512 bits : 131.97 cyc
barith2_sub_optim1  1024 bits : 487.52 cyc
barith2_sub_optim1  2048 bits : 217.00 cyc
barith2_sub_optim1  4096 bits : 722.92 cyc
barith2_sub_optim1  8192 bits : 1397.54 cyc
barith2_sub_optim1 16384 bits : 1244.89 cyc
barith2_sub_optim1 32768 bits : 3441.04 cyc
barith2_sub_optim1 65536 bits : 6743.56 cyc
barith2_sub_optim1 131072 bits : 17061.80 cyc
barith2_sub_optim1 262144 bits : 34292.93 cyc
barith2_sub_optim1 524288 bits : 54411.71 cyc
barith_sub_portable   256 bits : 165.05 cyc
barith_sub_portable   512 bits : 360.51 cyc
barith_sub_portable  1024 bits : 526.26 cyc
barith_sub_portable  2048 bits : 1009.69 cyc
barith_sub_portable  4096 bits : 2348.32 cyc
barith_sub_portable  8192 bits : 3806.34 cyc
barith_sub_portable 16384 bits : 9240.20 cyc
barith_sub_portable 32768 bits : 18227.66 cyc
barith_sub_portable 65536 bits : 30929.78 cyc
barith_sub_portable 131072 bits : 62285.12 cyc
barith_sub_portable 262144 bits : 152849.67 cyc
barith_sub_portable 524288 bits : 305867.56 cyc
arblib_sub       256 bits : 127.41 cyc
arblib_sub       512 bits : 177.62 cyc
arblib_sub      1024 bits : 152.62 cyc
arblib_sub      2048 bits : 171.01 cyc
arblib_sub      4096 bits : 268.04 cyc
arblib_sub      8192 bits : 436.74 cyc
arblib_sub     16384 bits : 710.62 cyc
arblib_sub     32768 bits : 1293.00 cyc
arblib_sub     65536 bits : 2436.20 cyc
arblib_sub     131072 bits : 4996.41 cyc
arblib_sub     262144 bits : 10282.24 cyc
arblib_sub     524288 bits : 20988.83 cyc
barith_sub_nestedbranch   256 bits : 118.16 cyc
barith_sub_nestedbranch   512 bits : 148.16 cyc
barith_sub_nestedbranch  1024 bits : 233.34 cyc
barith_sub_nestedbranch  2048 bits : 376.49 cyc
barith_sub_nestedbranch  4096 bits : 720.26 cyc
barith_sub_nestedbranch  8192 bits : 1346.36 cyc
barith_sub_nestedbranch 16384 bits : 2491.70 cyc
barith_sub_nestedbranch 32768 bits : 5101.82 cyc
barith_sub_nestedbranch 65536 bits : 8072.38 cyc
barith_sub_nestedbranch 131072 bits : 21452.17 cyc
barith_sub_nestedbranch 262144 bits : 48232.44 cyc
barith_sub_nestedbranch 524288 bits : 66625.45 cyc
barith2_sub_optim1   256 bits : 67.20 cyc
barith2_sub_optim1   512 bits : 133.26 cyc
barith2_sub_optim1  1024 bits : 451.36 cyc
barith2_sub_optim1  2048 bits : 371.48 cyc
barith2_sub_optim1  4096 bits : 450.84 cyc
barith2_sub_optim1  8192 bits : 1395.42 cyc
barith2_sub_optim1 16384 bits : 2223.30 cyc
barith2_sub_optim1 32768 bits : 2444.46 cyc
barith2_sub_optim1 65536 bits : 6736.55 cyc
barith2_sub_optim1 131072 bits : 17194.59 cyc
barith2_sub_optim1 262144 bits : 41813.35 cyc
barith2_sub_optim1 524288 bits : 87322.93 cyc
barith_sub_portable   256 bits : 218.24 cyc
barith_sub_portable   512 bits : 358.15 cyc
barith_sub_portable  1024 bits : 531.80 cyc
barith_sub_portable  2048 bits : 999.36 cyc
barith_sub_portable  4096 bits : 2342.84 cyc
barith_sub_portable  8192 bits : 3849.32 cyc
barith_sub_portable 16384 bits : 7582.12 cyc
barith_sub_portable 32768 bits : 14945.29 cyc
barith_sub_portable 65536 bits : 30853.05 cyc
barith_sub_portable 131072 bits : 62431.12 cyc
barith_sub_portable 262144 bits : 122900.74 cyc
barith_sub_portable 524288 bits : 302171.15 cyc
arblib_sub       256 bits : 126.01 cyc
arblib_sub       512 bits : 176.28 cyc
arblib_sub      1024 bits : 155.50 cyc
arblib_sub      2048 bits : 174.11 cyc
arblib_sub      4096 bits : 269.66 cyc
arblib_sub      8192 bits : 433.02 cyc
arblib_sub     16384 bits : 703.34 cyc
arblib_sub     32768 bits : 1285.09 cyc
arblib_sub     65536 bits : 2463.97 cyc
arblib_sub     131072 bits : 4880.95 cyc
arblib_sub     262144 bits : 10341.59 cyc
arblib_sub     524288 bits : 20954.58 cyc
barith_sub_nestedbranch   256 bits : 124.06 cyc
barith_sub_nestedbranch   512 bits : 147.84 cyc
barith_sub_nestedbranch  1024 bits : 191.10 cyc
barith_sub_nestedbranch  2048 bits : 295.95 cyc
barith_sub_nestedbranch  4096 bits : 839.19 cyc
barith_sub_nestedbranch  8192 bits : 1345.25 cyc
barith_sub_nestedbranch 16384 bits : 2500.71 cyc
barith_sub_nestedbranch 32768 bits : 3795.24 cyc
barith_sub_nestedbranch 65536 bits : 8079.43 cyc
barith_sub_nestedbranch 131072 bits : 21620.42 cyc
barith_sub_nestedbranch 262144 bits : 34131.74 cyc
barith_sub_nestedbranch 524288 bits : 66621.41 cyc
barith2_sub_optim1   256 bits : 51.09 cyc
barith2_sub_optim1   512 bits : 133.44 cyc
barith2_sub_optim1  1024 bits : 487.19 cyc
barith2_sub_optim1  2048 bits : 376.91 cyc
barith2_sub_optim1  4096 bits : 447.77 cyc
barith2_sub_optim1  8192 bits : 1387.17 cyc
barith2_sub_optim1 16384 bits : 2211.00 cyc
barith2_sub_optim1 32768 bits : 3441.68 cyc
barith2_sub_optim1 65536 bits : 4778.60 cyc
barith2_sub_optim1 131072 bits : 21052.06 cyc
barith2_sub_optim1 262144 bits : 41877.20 cyc
barith2_sub_optim1 524288 bits : 84162.54 cyc
barith_sub_portable   256 bits : 216.45 cyc
barith_sub_portable   512 bits : 285.59 cyc
barith_sub_portable  1024 bits : 654.91 cyc
barith_sub_portable  2048 bits : 1007.59 cyc
barith_sub_portable  4096 bits : 1942.30 cyc
barith_sub_portable  8192 bits : 4625.32 cyc
barith_sub_portable 16384 bits : 7581.95 cyc
barith_sub_portable 32768 bits : 14940.73 cyc
barith_sub_portable 65536 bits : 37197.43 cyc
barith_sub_portable 131072 bits : 62759.35 cyc
barith_sub_portable 262144 bits : 124240.19 cyc
barith_sub_portable 524288 bits : 301960.61 cyc
arblib_sub       256 bits : 134.82 cyc
arblib_sub       512 bits : 171.74 cyc
arblib_sub      1024 bits : 162.61 cyc
arblib_sub      2048 bits : 178.50 cyc
arblib_sub      4096 bits : 284.91 cyc
arblib_sub      8192 bits : 450.02 cyc
arblib_sub     16384 bits : 710.98 cyc
arblib_sub     32768 bits : 1291.36 cyc
arblib_sub     65536 bits : 2475.78 cyc
arblib_sub     131072 bits : 5004.11 cyc
arblib_sub     262144 bits : 10380.39 cyc
arblib_sub     524288 bits : 21112.60 cyc
barith_sub_nestedbranch   256 bits : 141.54 cyc
barith_sub_nestedbranch   512 bits : 171.72 cyc
barith_sub_nestedbranch  1024 bits : 192.55 cyc
barith_sub_nestedbranch  2048 bits : 363.91 cyc
barith_sub_nestedbranch  4096 bits : 720.84 cyc
barith_sub_nestedbranch  8192 bits : 1018.02 cyc
barith_sub_nestedbranch 16384 bits : 2501.51 cyc
barith_sub_nestedbranch 32768 bits : 5113.14 cyc
barith_sub_nestedbranch 65536 bits : 8079.34 cyc
barith_sub_nestedbranch 131072 bits : 16409.03 cyc
barith_sub_nestedbranch 262144 bits : 44216.31 cyc
barith_sub_nestedbranch 524288 bits : 87497.69 cyc
barith2_sub_optim1   256 bits : 60.09 cyc
barith2_sub_optim1   512 bits : 133.78 cyc
barith2_sub_optim1  1024 bits : 194.25 cyc
barith2_sub_optim1  2048 bits : 294.68 cyc
barith2_sub_optim1  4096 bits : 727.58 cyc
barith2_sub_optim1  8192 bits : 1118.03 cyc
barith2_sub_optim1 16384 bits : 2738.86 cyc
barith2_sub_optim1 32768 bits : 3449.68 cyc
barith2_sub_optim1 65536 bits : 10537.26 cyc
barith2_sub_optim1 131072 bits : 17058.25 cyc
barith2_sub_optim1 262144 bits : 41758.07 cyc
barith2_sub_optim1 524288 bits : 54814.69 cyc
