arblib_add       256 bits : 116.36 cyc
arblib_add       512 bits : 133.71 cyc
arblib_add      1024 bits : 153.38 cyc
arblib_add      2048 bits : 178.75 cyc
arblib_add      4096 bits : 315.79 cyc
arblib_add      8192 bits : 521.93 cyc
arblib_add     16384 bits : 862.99 cyc
arblib_add     32768 bits : 1574.84 cyc
arblib_add     65536 bits : 2901.66 cyc
barith2_add      256 bits : 84.23 cyc
barith2_add      512 bits : 103.67 cyc
barith2_add     1024 bits : 481.19 cyc
barith2_add     2048 bits : 286.65 cyc
barith2_add     4096 bits : 312.71 cyc
barith2_add     8192 bits : 1037.09 cyc
barith2_add    16384 bits : 1256.56 cyc
barith2_add    32768 bits : 3436.10 cyc
barith2_add    65536 bits : 6761.91 cyc
arblib_add       256 bits : 116.50 cyc
arblib_add       512 bits : 135.38 cyc
arblib_add      1024 bits : 153.26 cyc
arblib_add      2048 bits : 182.80 cyc
arblib_add      4096 bits : 318.43 cyc
arblib_add      8192 bits : 524.14 cyc
arblib_add     16384 bits : 856.90 cyc
arblib_add     32768 bits : 1568.45 cyc
arblib_add     65536 bits : 2938.32 cyc
barith2_add      256 bits : 84.80 cyc
barith2_add      512 bits : 104.97 cyc
barith2_add     1024 bits : 477.94 cyc
barith2_add     2048 bits : 293.83 cyc
barith2_add     4096 bits : 313.01 cyc
barith2_add     8192 bits : 1053.73 cyc
barith2_add    16384 bits : 1257.46 cyc
barith2_add    32768 bits : 3535.89 cyc
barith2_add    65536 bits : 6766.65 cyc
arblib_add       256 bits : 116.41 cyc
arblib_add       512 bits : 135.11 cyc
arblib_add      1024 bits : 156.87 cyc
arblib_add      2048 bits : 183.31 cyc
arblib_add      4096 bits : 318.26 cyc
arblib_add      8192 bits : 525.30 cyc
arblib_add     16384 bits : 860.29 cyc
arblib_add     32768 bits : 1567.88 cyc
arblib_add     65536 bits : 2908.36 cyc
barith2_add      256 bits : 84.36 cyc
barith2_add      512 bits : 106.98 cyc
barith2_add     1024 bits : 476.89 cyc
barith2_add     2048 bits : 288.37 cyc
barith2_add     4096 bits : 313.65 cyc
barith2_add     8192 bits : 1035.40 cyc
barith2_add    16384 bits : 1283.02 cyc
barith2_add    32768 bits : 3437.74 cyc
barith2_add    65536 bits : 6781.39 cyc
arblib_add       256 bits : 119.50 cyc
arblib_add       512 bits : 134.46 cyc
arblib_add      1024 bits : 157.76 cyc
arblib_add      2048 bits : 179.28 cyc
arblib_add      4096 bits : 315.27 cyc
arblib_add      8192 bits : 522.00 cyc
arblib_add     16384 bits : 851.34 cyc
arblib_add     32768 bits : 1567.44 cyc
arblib_add     65536 bits : 2900.47 cyc
barith2_add      256 bits : 82.72 cyc
barith2_add      512 bits : 103.94 cyc
barith2_add     1024 bits : 479.34 cyc
barith2_add     2048 bits : 290.29 cyc
barith2_add     4096 bits : 313.13 cyc
barith2_add     8192 bits : 1029.52 cyc
barith2_add    16384 bits : 1255.64 cyc
barith2_add    32768 bits : 3610.07 cyc
barith2_add    65536 bits : 6900.90 cyc
arblib_add       256 bits : 115.71 cyc
arblib_add       512 bits : 134.84 cyc
arblib_add      1024 bits : 158.34 cyc
arblib_add      2048 bits : 183.25 cyc
arblib_add      4096 bits : 332.56 cyc
arblib_add      8192 bits : 525.79 cyc
arblib_add     16384 bits : 857.93 cyc
arblib_add     32768 bits : 1566.44 cyc
arblib_add     65536 bits : 2898.07 cyc
barith2_add      256 bits : 85.73 cyc
barith2_add      512 bits : 104.97 cyc
barith2_add     1024 bits : 482.38 cyc
barith2_add     2048 bits : 290.82 cyc
barith2_add     4096 bits : 312.70 cyc
barith2_add     8192 bits : 1031.61 cyc
barith2_add    16384 bits : 1256.16 cyc
barith2_add    32768 bits : 3434.89 cyc
barith2_add    65536 bits : 6765.31 cyc
arblib_add       256 bits : 116.38 cyc
arblib_add       512 bits : 134.20 cyc
arblib_add      1024 bits : 152.26 cyc
arblib_add      2048 bits : 181.46 cyc
arblib_add      4096 bits : 319.16 cyc
arblib_add      8192 bits : 526.00 cyc
arblib_add     16384 bits : 857.02 cyc
arblib_add     32768 bits : 1576.69 cyc
arblib_add     65536 bits : 2911.61 cyc
barith2_add      256 bits : 85.89 cyc
barith2_add      512 bits : 103.65 cyc
barith2_add     1024 bits : 478.58 cyc
barith2_add     2048 bits : 293.56 cyc
barith2_add     4096 bits : 313.56 cyc
barith2_add     8192 bits : 1035.16 cyc
barith2_add    16384 bits : 1256.27 cyc
barith2_add    32768 bits : 3436.08 cyc
barith2_add    65536 bits : 6762.57 cyc
arblib_add       256 bits : 116.48 cyc
arblib_add       512 bits : 134.85 cyc
arblib_add      1024 bits : 159.41 cyc
arblib_add      2048 bits : 182.76 cyc
arblib_add      4096 bits : 319.00 cyc
arblib_add      8192 bits : 543.03 cyc
arblib_add     16384 bits : 852.43 cyc
arblib_add     32768 bits : 1567.52 cyc
arblib_add     65536 bits : 2905.93 cyc
barith2_add      256 bits : 84.65 cyc
barith2_add      512 bits : 104.22 cyc
barith2_add     1024 bits : 505.12 cyc
barith2_add     2048 bits : 289.75 cyc
barith2_add     4096 bits : 331.69 cyc
barith2_add     8192 bits : 1039.35 cyc
barith2_add    16384 bits : 1256.85 cyc
barith2_add    32768 bits : 3437.07 cyc
barith2_add    65536 bits : 6769.49 cyc
arblib_add       256 bits : 116.36 cyc
arblib_add       512 bits : 135.44 cyc
arblib_add      1024 bits : 151.81 cyc
arblib_add      2048 bits : 181.79 cyc
arblib_add      4096 bits : 317.25 cyc
arblib_add      8192 bits : 526.58 cyc
arblib_add     16384 bits : 858.02 cyc
arblib_add     32768 bits : 1576.96 cyc
arblib_add     65536 bits : 2921.99 cyc
barith2_add      256 bits : 84.06 cyc
barith2_add      512 bits : 103.22 cyc
barith2_add     1024 bits : 475.56 cyc
barith2_add     2048 bits : 294.02 cyc
barith2_add     4096 bits : 312.91 cyc
barith2_add     8192 bits : 1039.21 cyc
barith2_add    16384 bits : 1256.09 cyc
barith2_add    32768 bits : 3434.57 cyc
barith2_add    65536 bits : 6768.62 cyc
arblib_add       256 bits : 116.44 cyc
arblib_add       512 bits : 137.09 cyc
arblib_add      1024 bits : 154.29 cyc
arblib_add      2048 bits : 181.45 cyc
arblib_add      4096 bits : 338.36 cyc
arblib_add      8192 bits : 528.64 cyc
arblib_add     16384 bits : 856.79 cyc
arblib_add     32768 bits : 1624.82 cyc
arblib_add     65536 bits : 2901.98 cyc
barith2_add      256 bits : 85.12 cyc
barith2_add      512 bits : 105.38 cyc
barith2_add     1024 bits : 478.75 cyc
barith2_add     2048 bits : 299.01 cyc
barith2_add     4096 bits : 312.96 cyc
barith2_add     8192 bits : 1036.19 cyc
barith2_add    16384 bits : 1255.90 cyc
barith2_add    32768 bits : 3432.76 cyc
barith2_add    65536 bits : 6763.98 cyc
arblib_add       256 bits : 116.19 cyc
arblib_add       512 bits : 134.32 cyc
arblib_add      1024 bits : 152.44 cyc
arblib_add      2048 bits : 178.38 cyc
arblib_add      4096 bits : 330.75 cyc
arblib_add      8192 bits : 523.71 cyc
arblib_add     16384 bits : 856.57 cyc
arblib_add     32768 bits : 3436.17 cyc
arblib_add     65536 bits : 2902.34 cyc
barith2_add      256 bits : 84.27 cyc
barith2_add      512 bits : 104.89 cyc
barith2_add     1024 bits : 479.81 cyc
barith2_add     2048 bits : 292.26 cyc
barith2_add     4096 bits : 312.93 cyc
barith2_add     8192 bits : 1036.34 cyc
barith2_add    16384 bits : 1306.24 cyc
barith2_add    32768 bits : 3578.82 cyc
barith2_add    65536 bits : 6903.27 cyc
