arblib_mul       256 bits : 76.61 cyc
arblib_mul       512 bits : 149.07 cyc
arblib_mul      1024 bits : 216.72 cyc
arblib_mul      2048 bits : 1003.47 cyc
arblib_mul      4096 bits : 504.52 cyc
arblib_mul      8192 bits : 2537.72 cyc
arblib_mul     16384 bits : 5668.03 cyc
arblib_mul     32768 bits : 43087.18 cyc
arblib_mul     65536 bits : 190422.98 cyc
barith_mul_no_rad_exp   256 bits : 1147.51 cyc
barith_mul_no_rad_exp   512 bits : 2496.45 cyc
barith_mul_no_rad_exp  1024 bits : 7108.31 cyc
barith_mul_no_rad_exp  2048 bits : 26638.79 cyc
barith_mul_no_rad_exp  4096 bits : 93737.58 cyc
barith_mul_no_rad_exp  8192 bits : 356814.61 cyc
barith_mul_no_rad_exp 16384 bits : 1360154.59 cyc
barith_mul_no_rad_exp 32768 bits : 5289589.79 cyc
barith_mul_no_rad_exp 65536 bits : 20949967.59 cyc
barith2_mul      256 bits : 291.00 cyc
barith2_mul      512 bits : 786.25 cyc
barith2_mul     1024 bits : 2827.24 cyc
barith2_mul     2048 bits : 10085.97 cyc
barith2_mul     4096 bits : 36883.85 cyc
barith2_mul     8192 bits : 141104.76 cyc
barith2_mul    16384 bits : 548866.96 cyc
barith2_mul    32768 bits : 2167806.60 cyc
barith2_mul    65536 bits : 8740824.62 cyc
arblib_mul       256 bits : 76.69 cyc
arblib_mul       512 bits : 150.29 cyc
arblib_mul      1024 bits : 213.00 cyc
arblib_mul      2048 bits : 1004.54 cyc
arblib_mul      4096 bits : 505.55 cyc
arblib_mul      8192 bits : 2550.83 cyc
arblib_mul     16384 bits : 5670.23 cyc
arblib_mul     32768 bits : 43301.02 cyc
arblib_mul     65536 bits : 192378.86 cyc
barith_mul_no_rad_exp   256 bits : 1190.89 cyc
barith_mul_no_rad_exp   512 bits : 2493.70 cyc
barith_mul_no_rad_exp  1024 bits : 7060.77 cyc
barith_mul_no_rad_exp  2048 bits : 26641.21 cyc
barith_mul_no_rad_exp  4096 bits : 94461.04 cyc
barith_mul_no_rad_exp  8192 bits : 358839.09 cyc
barith_mul_no_rad_exp 16384 bits : 1373601.88 cyc
barith_mul_no_rad_exp 32768 bits : 5218999.57 cyc
barith_mul_no_rad_exp 65536 bits : 20940716.16 cyc
barith2_mul      256 bits : 287.60 cyc
barith2_mul      512 bits : 788.17 cyc
barith2_mul     1024 bits : 2822.45 cyc
barith2_mul     2048 bits : 10034.49 cyc
barith2_mul     4096 bits : 36114.50 cyc
barith2_mul     8192 bits : 147732.99 cyc
barith2_mul    16384 bits : 558389.92 cyc
barith2_mul    32768 bits : 2216715.87 cyc
barith2_mul    65536 bits : 8583341.58 cyc
arblib_mul       256 bits : 75.69 cyc
arblib_mul       512 bits : 153.43 cyc
arblib_mul      1024 bits : 217.12 cyc
arblib_mul      2048 bits : 1008.94 cyc
arblib_mul      4096 bits : 507.73 cyc
arblib_mul      8192 bits : 2550.28 cyc
arblib_mul     16384 bits : 6337.94 cyc
arblib_mul     32768 bits : 43283.57 cyc
arblib_mul     65536 bits : 190190.61 cyc
barith_mul_no_rad_exp   256 bits : 1194.25 cyc
barith_mul_no_rad_exp   512 bits : 2502.48 cyc
barith_mul_no_rad_exp  1024 bits : 7895.80 cyc
barith_mul_no_rad_exp  2048 bits : 26005.46 cyc
barith_mul_no_rad_exp  4096 bits : 94000.04 cyc
barith_mul_no_rad_exp  8192 bits : 352979.84 cyc
barith_mul_no_rad_exp 16384 bits : 1353690.00 cyc
barith_mul_no_rad_exp 32768 bits : 5215997.46 cyc
barith_mul_no_rad_exp 65536 bits : 20560713.59 cyc
barith2_mul      256 bits : 289.13 cyc
barith2_mul      512 bits : 786.33 cyc
barith2_mul     1024 bits : 2814.28 cyc
barith2_mul     2048 bits : 9976.74 cyc
barith2_mul     4096 bits : 36885.94 cyc
barith2_mul     8192 bits : 140936.26 cyc
barith2_mul    16384 bits : 552519.51 cyc
barith2_mul    32768 bits : 2487214.31 cyc
barith2_mul    65536 bits : 8659574.24 cyc
arblib_mul       256 bits : 76.63 cyc
arblib_mul       512 bits : 148.85 cyc
arblib_mul      1024 bits : 215.53 cyc
arblib_mul      2048 bits : 1007.36 cyc
arblib_mul      4096 bits : 510.91 cyc
arblib_mul      8192 bits : 2552.16 cyc
arblib_mul     16384 bits : 5752.03 cyc
arblib_mul     32768 bits : 44019.39 cyc
arblib_mul     65536 bits : 190831.83 cyc
barith_mul_no_rad_exp   256 bits : 1187.53 cyc
barith_mul_no_rad_exp   512 bits : 2467.10 cyc
barith_mul_no_rad_exp  1024 bits : 7091.01 cyc
barith_mul_no_rad_exp  2048 bits : 25985.65 cyc
barith_mul_no_rad_exp  4096 bits : 93996.49 cyc
barith_mul_no_rad_exp  8192 bits : 357884.85 cyc
barith_mul_no_rad_exp 16384 bits : 1345189.37 cyc
barith_mul_no_rad_exp 32768 bits : 5246690.64 cyc
barith_mul_no_rad_exp 65536 bits : 21478651.82 cyc
barith2_mul      256 bits : 286.86 cyc
barith2_mul      512 bits : 784.77 cyc
barith2_mul     1024 bits : 2816.78 cyc
barith2_mul     2048 bits : 10098.58 cyc
barith2_mul     4096 bits : 36200.71 cyc
barith2_mul     8192 bits : 144320.70 cyc
barith2_mul    16384 bits : 568345.52 cyc
barith2_mul    32768 bits : 2154175.62 cyc
barith2_mul    65536 bits : 8697289.11 cyc
arblib_mul       256 bits : 77.06 cyc
arblib_mul       512 bits : 150.09 cyc
arblib_mul      1024 bits : 215.06 cyc
arblib_mul      2048 bits : 1001.92 cyc
arblib_mul      4096 bits : 505.48 cyc
arblib_mul      8192 bits : 2686.28 cyc
arblib_mul     16384 bits : 5672.60 cyc
arblib_mul     32768 bits : 43097.31 cyc
arblib_mul     65536 bits : 224521.36 cyc
barith_mul_no_rad_exp   256 bits : 2162.92 cyc
barith_mul_no_rad_exp   512 bits : 4441.06 cyc
barith_mul_no_rad_exp  1024 bits : 7133.60 cyc
barith_mul_no_rad_exp  2048 bits : 25849.53 cyc
barith_mul_no_rad_exp  4096 bits : 93132.60 cyc
barith_mul_no_rad_exp  8192 bits : 355523.18 cyc
barith_mul_no_rad_exp 16384 bits : 1411376.46 cyc
barith_mul_no_rad_exp 32768 bits : 5217403.30 cyc
barith_mul_no_rad_exp 65536 bits : 21239103.03 cyc
barith2_mul      256 bits : 290.61 cyc
barith2_mul      512 bits : 788.41 cyc
barith2_mul     1024 bits : 2817.53 cyc
barith2_mul     2048 bits : 10117.31 cyc
barith2_mul     4096 bits : 36129.25 cyc
barith2_mul     8192 bits : 197712.05 cyc
barith2_mul    16384 bits : 547027.77 cyc
barith2_mul    32768 bits : 2155563.67 cyc
barith2_mul    65536 bits : 8626512.90 cyc
arblib_mul       256 bits : 75.26 cyc
arblib_mul       512 bits : 149.18 cyc
arblib_mul      1024 bits : 214.07 cyc
arblib_mul      2048 bits : 1073.33 cyc
arblib_mul      4096 bits : 511.56 cyc
arblib_mul      8192 bits : 2598.11 cyc
arblib_mul     16384 bits : 5662.77 cyc
arblib_mul     32768 bits : 43241.33 cyc
arblib_mul     65536 bits : 189263.76 cyc
barith_mul_no_rad_exp   256 bits : 1187.29 cyc
barith_mul_no_rad_exp   512 bits : 2498.11 cyc
barith_mul_no_rad_exp  1024 bits : 7039.19 cyc
barith_mul_no_rad_exp  2048 bits : 26152.67 cyc
barith_mul_no_rad_exp  4096 bits : 93161.57 cyc
barith_mul_no_rad_exp  8192 bits : 351298.15 cyc
barith_mul_no_rad_exp 16384 bits : 1328325.28 cyc
barith_mul_no_rad_exp 32768 bits : 5544874.28 cyc
barith_mul_no_rad_exp 65536 bits : 21273739.73 cyc
barith2_mul      256 bits : 289.32 cyc
barith2_mul      512 bits : 783.77 cyc
barith2_mul     1024 bits : 2813.78 cyc
barith2_mul     2048 bits : 10022.08 cyc
barith2_mul     4096 bits : 36527.71 cyc
barith2_mul     8192 bits : 140253.73 cyc
barith2_mul    16384 bits : 546127.21 cyc
barith2_mul    32768 bits : 2179631.03 cyc
barith2_mul    65536 bits : 8698032.98 cyc
arblib_mul       256 bits : 75.42 cyc
arblib_mul       512 bits : 149.20 cyc
arblib_mul      1024 bits : 214.71 cyc
arblib_mul      2048 bits : 1245.72 cyc
arblib_mul      4096 bits : 510.15 cyc
arblib_mul      8192 bits : 2551.71 cyc
arblib_mul     16384 bits : 5670.41 cyc
arblib_mul     32768 bits : 43169.67 cyc
arblib_mul     65536 bits : 197792.95 cyc
barith_mul_no_rad_exp   256 bits : 1148.86 cyc
barith_mul_no_rad_exp   512 bits : 2460.05 cyc
barith_mul_no_rad_exp  1024 bits : 7266.30 cyc
barith_mul_no_rad_exp  2048 bits : 26290.88 cyc
barith_mul_no_rad_exp  4096 bits : 93120.97 cyc
barith_mul_no_rad_exp  8192 bits : 351294.95 cyc
barith_mul_no_rad_exp 16384 bits : 1346514.70 cyc
barith_mul_no_rad_exp 32768 bits : 5206137.62 cyc
barith_mul_no_rad_exp 65536 bits : 21028853.94 cyc
barith2_mul      256 bits : 290.82 cyc
barith2_mul      512 bits : 786.11 cyc
barith2_mul     1024 bits : 2831.49 cyc
barith2_mul     2048 bits : 10113.19 cyc
barith2_mul     4096 bits : 36124.26 cyc
barith2_mul     8192 bits : 140473.59 cyc
barith2_mul    16384 bits : 544717.74 cyc
barith2_mul    32768 bits : 2156456.46 cyc
barith2_mul    65536 bits : 8599311.94 cyc
arblib_mul       256 bits : 176.03 cyc
arblib_mul       512 bits : 149.31 cyc
arblib_mul      1024 bits : 213.90 cyc
arblib_mul      2048 bits : 1008.79 cyc
arblib_mul      4096 bits : 510.69 cyc
arblib_mul      8192 bits : 2551.09 cyc
arblib_mul     16384 bits : 5725.30 cyc
arblib_mul     32768 bits : 43142.60 cyc
arblib_mul     65536 bits : 188928.76 cyc
barith_mul_no_rad_exp   256 bits : 1152.34 cyc
barith_mul_no_rad_exp   512 bits : 2495.66 cyc
barith_mul_no_rad_exp  1024 bits : 7084.81 cyc
barith_mul_no_rad_exp  2048 bits : 25968.33 cyc
barith_mul_no_rad_exp  4096 bits : 93380.46 cyc
barith_mul_no_rad_exp  8192 bits : 364263.49 cyc
barith_mul_no_rad_exp 16384 bits : 1361003.52 cyc
barith_mul_no_rad_exp 32768 bits : 5365921.63 cyc
barith_mul_no_rad_exp 65536 bits : 20452758.69 cyc
barith2_mul      256 bits : 291.90 cyc
barith2_mul      512 bits : 788.83 cyc
barith2_mul     1024 bits : 2814.22 cyc
barith2_mul     2048 bits : 9939.89 cyc
barith2_mul     4096 bits : 36192.18 cyc
barith2_mul     8192 bits : 140332.06 cyc
barith2_mul    16384 bits : 552880.91 cyc
barith2_mul    32768 bits : 2208455.93 cyc
barith2_mul    65536 bits : 8810447.78 cyc
arblib_mul       256 bits : 76.71 cyc
arblib_mul       512 bits : 150.24 cyc
arblib_mul      1024 bits : 213.66 cyc
arblib_mul      2048 bits : 1008.01 cyc
arblib_mul      4096 bits : 508.28 cyc
arblib_mul      8192 bits : 2540.78 cyc
arblib_mul     16384 bits : 5642.38 cyc
arblib_mul     32768 bits : 43127.98 cyc
arblib_mul     65536 bits : 189472.98 cyc
barith_mul_no_rad_exp   256 bits : 1181.36 cyc
barith_mul_no_rad_exp   512 bits : 2497.78 cyc
barith_mul_no_rad_exp  1024 bits : 7091.22 cyc
barith_mul_no_rad_exp  2048 bits : 26076.62 cyc
barith_mul_no_rad_exp  4096 bits : 93140.51 cyc
barith_mul_no_rad_exp  8192 bits : 350805.00 cyc
barith_mul_no_rad_exp 16384 bits : 1429900.91 cyc
barith_mul_no_rad_exp 32768 bits : 5506720.61 cyc
barith_mul_no_rad_exp 65536 bits : 20818661.27 cyc
barith2_mul      256 bits : 288.89 cyc
barith2_mul      512 bits : 784.26 cyc
barith2_mul     1024 bits : 2815.84 cyc
barith2_mul     2048 bits : 10107.95 cyc
barith2_mul     4096 bits : 36169.69 cyc
barith2_mul     8192 bits : 140629.95 cyc
barith2_mul    16384 bits : 544804.86 cyc
barith2_mul    32768 bits : 2225232.73 cyc
barith2_mul    65536 bits : 8580078.61 cyc
arblib_mul       256 bits : 75.20 cyc
arblib_mul       512 bits : 149.42 cyc
arblib_mul      1024 bits : 213.16 cyc
arblib_mul      2048 bits : 1007.78 cyc
arblib_mul      4096 bits : 506.43 cyc
arblib_mul      8192 bits : 2552.51 cyc
arblib_mul     16384 bits : 5634.92 cyc
arblib_mul     32768 bits : 43159.22 cyc
arblib_mul     65536 bits : 189452.22 cyc
barith_mul_no_rad_exp   256 bits : 1182.10 cyc
barith_mul_no_rad_exp   512 bits : 2484.50 cyc
barith_mul_no_rad_exp  1024 bits : 7063.94 cyc
barith_mul_no_rad_exp  2048 bits : 25899.88 cyc
barith_mul_no_rad_exp  4096 bits : 93068.84 cyc
barith_mul_no_rad_exp  8192 bits : 350451.66 cyc
barith_mul_no_rad_exp 16384 bits : 1325820.34 cyc
barith_mul_no_rad_exp 32768 bits : 5215051.92 cyc
barith_mul_no_rad_exp 65536 bits : 20754454.50 cyc
barith2_mul      256 bits : 289.63 cyc
barith2_mul      512 bits : 788.68 cyc
barith2_mul     1024 bits : 2814.14 cyc
barith2_mul     2048 bits : 13334.23 cyc
barith2_mul     4096 bits : 36123.71 cyc
barith2_mul     8192 bits : 209057.97 cyc
barith2_mul    16384 bits : 548418.58 cyc
barith2_mul    32768 bits : 2157266.61 cyc
barith2_mul    65536 bits : 8633746.37 cyc
