arblib_mul        256 bits : 75.83 cyc
arblib_mul        512 bits : 161.28 cyc
arblib_mul       1024 bits : 230.04 cyc
arblib_mul       2048 bits : 1019.56 cyc
arblib_mul       4096 bits : 514.70 cyc
arblib_mul       8192 bits : 2563.56 cyc
arblib_mul      16384 bits : 5658.96 cyc
arblib_mul      32768 bits : 43527.14 cyc
arblib_mul      65536 bits : 190144.36 cyc
barith_mul_portable    256 bits : 4640.29 cyc
barith_mul_portable    512 bits : 9679.12 cyc
barith_mul_portable   1024 bits : 28767.48 cyc
barith_mul_portable   2048 bits : 103779.10 cyc
barith_mul_portable   4096 bits : 377489.75 cyc
barith_mul_portable   8192 bits : 1439467.19 cyc
barith_mul_portable  16384 bits : 5641755.34 cyc
barith_mul_portable  32768 bits : 22322781.38 cyc
barith_mul_portable  65536 bits : 88781996.16 cyc
barith_mul_no_rad_exp    256 bits : 772.78 cyc
barith_mul_no_rad_exp    512 bits : 1640.70 cyc
barith_mul_no_rad_exp   1024 bits : 6003.14 cyc
barith_mul_no_rad_exp   2048 bits : 20265.66 cyc
barith_mul_no_rad_exp   4096 bits : 72844.38 cyc
barith_mul_no_rad_exp   8192 bits : 275392.70 cyc
barith_mul_no_rad_exp  16384 bits : 1070094.66 cyc
barith_mul_no_rad_exp  32768 bits : 4223475.71 cyc
barith_mul_no_rad_exp  65536 bits : 16749224.08 cyc
barith2_mul       256 bits : 362.99 cyc
barith2_mul       512 bits : 993.61 cyc
barith2_mul      1024 bits : 3565.38 cyc
barith2_mul      2048 bits : 20084.46 cyc
barith2_mul      4096 bits : 99846.65 cyc
barith2_mul      8192 bits : 417267.95 cyc
barith2_mul     16384 bits : 1651522.76 cyc
barith2_mul     32768 bits : 6644455.04 cyc
barith2_mul     65536 bits : 26309885.49 cyc
arblib_mul        256 bits : 86.41 cyc
arblib_mul        512 bits : 163.14 cyc
arblib_mul       1024 bits : 230.68 cyc
arblib_mul       2048 bits : 1015.99 cyc
arblib_mul       4096 bits : 517.11 cyc
arblib_mul       8192 bits : 2971.58 cyc
arblib_mul      16384 bits : 5693.14 cyc
arblib_mul      32768 bits : 44055.25 cyc
arblib_mul      65536 bits : 190582.04 cyc
barith_mul_portable    256 bits : 4680.93 cyc
barith_mul_portable    512 bits : 9583.48 cyc
barith_mul_portable   1024 bits : 28833.11 cyc
barith_mul_portable   2048 bits : 103498.30 cyc
barith_mul_portable   4096 bits : 376369.30 cyc
barith_mul_portable   8192 bits : 1438649.53 cyc
barith_mul_portable  16384 bits : 5633202.76 cyc
barith_mul_portable  32768 bits : 22335408.55 cyc
barith_mul_portable  65536 bits : 88877373.20 cyc
barith_mul_no_rad_exp    256 bits : 736.53 cyc
barith_mul_no_rad_exp    512 bits : 1625.29 cyc
barith_mul_no_rad_exp   1024 bits : 6008.73 cyc
barith_mul_no_rad_exp   2048 bits : 20322.65 cyc
barith_mul_no_rad_exp   4096 bits : 72894.12 cyc
barith_mul_no_rad_exp   8192 bits : 275658.03 cyc
barith_mul_no_rad_exp  16384 bits : 1068869.28 cyc
barith_mul_no_rad_exp  32768 bits : 4220474.80 cyc
barith_mul_no_rad_exp  65536 bits : 16759972.58 cyc
barith2_mul       256 bits : 517.41 cyc
barith2_mul       512 bits : 1003.98 cyc
barith2_mul      1024 bits : 3449.91 cyc
barith2_mul      2048 bits : 19273.16 cyc
barith2_mul      4096 bits : 98583.62 cyc
barith2_mul      8192 bits : 418985.11 cyc
barith2_mul     16384 bits : 1624690.14 cyc
barith2_mul     32768 bits : 6414134.75 cyc
barith2_mul     65536 bits : 26059308.23 cyc
arblib_mul        256 bits : 78.85 cyc
arblib_mul        512 bits : 162.51 cyc
arblib_mul       1024 bits : 229.69 cyc
arblib_mul       2048 bits : 1025.73 cyc
arblib_mul       4096 bits : 514.84 cyc
arblib_mul       8192 bits : 2566.31 cyc
arblib_mul      16384 bits : 5656.84 cyc
arblib_mul      32768 bits : 43632.81 cyc
arblib_mul      65536 bits : 192018.21 cyc
barith_mul_portable    256 bits : 4727.39 cyc
barith_mul_portable    512 bits : 9601.41 cyc
barith_mul_portable   1024 bits : 28866.06 cyc
barith_mul_portable   2048 bits : 103621.35 cyc
barith_mul_portable   4096 bits : 376044.00 cyc
barith_mul_portable   8192 bits : 1440369.10 cyc
barith_mul_portable  16384 bits : 5642101.09 cyc
barith_mul_portable  32768 bits : 22334686.05 cyc
barith_mul_portable  65536 bits : 88918918.23 cyc
barith_mul_no_rad_exp    256 bits : 768.98 cyc
barith_mul_no_rad_exp    512 bits : 1632.23 cyc
barith_mul_no_rad_exp   1024 bits : 6149.10 cyc
barith_mul_no_rad_exp   2048 bits : 20153.65 cyc
barith_mul_no_rad_exp   4096 bits : 73068.36 cyc
barith_mul_no_rad_exp   8192 bits : 276486.12 cyc
barith_mul_no_rad_exp  16384 bits : 1071182.21 cyc
barith_mul_no_rad_exp  32768 bits : 4228417.45 cyc
barith_mul_no_rad_exp  65536 bits : 16778722.86 cyc
barith2_mul       256 bits : 345.53 cyc
barith2_mul       512 bits : 980.95 cyc
barith2_mul      1024 bits : 3505.80 cyc
barith2_mul      2048 bits : 20180.46 cyc
barith2_mul      4096 bits : 101431.08 cyc
barith2_mul      8192 bits : 415747.08 cyc
barith2_mul     16384 bits : 1647673.43 cyc
barith2_mul     32768 bits : 6516235.90 cyc
barith2_mul     65536 bits : 26021081.71 cyc
arblib_mul        256 bits : 79.88 cyc
arblib_mul        512 bits : 162.19 cyc
arblib_mul       1024 bits : 233.43 cyc
arblib_mul       2048 bits : 1020.68 cyc
arblib_mul       4096 bits : 515.08 cyc
arblib_mul       8192 bits : 2564.26 cyc
arblib_mul      16384 bits : 5659.98 cyc
arblib_mul      32768 bits : 43596.60 cyc
arblib_mul      65536 bits : 191587.70 cyc
barith_mul_portable    256 bits : 4692.23 cyc
barith_mul_portable    512 bits : 9630.69 cyc
barith_mul_portable   1024 bits : 28738.60 cyc
barith_mul_portable   2048 bits : 103225.06 cyc
barith_mul_portable   4096 bits : 379081.78 cyc
barith_mul_portable   8192 bits : 1449780.69 cyc
barith_mul_portable  16384 bits : 5649840.79 cyc
barith_mul_portable  32768 bits : 22354359.94 cyc
barith_mul_portable  65536 bits : 88940826.48 cyc
barith_mul_no_rad_exp    256 bits : 774.16 cyc
barith_mul_no_rad_exp    512 bits : 1591.28 cyc
barith_mul_no_rad_exp   1024 bits : 6918.23 cyc
barith_mul_no_rad_exp   2048 bits : 20259.79 cyc
barith_mul_no_rad_exp   4096 bits : 72897.84 cyc
barith_mul_no_rad_exp   8192 bits : 275626.03 cyc
barith_mul_no_rad_exp  16384 bits : 1068771.10 cyc
barith_mul_no_rad_exp  32768 bits : 4221845.78 cyc
barith_mul_no_rad_exp  65536 bits : 17021017.05 cyc
barith2_mul       256 bits : 335.34 cyc
barith2_mul       512 bits : 962.12 cyc
barith2_mul      1024 bits : 3421.46 cyc
barith2_mul      2048 bits : 19771.51 cyc
barith2_mul      4096 bits : 100358.06 cyc
barith2_mul      8192 bits : 419946.19 cyc
barith2_mul     16384 bits : 1632449.20 cyc
barith2_mul     32768 bits : 6466328.81 cyc
barith2_mul     65536 bits : 26054435.00 cyc
arblib_mul        256 bits : 87.25 cyc
arblib_mul        512 bits : 166.88 cyc
arblib_mul       1024 bits : 232.94 cyc
arblib_mul       2048 bits : 1021.00 cyc
arblib_mul       4096 bits : 516.19 cyc
arblib_mul       8192 bits : 2572.31 cyc
arblib_mul      16384 bits : 5656.62 cyc
arblib_mul      32768 bits : 43780.09 cyc
arblib_mul      65536 bits : 190630.75 cyc
barith_mul_portable    256 bits : 4684.76 cyc
barith_mul_portable    512 bits : 9731.73 cyc
barith_mul_portable   1024 bits : 28644.24 cyc
barith_mul_portable   2048 bits : 103257.06 cyc
barith_mul_portable   4096 bits : 377552.08 cyc
barith_mul_portable   8192 bits : 1439442.70 cyc
barith_mul_portable  16384 bits : 5633790.41 cyc
barith_mul_portable  32768 bits : 22331654.51 cyc
barith_mul_portable  65536 bits : 88808584.04 cyc
barith_mul_no_rad_exp    256 bits : 770.34 cyc
barith_mul_no_rad_exp    512 bits : 1626.38 cyc
barith_mul_no_rad_exp   1024 bits : 6010.70 cyc
barith_mul_no_rad_exp   2048 bits : 20373.08 cyc
barith_mul_no_rad_exp   4096 bits : 73563.30 cyc
barith_mul_no_rad_exp   8192 bits : 275631.92 cyc
barith_mul_no_rad_exp  16384 bits : 1071232.10 cyc
barith_mul_no_rad_exp  32768 bits : 4221752.86 cyc
barith_mul_no_rad_exp  65536 bits : 16748810.70 cyc
barith2_mul       256 bits : 370.93 cyc
barith2_mul       512 bits : 997.78 cyc
barith2_mul      1024 bits : 3454.65 cyc
barith2_mul      2048 bits : 20589.30 cyc
barith2_mul      4096 bits : 100344.75 cyc
barith2_mul      8192 bits : 409384.84 cyc
barith2_mul     16384 bits : 1629516.31 cyc
barith2_mul     32768 bits : 6475366.01 cyc
barith2_mul     65536 bits : 25996614.99 cyc
