barith2_sub_O0    256 bits : 268.66 cyc
barith2_sub_O0    512 bits : 420.90 cyc
barith2_sub_O0   1024 bits : 1126.30 cyc
barith2_sub_O0   2048 bits : 1316.53 cyc
barith2_sub_O0   4096 bits : 3530.70 cyc
barith2_sub_O0   8192 bits : 6970.73 cyc
barith2_sub_O0  16384 bits : 13927.44 cyc
barith2_sub_O0  32768 bits : 13263.89 cyc
barith2_sub_O0  65536 bits : 38230.00 cyc
barith2_sub_O0 131072 bits : 112486.68 cyc
barith2_sub_O0 262144 bits : 153688.27 cyc
barith2_sub_O0 524288 bits : 306688.15 cyc
barith2_sub_O0    256 bits : 273.39 cyc
barith2_sub_O0    512 bits : 512.10 cyc
barith2_sub_O0   1024 bits : 674.84 cyc
barith2_sub_O0   2048 bits : 1435.85 cyc
barith2_sub_O0   4096 bits : 2532.19 cyc
barith2_sub_O0   8192 bits : 7035.65 cyc
barith2_sub_O0  16384 bits : 13819.96 cyc
barith2_sub_O0  32768 bits : 27449.25 cyc
barith2_sub_O0  65536 bits : 54808.55 cyc
barith2_sub_O0 131072 bits : 76909.25 cyc
barith2_sub_O0 262144 bits : 221582.71 cyc
barith2_sub_O0 524288 bits : 306790.49 cyc
barith2_sub_O0    256 bits : 271.24 cyc
barith2_sub_O0    512 bits : 512.38 cyc
barith2_sub_O0   1024 bits : 494.68 cyc
barith2_sub_O0   2048 bits : 1786.30 cyc
barith2_sub_O0   4096 bits : 2534.76 cyc
barith2_sub_O0   8192 bits : 7035.06 cyc
barith2_sub_O0  16384 bits : 13813.39 cyc
barith2_sub_O0  32768 bits : 27502.36 cyc
barith2_sub_O0  65536 bits : 26230.55 cyc
barith2_sub_O0 131072 bits : 78766.12 cyc
barith2_sub_O0 262144 bits : 220284.21 cyc
barith2_sub_O0 524288 bits : 439808.85 cyc
barith2_sub_O0    256 bits : 298.48 cyc
barith2_sub_O0    512 bits : 508.02 cyc
barith2_sub_O0   1024 bits : 967.60 cyc
barith2_sub_O0   2048 bits : 1788.05 cyc
barith2_sub_O0   4096 bits : 2544.65 cyc
barith2_sub_O0   8192 bits : 4971.16 cyc
barith2_sub_O0  16384 bits : 13781.14 cyc
barith2_sub_O0  32768 bits : 19244.38 cyc
barith2_sub_O0  65536 bits : 38368.16 cyc
barith2_sub_O0 131072 bits : 76852.79 cyc
barith2_sub_O0 262144 bits : 221420.09 cyc
barith2_sub_O0 524288 bits : 440113.39 cyc
barith2_sub_O0    256 bits : 270.69 cyc
barith2_sub_O0    512 bits : 513.74 cyc
barith2_sub_O0   1024 bits : 677.16 cyc
barith2_sub_O0   2048 bits : 1843.59 cyc
barith2_sub_O0   4096 bits : 2537.71 cyc
barith2_sub_O0   8192 bits : 3407.70 cyc
barith2_sub_O0  16384 bits : 13785.86 cyc
barith2_sub_O0  32768 bits : 19383.59 cyc
barith2_sub_O0  65536 bits : 54847.86 cyc
barith2_sub_O0 131072 bits : 110397.95 cyc
barith2_sub_O0 262144 bits : 155024.16 cyc
barith2_sub_O0 524288 bits : 308860.74 cyc
barith2_sub_O2    256 bits : 78.74 cyc
barith2_sub_O2    512 bits : 126.94 cyc
barith2_sub_O2   1024 bits : 420.15 cyc
barith2_sub_O2   2048 bits : 254.25 cyc
barith2_sub_O2   4096 bits : 867.21 cyc
barith2_sub_O2   8192 bits : 1255.88 cyc
barith2_sub_O2  16384 bits : 2413.30 cyc
barith2_sub_O2  32768 bits : 3434.50 cyc
barith2_sub_O2  65536 bits : 9358.40 cyc
barith2_sub_O2 131072 bits : 13486.75 cyc
barith2_sub_O2 262144 bits : 54487.74 cyc
barith2_sub_O2 524288 bits : 108319.02 cyc
barith2_sub_O2    256 bits : 80.15 cyc
barith2_sub_O2    512 bits : 125.11 cyc
barith2_sub_O2   1024 bits : 417.80 cyc
barith2_sub_O2   2048 bits : 337.91 cyc
barith2_sub_O2   4096 bits : 626.76 cyc
barith2_sub_O2   8192 bits : 1766.36 cyc
barith2_sub_O2  16384 bits : 2414.85 cyc
barith2_sub_O2  32768 bits : 6807.05 cyc
barith2_sub_O2  65536 bits : 10972.99 cyc
barith2_sub_O2 131072 bits : 18776.10 cyc
barith2_sub_O2 262144 bits : 37833.94 cyc
barith2_sub_O2 524288 bits : 79132.41 cyc
barith2_sub_O2    256 bits : 80.21 cyc
barith2_sub_O2    512 bits : 116.51 cyc
barith2_sub_O2   1024 bits : 375.79 cyc
barith2_sub_O2   2048 bits : 336.04 cyc
barith2_sub_O2   4096 bits : 866.00 cyc
barith2_sub_O2   8192 bits : 1252.58 cyc
barith2_sub_O2  16384 bits : 3447.06 cyc
barith2_sub_O2  32768 bits : 5502.34 cyc
barith2_sub_O2  65536 bits : 9353.67 cyc
barith2_sub_O2 131072 bits : 18688.19 cyc
barith2_sub_O2 262144 bits : 37926.65 cyc
barith2_sub_O2 524288 bits : 74855.74 cyc
barith2_sub_O2    256 bits : 79.71 cyc
barith2_sub_O2    512 bits : 127.66 cyc
barith2_sub_O2   1024 bits : 418.93 cyc
barith2_sub_O2   2048 bits : 443.51 cyc
barith2_sub_O2   4096 bits : 863.42 cyc
barith2_sub_O2   8192 bits : 1257.31 cyc
barith2_sub_O2  16384 bits : 2868.41 cyc
barith2_sub_O2  32768 bits : 4738.80 cyc
barith2_sub_O2  65536 bits : 13624.38 cyc
barith2_sub_O2 131072 bits : 21924.16 cyc
barith2_sub_O2 262144 bits : 54679.90 cyc
barith2_sub_O2 524288 bits : 108021.71 cyc
barith2_sub_O2    256 bits : 81.40 cyc
barith2_sub_O2    512 bits : 117.15 cyc
barith2_sub_O2   1024 bits : 417.55 cyc
barith2_sub_O2   2048 bits : 337.49 cyc
barith2_sub_O2   4096 bits : 627.56 cyc
barith2_sub_O2   8192 bits : 908.06 cyc
barith2_sub_O2  16384 bits : 2412.80 cyc
barith2_sub_O2  32768 bits : 4734.84 cyc
barith2_sub_O2  65536 bits : 9362.73 cyc
barith2_sub_O2 131072 bits : 18857.94 cyc
barith2_sub_O2 262144 bits : 37779.65 cyc
barith2_sub_O2 524288 bits : 109019.34 cyc
barith2_sub_fastest    256 bits : 80.69 cyc
barith2_sub_fastest    512 bits : 107.90 cyc
barith2_sub_fastest   1024 bits : 238.64 cyc
barith2_sub_fastest   2048 bits : 371.20 cyc
barith2_sub_fastest   4096 bits : 558.73 cyc
barith2_sub_fastest   8192 bits : 906.11 cyc
barith2_sub_fastest  16384 bits : 1788.74 cyc
barith2_sub_fastest  32768 bits : 3503.21 cyc
barith2_sub_fastest  65536 bits : 8778.54 cyc
barith2_sub_fastest 131072 bits : 21363.04 cyc
barith2_sub_fastest 262144 bits : 44525.46 cyc
barith2_sub_fastest 524288 bits : 55541.44 cyc
barith2_sub_fastest    256 bits : 79.33 cyc
barith2_sub_fastest    512 bits : 116.56 cyc
barith2_sub_fastest   1024 bits : 237.66 cyc
barith2_sub_fastest   2048 bits : 197.66 cyc
barith2_sub_fastest   4096 bits : 484.39 cyc
barith2_sub_fastest   8192 bits : 905.51 cyc
barith2_sub_fastest  16384 bits : 2720.84 cyc
barith2_sub_fastest  32768 bits : 3504.28 cyc
barith2_sub_fastest  65536 bits : 10718.64 cyc
barith2_sub_fastest 131072 bits : 21346.90 cyc
barith2_sub_fastest 262144 bits : 21396.62 cyc
barith2_sub_fastest 524288 bits : 54933.48 cyc
barith2_sub_fastest    256 bits : 66.88 cyc
barith2_sub_fastest    512 bits : 115.86 cyc
barith2_sub_fastest   1024 bits : 142.91 cyc
barith2_sub_fastest   2048 bits : 197.89 cyc
barith2_sub_fastest   4096 bits : 704.40 cyc
barith2_sub_fastest   8192 bits : 906.14 cyc
barith2_sub_fastest  16384 bits : 1793.75 cyc
barith2_sub_fastest  32768 bits : 5404.89 cyc
barith2_sub_fastest  65536 bits : 6904.25 cyc
barith2_sub_fastest 131072 bits : 21427.84 cyc
barith2_sub_fastest 262144 bits : 21265.44 cyc
barith2_sub_fastest 524288 bits : 69151.24 cyc
barith2_sub_fastest    256 bits : 73.50 cyc
barith2_sub_fastest    512 bits : 108.79 cyc
barith2_sub_fastest   1024 bits : 141.03 cyc
barith2_sub_fastest   2048 bits : 372.74 cyc
barith2_sub_fastest   4096 bits : 561.95 cyc
barith2_sub_fastest   8192 bits : 1359.00 cyc
barith2_sub_fastest  16384 bits : 2722.43 cyc
barith2_sub_fastest  32768 bits : 4380.82 cyc
barith2_sub_fastest  65536 bits : 10712.21 cyc
barith2_sub_fastest 131072 bits : 13704.15 cyc
barith2_sub_fastest 262144 bits : 29181.01 cyc
barith2_sub_fastest 524288 bits : 69365.75 cyc
barith2_sub_fastest    256 bits : 81.70 cyc
barith2_sub_fastest    512 bits : 108.94 cyc
barith2_sub_fastest   1024 bits : 237.80 cyc
barith2_sub_fastest   2048 bits : 375.15 cyc
barith2_sub_fastest   4096 bits : 700.96 cyc
barith2_sub_fastest   8192 bits : 1353.73 cyc
barith2_sub_fastest  16384 bits : 2725.62 cyc
barith2_sub_fastest  32768 bits : 3655.24 cyc
barith2_sub_fastest  65536 bits : 6872.34 cyc
barith2_sub_fastest 131072 bits : 21415.16 cyc
barith2_sub_fastest 262144 bits : 36762.54 cyc
barith2_sub_fastest 524288 bits : 55907.26 cyc
