barith2_add_O0    256 bits : 204.90 cyc
barith2_add_O0    512 bits : 313.15 cyc
barith2_add_O0   1024 bits : 712.31 cyc
barith2_add_O0   2048 bits : 1026.50 cyc
barith2_add_O0   4096 bits : 1447.17 cyc
barith2_add_O0   8192 bits : 2797.64 cyc
barith2_add_O0  16384 bits : 7763.55 cyc
barith2_add_O0  32768 bits : 15446.75 cyc
barith2_add_O0  65536 bits : 30828.09 cyc
barith2_add_O0 131072 bits : 43600.36 cyc
barith2_add_O0 262144 bits : 124318.48 cyc
barith2_add_O0 524288 bits : 174435.08 cyc
barith2_add_O0    256 bits : 141.74 cyc
barith2_add_O0    512 bits : 324.11 cyc
barith2_add_O0   1024 bits : 716.96 cyc
barith2_add_O0   2048 bits : 1023.31 cyc
barith2_add_O0   4096 bits : 1461.53 cyc
barith2_add_O0   8192 bits : 3976.59 cyc
barith2_add_O0  16384 bits : 5502.74 cyc
barith2_add_O0  32768 bits : 15536.76 cyc
barith2_add_O0  65536 bits : 21690.03 cyc
barith2_add_O0 131072 bits : 43604.61 cyc
barith2_add_O0 262144 bits : 87557.34 cyc
barith2_add_O0 524288 bits : 245847.56 cyc
barith2_add_O0    256 bits : 141.86 cyc
barith2_add_O0    512 bits : 314.81 cyc
barith2_add_O0   1024 bits : 722.70 cyc
barith2_add_O0   2048 bits : 1026.47 cyc
barith2_add_O0   4096 bits : 1446.64 cyc
barith2_add_O0   8192 bits : 2789.53 cyc
barith2_add_O0  16384 bits : 7771.18 cyc
barith2_add_O0  32768 bits : 10905.34 cyc
barith2_add_O0  65536 bits : 21837.90 cyc
barith2_add_O0 131072 bits : 43624.04 cyc
barith2_add_O0 262144 bits : 87104.40 cyc
barith2_add_O0 524288 bits : 174297.42 cyc
barith2_add_O0    256 bits : 145.62 cyc
barith2_add_O0    512 bits : 314.79 cyc
barith2_add_O0   1024 bits : 401.44 cyc
barith2_add_O0   2048 bits : 738.96 cyc
barith2_add_O0   4096 bits : 2077.59 cyc
barith2_add_O0   8192 bits : 3984.57 cyc
barith2_add_O0  16384 bits : 7799.89 cyc
barith2_add_O0  32768 bits : 10905.71 cyc
barith2_add_O0  65536 bits : 21862.86 cyc
barith2_add_O0 131072 bits : 43605.88 cyc
barith2_add_O0 262144 bits : 123161.61 cyc
barith2_add_O0 524288 bits : 245453.34 cyc
barith2_add_O0    256 bits : 142.43 cyc
barith2_add_O0    512 bits : 320.19 cyc
barith2_add_O0   1024 bits : 399.09 cyc
barith2_add_O0   2048 bits : 1027.56 cyc
barith2_add_O0   4096 bits : 2066.51 cyc
barith2_add_O0   8192 bits : 2786.06 cyc
barith2_add_O0  16384 bits : 7812.23 cyc
barith2_add_O0  32768 bits : 15380.60 cyc
barith2_add_O0  65536 bits : 30751.41 cyc
barith2_add_O0 131072 bits : 43749.45 cyc
barith2_add_O0 262144 bits : 123515.36 cyc
barith2_add_O0 524288 bits : 247878.83 cyc
barith2_add_O2    256 bits : 68.66 cyc
barith2_add_O2    512 bits : 92.50 cyc
barith2_add_O2   1024 bits : 295.34 cyc
barith2_add_O2   2048 bits : 246.21 cyc
barith2_add_O2   4096 bits : 429.73 cyc
barith2_add_O2   8192 bits : 682.76 cyc
barith2_add_O2  16384 bits : 1326.04 cyc
barith2_add_O2  32768 bits : 3184.14 cyc
barith2_add_O2  65536 bits : 5307.09 cyc
barith2_add_O2 131072 bits : 10365.67 cyc
barith2_add_O2 262144 bits : 25646.25 cyc
barith2_add_O2 524288 bits : 51270.86 cyc
barith2_add_O2    256 bits : 34.80 cyc
barith2_add_O2    512 bits : 54.85 cyc
barith2_add_O2   1024 bits : 294.93 cyc
barith2_add_O2   2048 bits : 235.01 cyc
barith2_add_O2   4096 bits : 333.77 cyc
barith2_add_O2   8192 bits : 866.81 cyc
barith2_add_O2  16384 bits : 1326.79 cyc
barith2_add_O2  32768 bits : 2612.40 cyc
barith2_add_O2  65536 bits : 6349.38 cyc
barith2_add_O2 131072 bits : 10543.09 cyc
barith2_add_O2 262144 bits : 25701.09 cyc
barith2_add_O2 524288 bits : 41788.19 cyc
barith2_add_O2    256 bits : 69.10 cyc
barith2_add_O2    512 bits : 54.83 cyc
barith2_add_O2   1024 bits : 301.91 cyc
barith2_add_O2   2048 bits : 173.66 cyc
barith2_add_O2   4096 bits : 429.32 cyc
barith2_add_O2   8192 bits : 866.60 cyc
barith2_add_O2  16384 bits : 1702.12 cyc
barith2_add_O2  32768 bits : 3243.47 cyc
barith2_add_O2  65536 bits : 5246.04 cyc
barith2_add_O2 131072 bits : 10777.65 cyc
barith2_add_O2 262144 bits : 20870.81 cyc
barith2_add_O2 524288 bits : 51249.38 cyc
barith2_add_O2    256 bits : 69.86 cyc
barith2_add_O2    512 bits : 93.17 cyc
barith2_add_O2   1024 bits : 295.27 cyc
barith2_add_O2   2048 bits : 173.76 cyc
barith2_add_O2   4096 bits : 431.96 cyc
barith2_add_O2   8192 bits : 867.89 cyc
barith2_add_O2  16384 bits : 1639.96 cyc
barith2_add_O2  32768 bits : 2613.04 cyc
barith2_add_O2  65536 bits : 6274.46 cyc
barith2_add_O2 131072 bits : 12618.04 cyc
barith2_add_O2 262144 bits : 20735.33 cyc
barith2_add_O2 524288 bits : 51210.75 cyc
barith2_add_O2    256 bits : 66.72 cyc
barith2_add_O2    512 bits : 93.28 cyc
barith2_add_O2   1024 bits : 295.32 cyc
barith2_add_O2   2048 bits : 173.39 cyc
barith2_add_O2   4096 bits : 429.14 cyc
barith2_add_O2   8192 bits : 867.77 cyc
barith2_add_O2  16384 bits : 1327.09 cyc
barith2_add_O2  32768 bits : 2613.49 cyc
barith2_add_O2  65536 bits : 6269.76 cyc
barith2_add_O2 131072 bits : 10333.12 cyc
barith2_add_O2 262144 bits : 25520.70 cyc
barith2_add_O2 524288 bits : 41519.47 cyc
barith2_add_fastest    256 bits : 35.93 cyc
barith2_add_fastest    512 bits : 51.93 cyc
barith2_add_fastest   1024 bits : 121.56 cyc
barith2_add_fastest   2048 bits : 133.14 cyc
barith2_add_fastest   4096 bits : 294.06 cyc
barith2_add_fastest   8192 bits : 510.86 cyc
barith2_add_fastest  16384 bits : 982.33 cyc
barith2_add_fastest  32768 bits : 1933.03 cyc
barith2_add_fastest  65536 bits : 3541.81 cyc
barith2_add_fastest 131072 bits : 7890.45 cyc
barith2_add_fastest 262144 bits : 14117.06 cyc
barith2_add_fastest 524288 bits : 32976.15 cyc
barith2_add_fastest    256 bits : 38.18 cyc
barith2_add_fastest    512 bits : 89.69 cyc
barith2_add_fastest   1024 bits : 76.64 cyc
barith2_add_fastest   2048 bits : 170.89 cyc
barith2_add_fastest   4096 bits : 322.94 cyc
barith2_add_fastest   8192 bits : 511.11 cyc
barith2_add_fastest  16384 bits : 981.95 cyc
barith2_add_fastest  32768 bits : 1796.45 cyc
barith2_add_fastest  65536 bits : 3815.34 cyc
barith2_add_fastest 131072 bits : 7954.89 cyc
barith2_add_fastest 262144 bits : 14055.20 cyc
barith2_add_fastest 524288 bits : 32376.35 cyc
barith2_add_fastest    256 bits : 69.84 cyc
barith2_add_fastest    512 bits : 51.80 cyc
barith2_add_fastest   1024 bits : 76.42 cyc
barith2_add_fastest   2048 bits : 131.00 cyc
barith2_add_fastest   4096 bits : 304.70 cyc
barith2_add_fastest   8192 bits : 508.90 cyc
barith2_add_fastest  16384 bits : 898.56 cyc
barith2_add_fastest  32768 bits : 1806.28 cyc
barith2_add_fastest  65536 bits : 3551.01 cyc
barith2_add_fastest 131072 bits : 7151.25 cyc
barith2_add_fastest 262144 bits : 16300.21 cyc
barith2_add_fastest 524288 bits : 29101.33 cyc
barith2_add_fastest    256 bits : 37.56 cyc
barith2_add_fastest    512 bits : 89.39 cyc
barith2_add_fastest   1024 bits : 122.62 cyc
barith2_add_fastest   2048 bits : 174.59 cyc
barith2_add_fastest   4096 bits : 239.90 cyc
barith2_add_fastest   8192 bits : 508.48 cyc
barith2_add_fastest  16384 bits : 898.03 cyc
barith2_add_fastest  32768 bits : 1931.03 cyc
barith2_add_fastest  65536 bits : 3814.83 cyc
barith2_add_fastest 131072 bits : 7930.15 cyc
barith2_add_fastest 262144 bits : 14146.66 cyc
barith2_add_fastest 524288 bits : 28569.03 cyc
barith2_add_fastest    256 bits : 69.19 cyc
barith2_add_fastest    512 bits : 87.61 cyc
barith2_add_fastest   1024 bits : 78.59 cyc
barith2_add_fastest   2048 bits : 131.01 cyc
barith2_add_fastest   4096 bits : 240.44 cyc
barith2_add_fastest   8192 bits : 511.51 cyc
barith2_add_fastest  16384 bits : 901.64 cyc
barith2_add_fastest  32768 bits : 1935.18 cyc
barith2_add_fastest  65536 bits : 3541.95 cyc
barith2_add_fastest 131072 bits : 7912.25 cyc
barith2_add_fastest 262144 bits : 16422.71 cyc
barith2_add_fastest 524288 bits : 28565.65 cyc
