int_mul          256 bits : 89.28 cyc
int_mul          512 bits : 307.00 cyc
int_mul         1024 bits : 1180.88 cyc
int_mul         2048 bits : 5587.84 cyc
int_mul         4096 bits : 20586.44 cyc
int_mul         8192 bits : 82991.00 cyc
int_mul        16384 bits : 339603.69 cyc
int_mul        32768 bits : 1387879.25 cyc
int_mul        65536 bits : 6186562.70 cyc
int_mul_karatsuba   256 bits : 22425.88 cyc
int_mul_karatsuba   512 bits : 88844.52 cyc
int_mul_karatsuba  1024 bits : 352548.98 cyc
int_mul_karatsuba  2048 bits : 875210.56 cyc
int_mul_karatsuba  4096 bits : 2561648.88 cyc
int_mul_karatsuba  8192 bits : 8586197.46 cyc
int_mul_karatsuba 16384 bits : 32702881.62 cyc
int_mul_karatsuba 32768 bits : 146212075.35 cyc
int_mul_karatsuba 65536 bits : 764099347.03 cyc
int_mul_karatsuba_extend_basecase   256 bits : 98.96 cyc
int_mul_karatsuba_extend_basecase   512 bits : 307.92 cyc
int_mul_karatsuba_extend_basecase  1024 bits : 7235.28 cyc
int_mul_karatsuba_extend_basecase  2048 bits : 29024.16 cyc
int_mul_karatsuba_extend_basecase  4096 bits : 103233.93 cyc
int_mul_karatsuba_extend_basecase  8192 bits : 352159.93 cyc
int_mul_karatsuba_extend_basecase 16384 bits : 1355578.50 cyc
int_mul_karatsuba_extend_basecase 32768 bits : 5836104.59 cyc
int_mul_karatsuba_extend_basecase 65536 bits : 28873554.01 cyc
int_mul_karatsuba_opt2   256 bits : 122.00 cyc
int_mul_karatsuba_opt2   512 bits : 295.88 cyc
int_mul_karatsuba_opt2  1024 bits : 7350.96 cyc
int_mul_karatsuba_opt2  2048 bits : 31619.25 cyc
int_mul_karatsuba_opt2  4096 bits : 102136.63 cyc
int_mul_karatsuba_opt2  8192 bits : 342246.62 cyc
int_mul_karatsuba_opt2 16384 bits : 1315687.56 cyc
int_mul_karatsuba_opt2 32768 bits : 5556564.98 cyc
int_mul_karatsuba_opt2 65536 bits : 26339779.75 cyc
