int_plus         256 bits : 545.63 cyc
int_plus         512 bits : 454.65 cyc
int_plus        1024 bits : 432.28 cyc
int_plus        2048 bits : 564.93 cyc
int_plus        4096 bits : 733.68 cyc
int_plus        8192 bits : 1511.82 cyc
int_plus       16384 bits : 3126.32 cyc
int_plus       32768 bits : 5531.62 cyc
int_plus       65536 bits : 12830.71 cyc
int_plus_portable   256 bits : 64.21 cyc
int_plus_portable   512 bits : 116.80 cyc
int_plus_portable  1024 bits : 222.00 cyc
int_plus_portable  2048 bits : 430.66 cyc
int_plus_portable  4096 bits : 846.23 cyc
int_plus_portable  8192 bits : 1715.61 cyc
int_plus_portable 16384 bits : 3508.75 cyc
int_plus_portable 32768 bits : 7040.57 cyc
int_plus_portable 65536 bits : 14203.90 cyc
int_plus         256 bits : 51.74 cyc
int_plus         512 bits : 93.02 cyc
int_plus        1024 bits : 177.19 cyc
int_plus        2048 bits : 343.64 cyc
int_plus        4096 bits : 678.38 cyc
int_plus        8192 bits : 1417.15 cyc
int_plus       16384 bits : 2714.37 cyc
int_plus       32768 bits : 5608.93 cyc
int_plus       65536 bits : 10800.15 cyc
int_plus_portable   256 bits : 64.09 cyc
int_plus_portable   512 bits : 116.38 cyc
int_plus_portable  1024 bits : 220.83 cyc
int_plus_portable  2048 bits : 430.92 cyc
int_plus_portable  4096 bits : 846.17 cyc
int_plus_portable  8192 bits : 2150.73 cyc
int_plus_portable 16384 bits : 3842.76 cyc
int_plus_portable 32768 bits : 7037.63 cyc
int_plus_portable 65536 bits : 14134.00 cyc
int_plus         256 bits : 52.87 cyc
int_plus         512 bits : 96.06 cyc
int_plus        1024 bits : 182.01 cyc
int_plus        2048 bits : 356.67 cyc
int_plus        4096 bits : 696.98 cyc
int_plus        8192 bits : 1438.60 cyc
int_plus       16384 bits : 2782.62 cyc
int_plus       32768 bits : 5549.21 cyc
int_plus       65536 bits : 11262.88 cyc
int_plus_portable   256 bits : 66.05 cyc
int_plus_portable   512 bits : 119.32 cyc
int_plus_portable  1024 bits : 227.53 cyc
int_plus_portable  2048 bits : 449.07 cyc
int_plus_portable  4096 bits : 866.91 cyc
int_plus_portable  8192 bits : 1750.77 cyc
int_plus_portable 16384 bits : 3425.10 cyc
int_plus_portable 32768 bits : 7317.97 cyc
int_plus_portable 65536 bits : 13393.05 cyc
int_plus         256 bits : 51.58 cyc
int_plus         512 bits : 93.17 cyc
int_plus        1024 bits : 177.42 cyc
int_plus        2048 bits : 344.18 cyc
int_plus        4096 bits : 678.80 cyc
int_plus        8192 bits : 1377.43 cyc
int_plus       16384 bits : 2712.32 cyc
int_plus       32768 bits : 5440.44 cyc
int_plus       65536 bits : 10774.82 cyc
int_plus_portable   256 bits : 63.95 cyc
int_plus_portable   512 bits : 116.54 cyc
int_plus_portable  1024 bits : 221.94 cyc
int_plus_portable  2048 bits : 431.59 cyc
int_plus_portable  4096 bits : 845.89 cyc
int_plus_portable  8192 bits : 1712.42 cyc
int_plus_portable 16384 bits : 3379.85 cyc
int_plus_portable 32768 bits : 6713.64 cyc
int_plus_portable 65536 bits : 13457.18 cyc
int_plus         256 bits : 51.54 cyc
int_plus         512 bits : 93.60 cyc
int_plus        1024 bits : 177.07 cyc
int_plus        2048 bits : 346.20 cyc
int_plus        4096 bits : 677.80 cyc
int_plus        8192 bits : 1379.10 cyc
int_plus       16384 bits : 2711.76 cyc
int_plus       32768 bits : 5489.02 cyc
int_plus       65536 bits : 10779.13 cyc
int_plus_portable   256 bits : 64.41 cyc
int_plus_portable   512 bits : 116.11 cyc
int_plus_portable  1024 bits : 220.73 cyc
int_plus_portable  2048 bits : 429.91 cyc
int_plus_portable  4096 bits : 843.91 cyc
int_plus_portable  8192 bits : 1703.11 cyc
int_plus_portable 16384 bits : 3454.28 cyc
int_plus_portable 32768 bits : 6716.91 cyc
int_plus_portable 65536 bits : 13408.22 cyc
