int_mul          256 bits : 97.81 cyc
int_mul          512 bits : 304.70 cyc
int_mul         1024 bits : 1067.48 cyc
int_mul         2048 bits : 4216.50 cyc
int_mul         4096 bits : 16840.94 cyc
int_mul         8192 bits : 64986.22 cyc
int_mul        16384 bits : 257771.09 cyc
int_mul        32768 bits : 1014844.14 cyc
int_mul_OPT1     256 bits : 94.73 cyc
int_mul_OPT1     512 bits : 279.95 cyc
int_mul_OPT1    1024 bits : 1103.37 cyc
int_mul_OPT1    2048 bits : 4733.46 cyc
int_mul_OPT1    4096 bits : 19667.65 cyc
int_mul_OPT1    8192 bits : 80444.98 cyc
int_mul_OPT1   16384 bits : 340993.07 cyc
int_mul_OPT1   32768 bits : 1371508.17 cyc
int_mul_unroll   256 bits : 119.56 cyc
int_mul_unroll   512 bits : 349.54 cyc
int_mul_unroll  1024 bits : 1186.91 cyc
int_mul_unroll  2048 bits : 4554.46 cyc
int_mul_unroll  4096 bits : 18549.83 cyc
int_mul_unroll  8192 bits : 72244.01 cyc
int_mul_unroll 16384 bits : 293005.96 cyc
int_mul_unroll 32768 bits : 1171122.86 cyc
int_mul          256 bits : 98.28 cyc
int_mul          512 bits : 305.89 cyc
int_mul         1024 bits : 1228.28 cyc
int_mul         2048 bits : 4171.39 cyc
int_mul         4096 bits : 17052.99 cyc
int_mul         8192 bits : 65540.32 cyc
int_mul        16384 bits : 284987.00 cyc
int_mul        32768 bits : 1015810.03 cyc
int_mul_OPT1     256 bits : 94.39 cyc
int_mul_OPT1     512 bits : 254.76 cyc
int_mul_OPT1    1024 bits : 1050.94 cyc
int_mul_OPT1    2048 bits : 4422.23 cyc
int_mul_OPT1    4096 bits : 18929.33 cyc
int_mul_OPT1    8192 bits : 79939.44 cyc
int_mul_OPT1   16384 bits : 338445.04 cyc
int_mul_OPT1   32768 bits : 1374091.89 cyc
int_mul_unroll   256 bits : 118.72 cyc
int_mul_unroll   512 bits : 346.65 cyc
int_mul_unroll  1024 bits : 1213.29 cyc
int_mul_unroll  2048 bits : 4532.86 cyc
int_mul_unroll  4096 bits : 18032.66 cyc
int_mul_unroll  8192 bits : 73288.52 cyc
int_mul_unroll 16384 bits : 296258.24 cyc
int_mul_unroll 32768 bits : 1170400.52 cyc
int_mul          256 bits : 98.40 cyc
int_mul          512 bits : 305.23 cyc
int_mul         1024 bits : 1065.70 cyc
int_mul         2048 bits : 4215.14 cyc
int_mul         4096 bits : 16802.90 cyc
int_mul         8192 bits : 65093.03 cyc
int_mul        16384 bits : 257733.69 cyc
int_mul        32768 bits : 1015597.00 cyc
int_mul_OPT1     256 bits : 94.95 cyc
int_mul_OPT1     512 bits : 255.56 cyc
int_mul_OPT1    1024 bits : 1045.81 cyc
int_mul_OPT1    2048 bits : 4424.25 cyc
int_mul_OPT1    4096 bits : 19065.25 cyc
int_mul_OPT1    8192 bits : 80341.02 cyc
int_mul_OPT1   16384 bits : 337792.68 cyc
int_mul_OPT1   32768 bits : 1416066.96 cyc
int_mul_unroll   256 bits : 119.20 cyc
int_mul_unroll   512 bits : 343.44 cyc
int_mul_unroll  1024 bits : 1177.28 cyc
int_mul_unroll  2048 bits : 4551.40 cyc
int_mul_unroll  4096 bits : 18063.36 cyc
int_mul_unroll  8192 bits : 72568.18 cyc
int_mul_unroll 16384 bits : 292403.96 cyc
int_mul_unroll 32768 bits : 1183369.30 cyc
int_mul          256 bits : 98.42 cyc
int_mul          512 bits : 305.15 cyc
int_mul         1024 bits : 1067.32 cyc
int_mul         2048 bits : 4169.53 cyc
int_mul         4096 bits : 16826.32 cyc
int_mul         8192 bits : 65198.92 cyc
int_mul        16384 bits : 282417.22 cyc
int_mul        32768 bits : 1020292.99 cyc
int_mul_OPT1     256 bits : 94.83 cyc
int_mul_OPT1     512 bits : 258.53 cyc
int_mul_OPT1    1024 bits : 1051.81 cyc
int_mul_OPT1    2048 bits : 4437.59 cyc
int_mul_OPT1    4096 bits : 18938.55 cyc
int_mul_OPT1    8192 bits : 80171.39 cyc
int_mul_OPT1   16384 bits : 339881.09 cyc
int_mul_OPT1   32768 bits : 1379082.41 cyc
int_mul_unroll   256 bits : 118.47 cyc
int_mul_unroll   512 bits : 342.71 cyc
int_mul_unroll  1024 bits : 1180.33 cyc
int_mul_unroll  2048 bits : 4527.50 cyc
int_mul_unroll  4096 bits : 18146.62 cyc
int_mul_unroll  8192 bits : 72486.98 cyc
int_mul_unroll 16384 bits : 293856.84 cyc
int_mul_unroll 32768 bits : 1175964.28 cyc
int_mul          256 bits : 98.00 cyc
int_mul          512 bits : 305.57 cyc
int_mul         1024 bits : 1066.19 cyc
int_mul         2048 bits : 4167.98 cyc
int_mul         4096 bits : 17052.77 cyc
int_mul         8192 bits : 65606.96 cyc
int_mul        16384 bits : 260060.84 cyc
int_mul        32768 bits : 1024451.61 cyc
int_mul_OPT1     256 bits : 94.95 cyc
int_mul_OPT1     512 bits : 257.38 cyc
int_mul_OPT1    1024 bits : 1048.54 cyc
int_mul_OPT1    2048 bits : 4425.25 cyc
int_mul_OPT1    4096 bits : 19250.86 cyc
int_mul_OPT1    8192 bits : 80856.66 cyc
int_mul_OPT1   16384 bits : 341747.54 cyc
int_mul_OPT1   32768 bits : 1387227.04 cyc
int_mul_unroll   256 bits : 119.00 cyc
int_mul_unroll   512 bits : 342.15 cyc
int_mul_unroll  1024 bits : 1179.80 cyc
int_mul_unroll  2048 bits : 4532.99 cyc
int_mul_unroll  4096 bits : 18290.11 cyc
int_mul_unroll  8192 bits : 73340.32 cyc
int_mul_unroll 16384 bits : 294508.01 cyc
int_mul_unroll 32768 bits : 1181649.90 cyc
