int_mul          256 bits : 187.48 cyc
int_mul          512 bits : 459.76 cyc
int_mul         1024 bits : 1589.68 cyc
int_mul         2048 bits : 7031.94 cyc
int_mul         4096 bits : 24588.24 cyc
int_mul         8192 bits : 279498.92 cyc
int_mul        16384 bits : 359397.14 cyc
int_mul        32768 bits : 1706782.24 cyc
int_mul        65536 bits : 6600171.82 cyc
int_mul        131072 bits : 22147286.72 cyc
int_mul_karatsuba   256 bits : 22073.88 cyc
int_mul_karatsuba   512 bits : 73903.00 cyc
int_mul_karatsuba  1024 bits : 252633.55 cyc
int_mul_karatsuba  2048 bits : 777205.18 cyc
int_mul_karatsuba  4096 bits : 2667400.55 cyc
int_mul_karatsuba  8192 bits : 9081415.43 cyc
int_mul_karatsuba 16384 bits : 36650084.79 cyc
int_mul_karatsuba 32768 bits : 181397500.59 cyc
int_mul_karatsuba 65536 bits : 868748931.61 cyc
int_mul_karatsuba 131072 bits : 4821770852.69 cyc
int_mul_karatsuba_extend_basecase   256 bits : 101.68 cyc
int_mul_karatsuba_extend_basecase   512 bits : 344.76 cyc
int_mul_karatsuba_extend_basecase  1024 bits : 11480.12 cyc
int_mul_karatsuba_extend_basecase  2048 bits : 29583.07 cyc
int_mul_karatsuba_extend_basecase  4096 bits : 110557.21 cyc
int_mul_karatsuba_extend_basecase  8192 bits : 364017.28 cyc
int_mul_karatsuba_extend_basecase 16384 bits : 1402189.44 cyc
int_mul_karatsuba_extend_basecase 32768 bits : 6103474.81 cyc
int_mul_karatsuba_extend_basecase 65536 bits : 30224387.70 cyc
int_mul_karatsuba_extend_basecase 131072 bits : 170977871.27 cyc
int_mul_karatsuba_opt1   256 bits : 103.44 cyc
int_mul_karatsuba_opt1   512 bits : 312.20 cyc
int_mul_karatsuba_opt1  1024 bits : 7434.16 cyc
int_mul_karatsuba_opt1  2048 bits : 37045.64 cyc
int_mul_karatsuba_opt1  4096 bits : 112734.66 cyc
int_mul_karatsuba_opt1  8192 bits : 415232.34 cyc
int_mul_karatsuba_opt1 16384 bits : 1585893.00 cyc
int_mul_karatsuba_opt1 32768 bits : 7190659.99 cyc
int_mul_karatsuba_opt1 65536 bits : 37422004.88 cyc
int_mul_karatsuba_opt1 131072 bits : 203840274.77 cyc
int_mul_karatsuba_opt2   256 bits : 123.20 cyc
int_mul_karatsuba_opt2   512 bits : 297.48 cyc
int_mul_karatsuba_opt2  1024 bits : 7622.64 cyc
int_mul_karatsuba_opt2  2048 bits : 29700.81 cyc
int_mul_karatsuba_opt2  4096 bits : 98856.56 cyc
int_mul_karatsuba_opt2  8192 bits : 337102.60 cyc
int_mul_karatsuba_opt2 16384 bits : 1267771.95 cyc
int_mul_karatsuba_opt2 32768 bits : 5488342.06 cyc
int_mul_karatsuba_opt2 65536 bits : 25904715.24 cyc
int_mul_karatsuba_opt2 131072 bits : 145193261.94 cyc
