int_mul           256 bits : 89.15 cyc
int_mul           512 bits : 264.65 cyc
int_mul          1024 bits : 987.65 cyc
int_mul          2048 bits : 4065.25 cyc
int_mul          4096 bits : 16287.60 cyc
int_mul          8192 bits : 64908.35 cyc
int_mul         16384 bits : 267269.25 cyc
int_mul         32768 bits : 1038029.25 cyc
int_mul         65536 bits : 4144919.65 cyc
int_mul        131072 bits : 16581530.20 cyc
int_mul_karatsuba    256 bits : 3401.60 cyc
int_mul_karatsuba    512 bits : 8882.20 cyc
int_mul_karatsuba   1024 bits : 33030.50 cyc
int_mul_karatsuba   2048 bits : 87621.20 cyc
int_mul_karatsuba   4096 bits : 227889.25 cyc
int_mul_karatsuba   8192 bits : 694543.85 cyc
int_mul_karatsuba  16384 bits : 2213859.75 cyc
int_mul_karatsuba  32768 bits : 8305406.55 cyc
int_mul_karatsuba  65536 bits : 35028595.60 cyc
int_mul_karatsuba 131072 bits : 179867994.55 cyc
int_mul_karatsuba_extend_basecase    256 bits : 124.05 cyc
int_mul_karatsuba_extend_basecase    512 bits : 340.90 cyc
int_mul_karatsuba_extend_basecase   1024 bits : 3261.60 cyc
int_mul_karatsuba_extend_basecase   2048 bits : 11903.75 cyc
int_mul_karatsuba_extend_basecase   4096 bits : 40522.15 cyc
int_mul_karatsuba_extend_basecase   8192 bits : 144245.35 cyc
int_mul_karatsuba_extend_basecase  16384 bits : 504668.20 cyc
int_mul_karatsuba_extend_basecase  32768 bits : 1908012.30 cyc
int_mul_karatsuba_extend_basecase  65536 bits : 7830889.95 cyc
int_mul_karatsuba_extend_basecase 131072 bits : 36477758.35 cyc
int_mul_karatsuba_opt1    256 bits : 149.45 cyc
int_mul_karatsuba_opt1    512 bits : 376.05 cyc
int_mul_karatsuba_opt1   1024 bits : 3344.80 cyc
int_mul_karatsuba_opt1   2048 bits : 12550.25 cyc
int_mul_karatsuba_opt1   4096 bits : 42539.70 cyc
int_mul_karatsuba_opt1   8192 bits : 154175.95 cyc
int_mul_karatsuba_opt1  16384 bits : 536858.35 cyc
int_mul_karatsuba_opt1  32768 bits : 2018247.25 cyc
int_mul_karatsuba_opt1  65536 bits : 8250049.75 cyc
int_mul_karatsuba_opt1 131072 bits : 38104964.25 cyc
int_mul_karatsuba_opt2    256 bits : 155.85 cyc
int_mul_karatsuba_opt2    512 bits : 330.95 cyc
int_mul_karatsuba_opt2   1024 bits : 3274.30 cyc
int_mul_karatsuba_opt2   2048 bits : 12142.40 cyc
int_mul_karatsuba_opt2   4096 bits : 41215.05 cyc
int_mul_karatsuba_opt2   8192 bits : 146295.30 cyc
int_mul_karatsuba_opt2  16384 bits : 508810.80 cyc
int_mul_karatsuba_opt2  32768 bits : 1901872.85 cyc
int_mul_karatsuba_opt2  65536 bits : 7817511.60 cyc
int_mul_karatsuba_opt2 131072 bits : 36285160.20 cyc
int_mul           256 bits : 83.90 cyc
int_mul           512 bits : 265.05 cyc
int_mul          1024 bits : 983.50 cyc
int_mul          2048 bits : 4069.60 cyc
int_mul          4096 bits : 16224.60 cyc
int_mul          8192 bits : 64861.70 cyc
int_mul         16384 bits : 261260.90 cyc
int_mul         32768 bits : 1037663.85 cyc
int_mul         65536 bits : 4144752.55 cyc
int_mul        131072 bits : 16584644.70 cyc
int_mul_karatsuba    256 bits : 3386.95 cyc
int_mul_karatsuba    512 bits : 8650.25 cyc
int_mul_karatsuba   1024 bits : 33143.00 cyc
int_mul_karatsuba   2048 bits : 86617.90 cyc
int_mul_karatsuba   4096 bits : 225067.25 cyc
int_mul_karatsuba   8192 bits : 705570.40 cyc
int_mul_karatsuba  16384 bits : 2206709.75 cyc
int_mul_karatsuba  32768 bits : 8331492.70 cyc
int_mul_karatsuba  65536 bits : 34656678.85 cyc
int_mul_karatsuba 131072 bits : 179590841.15 cyc
int_mul_karatsuba_extend_basecase    256 bits : 158.05 cyc
int_mul_karatsuba_extend_basecase    512 bits : 352.40 cyc
int_mul_karatsuba_extend_basecase   1024 bits : 3284.75 cyc
int_mul_karatsuba_extend_basecase   2048 bits : 11871.70 cyc
int_mul_karatsuba_extend_basecase   4096 bits : 40663.65 cyc
int_mul_karatsuba_extend_basecase   8192 bits : 145811.15 cyc
int_mul_karatsuba_extend_basecase  16384 bits : 503543.90 cyc
int_mul_karatsuba_extend_basecase  32768 bits : 1904706.85 cyc
int_mul_karatsuba_extend_basecase  65536 bits : 7894467.60 cyc
int_mul_karatsuba_extend_basecase 131072 bits : 36692378.10 cyc
int_mul_karatsuba_opt1    256 bits : 166.40 cyc
int_mul_karatsuba_opt1    512 bits : 325.40 cyc
int_mul_karatsuba_opt1   1024 bits : 3314.40 cyc
int_mul_karatsuba_opt1   2048 bits : 12373.75 cyc
int_mul_karatsuba_opt1   4096 bits : 42862.75 cyc
int_mul_karatsuba_opt1   8192 bits : 152515.25 cyc
int_mul_karatsuba_opt1  16384 bits : 533041.60 cyc
int_mul_karatsuba_opt1  32768 bits : 2038614.65 cyc
int_mul_karatsuba_opt1  65536 bits : 8312951.75 cyc
int_mul_karatsuba_opt1 131072 bits : 38344310.65 cyc
int_mul_karatsuba_opt2    256 bits : 138.40 cyc
int_mul_karatsuba_opt2    512 bits : 368.35 cyc
int_mul_karatsuba_opt2   1024 bits : 3252.80 cyc
int_mul_karatsuba_opt2   2048 bits : 11949.65 cyc
int_mul_karatsuba_opt2   4096 bits : 40782.00 cyc
int_mul_karatsuba_opt2   8192 bits : 148048.75 cyc
int_mul_karatsuba_opt2  16384 bits : 510778.85 cyc
int_mul_karatsuba_opt2  32768 bits : 1907705.90 cyc
int_mul_karatsuba_opt2  65536 bits : 7944407.60 cyc
int_mul_karatsuba_opt2 131072 bits : 36496320.25 cyc
int_mul           256 bits : 87.55 cyc
int_mul           512 bits : 264.55 cyc
int_mul          1024 bits : 986.60 cyc
int_mul          2048 bits : 4040.05 cyc
int_mul          4096 bits : 16259.15 cyc
int_mul          8192 bits : 64898.70 cyc
int_mul         16384 bits : 263478.35 cyc
int_mul         32768 bits : 1037039.50 cyc
int_mul         65536 bits : 4144586.00 cyc
int_mul        131072 bits : 16578145.85 cyc
int_mul_karatsuba    256 bits : 3438.10 cyc
int_mul_karatsuba    512 bits : 8654.80 cyc
int_mul_karatsuba   1024 bits : 33128.65 cyc
int_mul_karatsuba   2048 bits : 86337.20 cyc
int_mul_karatsuba   4096 bits : 228802.20 cyc
int_mul_karatsuba   8192 bits : 720324.20 cyc
int_mul_karatsuba  16384 bits : 2198474.30 cyc
int_mul_karatsuba  32768 bits : 8354198.70 cyc
int_mul_karatsuba  65536 bits : 34686793.65 cyc
int_mul_karatsuba 131072 bits : 178996714.25 cyc
int_mul_karatsuba_extend_basecase    256 bits : 125.80 cyc
int_mul_karatsuba_extend_basecase    512 bits : 362.40 cyc
int_mul_karatsuba_extend_basecase   1024 bits : 3267.40 cyc
int_mul_karatsuba_extend_basecase   2048 bits : 11884.00 cyc
int_mul_karatsuba_extend_basecase   4096 bits : 39962.05 cyc
int_mul_karatsuba_extend_basecase   8192 bits : 149491.10 cyc
int_mul_karatsuba_extend_basecase  16384 bits : 501388.25 cyc
int_mul_karatsuba_extend_basecase  32768 bits : 1917369.75 cyc
int_mul_karatsuba_extend_basecase  65536 bits : 7858487.50 cyc
int_mul_karatsuba_extend_basecase 131072 bits : 36499218.00 cyc
int_mul_karatsuba_opt1    256 bits : 155.75 cyc
int_mul_karatsuba_opt1    512 bits : 368.15 cyc
int_mul_karatsuba_opt1   1024 bits : 3328.35 cyc
int_mul_karatsuba_opt1   2048 bits : 12755.30 cyc
int_mul_karatsuba_opt1   4096 bits : 41618.15 cyc
int_mul_karatsuba_opt1   8192 bits : 152660.10 cyc
int_mul_karatsuba_opt1  16384 bits : 532484.15 cyc
int_mul_karatsuba_opt1  32768 bits : 2016814.65 cyc
int_mul_karatsuba_opt1  65536 bits : 8306368.40 cyc
int_mul_karatsuba_opt1 131072 bits : 38114830.90 cyc
int_mul_karatsuba_opt2    256 bits : 136.90 cyc
int_mul_karatsuba_opt2    512 bits : 340.65 cyc
int_mul_karatsuba_opt2   1024 bits : 3253.20 cyc
int_mul_karatsuba_opt2   2048 bits : 11962.40 cyc
int_mul_karatsuba_opt2   4096 bits : 41712.80 cyc
int_mul_karatsuba_opt2   8192 bits : 145058.30 cyc
int_mul_karatsuba_opt2  16384 bits : 508450.85 cyc
int_mul_karatsuba_opt2  32768 bits : 1908532.55 cyc
int_mul_karatsuba_opt2  65536 bits : 7786514.10 cyc
int_mul_karatsuba_opt2 131072 bits : 36271588.95 cyc
int_mul           256 bits : 88.15 cyc
int_mul           512 bits : 262.35 cyc
int_mul          1024 bits : 986.55 cyc
int_mul          2048 bits : 4080.65 cyc
int_mul          4096 bits : 16308.95 cyc
int_mul          8192 bits : 64951.25 cyc
int_mul         16384 bits : 261516.60 cyc
int_mul         32768 bits : 1036846.15 cyc
int_mul         65536 bits : 4145413.05 cyc
int_mul        131072 bits : 16592594.35 cyc
int_mul_karatsuba    256 bits : 3352.35 cyc
int_mul_karatsuba    512 bits : 8887.10 cyc
int_mul_karatsuba   1024 bits : 33166.25 cyc
int_mul_karatsuba   2048 bits : 85483.05 cyc
int_mul_karatsuba   4096 bits : 225290.25 cyc
int_mul_karatsuba   8192 bits : 695076.85 cyc
int_mul_karatsuba  16384 bits : 2214481.20 cyc
int_mul_karatsuba  32768 bits : 8340520.10 cyc
int_mul_karatsuba  65536 bits : 34937683.80 cyc
int_mul_karatsuba 131072 bits : 179622261.80 cyc
int_mul_karatsuba_extend_basecase    256 bits : 120.90 cyc
int_mul_karatsuba_extend_basecase    512 bits : 355.75 cyc
int_mul_karatsuba_extend_basecase   1024 bits : 3255.35 cyc
int_mul_karatsuba_extend_basecase   2048 bits : 12271.05 cyc
int_mul_karatsuba_extend_basecase   4096 bits : 40940.90 cyc
int_mul_karatsuba_extend_basecase   8192 bits : 147589.05 cyc
int_mul_karatsuba_extend_basecase  16384 bits : 515172.60 cyc
int_mul_karatsuba_extend_basecase  32768 bits : 1948187.05 cyc
int_mul_karatsuba_extend_basecase  65536 bits : 7853958.25 cyc
int_mul_karatsuba_extend_basecase 131072 bits : 36563171.90 cyc
int_mul_karatsuba_opt1    256 bits : 136.65 cyc
int_mul_karatsuba_opt1    512 bits : 367.75 cyc
int_mul_karatsuba_opt1   1024 bits : 3347.60 cyc
int_mul_karatsuba_opt1   2048 bits : 12657.50 cyc
int_mul_karatsuba_opt1   4096 bits : 41774.65 cyc
int_mul_karatsuba_opt1   8192 bits : 156132.05 cyc
int_mul_karatsuba_opt1  16384 bits : 587499.90 cyc
int_mul_karatsuba_opt1  32768 bits : 2054448.30 cyc
int_mul_karatsuba_opt1  65536 bits : 8322105.60 cyc
int_mul_karatsuba_opt1 131072 bits : 38408730.35 cyc
int_mul_karatsuba_opt2    256 bits : 129.00 cyc
int_mul_karatsuba_opt2    512 bits : 347.85 cyc
int_mul_karatsuba_opt2   1024 bits : 3291.15 cyc
int_mul_karatsuba_opt2   2048 bits : 11865.95 cyc
int_mul_karatsuba_opt2   4096 bits : 41746.50 cyc
int_mul_karatsuba_opt2   8192 bits : 145025.35 cyc
int_mul_karatsuba_opt2  16384 bits : 507641.25 cyc
int_mul_karatsuba_opt2  32768 bits : 1942335.95 cyc
int_mul_karatsuba_opt2  65536 bits : 7832517.00 cyc
int_mul_karatsuba_opt2 131072 bits : 36490994.75 cyc
int_mul           256 bits : 86.75 cyc
int_mul           512 bits : 266.90 cyc
int_mul          1024 bits : 992.80 cyc
int_mul          2048 bits : 4063.30 cyc
int_mul          4096 bits : 16255.20 cyc
int_mul          8192 bits : 64853.80 cyc
int_mul         16384 bits : 261390.60 cyc
int_mul         32768 bits : 1048093.55 cyc
int_mul         65536 bits : 4145384.05 cyc
int_mul        131072 bits : 16590263.90 cyc
int_mul_karatsuba    256 bits : 3469.95 cyc
int_mul_karatsuba    512 bits : 8929.00 cyc
int_mul_karatsuba   1024 bits : 33137.40 cyc
int_mul_karatsuba   2048 bits : 85882.80 cyc
int_mul_karatsuba   4096 bits : 226215.15 cyc
int_mul_karatsuba   8192 bits : 695516.00 cyc
int_mul_karatsuba  16384 bits : 2205393.50 cyc
int_mul_karatsuba  32768 bits : 8323870.45 cyc
int_mul_karatsuba  65536 bits : 34883787.30 cyc
int_mul_karatsuba 131072 bits : 179931326.80 cyc
int_mul_karatsuba_extend_basecase    256 bits : 131.95 cyc
int_mul_karatsuba_extend_basecase    512 bits : 361.15 cyc
int_mul_karatsuba_extend_basecase   1024 bits : 3265.95 cyc
int_mul_karatsuba_extend_basecase   2048 bits : 11899.65 cyc
int_mul_karatsuba_extend_basecase   4096 bits : 40674.85 cyc
int_mul_karatsuba_extend_basecase   8192 bits : 148930.20 cyc
int_mul_karatsuba_extend_basecase  16384 bits : 505470.00 cyc
int_mul_karatsuba_extend_basecase  32768 bits : 1915261.25 cyc
int_mul_karatsuba_extend_basecase  65536 bits : 7854978.80 cyc
int_mul_karatsuba_extend_basecase 131072 bits : 37064119.75 cyc
int_mul_karatsuba_opt1    256 bits : 135.85 cyc
int_mul_karatsuba_opt1    512 bits : 388.70 cyc
int_mul_karatsuba_opt1   1024 bits : 3358.60 cyc
int_mul_karatsuba_opt1   2048 bits : 12352.20 cyc
int_mul_karatsuba_opt1   4096 bits : 43059.70 cyc
int_mul_karatsuba_opt1   8192 bits : 155786.60 cyc
int_mul_karatsuba_opt1  16384 bits : 533255.40 cyc
int_mul_karatsuba_opt1  32768 bits : 2045969.10 cyc
int_mul_karatsuba_opt1  65536 bits : 8359525.60 cyc
int_mul_karatsuba_opt1 131072 bits : 38018713.00 cyc
int_mul_karatsuba_opt2    256 bits : 140.10 cyc
int_mul_karatsuba_opt2    512 bits : 319.30 cyc
int_mul_karatsuba_opt2   1024 bits : 3324.50 cyc
int_mul_karatsuba_opt2   2048 bits : 12038.10 cyc
int_mul_karatsuba_opt2   4096 bits : 40852.05 cyc
int_mul_karatsuba_opt2   8192 bits : 148466.20 cyc
int_mul_karatsuba_opt2  16384 bits : 505713.90 cyc
int_mul_karatsuba_opt2  32768 bits : 1929457.15 cyc
int_mul_karatsuba_opt2  65536 bits : 7869874.00 cyc
int_mul_karatsuba_opt2 131072 bits : 36341446.25 cyc
