int_mul          256 bits : 1572.28 cyc
int_mul          512 bits : 5953.33 cyc
int_mul         1024 bits : 9334.40 cyc
int_mul         2048 bits : 20959.18 cyc
int_mul         4096 bits : 77830.82 cyc
int_mul         8192 bits : 314968.10 cyc
int_mul        16384 bits : 1235830.11 cyc
int_mul        32768 bits : 5090992.90 cyc
int_mul        65536 bits : 20101605.65 cyc
int_mul_portable   256 bits : 812.75 cyc
int_mul_portable   512 bits : 3178.91 cyc
int_mul_portable  1024 bits : 12510.54 cyc
int_mul_portable  2048 bits : 49755.36 cyc
int_mul_portable  4096 bits : 203271.30 cyc
int_mul_portable  8192 bits : 811803.39 cyc
int_mul_portable 16384 bits : 3209056.39 cyc
int_mul_portable 32768 bits : 12812476.65 cyc
int_mul_portable 65536 bits : 50624134.09 cyc
int_mul          256 bits : 323.42 cyc
int_mul          512 bits : 1217.14 cyc
int_mul         1024 bits : 4788.51 cyc
int_mul         2048 bits : 18981.11 cyc
int_mul         4096 bits : 79225.81 cyc
int_mul         8192 bits : 312051.59 cyc
int_mul        16384 bits : 1249779.76 cyc
int_mul        32768 bits : 5083349.51 cyc
int_mul        65536 bits : 20261690.48 cyc
int_mul_portable   256 bits : 816.94 cyc
int_mul_portable   512 bits : 3179.10 cyc
int_mul_portable  1024 bits : 12522.73 cyc
int_mul_portable  2048 bits : 51996.84 cyc
int_mul_portable  4096 bits : 211593.65 cyc
int_mul_portable  8192 bits : 806808.02 cyc
int_mul_portable 16384 bits : 3445607.60 cyc
int_mul_portable 32768 bits : 12820798.71 cyc
int_mul_portable 65536 bits : 50768687.59 cyc
