int_plus         256 bits : 51.29 cyc
int_plus         512 bits : 93.03 cyc
int_plus        1024 bits : 192.34 cyc
int_plus        2048 bits : 406.49 cyc
int_plus        4096 bits : 725.48 cyc
int_plus        8192 bits : 1373.06 cyc
int_plus       16384 bits : 2784.80 cyc
int_plus       32768 bits : 5407.28 cyc
int_plus       65536 bits : 10784.94 cyc
int_plus_portable   256 bits : 64.57 cyc
int_plus_portable   512 bits : 116.56 cyc
int_plus_portable  1024 bits : 220.89 cyc
int_plus_portable  2048 bits : 429.63 cyc
int_plus_portable  4096 bits : 845.47 cyc
int_plus_portable  8192 bits : 1706.38 cyc
int_plus_portable 16384 bits : 3368.91 cyc
int_plus_portable 32768 bits : 6873.84 cyc
int_plus_portable 65536 bits : 13359.18 cyc
int_plus         256 bits : 51.34 cyc
int_plus         512 bits : 92.69 cyc
int_plus        1024 bits : 186.53 cyc
int_plus        2048 bits : 368.11 cyc
int_plus        4096 bits : 702.12 cyc
int_plus        8192 bits : 1375.80 cyc
int_plus       16384 bits : 2784.38 cyc
int_plus       32768 bits : 5415.81 cyc
int_plus       65536 bits : 10862.60 cyc
int_plus_portable   256 bits : 64.25 cyc
int_plus_portable   512 bits : 116.84 cyc
int_plus_portable  1024 bits : 220.79 cyc
int_plus_portable  2048 bits : 430.10 cyc
int_plus_portable  4096 bits : 844.88 cyc
int_plus_portable  8192 bits : 1707.55 cyc
int_plus_portable 16384 bits : 3366.90 cyc
int_plus_portable 32768 bits : 6819.83 cyc
int_plus_portable 65536 bits : 13797.57 cyc
int_plus         256 bits : 51.48 cyc
int_plus         512 bits : 93.13 cyc
int_plus        1024 bits : 176.08 cyc
int_plus        2048 bits : 347.00 cyc
int_plus        4096 bits : 810.91 cyc
int_plus        8192 bits : 1371.20 cyc
int_plus       16384 bits : 2711.34 cyc
int_plus       32768 bits : 5539.61 cyc
int_plus       65536 bits : 11384.06 cyc
int_plus_portable   256 bits : 64.09 cyc
int_plus_portable   512 bits : 116.62 cyc
int_plus_portable  1024 bits : 220.91 cyc
int_plus_portable  2048 bits : 561.82 cyc
int_plus_portable  4096 bits : 974.75 cyc
int_plus_portable  8192 bits : 2093.67 cyc
int_plus_portable 16384 bits : 3498.72 cyc
int_plus_portable 32768 bits : 6962.12 cyc
int_plus_portable 65536 bits : 14136.34 cyc
int_plus         256 bits : 51.60 cyc
int_plus         512 bits : 93.46 cyc
int_plus        1024 bits : 176.31 cyc
int_plus        2048 bits : 344.73 cyc
int_plus        4096 bits : 682.41 cyc
int_plus        8192 bits : 1373.68 cyc
int_plus       16384 bits : 2783.49 cyc
int_plus       32768 bits : 5407.70 cyc
int_plus       65536 bits : 11011.13 cyc
int_plus_portable   256 bits : 70.56 cyc
int_plus_portable   512 bits : 116.56 cyc
int_plus_portable  1024 bits : 221.61 cyc
int_plus_portable  2048 bits : 453.76 cyc
int_plus_portable  4096 bits : 869.09 cyc
int_plus_portable  8192 bits : 1701.87 cyc
int_plus_portable 16384 bits : 4524.37 cyc
int_plus_portable 32768 bits : 7136.07 cyc
int_plus_portable 65536 bits : 14052.12 cyc
int_plus         256 bits : 56.32 cyc
int_plus         512 bits : 93.32 cyc
int_plus        1024 bits : 177.73 cyc
int_plus        2048 bits : 343.86 cyc
int_plus        4096 bits : 1056.08 cyc
int_plus        8192 bits : 1566.37 cyc
int_plus       16384 bits : 2917.44 cyc
int_plus       32768 bits : 5682.89 cyc
int_plus       65536 bits : 11466.62 cyc
int_plus_portable   256 bits : 64.39 cyc
int_plus_portable   512 bits : 116.47 cyc
int_plus_portable  1024 bits : 220.92 cyc
int_plus_portable  2048 bits : 431.16 cyc
int_plus_portable  4096 bits : 844.94 cyc
int_plus_portable  8192 bits : 1829.68 cyc
int_plus_portable 16384 bits : 3535.90 cyc
int_plus_portable 32768 bits : 6960.11 cyc
int_plus_portable 65536 bits : 14195.00 cyc
