Flat profile:

Each sample counts as 0.01 seconds.
  %   cumulative   self              self     total           
 time   seconds   seconds    calls  ns/call  ns/call  name    
 20.02      0.01     0.01   900000    11.12    11.12  apint_shiftr
 20.02      0.02     0.01   800003    12.51    12.51  apint_init
 20.02      0.03     0.01   600000    16.68    16.68  apint_getlimb
 20.02      0.04     0.01   200000    50.05   250.25  apbar_sub
 20.02      0.05     0.01   100000   100.10   100.10  apint_shiftl
  0.00      0.05     0.00   600003     0.00     0.00  apfp_free
  0.00      0.05     0.00   600003     0.00    12.51  apfp_init
  0.00      0.05     0.00   600003     0.00     0.00  apint_free
  0.00      0.05     0.00   400000     0.00     0.00  apint_copy
  0.00      0.05     0.00   400000     0.00     0.00  apint_plus
  0.00      0.05     0.00   350000     0.00     0.00  apint_setmsb
  0.00      0.05     0.00   200000     0.00   133.47  add_error_bound
  0.00      0.05     0.00   200000     0.00    22.24  apfp_add
  0.00      0.05     0.00   200000     0.00    66.73  apfp_sub
  0.00      0.05     0.00   200000     0.00    50.05  apint_add
  0.00      0.05     0.00   200000     0.00    50.05  apint_is_greater
  0.00      0.05     0.00   200000     0.00    50.05  apint_minus
  0.00      0.05     0.00   200000     0.00     0.00  apint_setlimb
  0.00      0.05     0.00   200000     0.00     0.00  expand_rad
  0.00      0.05     0.00   200000     0.00    11.12  narrow_to_rad
  0.00      0.05     0.00   200000     0.00     0.00  rad_add
  0.00      0.05     0.00   100000     0.00     0.00  apint_detectfirst1
  0.00      0.05     0.00   100000     0.00     0.00  apint_sub
  0.00      0.05     0.00        8     0.00     0.00  _fmpz_demote
  0.00      0.05     0.00        4     0.00     0.00  apbar_set_midpt_mant
  0.00      0.05     0.00        4     0.00     0.00  apfp_set_mant
  0.00      0.05     0.00        4     0.00     0.00  apint_setlimb
  0.00      0.05     0.00        4     0.00     0.00  fmpz_clear
  0.00      0.05     0.00        4     0.00     0.00  fmpz_set_si
  0.00      0.05     0.00        4     0.00     0.00  fmpz_set_ui
  0.00      0.05     0.00        3     0.00     0.00  apbar_free
  0.00      0.05     0.00        3     0.00    12.51  apbar_init
  0.00      0.05     0.00        2     0.00     0.00  apbar_print
  0.00      0.05     0.00        2     0.00     0.00  apbar_print_msg
  0.00      0.05     0.00        2     0.00     0.00  apbar_set_midpt_exp
  0.00      0.05     0.00        2     0.00     0.00  apbar_set_rad
  0.00      0.05     0.00        2     0.00     0.00  apfp_print
  0.00      0.05     0.00        2     0.00     0.00  apfp_set_exp
  0.00      0.05     0.00        2     0.00     0.00  apint_to_fmpz
  0.00      0.05     0.00        2     0.00     0.00  arf_init
  0.00      0.05     0.00        2     0.00     0.00  arf_is_zero
  0.00      0.05     0.00        2     0.00     0.00  arf_set_fmpz
  0.00      0.05     0.00        2     0.00     0.00  arf_set_fmpz_2exp
  0.00      0.05     0.00        2     0.00     0.00  arf_set_mpz
  0.00      0.05     0.00        2     0.00     0.00  fmpz_add_inline
  0.00      0.05     0.00        2     0.00     0.00  fmpz_init
  0.00      0.05     0.00        2     0.00     0.00  fmpz_init
  0.00      0.05     0.00        2     0.00     0.00  mag_init
  0.00      0.05     0.00        2     0.00     0.00  print_mid
  0.00      0.05     0.00        2     0.00     0.00  print_rad
  0.00      0.05     0.00        1     0.00     0.00  _fmpz_demote

 %         the percentage of the total running time of the
time       program used by this function.

cumulative a running sum of the number of seconds accounted
 seconds   for by this function and those listed above it.

 self      the number of seconds accounted for by this
seconds    function alone.  This is the major sort for this
           listing.

calls      the number of times this function was invoked, if
           this function is profiled, else blank.

 self      the average number of milliseconds spent in this
ms/call    function per call, if this function is profiled,
	   else blank.

 total     the average number of milliseconds spent in this
ms/call    function and its descendents per call, if this
	   function is profiled, else blank.

name       the name of the function.  This is the minor sort
           for this listing. The index shows the location of
	   the function in the gprof listing. If the index is
	   in parenthesis it shows where it would appear in
	   the gprof listing if it were to be printed.

Copyright (C) 2012-2020 Free Software Foundation, Inc.

Copying and distribution of this file, with or without modification,
are permitted in any medium without royalty provided the copyright
notice and this notice are preserved.

		     Call graph (explanation follows)


granularity: each sample hit covers 2 byte(s) for 19.98% of 0.05 seconds

index % time    self  children    called     name
                                                 <spontaneous>
[1]    100.0    0.00    0.05                 main [1]
                0.01    0.04  200000/200000      apbar_sub [2]
                0.00    0.00       3/3           apbar_init [15]
                0.00    0.00       4/4           apbar_set_midpt_mant [26]
                0.00    0.00       3/3           apbar_free [32]
                0.00    0.00       2/2           apbar_set_midpt_exp [35]
                0.00    0.00       2/2           apbar_set_rad [36]
                0.00    0.00       2/2           apbar_print_msg [34]
-----------------------------------------------
                0.01    0.04  200000/200000      main [1]
[2]    100.0    0.01    0.04  200000         apbar_sub [2]
                0.00    0.03  200000/200000      add_error_bound [3]
                0.00    0.01  200000/200000      apfp_sub [4]
                0.00    0.00  200000/200000      rad_add [23]
-----------------------------------------------
                0.00    0.03  200000/200000      apbar_sub [2]
[3]     53.3    0.00    0.03  200000         add_error_bound [3]
                0.00    0.01  200000/200000      apint_add [8]
                0.00    0.01  600000/600003      apfp_init [12]
                0.00    0.00  200000/200000      apfp_add [13]
                0.00    0.00  200000/800003      apint_init [6]
                0.00    0.00  200000/200000      narrow_to_rad [14]
                0.00    0.00  600000/600003      apfp_free [16]
                0.00    0.00  200000/200000      apint_setlimb [21]
                0.00    0.00  200000/200000      expand_rad [22]
-----------------------------------------------
                0.00    0.01  200000/200000      apbar_sub [2]
[4]     26.7    0.00    0.01  200000         apfp_sub [4]
                0.01    0.00  100000/100000      apint_shiftl [11]
                0.00    0.00  300000/900000      apint_shiftr [5]
                0.00    0.00  200000/400000      apint_copy [18]
                0.00    0.00  200000/350000      apint_setmsb [20]
                0.00    0.00  100000/100000      apint_sub [25]
                0.00    0.00  100000/100000      apint_detectfirst1 [24]
                0.00    0.00  100000/400000      apint_plus [19]
-----------------------------------------------
                0.00    0.00  200000/900000      narrow_to_rad [14]
                0.00    0.00  300000/900000      apfp_sub [4]
                0.00    0.00  400000/900000      apfp_add [13]
[5]     20.0    0.01    0.00  900000         apint_shiftr [5]
-----------------------------------------------
                0.00    0.00  200000/800003      add_error_bound [3]
                0.01    0.00  600003/800003      apfp_init [12]
[6]     20.0    0.01    0.00  800003         apint_init [6]
-----------------------------------------------
                0.01    0.00  600000/600000      apint_is_greater [9]
[7]     20.0    0.01    0.00  600000         apint_getlimb [7]
-----------------------------------------------
                0.00    0.01  200000/200000      add_error_bound [3]
[8]     20.0    0.00    0.01  200000         apint_add [8]
                0.00    0.01  200000/200000      apint_minus [10]
-----------------------------------------------
                0.00    0.01  200000/200000      apint_minus [10]
[9]     20.0    0.00    0.01  200000         apint_is_greater [9]
                0.01    0.00  600000/600000      apint_getlimb [7]
-----------------------------------------------
                0.00    0.01  200000/200000      apint_add [8]
[10]    20.0    0.00    0.01  200000         apint_minus [10]
                0.00    0.01  200000/200000      apint_is_greater [9]
-----------------------------------------------
                0.01    0.00  100000/100000      apfp_sub [4]
[11]    20.0    0.01    0.00  100000         apint_shiftl [11]
-----------------------------------------------
                0.00    0.00       3/600003      apbar_init [15]
                0.00    0.01  600000/600003      add_error_bound [3]
[12]    15.0    0.00    0.01  600003         apfp_init [12]
                0.01    0.00  600003/800003      apint_init [6]
-----------------------------------------------
                0.00    0.00  200000/200000      add_error_bound [3]
[13]     8.9    0.00    0.00  200000         apfp_add [13]
                0.00    0.00  400000/900000      apint_shiftr [5]
                0.00    0.00  200000/400000      apint_copy [18]
                0.00    0.00  200000/400000      apint_plus [19]
                0.00    0.00  150000/350000      apint_setmsb [20]
-----------------------------------------------
                0.00    0.00  200000/200000      add_error_bound [3]
[14]     4.4    0.00    0.00  200000         narrow_to_rad [14]
                0.00    0.00  200000/900000      apint_shiftr [5]
-----------------------------------------------
                0.00    0.00       3/3           main [1]
[15]     0.0    0.00    0.00       3         apbar_init [15]
                0.00    0.00       3/600003      apfp_init [12]
-----------------------------------------------
                0.00    0.00       3/600003      apbar_free [32]
                0.00    0.00  600000/600003      add_error_bound [3]
[16]     0.0    0.00    0.00  600003         apfp_free [16]
                0.00    0.00  600003/600003      apint_free [17]
-----------------------------------------------
                0.00    0.00  600003/600003      apfp_free [16]
[17]     0.0    0.00    0.00  600003         apint_free [17]
-----------------------------------------------
                0.00    0.00  200000/400000      apfp_add [13]
                0.00    0.00  200000/400000      apfp_sub [4]
[18]     0.0    0.00    0.00  400000         apint_copy [18]
-----------------------------------------------
                0.00    0.00  100000/400000      apint_sub [25]
                0.00    0.00  100000/400000      apfp_sub [4]
                0.00    0.00  200000/400000      apfp_add [13]
[19]     0.0    0.00    0.00  400000         apint_plus [19]
-----------------------------------------------
                0.00    0.00  150000/350000      apfp_add [13]
                0.00    0.00  200000/350000      apfp_sub [4]
[20]     0.0    0.00    0.00  350000         apint_setmsb [20]
-----------------------------------------------
                0.00    0.00  200000/200000      add_error_bound [3]
[21]     0.0    0.00    0.00  200000         apint_setlimb [21]
-----------------------------------------------
                0.00    0.00  200000/200000      add_error_bound [3]
[22]     0.0    0.00    0.00  200000         expand_rad [22]
-----------------------------------------------
                0.00    0.00  200000/200000      apbar_sub [2]
[23]     0.0    0.00    0.00  200000         rad_add [23]
-----------------------------------------------
                0.00    0.00  100000/100000      apfp_sub [4]
[24]     0.0    0.00    0.00  100000         apint_detectfirst1 [24]
-----------------------------------------------
                0.00    0.00  100000/100000      apfp_sub [4]
[25]     0.0    0.00    0.00  100000         apint_sub [25]
                0.00    0.00  100000/400000      apint_plus [19]
-----------------------------------------------
                0.00    0.00       4/4           main [1]
[26]     0.0    0.00    0.00       4         apbar_set_midpt_mant [26]
                0.00    0.00       4/4           apfp_set_mant [27]
-----------------------------------------------
                0.00    0.00       4/4           apbar_set_midpt_mant [26]
[27]     0.0    0.00    0.00       4         apfp_set_mant [27]
                0.00    0.00       4/4           apint_setlimb [28]
-----------------------------------------------
                0.00    0.00       4/4           apfp_set_mant [27]
[28]     0.0    0.00    0.00       4         apint_setlimb [28]
-----------------------------------------------
                0.00    0.00       4/4           apfp_print [37]
[29]     0.0    0.00    0.00       4         fmpz_clear [29]
                0.00    0.00       4/8           _fmpz_demote [77]
-----------------------------------------------
                0.00    0.00       2/4           fmpz_add_inline [45]
                0.00    0.00       2/4           apfp_print [37]
[30]     0.0    0.00    0.00       4         fmpz_set_si [30]
                0.00    0.00       4/8           _fmpz_demote [77]
-----------------------------------------------
                0.00    0.00       4/4           apint_to_fmpz [39]
[31]     0.0    0.00    0.00       4         fmpz_set_ui [31]
                0.00    0.00       1/1           _fmpz_demote [78]
-----------------------------------------------
                0.00    0.00       3/3           main [1]
[32]     0.0    0.00    0.00       3         apbar_free [32]
                0.00    0.00       3/600003      apfp_free [16]
-----------------------------------------------
                0.00    0.00       2/2           apbar_print_msg [34]
[33]     0.0    0.00    0.00       2         apbar_print [33]
                0.00    0.00       2/2           print_mid [49]
                0.00    0.00       2/2           print_rad [50]
-----------------------------------------------
                0.00    0.00       2/2           main [1]
[34]     0.0    0.00    0.00       2         apbar_print_msg [34]
                0.00    0.00       2/2           apbar_print [33]
-----------------------------------------------
                0.00    0.00       2/2           main [1]
[35]     0.0    0.00    0.00       2         apbar_set_midpt_exp [35]
                0.00    0.00       2/2           apfp_set_exp [38]
-----------------------------------------------
                0.00    0.00       2/2           main [1]
[36]     0.0    0.00    0.00       2         apbar_set_rad [36]
-----------------------------------------------
                0.00    0.00       2/2           print_mid [49]
[37]     0.0    0.00    0.00       2         apfp_print [37]
                0.00    0.00       4/4           fmpz_clear [29]
                0.00    0.00       2/2           apint_to_fmpz [39]
                0.00    0.00       2/4           fmpz_set_si [30]
                0.00    0.00       2/2           arf_init [40]
                0.00    0.00       2/2           arf_set_fmpz_2exp [43]
-----------------------------------------------
                0.00    0.00       2/2           apbar_set_midpt_exp [35]
[38]     0.0    0.00    0.00       2         apfp_set_exp [38]
-----------------------------------------------
                0.00    0.00       2/2           apfp_print [37]
[39]     0.0    0.00    0.00       2         apint_to_fmpz [39]
                0.00    0.00       4/4           fmpz_set_ui [31]
-----------------------------------------------
                0.00    0.00       2/2           apfp_print [37]
[40]     0.0    0.00    0.00       2         arf_init [40]
                0.00    0.00       2/2           fmpz_init [46]
-----------------------------------------------
                0.00    0.00       2/2           arf_set_fmpz_2exp [43]
[41]     0.0    0.00    0.00       2         arf_is_zero [41]
-----------------------------------------------
                0.00    0.00       2/2           arf_set_fmpz_2exp [43]
[42]     0.0    0.00    0.00       2         arf_set_fmpz [42]
                0.00    0.00       2/2           arf_set_mpz [44]
-----------------------------------------------
                0.00    0.00       2/2           apfp_print [37]
[43]     0.0    0.00    0.00       2         arf_set_fmpz_2exp [43]
                0.00    0.00       2/2           arf_set_fmpz [42]
                0.00    0.00       2/2           arf_is_zero [41]
                0.00    0.00       2/2           fmpz_add_inline [45]
-----------------------------------------------
                0.00    0.00       2/2           arf_set_fmpz [42]
[44]     0.0    0.00    0.00       2         arf_set_mpz [44]
-----------------------------------------------
                0.00    0.00       2/2           arf_set_fmpz_2exp [43]
[45]     0.0    0.00    0.00       2         fmpz_add_inline [45]
                0.00    0.00       2/4           fmpz_set_si [30]
-----------------------------------------------
                0.00    0.00       2/2           arf_init [40]
[46]     0.0    0.00    0.00       2         fmpz_init [46]
-----------------------------------------------
                0.00    0.00       2/2           mag_init [48]
[47]     0.0    0.00    0.00       2         fmpz_init [47]
-----------------------------------------------
                0.00    0.00       2/2           print_rad [50]
[48]     0.0    0.00    0.00       2         mag_init [48]
                0.00    0.00       2/2           fmpz_init [47]
-----------------------------------------------
                0.00    0.00       2/2           apbar_print [33]
[49]     0.0    0.00    0.00       2         print_mid [49]
                0.00    0.00       2/2           apfp_print [37]
-----------------------------------------------
                0.00    0.00       2/2           apbar_print [33]
[50]     0.0    0.00    0.00       2         print_rad [50]
                0.00    0.00       2/2           mag_init [48]
-----------------------------------------------
                0.00    0.00       4/8           fmpz_clear [29]
                0.00    0.00       4/8           fmpz_set_si [30]
[77]     0.0    0.00    0.00       8         _fmpz_demote [77]
-----------------------------------------------
                0.00    0.00       1/1           fmpz_set_ui [31]
[78]     0.0    0.00    0.00       1         _fmpz_demote [78]
-----------------------------------------------

 This table describes the call tree of the program, and was sorted by
 the total amount of time spent in each function and its children.

 Each entry in this table consists of several lines.  The line with the
 index number at the left hand margin lists the current function.
 The lines above it list the functions that called this function,
 and the lines below it list the functions this one called.
 This line lists:
     index	A unique number given to each element of the table.
		Index numbers are sorted numerically.
		The index number is printed next to every function name so
		it is easier to look up where the function is in the table.

     % time	This is the percentage of the `total' time that was spent
		in this function and its children.  Note that due to
		different viewpoints, functions excluded by options, etc,
		these numbers will NOT add up to 100%.

     self	This is the total amount of time spent in this function.

     children	This is the total amount of time propagated into this
		function by its children.

     called	This is the number of times the function was called.
		If the function called itself recursively, the number
		only includes non-recursive calls, and is followed by
		a `+' and the number of recursive calls.

     name	The name of the current function.  The index number is
		printed after it.  If the function is a member of a
		cycle, the cycle number is printed between the
		function's name and the index number.


 For the function's parents, the fields have the following meanings:

     self	This is the amount of time that was propagated directly
		from the function into this parent.

     children	This is the amount of time that was propagated from
		the function's children into this parent.

     called	This is the number of times this parent called the
		function `/' the total number of times the function
		was called.  Recursive calls to the function are not
		included in the number after the `/'.

     name	This is the name of the parent.  The parent's index
		number is printed after it.  If the parent is a
		member of a cycle, the cycle number is printed between
		the name and the index number.

 If the parents of the function cannot be determined, the word
 `<spontaneous>' is printed in the `name' field, and all the other
 fields are blank.

 For the function's children, the fields have the following meanings:

     self	This is the amount of time that was propagated directly
		from the child into the function.

     children	This is the amount of time that was propagated from the
		child's children to the function.

     called	This is the number of times the function called
		this child `/' the total number of times the child
		was called.  Recursive calls by the child are not
		listed in the number after the `/'.

     name	This is the name of the child.  The child's index
		number is printed after it.  If the child is a
		member of a cycle, the cycle number is printed
		between the name and the index number.

 If there are any cycles (circles) in the call graph, there is an
 entry for the cycle-as-a-whole.  This entry shows who called the
 cycle (as parents) and the members of the cycle (as children.)
 The `+' recursive calls entry shows the number of function calls that
 were internal to the cycle, and the calls entry for each member shows,
 for that member, how many times it was called from other members of
 the cycle.

Copyright (C) 2012-2020 Free Software Foundation, Inc.

Copying and distribution of this file, with or without modification,
are permitted in any medium without royalty provided the copyright
notice and this notice are preserved.

Index by function name

  [78] _fmpz_demote (fmpz.h)   [4] apfp_sub               [40] arf_init (arf.h)
  [77] _fmpz_demote (fmpz.h)   [8] apint_add              [41] arf_is_zero (arf.h)
   [3] add_error_bound (apbar.c) [18] apint_copy          [42] arf_set_fmpz (arf.h)
  [32] apbar_free             [24] apint_detectfirst1     [43] arf_set_fmpz_2exp (arf.h)
  [15] apbar_init             [17] apint_free             [44] arf_set_mpz (arf.h)
  [33] apbar_print             [7] apint_getlimb (apint.h) [22] expand_rad (apbar.c)
  [34] apbar_print_msg         [6] apint_init             [45] fmpz_add_inline (fmpz_extras.h)
  [35] apbar_set_midpt_exp     [9] apint_is_greater       [29] fmpz_clear (fmpz.h)
  [26] apbar_set_midpt_mant   [10] apint_minus            [46] fmpz_init (fmpz.h)
  [36] apbar_set_rad          [19] apint_plus             [47] fmpz_init (fmpz.h)
   [2] apbar_sub              [28] apint_setlimb (apint.h) [30] fmpz_set_si (fmpz.h)
  [13] apfp_add               [21] apint_setlimb (apint.h) [31] fmpz_set_ui (fmpz.h)
  [16] apfp_free              [20] apint_setmsb (apint.h) [48] mag_init (mag.h)
  [12] apfp_init              [11] apint_shiftl           [14] narrow_to_rad
  [37] apfp_print              [5] apint_shiftr           [49] print_mid (apbar.c)
  [38] apfp_set_exp           [25] apint_sub              [50] print_rad (apbar.c)
  [27] apfp_set_mant          [39] apint_to_fmpz          [23] rad_add
